[0.015s] Invoking command in '/home/c1ph3r/ros2_ws/build/my_robot_description': CMAKE_PREFIX_PATH=${CMAKE_PREFIX_PATH}:/home/c1ph3r/ros2_ws/install/turtle_catch_them_all:/home/c1ph3r/ros2_ws/install/my_python_package:/opt/ros/humble /usr/bin/cmake /home/c1ph3r/ros2_ws/src/my_robot_description -DAMENT_CMAKE_SYMLINK_INSTALL=1 -DCMAKE_INSTALL_PREFIX=/home/c1ph3r/ros2_ws/install/my_robot_description
[0.031s] -- Found ament_cmake: 1.3.5 (/opt/ros/humble/share/ament_cmake/cmake)
[0.204s] -- Override CMake install command with custom implementation using symlinks instead of copying resources
[0.291s] -- Configuring done
[0.295s] -- Generating done
[0.296s] -- Build files have been written to: /home/c1ph3r/ros2_ws/build/my_robot_description
[0.299s] Invoked command in '/home/c1ph3r/ros2_ws/build/my_robot_description' returned '0': CMAKE_PREFIX_PATH=${CMAKE_PREFIX_PATH}:/home/c1ph3r/ros2_ws/install/turtle_catch_them_all:/home/c1ph3r/ros2_ws/install/my_python_package:/opt/ros/humble /usr/bin/cmake /home/c1ph3r/ros2_ws/src/my_robot_description -DAMENT_CMAKE_SYMLINK_INSTALL=1 -DCMAKE_INSTALL_PREFIX=/home/c1ph3r/ros2_ws/install/my_robot_description
[0.301s] Invoking command in '/home/c1ph3r/ros2_ws/build/my_robot_description': CMAKE_PREFIX_PATH=${CMAKE_PREFIX_PATH}:/home/c1ph3r/ros2_ws/install/turtle_catch_them_all:/home/c1ph3r/ros2_ws/install/my_python_package:/opt/ros/humble /usr/bin/cmake --build /home/c1ph3r/ros2_ws/build/my_robot_description -- -j8 -l8
[0.344s] Invoked command in '/home/c1ph3r/ros2_ws/build/my_robot_description' returned '0': CMAKE_PREFIX_PATH=${CMAKE_PREFIX_PATH}:/home/c1ph3r/ros2_ws/install/turtle_catch_them_all:/home/c1ph3r/ros2_ws/install/my_python_package:/opt/ros/humble /usr/bin/cmake --build /home/c1ph3r/ros2_ws/build/my_robot_description -- -j8 -l8
[0.377s] Invoking command in '/home/c1ph3r/ros2_ws/build/my_robot_description': CMAKE_PREFIX_PATH=${CMAKE_PREFIX_PATH}:/home/c1ph3r/ros2_ws/install/turtle_catch_them_all:/home/c1ph3r/ros2_ws/install/my_python_package:/opt/ros/humble /usr/bin/cmake --install /home/c1ph3r/ros2_ws/build/my_robot_description
[0.385s] -- Install configuration: ""
[0.386s] -- Execute custom install script
[0.386s] -- Symlinking: /home/c1ph3r/ros2_ws/install/my_robot_description/share/my_robot_description//urdf/my_robot.urdf.xacro
[0.396s] -- Symlinking: /home/c1ph3r/ros2_ws/install/my_robot_description/share/my_robot_description//launch/display.launch.py
[0.406s] -- Symlinking: /home/c1ph3r/ros2_ws/install/my_robot_description/share/my_robot_description//launch/display.launch.xml
[0.415s] -- Symlinking: /home/c1ph3r/ros2_ws/install/my_robot_description/share/my_robot_description//rviz/urdf_config.rviz
[0.423s] -- Symlinking: /home/c1ph3r/ros2_ws/install/my_robot_description/share/ament_index/resource_index/package_run_dependencies/my_robot_description
[0.432s] -- Symlinking: /home/c1ph3r/ros2_ws/install/my_robot_description/share/ament_index/resource_index/parent_prefix_path/my_robot_description
[0.441s] -- Symlinking: /home/c1ph3r/ros2_ws/install/my_robot_description/share/my_robot_description/environment/ament_prefix_path.sh
[0.450s] -- Symlinking: /home/c1ph3r/ros2_ws/install/my_robot_description/share/my_robot_description/environment/ament_prefix_path.dsv
[0.460s] -- Symlinking: /home/c1ph3r/ros2_ws/install/my_robot_description/share/my_robot_description/environment/path.sh
[0.470s] -- Symlinking: /home/c1ph3r/ros2_ws/install/my_robot_description/share/my_robot_description/environment/path.dsv
[0.478s] -- Symlinking: /home/c1ph3r/ros2_ws/install/my_robot_description/share/my_robot_description/local_setup.bash
[0.486s] -- Symlinking: /home/c1ph3r/ros2_ws/install/my_robot_description/share/my_robot_description/local_setup.sh
[0.495s] -- Symlinking: /home/c1ph3r/ros2_ws/install/my_robot_description/share/my_robot_description/local_setup.zsh
[0.504s] -- Symlinking: /home/c1ph3r/ros2_ws/install/my_robot_description/share/my_robot_description/local_setup.dsv
[0.512s] -- Symlinking: /home/c1ph3r/ros2_ws/install/my_robot_description/share/my_robot_description/package.dsv
[0.523s] -- Symlinking: /home/c1ph3r/ros2_ws/install/my_robot_description/share/ament_index/resource_index/packages/my_robot_description
[0.533s] -- Symlinking: /home/c1ph3r/ros2_ws/install/my_robot_description/share/my_robot_description/cmake/my_robot_descriptionConfig.cmake
[0.543s] -- Symlinking: /home/c1ph3r/ros2_ws/install/my_robot_description/share/my_robot_description/cmake/my_robot_descriptionConfig-version.cmake
[0.552s] -- Symlinking: /home/c1ph3r/ros2_ws/install/my_robot_description/share/my_robot_description/package.xml
[0.564s] Invoked command in '/home/c1ph3r/ros2_ws/build/my_robot_description' returned '0': CMAKE_PREFIX_PATH=${CMAKE_PREFIX_PATH}:/home/c1ph3r/ros2_ws/install/turtle_catch_them_all:/home/c1ph3r/ros2_ws/install/my_python_package:/opt/ros/humble /usr/bin/cmake --install /home/c1ph3r/ros2_ws/build/my_robot_description
