[0.744s] Invoking command in '/home/c1ph3r/ros2_ws/src/my_python_package': CMAKE_PREFIX_PATH=/home/c1ph3r/ros2_ws/install/my_robot_interfaces:/home/c1ph3r/ros2_ws/install/my_robot_bringup:/home/c1ph3r/ros2_ws/install/my_cpp_package CONDA_PROMPT_MODIFIER=(base) LD_LIBRARY_PATH=/home/c1ph3r/ros2_ws/install/my_robot_interfaces/lib:/home/c1ph3r/anaconda3/lib/:/home/c1ph3r/anaconda3/lib/python3.11/site-packages/nvidia/cudnn/lib:/opt/ros/humble/opt/rviz_ogre_vendor/lib:/opt/ros/humble/lib/x86_64-linux-gnu:/opt/ros/humble/lib PYTHONPATH=/home/c1ph3r/ros2_ws/build/my_python_package/prefix_override:/home/c1ph3r/ros2_ws/install/my_python_package/lib/python3.10/site-packages:${PYTHONPATH} /usr/bin/python3 setup.py egg_info --egg-base ../../build/my_python_package build --build-base /home/c1ph3r/ros2_ws/build/my_python_package/build install --record /home/c1ph3r/ros2_ws/build/my_python_package/install.log --single-version-externally-managed
[0.994s] running egg_info
[0.994s] writing ../../build/my_python_package/my_python_package.egg-info/PKG-INFO
[0.999s] writing dependency_links to ../../build/my_python_package/my_python_package.egg-info/dependency_links.txt
[1.000s] writing entry points to ../../build/my_python_package/my_python_package.egg-info/entry_points.txt
[1.000s] writing requirements to ../../build/my_python_package/my_python_package.egg-info/requires.txt
[1.000s] writing top-level names to ../../build/my_python_package/my_python_package.egg-info/top_level.txt
[1.002s] reading manifest file '../../build/my_python_package/my_python_package.egg-info/SOURCES.txt'
[1.004s] writing manifest file '../../build/my_python_package/my_python_package.egg-info/SOURCES.txt'
[1.004s] running build
[1.004s] running build_py
[1.005s] running install
[1.006s] running install_lib
[1.008s] running install_data
[1.008s] running install_egg_info
[1.010s] removing '/home/c1ph3r/ros2_ws/install/my_python_package/lib/python3.10/site-packages/my_python_package-0.0.0-py3.10.egg-info' (and everything under it)
[1.010s] Copying ../../build/my_python_package/my_python_package.egg-info to /home/c1ph3r/ros2_ws/install/my_python_package/lib/python3.10/site-packages/my_python_package-0.0.0-py3.10.egg-info
[1.011s] running install_scripts
[1.031s] Installing LED_panel script to /home/c1ph3r/ros2_ws/install/my_python_package/lib/my_python_package
[1.031s] Installing add_two_ints_client script to /home/c1ph3r/ros2_ws/install/my_python_package/lib/my_python_package
[1.032s] Installing add_two_ints_client_oops script to /home/c1ph3r/ros2_ws/install/my_python_package/lib/my_python_package
[1.032s] Installing add_two_ints_server script to /home/c1ph3r/ros2_ws/install/my_python_package/lib/my_python_package
[1.032s] Installing basic_pub script to /home/c1ph3r/ros2_ws/install/my_python_package/lib/my_python_package
[1.032s] Installing basic_sub script to /home/c1ph3r/ros2_ws/install/my_python_package/lib/my_python_package
[1.032s] Installing battery_status script to /home/c1ph3r/ros2_ws/install/my_python_package/lib/my_python_package
[1.032s] Installing hardware_status_publisher script to /home/c1ph3r/ros2_ws/install/my_python_package/lib/my_python_package
[1.032s] Installing number_counter script to /home/c1ph3r/ros2_ws/install/my_python_package/lib/my_python_package
[1.033s] Installing number_publisher script to /home/c1ph3r/ros2_ws/install/my_python_package/lib/my_python_package
[1.033s] Installing py_node script to /home/c1ph3r/ros2_ws/install/my_python_package/lib/my_python_package
[1.033s] Installing py_node_oop script to /home/c1ph3r/ros2_ws/install/my_python_package/lib/my_python_package
[1.033s] Installing robot_news_station script to /home/c1ph3r/ros2_ws/install/my_python_package/lib/my_python_package
[1.033s] Installing smartphone script to /home/c1ph3r/ros2_ws/install/my_python_package/lib/my_python_package
[1.034s] writing list of installed files to '/home/c1ph3r/ros2_ws/build/my_python_package/install.log'
[1.069s] Invoked command in '/home/c1ph3r/ros2_ws/src/my_python_package' returned '0': CMAKE_PREFIX_PATH=/home/c1ph3r/ros2_ws/install/my_robot_interfaces:/home/c1ph3r/ros2_ws/install/my_robot_bringup:/home/c1ph3r/ros2_ws/install/my_cpp_package CONDA_PROMPT_MODIFIER=(base) LD_LIBRARY_PATH=/home/c1ph3r/ros2_ws/install/my_robot_interfaces/lib:/home/c1ph3r/anaconda3/lib/:/home/c1ph3r/anaconda3/lib/python3.11/site-packages/nvidia/cudnn/lib:/opt/ros/humble/opt/rviz_ogre_vendor/lib:/opt/ros/humble/lib/x86_64-linux-gnu:/opt/ros/humble/lib PYTHONPATH=/home/c1ph3r/ros2_ws/build/my_python_package/prefix_override:/home/c1ph3r/ros2_ws/install/my_python_package/lib/python3.10/site-packages:${PYTHONPATH} /usr/bin/python3 setup.py egg_info --egg-base ../../build/my_python_package build --build-base /home/c1ph3r/ros2_ws/build/my_python_package/build install --record /home/c1ph3r/ros2_ws/build/my_python_package/install.log --single-version-externally-managed
