[0.416s] DEBUG:colcon:Command line arguments: ['/usr/bin/colcon', 'build']
[0.416s] DEBUG:colcon:Parsed command line arguments: Namespace(log_base=None, log_level=None, verb_name='build', build_base='build', install_base='install', merge_install=False, symlink_install=False, test_result_base=None, continue_on_error=False, executor='parallel', parallel_workers=8, event_handlers=None, ignore_user_meta=False, metas=['./colcon.meta'], base_paths=['.'], packages_ignore=None, packages_ignore_regex=None, paths=None, packages_up_to=None, packages_up_to_regex=None, packages_above=None, packages_above_and_dependencies=None, packages_above_depth=None, packages_select_by_dep=None, packages_skip_by_dep=None, packages_skip_up_to=None, packages_select_build_failed=False, packages_skip_build_finished=False, packages_select_test_failures=False, packages_skip_test_passed=False, packages_select=None, packages_skip=None, packages_select_regex=None, packages_skip_regex=None, packages_start=None, packages_end=None, allow_overriding=[], cmake_args=None, cmake_target=None, cmake_target_skip_unavailable=False, cmake_clean_cache=False, cmake_clean_first=False, cmake_force_configure=False, ament_cmake_args=None, catkin_cmake_args=None, catkin_skip_building_tests=False, verb_parser=<colcon_defaults.argument_parser.defaults.DefaultArgumentsDecorator object at 0x7f63370caa40>, verb_extension=<colcon_core.verb.build.BuildVerb object at 0x7f6336f5c0a0>, main=<bound method BuildVerb.main of <colcon_core.verb.build.BuildVerb object at 0x7f6336f5c0a0>>)
[0.443s] Level 1:colcon.colcon_core.package_discovery:discover_packages(colcon_meta) check parameters
[0.443s] Level 1:colcon.colcon_core.package_discovery:discover_packages(recursive) check parameters
[0.443s] Level 1:colcon.colcon_core.package_discovery:discover_packages(ignore) check parameters
[0.444s] Level 1:colcon.colcon_core.package_discovery:discover_packages(path) check parameters
[0.444s] Level 1:colcon.colcon_core.package_discovery:discover_packages(colcon_meta) discover
[0.444s] Level 1:colcon.colcon_core.package_discovery:discover_packages(recursive) discover
[0.444s] INFO:colcon.colcon_core.package_discovery:Crawling recursively for packages in '/home/c1ph3r/ros2_ws'
[0.444s] Level 1:colcon.colcon_core.package_identification:_identify(.) by extensions ['ignore', 'ignore_ament_install']
[0.444s] Level 1:colcon.colcon_core.package_identification:_identify(.) by extension 'ignore'
[0.444s] Level 1:colcon.colcon_core.package_identification:_identify(.) by extension 'ignore_ament_install'
[0.444s] Level 1:colcon.colcon_core.package_identification:_identify(.) by extensions ['colcon_pkg']
[0.444s] Level 1:colcon.colcon_core.package_identification:_identify(.) by extension 'colcon_pkg'
[0.444s] Level 1:colcon.colcon_core.package_identification:_identify(.) by extensions ['colcon_meta']
[0.444s] Level 1:colcon.colcon_core.package_identification:_identify(.) by extension 'colcon_meta'
[0.444s] Level 1:colcon.colcon_core.package_identification:_identify(.) by extensions ['ros']
[0.444s] Level 1:colcon.colcon_core.package_identification:_identify(.) by extension 'ros'
[0.458s] Level 1:colcon.colcon_core.package_identification:_identify(.) by extensions ['cmake', 'python']
[0.458s] Level 1:colcon.colcon_core.package_identification:_identify(.) by extension 'cmake'
[0.458s] Level 1:colcon.colcon_core.package_identification:_identify(.) by extension 'python'
[0.458s] Level 1:colcon.colcon_core.package_identification:_identify(.) by extensions ['python_setup_py']
[0.458s] Level 1:colcon.colcon_core.package_identification:_identify(.) by extension 'python_setup_py'
[0.458s] Level 1:colcon.colcon_core.package_identification:_identify(build) by extensions ['ignore', 'ignore_ament_install']
[0.458s] Level 1:colcon.colcon_core.package_identification:_identify(build) by extension 'ignore'
[0.458s] Level 1:colcon.colcon_core.package_identification:_identify(build) ignored
[0.458s] Level 1:colcon.colcon_core.package_identification:_identify(install) by extensions ['ignore', 'ignore_ament_install']
[0.459s] Level 1:colcon.colcon_core.package_identification:_identify(install) by extension 'ignore'
[0.459s] Level 1:colcon.colcon_core.package_identification:_identify(install) ignored
[0.459s] Level 1:colcon.colcon_core.package_identification:_identify(log) by extensions ['ignore', 'ignore_ament_install']
[0.459s] Level 1:colcon.colcon_core.package_identification:_identify(log) by extension 'ignore'
[0.459s] Level 1:colcon.colcon_core.package_identification:_identify(log) ignored
[0.459s] Level 1:colcon.colcon_core.package_identification:_identify(src) by extensions ['ignore', 'ignore_ament_install']
[0.459s] Level 1:colcon.colcon_core.package_identification:_identify(src) by extension 'ignore'
[0.459s] Level 1:colcon.colcon_core.package_identification:_identify(src) by extension 'ignore_ament_install'
[0.459s] Level 1:colcon.colcon_core.package_identification:_identify(src) by extensions ['colcon_pkg']
[0.459s] Level 1:colcon.colcon_core.package_identification:_identify(src) by extension 'colcon_pkg'
[0.459s] Level 1:colcon.colcon_core.package_identification:_identify(src) by extensions ['colcon_meta']
[0.459s] Level 1:colcon.colcon_core.package_identification:_identify(src) by extension 'colcon_meta'
[0.459s] Level 1:colcon.colcon_core.package_identification:_identify(src) by extensions ['ros']
[0.459s] Level 1:colcon.colcon_core.package_identification:_identify(src) by extension 'ros'
[0.459s] Level 1:colcon.colcon_core.package_identification:_identify(src) by extensions ['cmake', 'python']
[0.459s] Level 1:colcon.colcon_core.package_identification:_identify(src) by extension 'cmake'
[0.460s] Level 1:colcon.colcon_core.package_identification:_identify(src) by extension 'python'
[0.460s] Level 1:colcon.colcon_core.package_identification:_identify(src) by extensions ['python_setup_py']
[0.460s] Level 1:colcon.colcon_core.package_identification:_identify(src) by extension 'python_setup_py'
[0.460s] Level 1:colcon.colcon_core.package_identification:_identify(src/my_cpp_package) by extensions ['ignore', 'ignore_ament_install']
[0.460s] Level 1:colcon.colcon_core.package_identification:_identify(src/my_cpp_package) by extension 'ignore'
[0.460s] Level 1:colcon.colcon_core.package_identification:_identify(src/my_cpp_package) by extension 'ignore_ament_install'
[0.460s] Level 1:colcon.colcon_core.package_identification:_identify(src/my_cpp_package) by extensions ['colcon_pkg']
[0.460s] Level 1:colcon.colcon_core.package_identification:_identify(src/my_cpp_package) by extension 'colcon_pkg'
[0.460s] Level 1:colcon.colcon_core.package_identification:_identify(src/my_cpp_package) by extensions ['colcon_meta']
[0.460s] Level 1:colcon.colcon_core.package_identification:_identify(src/my_cpp_package) by extension 'colcon_meta'
[0.460s] Level 1:colcon.colcon_core.package_identification:_identify(src/my_cpp_package) by extensions ['ros']
[0.460s] Level 1:colcon.colcon_core.package_identification:_identify(src/my_cpp_package) by extension 'ros'
[0.463s] DEBUG:colcon.colcon_core.package_identification:Package 'src/my_cpp_package' with type 'ros.ament_cmake' and name 'my_cpp_package'
[0.463s] Level 1:colcon.colcon_core.package_identification:_identify(src/my_python_package) by extensions ['ignore', 'ignore_ament_install']
[0.463s] Level 1:colcon.colcon_core.package_identification:_identify(src/my_python_package) by extension 'ignore'
[0.463s] Level 1:colcon.colcon_core.package_identification:_identify(src/my_python_package) by extension 'ignore_ament_install'
[0.463s] Level 1:colcon.colcon_core.package_identification:_identify(src/my_python_package) by extensions ['colcon_pkg']
[0.463s] Level 1:colcon.colcon_core.package_identification:_identify(src/my_python_package) by extension 'colcon_pkg'
[0.463s] Level 1:colcon.colcon_core.package_identification:_identify(src/my_python_package) by extensions ['colcon_meta']
[0.463s] Level 1:colcon.colcon_core.package_identification:_identify(src/my_python_package) by extension 'colcon_meta'
[0.463s] Level 1:colcon.colcon_core.package_identification:_identify(src/my_python_package) by extensions ['ros']
[0.463s] Level 1:colcon.colcon_core.package_identification:_identify(src/my_python_package) by extension 'ros'
[0.464s] DEBUG:colcon.colcon_core.package_identification:Package 'src/my_python_package' with type 'ros.ament_python' and name 'my_python_package'
[0.464s] Level 1:colcon.colcon_core.package_discovery:discover_packages(recursive) using defaults
[0.465s] Level 1:colcon.colcon_core.package_discovery:discover_packages(ignore) discover
[0.465s] Level 1:colcon.colcon_core.package_discovery:discover_packages(ignore) using defaults
[0.465s] Level 1:colcon.colcon_core.package_discovery:discover_packages(path) discover
[0.465s] Level 1:colcon.colcon_core.package_discovery:discover_packages(path) using defaults
[0.492s] Level 1:colcon.colcon_core.package_discovery:discover_packages(prefix_path) check parameters
[0.492s] Level 1:colcon.colcon_core.package_discovery:discover_packages(prefix_path) discover
[0.495s] DEBUG:colcon.colcon_installed_package_information.package_discovery:Found 2 installed packages in /home/c1ph3r/ros2_ws/install
[0.497s] DEBUG:colcon.colcon_installed_package_information.package_discovery:Found 270 installed packages in /opt/ros/humble
[0.499s] Level 1:colcon.colcon_core.package_discovery:discover_packages(prefix_path) using defaults
[0.568s] Level 5:colcon.colcon_core.verb:set package 'my_cpp_package' build argument 'cmake_args' from command line to 'None'
[0.568s] Level 5:colcon.colcon_core.verb:set package 'my_cpp_package' build argument 'cmake_target' from command line to 'None'
[0.568s] Level 5:colcon.colcon_core.verb:set package 'my_cpp_package' build argument 'cmake_target_skip_unavailable' from command line to 'False'
[0.568s] Level 5:colcon.colcon_core.verb:set package 'my_cpp_package' build argument 'cmake_clean_cache' from command line to 'False'
[0.568s] Level 5:colcon.colcon_core.verb:set package 'my_cpp_package' build argument 'cmake_clean_first' from command line to 'False'
[0.568s] Level 5:colcon.colcon_core.verb:set package 'my_cpp_package' build argument 'cmake_force_configure' from command line to 'False'
[0.568s] Level 5:colcon.colcon_core.verb:set package 'my_cpp_package' build argument 'ament_cmake_args' from command line to 'None'
[0.568s] Level 5:colcon.colcon_core.verb:set package 'my_cpp_package' build argument 'catkin_cmake_args' from command line to 'None'
[0.568s] Level 5:colcon.colcon_core.verb:set package 'my_cpp_package' build argument 'catkin_skip_building_tests' from command line to 'False'
[0.568s] DEBUG:colcon.colcon_core.verb:Building package 'my_cpp_package' with the following arguments: {'ament_cmake_args': None, 'build_base': '/home/c1ph3r/ros2_ws/build/my_cpp_package', 'catkin_cmake_args': None, 'catkin_skip_building_tests': False, 'cmake_args': None, 'cmake_clean_cache': False, 'cmake_clean_first': False, 'cmake_force_configure': False, 'cmake_target': None, 'cmake_target_skip_unavailable': False, 'install_base': '/home/c1ph3r/ros2_ws/install/my_cpp_package', 'merge_install': False, 'path': '/home/c1ph3r/ros2_ws/src/my_cpp_package', 'symlink_install': False, 'test_result_base': None}
[0.569s] Level 5:colcon.colcon_core.verb:set package 'my_python_package' build argument 'cmake_args' from command line to 'None'
[0.569s] Level 5:colcon.colcon_core.verb:set package 'my_python_package' build argument 'cmake_target' from command line to 'None'
[0.569s] Level 5:colcon.colcon_core.verb:set package 'my_python_package' build argument 'cmake_target_skip_unavailable' from command line to 'False'
[0.569s] Level 5:colcon.colcon_core.verb:set package 'my_python_package' build argument 'cmake_clean_cache' from command line to 'False'
[0.569s] Level 5:colcon.colcon_core.verb:set package 'my_python_package' build argument 'cmake_clean_first' from command line to 'False'
[0.569s] Level 5:colcon.colcon_core.verb:set package 'my_python_package' build argument 'cmake_force_configure' from command line to 'False'
[0.569s] Level 5:colcon.colcon_core.verb:set package 'my_python_package' build argument 'ament_cmake_args' from command line to 'None'
[0.569s] Level 5:colcon.colcon_core.verb:set package 'my_python_package' build argument 'catkin_cmake_args' from command line to 'None'
[0.569s] Level 5:colcon.colcon_core.verb:set package 'my_python_package' build argument 'catkin_skip_building_tests' from command line to 'False'
[0.569s] DEBUG:colcon.colcon_core.verb:Building package 'my_python_package' with the following arguments: {'ament_cmake_args': None, 'build_base': '/home/c1ph3r/ros2_ws/build/my_python_package', 'catkin_cmake_args': None, 'catkin_skip_building_tests': False, 'cmake_args': None, 'cmake_clean_cache': False, 'cmake_clean_first': False, 'cmake_force_configure': False, 'cmake_target': None, 'cmake_target_skip_unavailable': False, 'install_base': '/home/c1ph3r/ros2_ws/install/my_python_package', 'merge_install': False, 'path': '/home/c1ph3r/ros2_ws/src/my_python_package', 'symlink_install': False, 'test_result_base': None}
[0.570s] INFO:colcon.colcon_core.executor:Executing jobs using 'parallel' executor
[0.574s] DEBUG:colcon.colcon_parallel_executor.executor.parallel:run_until_complete
[0.574s] INFO:colcon.colcon_ros.task.ament_cmake.build:Building ROS package in '/home/c1ph3r/ros2_ws/src/my_cpp_package' with build type 'ament_cmake'
[0.575s] INFO:colcon.colcon_cmake.task.cmake.build:Building CMake package in '/home/c1ph3r/ros2_ws/src/my_cpp_package'
[0.580s] INFO:colcon.colcon_core.plugin_system:Skipping extension 'colcon_core.shell.bat': Not used on non-Windows systems
[0.580s] INFO:colcon.colcon_core.shell:Skip shell extension 'powershell' for command environment: Not usable outside of PowerShell
[0.580s] DEBUG:colcon.colcon_core.shell:Skip shell extension 'dsv' for command environment
[0.585s] INFO:colcon.colcon_ros.task.ament_python.build:Building ROS package in '/home/c1ph3r/ros2_ws/src/my_python_package' with build type 'ament_python'
[0.586s] Level 1:colcon.colcon_core.shell:create_environment_hook('my_python_package', 'ament_prefix_path')
[0.588s] INFO:colcon.colcon_core.shell:Creating environment hook '/home/c1ph3r/ros2_ws/install/my_python_package/share/my_python_package/hook/ament_prefix_path.ps1'
[0.589s] INFO:colcon.colcon_core.shell:Creating environment descriptor '/home/c1ph3r/ros2_ws/install/my_python_package/share/my_python_package/hook/ament_prefix_path.dsv'
[0.589s] INFO:colcon.colcon_core.shell:Creating environment hook '/home/c1ph3r/ros2_ws/install/my_python_package/share/my_python_package/hook/ament_prefix_path.sh'
[0.592s] INFO:colcon.colcon_core.shell:Skip shell extension 'powershell' for command environment: Not usable outside of PowerShell
[0.592s] DEBUG:colcon.colcon_core.shell:Skip shell extension 'dsv' for command environment
[0.602s] DEBUG:colcon.colcon_core.event_handler.log_command:Invoking command in '/home/c1ph3r/ros2_ws/build/my_cpp_package': CMAKE_PREFIX_PATH=${CMAKE_PREFIX_PATH}:/home/c1ph3r/ros2_ws/install/my_python_package:/opt/ros/humble /usr/bin/cmake --build /home/c1ph3r/ros2_ws/build/my_cpp_package -- -j8 -l8
[0.939s] INFO:colcon.colcon_core.task.python.build:Building Python package in '/home/c1ph3r/ros2_ws/src/my_python_package'
[0.941s] INFO:colcon.colcon_core.shell:Skip shell extension 'powershell' for command environment: Not usable outside of PowerShell
[0.941s] DEBUG:colcon.colcon_core.shell:Skip shell extension 'dsv' for command environment
[1.436s] DEBUG:colcon.colcon_core.event_handler.log_command:Invoking command in '/home/c1ph3r/ros2_ws/build/my_python_package': PYTHONPATH=/home/c1ph3r/ros2_ws/build/my_python_package/prefix_override:/home/c1ph3r/ros2_ws/install/my_python_package/lib/python3.10/site-packages:${PYTHONPATH} /usr/bin/python3 setup.py develop --uninstall --editable --build-directory /home/c1ph3r/ros2_ws/build/my_python_package/build
[2.006s] DEBUG:colcon.colcon_core.event_handler.log_command:Invoked command in '/home/c1ph3r/ros2_ws/build/my_python_package' returned '0': PYTHONPATH=/home/c1ph3r/ros2_ws/build/my_python_package/prefix_override:/home/c1ph3r/ros2_ws/install/my_python_package/lib/python3.10/site-packages:${PYTHONPATH} /usr/bin/python3 setup.py develop --uninstall --editable --build-directory /home/c1ph3r/ros2_ws/build/my_python_package/build
[2.008s] DEBUG:colcon.colcon_core.event_handler.log_command:Invoking command in '/home/c1ph3r/ros2_ws/src/my_python_package': PYTHONPATH=/home/c1ph3r/ros2_ws/build/my_python_package/prefix_override:/home/c1ph3r/ros2_ws/install/my_python_package/lib/python3.10/site-packages:${PYTHONPATH} /usr/bin/python3 setup.py egg_info --egg-base ../../build/my_python_package build --build-base /home/c1ph3r/ros2_ws/build/my_python_package/build install --record /home/c1ph3r/ros2_ws/build/my_python_package/install.log --single-version-externally-managed
[2.391s] DEBUG:colcon.colcon_core.event_handler.log_command:Invoked command in '/home/c1ph3r/ros2_ws/src/my_python_package' returned '0': PYTHONPATH=/home/c1ph3r/ros2_ws/build/my_python_package/prefix_override:/home/c1ph3r/ros2_ws/install/my_python_package/lib/python3.10/site-packages:${PYTHONPATH} /usr/bin/python3 setup.py egg_info --egg-base ../../build/my_python_package build --build-base /home/c1ph3r/ros2_ws/build/my_python_package/build install --record /home/c1ph3r/ros2_ws/build/my_python_package/install.log --single-version-externally-managed
[2.403s] Level 1:colcon.colcon_core.environment:checking '/home/c1ph3r/ros2_ws/install/my_python_package' for CMake module files
[2.405s] Level 1:colcon.colcon_core.environment:checking '/home/c1ph3r/ros2_ws/install/my_python_package' for CMake config files
[2.406s] Level 1:colcon.colcon_core.environment:checking '/home/c1ph3r/ros2_ws/install/my_python_package/lib'
[2.407s] Level 1:colcon.colcon_core.environment:checking '/home/c1ph3r/ros2_ws/install/my_python_package/bin'
[2.407s] Level 1:colcon.colcon_core.environment:checking '/home/c1ph3r/ros2_ws/install/my_python_package/lib/pkgconfig/my_python_package.pc'
[2.408s] Level 1:colcon.colcon_core.environment:checking '/home/c1ph3r/ros2_ws/install/my_python_package/lib/python3.10/site-packages'
[2.408s] Level 1:colcon.colcon_core.shell:create_environment_hook('my_python_package', 'pythonpath')
[2.412s] INFO:colcon.colcon_core.shell:Creating environment hook '/home/c1ph3r/ros2_ws/install/my_python_package/share/my_python_package/hook/pythonpath.ps1'
[2.413s] INFO:colcon.colcon_core.shell:Creating environment descriptor '/home/c1ph3r/ros2_ws/install/my_python_package/share/my_python_package/hook/pythonpath.dsv'
[2.413s] INFO:colcon.colcon_core.shell:Creating environment hook '/home/c1ph3r/ros2_ws/install/my_python_package/share/my_python_package/hook/pythonpath.sh'
[2.415s] Level 1:colcon.colcon_core.environment:checking '/home/c1ph3r/ros2_ws/install/my_python_package/bin'
[2.415s] Level 1:colcon.colcon_core.environment:create_environment_scripts_only(my_python_package)
[2.418s] INFO:colcon.colcon_core.shell:Creating package script '/home/c1ph3r/ros2_ws/install/my_python_package/share/my_python_package/package.ps1'
[2.420s] INFO:colcon.colcon_core.shell:Creating package descriptor '/home/c1ph3r/ros2_ws/install/my_python_package/share/my_python_package/package.dsv'
[2.420s] INFO:colcon.colcon_core.shell:Creating package script '/home/c1ph3r/ros2_ws/install/my_python_package/share/my_python_package/package.sh'
[2.421s] INFO:colcon.colcon_core.shell:Creating package script '/home/c1ph3r/ros2_ws/install/my_python_package/share/my_python_package/package.bash'
[2.422s] INFO:colcon.colcon_core.shell:Creating package script '/home/c1ph3r/ros2_ws/install/my_python_package/share/my_python_package/package.zsh'
[2.422s] Level 1:colcon.colcon_core.environment:create_file_with_runtime_dependencies(/home/c1ph3r/ros2_ws/install/my_python_package/share/colcon-core/packages/my_python_package)
[12.093s] DEBUG:colcon.colcon_core.event_handler.log_command:Invoked command in '/home/c1ph3r/ros2_ws/build/my_cpp_package' returned '0': CMAKE_PREFIX_PATH=${CMAKE_PREFIX_PATH}:/home/c1ph3r/ros2_ws/install/my_python_package:/opt/ros/humble /usr/bin/cmake --build /home/c1ph3r/ros2_ws/build/my_cpp_package -- -j8 -l8
[12.126s] DEBUG:colcon.colcon_core.event_handler.log_command:Invoking command in '/home/c1ph3r/ros2_ws/build/my_cpp_package': CMAKE_PREFIX_PATH=${CMAKE_PREFIX_PATH}:/home/c1ph3r/ros2_ws/install/my_python_package:/opt/ros/humble /usr/bin/cmake --install /home/c1ph3r/ros2_ws/build/my_cpp_package
[12.155s] Level 1:colcon.colcon_core.environment:create_environment_scripts_only(my_cpp_package)
[12.157s] Level 1:colcon.colcon_core.environment:checking '/home/c1ph3r/ros2_ws/install/my_cpp_package' for CMake module files
[12.158s] DEBUG:colcon.colcon_core.event_handler.log_command:Invoked command in '/home/c1ph3r/ros2_ws/build/my_cpp_package' returned '0': CMAKE_PREFIX_PATH=${CMAKE_PREFIX_PATH}:/home/c1ph3r/ros2_ws/install/my_python_package:/opt/ros/humble /usr/bin/cmake --install /home/c1ph3r/ros2_ws/build/my_cpp_package
[12.158s] Level 1:colcon.colcon_core.environment:checking '/home/c1ph3r/ros2_ws/install/my_cpp_package' for CMake config files
[12.159s] Level 1:colcon.colcon_core.shell:create_environment_hook('my_cpp_package', 'cmake_prefix_path')
[12.160s] INFO:colcon.colcon_core.shell:Creating environment hook '/home/c1ph3r/ros2_ws/install/my_cpp_package/share/my_cpp_package/hook/cmake_prefix_path.ps1'
[12.161s] INFO:colcon.colcon_core.shell:Creating environment descriptor '/home/c1ph3r/ros2_ws/install/my_cpp_package/share/my_cpp_package/hook/cmake_prefix_path.dsv'
[12.161s] INFO:colcon.colcon_core.shell:Creating environment hook '/home/c1ph3r/ros2_ws/install/my_cpp_package/share/my_cpp_package/hook/cmake_prefix_path.sh'
[12.162s] Level 1:colcon.colcon_core.environment:checking '/home/c1ph3r/ros2_ws/install/my_cpp_package/lib'
[12.162s] Level 1:colcon.colcon_core.environment:checking '/home/c1ph3r/ros2_ws/install/my_cpp_package/bin'
[12.162s] Level 1:colcon.colcon_core.environment:checking '/home/c1ph3r/ros2_ws/install/my_cpp_package/lib/pkgconfig/my_cpp_package.pc'
[12.162s] Level 1:colcon.colcon_core.environment:checking '/home/c1ph3r/ros2_ws/install/my_cpp_package/lib/python3.10/site-packages'
[12.162s] Level 1:colcon.colcon_core.environment:checking '/home/c1ph3r/ros2_ws/install/my_cpp_package/bin'
[12.164s] INFO:colcon.colcon_core.shell:Creating package script '/home/c1ph3r/ros2_ws/install/my_cpp_package/share/my_cpp_package/package.ps1'
[12.164s] INFO:colcon.colcon_core.shell:Creating package descriptor '/home/c1ph3r/ros2_ws/install/my_cpp_package/share/my_cpp_package/package.dsv'
[12.165s] INFO:colcon.colcon_core.shell:Creating package script '/home/c1ph3r/ros2_ws/install/my_cpp_package/share/my_cpp_package/package.sh'
[12.165s] INFO:colcon.colcon_core.shell:Creating package script '/home/c1ph3r/ros2_ws/install/my_cpp_package/share/my_cpp_package/package.bash'
[12.165s] INFO:colcon.colcon_core.shell:Creating package script '/home/c1ph3r/ros2_ws/install/my_cpp_package/share/my_cpp_package/package.zsh'
[12.166s] Level 1:colcon.colcon_core.environment:create_file_with_runtime_dependencies(/home/c1ph3r/ros2_ws/install/my_cpp_package/share/colcon-core/packages/my_cpp_package)
[12.191s] Level 1:colcon.colcon_core.environment:create_environment_scripts_only(my_cpp_package)
[12.193s] Level 1:colcon.colcon_core.environment:checking '/home/c1ph3r/ros2_ws/install/my_cpp_package' for CMake module files
[12.194s] Level 1:colcon.colcon_core.environment:checking '/home/c1ph3r/ros2_ws/install/my_cpp_package' for CMake config files
[12.194s] Level 1:colcon.colcon_core.shell:create_environment_hook('my_cpp_package', 'cmake_prefix_path')
[12.196s] INFO:colcon.colcon_core.shell:Creating environment hook '/home/c1ph3r/ros2_ws/install/my_cpp_package/share/my_cpp_package/hook/cmake_prefix_path.ps1'
[12.196s] INFO:colcon.colcon_core.shell:Creating environment descriptor '/home/c1ph3r/ros2_ws/install/my_cpp_package/share/my_cpp_package/hook/cmake_prefix_path.dsv'
[12.196s] INFO:colcon.colcon_core.shell:Creating environment hook '/home/c1ph3r/ros2_ws/install/my_cpp_package/share/my_cpp_package/hook/cmake_prefix_path.sh'
[12.197s] Level 1:colcon.colcon_core.environment:checking '/home/c1ph3r/ros2_ws/install/my_cpp_package/lib'
[12.197s] Level 1:colcon.colcon_core.environment:checking '/home/c1ph3r/ros2_ws/install/my_cpp_package/bin'
[12.197s] Level 1:colcon.colcon_core.environment:checking '/home/c1ph3r/ros2_ws/install/my_cpp_package/lib/pkgconfig/my_cpp_package.pc'
[12.197s] Level 1:colcon.colcon_core.environment:checking '/home/c1ph3r/ros2_ws/install/my_cpp_package/lib/python3.10/site-packages'
[12.198s] Level 1:colcon.colcon_core.environment:checking '/home/c1ph3r/ros2_ws/install/my_cpp_package/bin'
[12.199s] INFO:colcon.colcon_core.shell:Creating package script '/home/c1ph3r/ros2_ws/install/my_cpp_package/share/my_cpp_package/package.ps1'
[12.200s] INFO:colcon.colcon_core.shell:Creating package descriptor '/home/c1ph3r/ros2_ws/install/my_cpp_package/share/my_cpp_package/package.dsv'
[12.200s] INFO:colcon.colcon_core.shell:Creating package script '/home/c1ph3r/ros2_ws/install/my_cpp_package/share/my_cpp_package/package.sh'
[12.201s] INFO:colcon.colcon_core.shell:Creating package script '/home/c1ph3r/ros2_ws/install/my_cpp_package/share/my_cpp_package/package.bash'
[12.201s] INFO:colcon.colcon_core.shell:Creating package script '/home/c1ph3r/ros2_ws/install/my_cpp_package/share/my_cpp_package/package.zsh'
[12.202s] Level 1:colcon.colcon_core.environment:create_file_with_runtime_dependencies(/home/c1ph3r/ros2_ws/install/my_cpp_package/share/colcon-core/packages/my_cpp_package)
[12.202s] DEBUG:colcon.colcon_parallel_executor.executor.parallel:closing loop
[12.202s] DEBUG:colcon.colcon_parallel_executor.executor.parallel:loop closed
[12.202s] DEBUG:colcon.colcon_parallel_executor.executor.parallel:run_until_complete finished with '0'
[12.202s] DEBUG:colcon.colcon_core.event_reactor:joining thread
[12.209s] INFO:colcon.colcon_core.plugin_system:Skipping extension 'colcon_notification.desktop_notification.terminal_notifier': Not used on non-Darwin systems
[12.209s] INFO:colcon.colcon_core.plugin_system:Skipping extension 'colcon_notification.desktop_notification.win32': Not used on non-Windows systems
[12.209s] INFO:colcon.colcon_notification.desktop_notification:Sending desktop notification using 'notify2'
[12.226s] DEBUG:colcon.colcon_core.event_reactor:joined thread
[12.228s] INFO:colcon.colcon_core.shell:Creating prefix script '/home/c1ph3r/ros2_ws/install/local_setup.ps1'
[12.229s] INFO:colcon.colcon_core.shell:Creating prefix util module '/home/c1ph3r/ros2_ws/install/_local_setup_util_ps1.py'
[12.231s] INFO:colcon.colcon_core.shell:Creating prefix chain script '/home/c1ph3r/ros2_ws/install/setup.ps1'
[12.234s] INFO:colcon.colcon_core.shell:Creating prefix script '/home/c1ph3r/ros2_ws/install/local_setup.sh'
[12.234s] INFO:colcon.colcon_core.shell:Creating prefix util module '/home/c1ph3r/ros2_ws/install/_local_setup_util_sh.py'
[12.235s] INFO:colcon.colcon_core.shell:Creating prefix chain script '/home/c1ph3r/ros2_ws/install/setup.sh'
[12.237s] INFO:colcon.colcon_core.shell:Creating prefix script '/home/c1ph3r/ros2_ws/install/local_setup.bash'
[12.237s] INFO:colcon.colcon_core.shell:Creating prefix chain script '/home/c1ph3r/ros2_ws/install/setup.bash'
[12.239s] INFO:colcon.colcon_core.shell:Creating prefix script '/home/c1ph3r/ros2_ws/install/local_setup.zsh'
[12.239s] INFO:colcon.colcon_core.shell:Creating prefix chain script '/home/c1ph3r/ros2_ws/install/setup.zsh'
