[0.683s] Invoking command in '/home/c1ph3r/ros2_ws/src/turtle_catch_them_all': CMAKE_PREFIX_PATH=/home/c1ph3r/ros2_ws/install/my_robot_interfaces:/home/c1ph3r/ros2_ws/install/my_cpp_package PYTHONPATH=/home/c1ph3r/ros2_ws/build/turtle_catch_them_all/prefix_override:/home/c1ph3r/ros2_ws/install/turtle_catch_them_all/lib/python3.10/site-packages:${PYTHONPATH} /usr/bin/python3 setup.py egg_info --egg-base ../../build/turtle_catch_them_all build --build-base /home/c1ph3r/ros2_ws/build/turtle_catch_them_all/build install --record /home/c1ph3r/ros2_ws/build/turtle_catch_them_all/install.log --single-version-externally-managed
[0.908s] running egg_info
[0.909s] writing ../../build/turtle_catch_them_all/turtle_catch_them_all.egg-info/PKG-INFO
[0.909s] writing dependency_links to ../../build/turtle_catch_them_all/turtle_catch_them_all.egg-info/dependency_links.txt
[0.909s] writing entry points to ../../build/turtle_catch_them_all/turtle_catch_them_all.egg-info/entry_points.txt
[0.909s] writing requirements to ../../build/turtle_catch_them_all/turtle_catch_them_all.egg-info/requires.txt
[0.910s] writing top-level names to ../../build/turtle_catch_them_all/turtle_catch_them_all.egg-info/top_level.txt
[0.911s] reading manifest file '../../build/turtle_catch_them_all/turtle_catch_them_all.egg-info/SOURCES.txt'
[0.912s] writing manifest file '../../build/turtle_catch_them_all/turtle_catch_them_all.egg-info/SOURCES.txt'
[0.912s] running build
[0.913s] running build_py
[0.913s] /usr/lib/python3/dist-packages/setuptools/command/install.py:34: SetuptoolsDeprecationWarning: setup.py install is deprecated. Use build and pip and other standards-based tools.
[0.913s]   warnings.warn(
[0.913s] running install
[0.913s] running install_lib
[0.914s] running install_data
[0.915s] running install_egg_info
[0.916s] removing '/home/c1ph3r/ros2_ws/install/turtle_catch_them_all/lib/python3.10/site-packages/turtle_catch_them_all-0.0.0-py3.10.egg-info' (and everything under it)
[0.917s] Copying ../../build/turtle_catch_them_all/turtle_catch_them_all.egg-info to /home/c1ph3r/ros2_ws/install/turtle_catch_them_all/lib/python3.10/site-packages/turtle_catch_them_all-0.0.0-py3.10.egg-info
[0.917s] running install_scripts
[0.940s] Installing turtle_controller script to /home/c1ph3r/ros2_ws/install/turtle_catch_them_all/lib/turtle_catch_them_all
[0.940s] Installing turtle_spawner script to /home/c1ph3r/ros2_ws/install/turtle_catch_them_all/lib/turtle_catch_them_all
[0.940s] writing list of installed files to '/home/c1ph3r/ros2_ws/build/turtle_catch_them_all/install.log'
[0.972s] Invoked command in '/home/c1ph3r/ros2_ws/src/turtle_catch_them_all' returned '0': CMAKE_PREFIX_PATH=/home/c1ph3r/ros2_ws/install/my_robot_interfaces:/home/c1ph3r/ros2_ws/install/my_cpp_package PYTHONPATH=/home/c1ph3r/ros2_ws/build/turtle_catch_them_all/prefix_override:/home/c1ph3r/ros2_ws/install/turtle_catch_them_all/lib/python3.10/site-packages:${PYTHONPATH} /usr/bin/python3 setup.py egg_info --egg-base ../../build/turtle_catch_them_all build --build-base /home/c1ph3r/ros2_ws/build/turtle_catch_them_all/build install --record /home/c1ph3r/ros2_ws/build/turtle_catch_them_all/install.log --single-version-externally-managed
