[0.019s] Invoking command in '/home/c1ph3r/ros2_ws/build/my_cpp_package': CMAKE_PREFIX_PATH=/home/c1ph3r/ros2_ws/install/my_robot_interfaces:/home/c1ph3r/ros2_ws/install/my_cpp_package:/home/c1ph3r/ros2_ws/install/my_python_package:/opt/ros/humble /usr/bin/cmake --build /home/c1ph3r/ros2_ws/build/my_cpp_package -- -j8 -l8
[0.118s] [  7%] Built target smartphone
[0.118s] [ 23%] Built target add_two_ints_client
[0.119s] [ 19%] Built target add_two_ints_server
[0.119s] [ 30%] Built target cpp_node
[0.119s] [ 38%] Built target robot_news_station
[0.120s] [ 46%] Built target hardware_status_publisher
[0.123s] [ 53%] Built target add_two_ints_client_oops
[0.124s] [ 61%] Built target basic_pub
[0.135s] [35m[1mConsolidate compiler generated dependencies of target LED_panel[0m
[0.145s] [ 76%] Built target basic_sub
[0.146s] [ 76%] Built target battery
[0.148s] [ 92%] Built target number_publisher
[0.148s] [ 92%] Built target number_counter
[0.155s] [ 96%] [32mBuilding CXX object CMakeFiles/LED_panel.dir/src/LED_panel.cpp.o[0m
[5.108s] [100%] [32m[1mLinking CXX executable LED_panel[0m
[5.372s] [100%] Built target LED_panel
[5.394s] Invoked command in '/home/c1ph3r/ros2_ws/build/my_cpp_package' returned '0': CMAKE_PREFIX_PATH=/home/c1ph3r/ros2_ws/install/my_robot_interfaces:/home/c1ph3r/ros2_ws/install/my_cpp_package:/home/c1ph3r/ros2_ws/install/my_python_package:/opt/ros/humble /usr/bin/cmake --build /home/c1ph3r/ros2_ws/build/my_cpp_package -- -j8 -l8
[5.491s] Invoking command in '/home/c1ph3r/ros2_ws/build/my_cpp_package': CMAKE_PREFIX_PATH=/home/c1ph3r/ros2_ws/install/my_robot_interfaces:/home/c1ph3r/ros2_ws/install/my_cpp_package:/home/c1ph3r/ros2_ws/install/my_python_package:/opt/ros/humble /usr/bin/cmake --install /home/c1ph3r/ros2_ws/build/my_cpp_package
[5.507s] -- Install configuration: ""
[5.508s] -- Execute custom install script
[5.509s] -- Up-to-date symlink: /home/c1ph3r/ros2_ws/install/my_cpp_package/lib/my_cpp_package/cpp_node
[5.510s] -- Up-to-date symlink: /home/c1ph3r/ros2_ws/install/my_cpp_package/lib/my_cpp_package/robot_news_station
[5.510s] -- Up-to-date symlink: /home/c1ph3r/ros2_ws/install/my_cpp_package/lib/my_cpp_package/smartphone
[5.510s] -- Up-to-date symlink: /home/c1ph3r/ros2_ws/install/my_cpp_package/lib/my_cpp_package/add_two_ints_server
[5.511s] -- Up-to-date symlink: /home/c1ph3r/ros2_ws/install/my_cpp_package/lib/my_cpp_package/add_two_ints_client
[5.511s] -- Up-to-date symlink: /home/c1ph3r/ros2_ws/install/my_cpp_package/lib/my_cpp_package/add_two_ints_client_oops
[5.512s] -- Up-to-date symlink: /home/c1ph3r/ros2_ws/install/my_cpp_package/lib/my_cpp_package/hardware_status_publisher
[5.512s] -- Up-to-date symlink: /home/c1ph3r/ros2_ws/install/my_cpp_package/lib/my_cpp_package/basic_pub
[5.513s] -- Up-to-date symlink: /home/c1ph3r/ros2_ws/install/my_cpp_package/lib/my_cpp_package/basic_sub
[5.513s] -- Up-to-date symlink: /home/c1ph3r/ros2_ws/install/my_cpp_package/lib/my_cpp_package/LED_panel
[5.514s] -- Up-to-date symlink: /home/c1ph3r/ros2_ws/install/my_cpp_package/lib/my_cpp_package/battery
[5.514s] -- Up-to-date symlink: /home/c1ph3r/ros2_ws/install/my_cpp_package/lib/my_cpp_package/number_counter
[5.515s] -- Up-to-date symlink: /home/c1ph3r/ros2_ws/install/my_cpp_package/lib/my_cpp_package/number_publisher
[5.515s] -- Up-to-date symlink: /home/c1ph3r/ros2_ws/install/my_cpp_package/share/ament_index/resource_index/package_run_dependencies/my_cpp_package
[5.516s] -- Up-to-date symlink: /home/c1ph3r/ros2_ws/install/my_cpp_package/share/ament_index/resource_index/parent_prefix_path/my_cpp_package
[5.516s] -- Up-to-date symlink: /home/c1ph3r/ros2_ws/install/my_cpp_package/share/my_cpp_package/environment/ament_prefix_path.sh
[5.517s] -- Up-to-date symlink: /home/c1ph3r/ros2_ws/install/my_cpp_package/share/my_cpp_package/environment/ament_prefix_path.dsv
[5.517s] -- Up-to-date symlink: /home/c1ph3r/ros2_ws/install/my_cpp_package/share/my_cpp_package/environment/path.sh
[5.517s] -- Up-to-date symlink: /home/c1ph3r/ros2_ws/install/my_cpp_package/share/my_cpp_package/environment/path.dsv
[5.518s] -- Up-to-date symlink: /home/c1ph3r/ros2_ws/install/my_cpp_package/share/my_cpp_package/local_setup.bash
[5.518s] -- Up-to-date symlink: /home/c1ph3r/ros2_ws/install/my_cpp_package/share/my_cpp_package/local_setup.sh
[5.519s] -- Up-to-date symlink: /home/c1ph3r/ros2_ws/install/my_cpp_package/share/my_cpp_package/local_setup.zsh
[5.519s] -- Up-to-date symlink: /home/c1ph3r/ros2_ws/install/my_cpp_package/share/my_cpp_package/local_setup.dsv
[5.520s] -- Symlinking: /home/c1ph3r/ros2_ws/install/my_cpp_package/share/my_cpp_package/package.dsv
[5.537s] -- Up-to-date symlink: /home/c1ph3r/ros2_ws/install/my_cpp_package/share/ament_index/resource_index/packages/my_cpp_package
[5.538s] -- Up-to-date symlink: /home/c1ph3r/ros2_ws/install/my_cpp_package/share/my_cpp_package/cmake/my_cpp_packageConfig.cmake
[5.538s] -- Up-to-date symlink: /home/c1ph3r/ros2_ws/install/my_cpp_package/share/my_cpp_package/cmake/my_cpp_packageConfig-version.cmake
[5.538s] -- Up-to-date symlink: /home/c1ph3r/ros2_ws/install/my_cpp_package/share/my_cpp_package/package.xml
[5.543s] Invoked command in '/home/c1ph3r/ros2_ws/build/my_cpp_package' returned '0': CMAKE_PREFIX_PATH=/home/c1ph3r/ros2_ws/install/my_robot_interfaces:/home/c1ph3r/ros2_ws/install/my_cpp_package:/home/c1ph3r/ros2_ws/install/my_python_package:/opt/ros/humble /usr/bin/cmake --install /home/c1ph3r/ros2_ws/build/my_cpp_package
