running develop
running egg_info
writing my_python_package.egg-info/PKG-INFO
writing dependency_links to my_python_package.egg-info/dependency_links.txt
writing entry points to my_python_package.egg-info/entry_points.txt
writing requirements to my_python_package.egg-info/requires.txt
writing top-level names to my_python_package.egg-info/top_level.txt
reading manifest file 'my_python_package.egg-info/SOURCES.txt'
writing manifest file 'my_python_package.egg-info/SOURCES.txt'
running build_ext
Creating /home/c1ph3r/ros2_ws/install/my_python_package/lib/python3.10/site-packages/my-python-package.egg-link (link to .)
Installing add_two_ints_client script to /home/c1ph3r/ros2_ws/install/my_python_package/lib/my_python_package
Installing add_two_ints_server script to /home/c1ph3r/ros2_ws/install/my_python_package/lib/my_python_package
Installing number_counter script to /home/c1ph3r/ros2_ws/install/my_python_package/lib/my_python_package
Installing number_publisher script to /home/c1ph3r/ros2_ws/install/my_python_package/lib/my_python_package
Installing py_node script to /home/c1ph3r/ros2_ws/install/my_python_package/lib/my_python_package
Installing py_node_oop script to /home/c1ph3r/ros2_ws/install/my_python_package/lib/my_python_package
Installing robot_news_station script to /home/c1ph3r/ros2_ws/install/my_python_package/lib/my_python_package
Installing smartphone script to /home/c1ph3r/ros2_ws/install/my_python_package/lib/my_python_package

Installed /home/c1ph3r/ros2_ws/build/my_python_package
running install_data
