[0.022s] Invoking command in '/home/c1ph3r/ros2_ws/build/my_cpp_package': CMAKE_PREFIX_PATH=${CMAKE_PREFIX_PATH}:/home/c1ph3r/ros2_ws/install/my_python_package:/opt/ros/humble /usr/bin/cmake --build /home/c1ph3r/ros2_ws/build/my_cpp_package -- -j8 -l8
[0.074s] [35m[1mConsolidate compiler generated dependencies of target add_two_ints_client_oops[0m
[0.090s] [ 25%] Built target cpp_node
[0.090s] [ 33%] Built target add_two_ints_server
[0.090s] [ 50%] Built target add_two_ints_client
[0.090s] [ 75%] Built target smartphone
[0.091s] [ 83%] Built target robot_news_station
[0.095s] [ 91%] [32mBuilding CXX object CMakeFiles/add_two_ints_client_oops.dir/src/add_two_ints_client_oops.cpp.o[0m
[3.758s] [100%] [32m[1mLinking CXX executable add_two_ints_client_oops[0m
[3.968s] [100%] Built target add_two_ints_client_oops
[3.989s] Invoked command in '/home/c1ph3r/ros2_ws/build/my_cpp_package' returned '0': CMAKE_PREFIX_PATH=${CMAKE_PREFIX_PATH}:/home/c1ph3r/ros2_ws/install/my_python_package:/opt/ros/humble /usr/bin/cmake --build /home/c1ph3r/ros2_ws/build/my_cpp_package -- -j8 -l8
[4.036s] Invoking command in '/home/c1ph3r/ros2_ws/build/my_cpp_package': CMAKE_PREFIX_PATH=${CMAKE_PREFIX_PATH}:/home/c1ph3r/ros2_ws/install/my_python_package:/opt/ros/humble /usr/bin/cmake --install /home/c1ph3r/ros2_ws/build/my_cpp_package
[4.042s] -- Install configuration: ""
[4.043s] -- Execute custom install script
[4.043s] -- Up-to-date symlink: /home/c1ph3r/ros2_ws/install/my_cpp_package/lib/my_cpp_package/cpp_node
[4.043s] -- Up-to-date symlink: /home/c1ph3r/ros2_ws/install/my_cpp_package/lib/my_cpp_package/robot_news_station
[4.043s] -- Up-to-date symlink: /home/c1ph3r/ros2_ws/install/my_cpp_package/lib/my_cpp_package/smartphone
[4.043s] -- Up-to-date symlink: /home/c1ph3r/ros2_ws/install/my_cpp_package/lib/my_cpp_package/add_two_ints_server
[4.044s] -- Up-to-date symlink: /home/c1ph3r/ros2_ws/install/my_cpp_package/lib/my_cpp_package/add_two_ints_client
[4.044s] -- Up-to-date symlink: /home/c1ph3r/ros2_ws/install/my_cpp_package/lib/my_cpp_package/add_two_ints_client_oops
[4.044s] -- Up-to-date symlink: /home/c1ph3r/ros2_ws/install/my_cpp_package/share/ament_index/resource_index/package_run_dependencies/my_cpp_package
[4.044s] -- Up-to-date symlink: /home/c1ph3r/ros2_ws/install/my_cpp_package/share/ament_index/resource_index/parent_prefix_path/my_cpp_package
[4.044s] -- Up-to-date symlink: /home/c1ph3r/ros2_ws/install/my_cpp_package/share/my_cpp_package/environment/ament_prefix_path.sh
[4.044s] -- Up-to-date symlink: /home/c1ph3r/ros2_ws/install/my_cpp_package/share/my_cpp_package/environment/ament_prefix_path.dsv
[4.044s] -- Up-to-date symlink: /home/c1ph3r/ros2_ws/install/my_cpp_package/share/my_cpp_package/environment/path.sh
[4.045s] -- Up-to-date symlink: /home/c1ph3r/ros2_ws/install/my_cpp_package/share/my_cpp_package/environment/path.dsv
[4.045s] -- Up-to-date symlink: /home/c1ph3r/ros2_ws/install/my_cpp_package/share/my_cpp_package/local_setup.bash
[4.045s] -- Up-to-date symlink: /home/c1ph3r/ros2_ws/install/my_cpp_package/share/my_cpp_package/local_setup.sh
[4.045s] -- Up-to-date symlink: /home/c1ph3r/ros2_ws/install/my_cpp_package/share/my_cpp_package/local_setup.zsh
[4.045s] -- Up-to-date symlink: /home/c1ph3r/ros2_ws/install/my_cpp_package/share/my_cpp_package/local_setup.dsv
[4.045s] -- Symlinking: /home/c1ph3r/ros2_ws/install/my_cpp_package/share/my_cpp_package/package.dsv
[4.054s] -- Up-to-date symlink: /home/c1ph3r/ros2_ws/install/my_cpp_package/share/ament_index/resource_index/packages/my_cpp_package
[4.055s] -- Up-to-date symlink: /home/c1ph3r/ros2_ws/install/my_cpp_package/share/my_cpp_package/cmake/my_cpp_packageConfig.cmake
[4.055s] -- Up-to-date symlink: /home/c1ph3r/ros2_ws/install/my_cpp_package/share/my_cpp_package/cmake/my_cpp_packageConfig-version.cmake
[4.055s] -- Up-to-date symlink: /home/c1ph3r/ros2_ws/install/my_cpp_package/share/my_cpp_package/package.xml
[4.060s] Invoked command in '/home/c1ph3r/ros2_ws/build/my_cpp_package' returned '0': CMAKE_PREFIX_PATH=${CMAKE_PREFIX_PATH}:/home/c1ph3r/ros2_ws/install/my_python_package:/opt/ros/humble /usr/bin/cmake --install /home/c1ph3r/ros2_ws/build/my_cpp_package
