[0.017s] Invoking command in '/home/c1ph3r/ros2_ws/build/my_cpp_package': CMAKE_PREFIX_PATH=/home/c1ph3r/ros2_ws/install/my_robot_interfaces:/home/c1ph3r/ros2_ws/install/my_cpp_package:/home/c1ph3r/ros2_ws/install/my_python_package:/opt/ros/humble /usr/bin/cmake --build /home/c1ph3r/ros2_ws/build/my_cpp_package -- -j8 -l8
[0.043s] -- Found ament_cmake: 1.3.4 (/opt/ros/humble/share/ament_cmake/cmake)
[0.229s] -- Override CMake install command with custom implementation using symlinks instead of copying resources
[0.246s] -- Found rclcpp: 16.0.4 (/opt/ros/humble/share/rclcpp/cmake)
[0.289s] -- Found rosidl_generator_c: 3.1.4 (/opt/ros/humble/share/rosidl_generator_c/cmake)
[0.293s] -- Found rosidl_adapter: 3.1.4 (/opt/ros/humble/share/rosidl_adapter/cmake)
[0.299s] -- Found rosidl_generator_cpp: 3.1.4 (/opt/ros/humble/share/rosidl_generator_cpp/cmake)
[0.316s] -- Using all available rosidl_typesupport_c: rosidl_typesupport_fastrtps_c;rosidl_typesupport_introspection_c
[0.332s] -- Using all available rosidl_typesupport_cpp: rosidl_typesupport_fastrtps_cpp;rosidl_typesupport_introspection_cpp
[0.402s] -- Found rmw_implementation_cmake: 6.1.1 (/opt/ros/humble/share/rmw_implementation_cmake/cmake)
[0.404s] -- Found rmw_fastrtps_cpp: 6.2.2 (/opt/ros/humble/share/rmw_fastrtps_cpp/cmake)
[0.540s] -- Using RMW implementation 'rmw_fastrtps_cpp' as default
[0.726s] -- Found rclcpp_components: 16.0.4 (/opt/ros/humble/share/rclcpp_components/cmake)
[0.796s] -- Found example_interfaces: 0.9.3 (/opt/ros/humble/share/example_interfaces/cmake)
[0.955s] -- Found my_robot_interfaces: 0.0.0 (/home/c1ph3r/ros2_ws/install/my_robot_interfaces/share/my_robot_interfaces/cmake)
[1.084s] -- Configuring done
[1.126s] -- Generating done
[1.128s] -- Build files have been written to: /home/c1ph3r/ros2_ws/build/my_cpp_package
[1.165s] [35m[1mConsolidate compiler generated dependencies of target smartphone[0m
[1.167s] [35m[1mConsolidate compiler generated dependencies of target add_two_ints_server[0m
[1.168s] [35m[1mConsolidate compiler generated dependencies of target cpp_node[0m
[1.168s] [35m[1mConsolidate compiler generated dependencies of target robot_news_station[0m
[1.169s] [35m[1mConsolidate compiler generated dependencies of target hardware_status_publisher[0m
[1.174s] [35m[1mConsolidate compiler generated dependencies of target add_two_ints_client_oops[0m
[1.176s] [35m[1mConsolidate compiler generated dependencies of target add_two_ints_client[0m
[1.177s] [35m[1mConsolidate compiler generated dependencies of target basic_pub[0m
[1.190s] [  5%] [32mBuilding CXX object CMakeFiles/smartphone.dir/src/smartphone.cpp.o[0m
[1.198s] [ 27%] Built target cpp_node
[1.199s] [ 27%] Built target robot_news_station
[1.200s] [ 38%] Built target add_two_ints_client_oops
[1.201s] [ 50%] Built target hardware_status_publisher
[1.204s] [ 61%] Built target add_two_ints_client
[1.206s] [ 72%] Built target basic_pub
[1.211s] [ 83%] Built target add_two_ints_server
[1.223s] [ 88%] [32mBuilding CXX object CMakeFiles/basic_sub.dir/src/basic_sub.cpp.o[0m
[1.453s] [01m[K/home/c1ph3r/ros2_ws/src/my_cpp_package/src/basic_sub.cpp:2:10:[m[K [01;31m[Kfatal error: [m[Kexample_interfaces/msg/String.hpp: No such file or directory
[1.453s]     2 | #include [01;31m[K"example_interfaces/msg/String.hpp"[m[K
[1.453s]       |          [01;31m[K^~~~~~~~~~~~~~~~~~~~~~~~~~~~~~~~~~~[m[K
[1.453s] compilation terminated.
[1.457s] gmake[2]: *** [CMakeFiles/basic_sub.dir/build.make:76: CMakeFiles/basic_sub.dir/src/basic_sub.cpp.o] Error 1
[1.457s] gmake[1]: *** [CMakeFiles/Makefile2:361: CMakeFiles/basic_sub.dir/all] Error 2
[1.457s] gmake[1]: *** Waiting for unfinished jobs....
[9.840s] [ 94%] [32m[1mLinking CXX executable smartphone[0m
[10.347s] [ 94%] Built target smartphone
[10.349s] gmake: *** [Makefile:146: all] Error 2
[10.351s] Invoked command in '/home/c1ph3r/ros2_ws/build/my_cpp_package' returned '2': CMAKE_PREFIX_PATH=/home/c1ph3r/ros2_ws/install/my_robot_interfaces:/home/c1ph3r/ros2_ws/install/my_cpp_package:/home/c1ph3r/ros2_ws/install/my_python_package:/opt/ros/humble /usr/bin/cmake --build /home/c1ph3r/ros2_ws/build/my_cpp_package -- -j8 -l8
