[0.024s] Invoking command in '/home/c1ph3r/ros2_ws/build/my_robot_bringup': AMENT_PREFIX_PATH=/home/c1ph3r/ros2_ws/install/turtle_catch_them_all:/home/c1ph3r/ros2_ws/install/my_python_package:/home/c1ph3r/ros2_ws/install/my_robot_bringup:/home/c1ph3r/ros2_ws/install/my_cpp_package:/home/c1ph3r/ros2_ws/install/my_robot_interfaces:/opt/ros/humble CMAKE_PREFIX_PATH=/home/c1ph3r/ros2_ws/install/my_cpp_package:/home/c1ph3r/ros2_ws/install/my_robot_interfaces:/home/c1ph3r/ros2_ws/install/my_robot_bringup:/home/c1ph3r/ros2_ws/install/turtle_catch_them_all:/home/c1ph3r/ros2_ws/install/my_python_package:/opt/ros/humble LD_LIBRARY_PATH=/home/c1ph3r/ros2_ws/install/my_robot_interfaces/lib:/home/c1ph3r/anaconda3/lib/:/home/c1ph3r/anaconda3/lib/python3.11/site-packages/nvidia/cudnn/lib:/usr/lib/:/home/c1ph3r/anaconda3/lib/:/home/c1ph3r/anaconda3/lib/python3.11/site-packages/nvidia/cudnn/lib:/opt/ros/humble/opt/rviz_ogre_vendor/lib:/opt/ros/humble/lib/x86_64-linux-gnu:/opt/ros/humble/lib /usr/bin/cmake --build /home/c1ph3r/ros2_ws/build/my_robot_bringup -- -j8 -l8
[0.025s] /usr/bin/cmake: /home/c1ph3r/anaconda3/lib/libcurl.so.4: no version information available (required by /usr/bin/cmake)
[0.035s] /usr/bin/cmake: /home/c1ph3r/anaconda3/lib/libcurl.so.4: no version information available (required by /usr/bin/cmake)
[0.043s] /usr/bin/cmake: /home/c1ph3r/anaconda3/lib/libcurl.so.4: no version information available (required by /usr/bin/cmake)
[0.050s] /usr/bin/cmake: /home/c1ph3r/anaconda3/lib/libcurl.so.4: no version information available (required by /usr/bin/cmake)
[0.056s] Invoked command in '/home/c1ph3r/ros2_ws/build/my_robot_bringup' returned '0': AMENT_PREFIX_PATH=/home/c1ph3r/ros2_ws/install/turtle_catch_them_all:/home/c1ph3r/ros2_ws/install/my_python_package:/home/c1ph3r/ros2_ws/install/my_robot_bringup:/home/c1ph3r/ros2_ws/install/my_cpp_package:/home/c1ph3r/ros2_ws/install/my_robot_interfaces:/opt/ros/humble CMAKE_PREFIX_PATH=/home/c1ph3r/ros2_ws/install/my_cpp_package:/home/c1ph3r/ros2_ws/install/my_robot_interfaces:/home/c1ph3r/ros2_ws/install/my_robot_bringup:/home/c1ph3r/ros2_ws/install/turtle_catch_them_all:/home/c1ph3r/ros2_ws/install/my_python_package:/opt/ros/humble LD_LIBRARY_PATH=/home/c1ph3r/ros2_ws/install/my_robot_interfaces/lib:/home/c1ph3r/anaconda3/lib/:/home/c1ph3r/anaconda3/lib/python3.11/site-packages/nvidia/cudnn/lib:/usr/lib/:/home/c1ph3r/anaconda3/lib/:/home/c1ph3r/anaconda3/lib/python3.11/site-packages/nvidia/cudnn/lib:/opt/ros/humble/opt/rviz_ogre_vendor/lib:/opt/ros/humble/lib/x86_64-linux-gnu:/opt/ros/humble/lib /usr/bin/cmake --build /home/c1ph3r/ros2_ws/build/my_robot_bringup -- -j8 -l8
[0.089s] Invoking command in '/home/c1ph3r/ros2_ws/build/my_robot_bringup': AMENT_PREFIX_PATH=/home/c1ph3r/ros2_ws/install/turtle_catch_them_all:/home/c1ph3r/ros2_ws/install/my_python_package:/home/c1ph3r/ros2_ws/install/my_robot_bringup:/home/c1ph3r/ros2_ws/install/my_cpp_package:/home/c1ph3r/ros2_ws/install/my_robot_interfaces:/opt/ros/humble CMAKE_PREFIX_PATH=/home/c1ph3r/ros2_ws/install/my_cpp_package:/home/c1ph3r/ros2_ws/install/my_robot_interfaces:/home/c1ph3r/ros2_ws/install/my_robot_bringup:/home/c1ph3r/ros2_ws/install/turtle_catch_them_all:/home/c1ph3r/ros2_ws/install/my_python_package:/opt/ros/humble LD_LIBRARY_PATH=/home/c1ph3r/ros2_ws/install/my_robot_interfaces/lib:/home/c1ph3r/anaconda3/lib/:/home/c1ph3r/anaconda3/lib/python3.11/site-packages/nvidia/cudnn/lib:/usr/lib/:/home/c1ph3r/anaconda3/lib/:/home/c1ph3r/anaconda3/lib/python3.11/site-packages/nvidia/cudnn/lib:/opt/ros/humble/opt/rviz_ogre_vendor/lib:/opt/ros/humble/lib/x86_64-linux-gnu:/opt/ros/humble/lib /usr/bin/cmake --build /home/c1ph3r/ros2_ws/build/my_robot_bringup --target install -- -j8 -l8
[0.092s] /usr/bin/cmake: /home/c1ph3r/anaconda3/lib/libcurl.so.4: no version information available (required by /usr/bin/cmake)
[0.101s] /usr/bin/cmake: /home/c1ph3r/anaconda3/lib/libcurl.so.4: no version information available (required by /usr/bin/cmake)
[0.111s] /usr/bin/cmake: /home/c1ph3r/anaconda3/lib/libcurl.so.4: no version information available (required by /usr/bin/cmake)
[0.118s] /usr/bin/cmake: /home/c1ph3r/anaconda3/lib/libcurl.so.4: no version information available (required by /usr/bin/cmake)
[0.126s] /usr/bin/cmake: /home/c1ph3r/anaconda3/lib/libcurl.so.4: no version information available (required by /usr/bin/cmake)
[0.130s] [36mInstall the project...[0m
[0.133s] /usr/bin/cmake: /home/c1ph3r/anaconda3/lib/libcurl.so.4: no version information available (required by /usr/bin/cmake)
[0.137s] -- Install configuration: ""
[0.137s] -- Up-to-date: /home/c1ph3r/ros2_ws/install/my_robot_bringup/share/my_robot_bringup/launch
[0.137s] -- Up-to-date: /home/c1ph3r/ros2_ws/install/my_robot_bringup/share/my_robot_bringup/launch/radio.launch.py
[0.137s] -- Up-to-date: /home/c1ph3r/ros2_ws/install/my_robot_bringup/share/my_robot_bringup/launch/number_app.launch.py
[0.137s] -- Up-to-date: /home/c1ph3r/ros2_ws/install/my_robot_bringup/share/my_robot_bringup/launch/turtle_catch_them_all.py
[0.138s] -- Up-to-date: /home/c1ph3r/ros2_ws/install/my_robot_bringup/share/ament_index/resource_index/package_run_dependencies/my_robot_bringup
[0.138s] -- Up-to-date: /home/c1ph3r/ros2_ws/install/my_robot_bringup/share/ament_index/resource_index/parent_prefix_path/my_robot_bringup
[0.138s] -- Up-to-date: /home/c1ph3r/ros2_ws/install/my_robot_bringup/share/my_robot_bringup/environment/ament_prefix_path.sh
[0.138s] -- Up-to-date: /home/c1ph3r/ros2_ws/install/my_robot_bringup/share/my_robot_bringup/environment/ament_prefix_path.dsv
[0.138s] -- Up-to-date: /home/c1ph3r/ros2_ws/install/my_robot_bringup/share/my_robot_bringup/environment/path.sh
[0.138s] -- Up-to-date: /home/c1ph3r/ros2_ws/install/my_robot_bringup/share/my_robot_bringup/environment/path.dsv
[0.138s] -- Up-to-date: /home/c1ph3r/ros2_ws/install/my_robot_bringup/share/my_robot_bringup/local_setup.bash
[0.138s] -- Up-to-date: /home/c1ph3r/ros2_ws/install/my_robot_bringup/share/my_robot_bringup/local_setup.sh
[0.138s] -- Up-to-date: /home/c1ph3r/ros2_ws/install/my_robot_bringup/share/my_robot_bringup/local_setup.zsh
[0.138s] -- Up-to-date: /home/c1ph3r/ros2_ws/install/my_robot_bringup/share/my_robot_bringup/local_setup.dsv
[0.138s] -- Installing: /home/c1ph3r/ros2_ws/install/my_robot_bringup/share/my_robot_bringup/package.dsv
[0.138s] -- Up-to-date: /home/c1ph3r/ros2_ws/install/my_robot_bringup/share/ament_index/resource_index/packages/my_robot_bringup
[0.139s] -- Up-to-date: /home/c1ph3r/ros2_ws/install/my_robot_bringup/share/my_robot_bringup/cmake/my_robot_bringupConfig.cmake
[0.139s] -- Up-to-date: /home/c1ph3r/ros2_ws/install/my_robot_bringup/share/my_robot_bringup/cmake/my_robot_bringupConfig-version.cmake
[0.139s] -- Up-to-date: /home/c1ph3r/ros2_ws/install/my_robot_bringup/share/my_robot_bringup/package.xml
[0.141s] Invoked command in '/home/c1ph3r/ros2_ws/build/my_robot_bringup' returned '0': AMENT_PREFIX_PATH=/home/c1ph3r/ros2_ws/install/turtle_catch_them_all:/home/c1ph3r/ros2_ws/install/my_python_package:/home/c1ph3r/ros2_ws/install/my_robot_bringup:/home/c1ph3r/ros2_ws/install/my_cpp_package:/home/c1ph3r/ros2_ws/install/my_robot_interfaces:/opt/ros/humble CMAKE_PREFIX_PATH=/home/c1ph3r/ros2_ws/install/my_cpp_package:/home/c1ph3r/ros2_ws/install/my_robot_interfaces:/home/c1ph3r/ros2_ws/install/my_robot_bringup:/home/c1ph3r/ros2_ws/install/turtle_catch_them_all:/home/c1ph3r/ros2_ws/install/my_python_package:/opt/ros/humble LD_LIBRARY_PATH=/home/c1ph3r/ros2_ws/install/my_robot_interfaces/lib:/home/c1ph3r/anaconda3/lib/:/home/c1ph3r/anaconda3/lib/python3.11/site-packages/nvidia/cudnn/lib:/usr/lib/:/home/c1ph3r/anaconda3/lib/:/home/c1ph3r/anaconda3/lib/python3.11/site-packages/nvidia/cudnn/lib:/opt/ros/humble/opt/rviz_ogre_vendor/lib:/opt/ros/humble/lib/x86_64-linux-gnu:/opt/ros/humble/lib /usr/bin/cmake --build /home/c1ph3r/ros2_ws/build/my_robot_bringup --target install -- -j8 -l8
