[1.187s] Invoking command in '/home/c1ph3r/ros2_ws/src/turtle_catch_them_all': CMAKE_PREFIX_PATH=/home/c1ph3r/ros2_ws/install/my_robot_interfaces:/home/c1ph3r/ros2_ws/install/my_cpp_package PYTHONPATH=/home/c1ph3r/ros2_ws/build/turtle_catch_them_all/prefix_override:/home/c1ph3r/ros2_ws/install/turtle_catch_them_all/lib/python3.10/site-packages:${PYTHONPATH} /usr/bin/python3 setup.py egg_info --egg-base ../../build/turtle_catch_them_all build --build-base /home/c1ph3r/ros2_ws/build/turtle_catch_them_all/build install --record /home/c1ph3r/ros2_ws/build/turtle_catch_them_all/install.log --single-version-externally-managed
[1.481s] running egg_info
[1.482s] writing ../../build/turtle_catch_them_all/turtle_catch_them_all.egg-info/PKG-INFO
[1.482s] writing dependency_links to ../../build/turtle_catch_them_all/turtle_catch_them_all.egg-info/dependency_links.txt
[1.482s] writing entry points to ../../build/turtle_catch_them_all/turtle_catch_them_all.egg-info/entry_points.txt
[1.482s] writing requirements to ../../build/turtle_catch_them_all/turtle_catch_them_all.egg-info/requires.txt
[1.482s] writing top-level names to ../../build/turtle_catch_them_all/turtle_catch_them_all.egg-info/top_level.txt
[1.485s] reading manifest file '../../build/turtle_catch_them_all/turtle_catch_them_all.egg-info/SOURCES.txt'
[1.486s] writing manifest file '../../build/turtle_catch_them_all/turtle_catch_them_all.egg-info/SOURCES.txt'
[1.486s] running build
[1.486s] running build_py
[1.486s] running install
[1.487s] running install_lib
[1.489s] running install_data
[1.489s] running install_egg_info
[1.492s] removing '/home/c1ph3r/ros2_ws/install/turtle_catch_them_all/lib/python3.10/site-packages/turtle_catch_them_all-0.0.0-py3.10.egg-info' (and everything under it)
[1.492s] Copying ../../build/turtle_catch_them_all/turtle_catch_them_all.egg-info to /home/c1ph3r/ros2_ws/install/turtle_catch_them_all/lib/python3.10/site-packages/turtle_catch_them_all-0.0.0-py3.10.egg-info
[1.493s] running install_scripts
[1.518s] Installing turtle_controller script to /home/c1ph3r/ros2_ws/install/turtle_catch_them_all/lib/turtle_catch_them_all
[1.518s] Installing turtle_spawner script to /home/c1ph3r/ros2_ws/install/turtle_catch_them_all/lib/turtle_catch_them_all
[1.519s] writing list of installed files to '/home/c1ph3r/ros2_ws/build/turtle_catch_them_all/install.log'
[1.571s] Invoked command in '/home/c1ph3r/ros2_ws/src/turtle_catch_them_all' returned '0': CMAKE_PREFIX_PATH=/home/c1ph3r/ros2_ws/install/my_robot_interfaces:/home/c1ph3r/ros2_ws/install/my_cpp_package PYTHONPATH=/home/c1ph3r/ros2_ws/build/turtle_catch_them_all/prefix_override:/home/c1ph3r/ros2_ws/install/turtle_catch_them_all/lib/python3.10/site-packages:${PYTHONPATH} /usr/bin/python3 setup.py egg_info --egg-base ../../build/turtle_catch_them_all build --build-base /home/c1ph3r/ros2_ws/build/turtle_catch_them_all/build install --record /home/c1ph3r/ros2_ws/build/turtle_catch_them_all/install.log --single-version-externally-managed
