running develop
running egg_info
writing ../../build/my_python_package/my_python_package.egg-info/PKG-INFO
writing dependency_links to ../../build/my_python_package/my_python_package.egg-info/dependency_links.txt
writing entry points to ../../build/my_python_package/my_python_package.egg-info/entry_points.txt
writing requirements to ../../build/my_python_package/my_python_package.egg-info/requires.txt
writing top-level names to ../../build/my_python_package/my_python_package.egg-info/top_level.txt
reading manifest file '../../build/my_python_package/my_python_package.egg-info/SOURCES.txt'
writing manifest file '../../build/my_python_package/my_python_package.egg-info/SOURCES.txt'
running build
running build_py
copying my_python_package/hardware_status_publisher.py -> /home/c1ph3r/ros2_ws/build/my_python_package/build/lib/my_python_package
running install
running install_lib
copying /home/c1ph3r/ros2_ws/build/my_python_package/build/lib/my_python_package/hardware_status_publisher.py -> /home/c1ph3r/ros2_ws/install/my_python_package/lib/python3.10/site-packages/my_python_package
byte-compiling /home/c1ph3r/ros2_ws/install/my_python_package/lib/python3.10/site-packages/my_python_package/hardware_status_publisher.py to hardware_status_publisher.cpython-310.pyc
running install_data
copying package.xml -> /home/c1ph3r/ros2_ws/install/my_python_package/share/my_python_package
running install_egg_info
removing '/home/c1ph3r/ros2_ws/install/my_python_package/lib/python3.10/site-packages/my_python_package-0.0.0-py3.10.egg-info' (and everything under it)
Copying ../../build/my_python_package/my_python_package.egg-info to /home/c1ph3r/ros2_ws/install/my_python_package/lib/python3.10/site-packages/my_python_package-0.0.0-py3.10.egg-info
running install_scripts
Installing add_two_ints_client script to /home/c1ph3r/ros2_ws/install/my_python_package/lib/my_python_package
Installing add_two_ints_client_oops script to /home/c1ph3r/ros2_ws/install/my_python_package/lib/my_python_package
Installing add_two_ints_server script to /home/c1ph3r/ros2_ws/install/my_python_package/lib/my_python_package
Installing hardware_status_publisher script to /home/c1ph3r/ros2_ws/install/my_python_package/lib/my_python_package
Installing number_counter script to /home/c1ph3r/ros2_ws/install/my_python_package/lib/my_python_package
Installing number_publisher script to /home/c1ph3r/ros2_ws/install/my_python_package/lib/my_python_package
Installing py_node script to /home/c1ph3r/ros2_ws/install/my_python_package/lib/my_python_package
Installing py_node_oop script to /home/c1ph3r/ros2_ws/install/my_python_package/lib/my_python_package
Installing robot_news_station script to /home/c1ph3r/ros2_ws/install/my_python_package/lib/my_python_package
Installing smartphone script to /home/c1ph3r/ros2_ws/install/my_python_package/lib/my_python_package
writing list of installed files to '/home/c1ph3r/ros2_ws/build/my_python_package/install.log'
