[1.530s] Invoking command in '/home/c1ph3r/ros2_ws/build/my_python_package': CMAKE_PREFIX_PATH=/home/c1ph3r/ros2_ws/install/my_robot_interfaces:/home/c1ph3r/ros2_ws/install/my_cpp_package PYTHONPATH=/home/c1ph3r/ros2_ws/build/my_python_package/prefix_override:/home/c1ph3r/ros2_ws/install/my_python_package/lib/python3.10/site-packages:${PYTHONPATH} /usr/bin/python3 setup.py develop --uninstall --editable --build-directory /home/c1ph3r/ros2_ws/build/my_python_package/build
[2.252s] running develop
[2.808s] Invoked command in '/home/c1ph3r/ros2_ws/build/my_python_package' returned '0': CMAKE_PREFIX_PATH=/home/c1ph3r/ros2_ws/install/my_robot_interfaces:/home/c1ph3r/ros2_ws/install/my_cpp_package PYTHONPATH=/home/c1ph3r/ros2_ws/build/my_python_package/prefix_override:/home/c1ph3r/ros2_ws/install/my_python_package/lib/python3.10/site-packages:${PYTHONPATH} /usr/bin/python3 setup.py develop --uninstall --editable --build-directory /home/c1ph3r/ros2_ws/build/my_python_package/build
[2.808s] Invoking command in '/home/c1ph3r/ros2_ws/src/my_python_package': CMAKE_PREFIX_PATH=/home/c1ph3r/ros2_ws/install/my_robot_interfaces:/home/c1ph3r/ros2_ws/install/my_cpp_package PYTHONPATH=/home/c1ph3r/ros2_ws/build/my_python_package/prefix_override:/home/c1ph3r/ros2_ws/install/my_python_package/lib/python3.10/site-packages:${PYTHONPATH} /usr/bin/python3 setup.py egg_info --egg-base ../../build/my_python_package build --build-base /home/c1ph3r/ros2_ws/build/my_python_package/build install --record /home/c1ph3r/ros2_ws/build/my_python_package/install.log --single-version-externally-managed
[3.472s] running egg_info
[3.479s] writing ../../build/my_python_package/my_python_package.egg-info/PKG-INFO
[3.479s] writing dependency_links to ../../build/my_python_package/my_python_package.egg-info/dependency_links.txt
[3.480s] writing entry points to ../../build/my_python_package/my_python_package.egg-info/entry_points.txt
[3.480s] writing requirements to ../../build/my_python_package/my_python_package.egg-info/requires.txt
[3.480s] writing top-level names to ../../build/my_python_package/my_python_package.egg-info/top_level.txt
[3.488s] reading manifest file '../../build/my_python_package/my_python_package.egg-info/SOURCES.txt'
[3.491s] writing manifest file '../../build/my_python_package/my_python_package.egg-info/SOURCES.txt'
[3.491s] running build
[3.492s] running build_py
[3.495s] copying my_python_package/basic_sub.py -> /home/c1ph3r/ros2_ws/build/my_python_package/build/lib/my_python_package
[3.496s] copying my_python_package/basic_pub.py -> /home/c1ph3r/ros2_ws/build/my_python_package/build/lib/my_python_package
[3.496s] running install
[3.497s] running install_lib
[3.500s] copying /home/c1ph3r/ros2_ws/build/my_python_package/build/lib/my_python_package/basic_sub.py -> /home/c1ph3r/ros2_ws/install/my_python_package/lib/python3.10/site-packages/my_python_package
[3.502s] copying /home/c1ph3r/ros2_ws/build/my_python_package/build/lib/my_python_package/basic_pub.py -> /home/c1ph3r/ros2_ws/install/my_python_package/lib/python3.10/site-packages/my_python_package
[3.505s] byte-compiling /home/c1ph3r/ros2_ws/install/my_python_package/lib/python3.10/site-packages/my_python_package/basic_sub.py to basic_sub.cpython-310.pyc
[3.507s] byte-compiling /home/c1ph3r/ros2_ws/install/my_python_package/lib/python3.10/site-packages/my_python_package/basic_pub.py to basic_pub.cpython-310.pyc
[3.510s] running install_data
[3.511s] running install_egg_info
[3.516s] removing '/home/c1ph3r/ros2_ws/install/my_python_package/lib/python3.10/site-packages/my_python_package-0.0.0-py3.10.egg-info' (and everything under it)
[3.519s] Copying ../../build/my_python_package/my_python_package.egg-info to /home/c1ph3r/ros2_ws/install/my_python_package/lib/python3.10/site-packages/my_python_package-0.0.0-py3.10.egg-info
[3.531s] running install_scripts
[3.574s] Installing add_two_ints_client script to /home/c1ph3r/ros2_ws/install/my_python_package/lib/my_python_package
[3.575s] Installing add_two_ints_client_oops script to /home/c1ph3r/ros2_ws/install/my_python_package/lib/my_python_package
[3.577s] Installing add_two_ints_server script to /home/c1ph3r/ros2_ws/install/my_python_package/lib/my_python_package
[3.578s] Installing basic_pub script to /home/c1ph3r/ros2_ws/install/my_python_package/lib/my_python_package
[3.579s] Installing basic_sub script to /home/c1ph3r/ros2_ws/install/my_python_package/lib/my_python_package
[3.579s] Installing hardware_status_publisher script to /home/c1ph3r/ros2_ws/install/my_python_package/lib/my_python_package
[3.581s] Installing number_counter script to /home/c1ph3r/ros2_ws/install/my_python_package/lib/my_python_package
[3.582s] Installing number_publisher script to /home/c1ph3r/ros2_ws/install/my_python_package/lib/my_python_package
[3.584s] Installing py_node script to /home/c1ph3r/ros2_ws/install/my_python_package/lib/my_python_package
[3.584s] Installing py_node_oop script to /home/c1ph3r/ros2_ws/install/my_python_package/lib/my_python_package
[3.585s] Installing robot_news_station script to /home/c1ph3r/ros2_ws/install/my_python_package/lib/my_python_package
[3.586s] Installing smartphone script to /home/c1ph3r/ros2_ws/install/my_python_package/lib/my_python_package
[3.588s] writing list of installed files to '/home/c1ph3r/ros2_ws/build/my_python_package/install.log'
[3.677s] Invoked command in '/home/c1ph3r/ros2_ws/src/my_python_package' returned '0': CMAKE_PREFIX_PATH=/home/c1ph3r/ros2_ws/install/my_robot_interfaces:/home/c1ph3r/ros2_ws/install/my_cpp_package PYTHONPATH=/home/c1ph3r/ros2_ws/build/my_python_package/prefix_override:/home/c1ph3r/ros2_ws/install/my_python_package/lib/python3.10/site-packages:${PYTHONPATH} /usr/bin/python3 setup.py egg_info --egg-base ../../build/my_python_package build --build-base /home/c1ph3r/ros2_ws/build/my_python_package/build install --record /home/c1ph3r/ros2_ws/build/my_python_package/install.log --single-version-externally-managed
