/home/c1ph3r/ros2_ws/src/install/my_python_package/lib/python3.10/site-packages/my_python_package/number_publisher.py
/home/c1ph3r/ros2_ws/src/install/my_python_package/lib/python3.10/site-packages/my_python_package/add_two_ints_client.py
/home/c1ph3r/ros2_ws/src/install/my_python_package/lib/python3.10/site-packages/my_python_package/hardware_status_publisher.py
/home/c1ph3r/ros2_ws/src/install/my_python_package/lib/python3.10/site-packages/my_python_package/add_two_ints_server.py
/home/c1ph3r/ros2_ws/src/install/my_python_package/lib/python3.10/site-packages/my_python_package/basic_sub.py
/home/c1ph3r/ros2_ws/src/install/my_python_package/lib/python3.10/site-packages/my_python_package/__init__.py
/home/c1ph3r/ros2_ws/src/install/my_python_package/lib/python3.10/site-packages/my_python_package/robot_news_station.py
/home/c1ph3r/ros2_ws/src/install/my_python_package/lib/python3.10/site-packages/my_python_package/add_two_ints_client_oops.py
/home/c1ph3r/ros2_ws/src/install/my_python_package/lib/python3.10/site-packages/my_python_package/number_counter.py
/home/c1ph3r/ros2_ws/src/install/my_python_package/lib/python3.10/site-packages/my_python_package/my_first_node.py
/home/c1ph3r/ros2_ws/src/install/my_python_package/lib/python3.10/site-packages/my_python_package/radha_krishna.py
/home/c1ph3r/ros2_ws/src/install/my_python_package/lib/python3.10/site-packages/my_python_package/oops_template.py
/home/c1ph3r/ros2_ws/src/install/my_python_package/lib/python3.10/site-packages/my_python_package/smartphone.py
/home/c1ph3r/ros2_ws/src/install/my_python_package/lib/python3.10/site-packages/my_python_package/face_recognition.py
/home/c1ph3r/ros2_ws/src/install/my_python_package/lib/python3.10/site-packages/my_python_package/my_first_node_oop.py
/home/c1ph3r/ros2_ws/src/install/my_python_package/lib/python3.10/site-packages/my_python_package/basic_pub.py
/home/c1ph3r/ros2_ws/src/install/my_python_package/lib/python3.10/site-packages/my_python_package/__pycache__/number_publisher.cpython-310.pyc
/home/c1ph3r/ros2_ws/src/install/my_python_package/lib/python3.10/site-packages/my_python_package/__pycache__/add_two_ints_client.cpython-310.pyc
/home/c1ph3r/ros2_ws/src/install/my_python_package/lib/python3.10/site-packages/my_python_package/__pycache__/hardware_status_publisher.cpython-310.pyc
/home/c1ph3r/ros2_ws/src/install/my_python_package/lib/python3.10/site-packages/my_python_package/__pycache__/add_two_ints_server.cpython-310.pyc
/home/c1ph3r/ros2_ws/src/install/my_python_package/lib/python3.10/site-packages/my_python_package/__pycache__/basic_sub.cpython-310.pyc
/home/c1ph3r/ros2_ws/src/install/my_python_package/lib/python3.10/site-packages/my_python_package/__pycache__/__init__.cpython-310.pyc
/home/c1ph3r/ros2_ws/src/install/my_python_package/lib/python3.10/site-packages/my_python_package/__pycache__/robot_news_station.cpython-310.pyc
/home/c1ph3r/ros2_ws/src/install/my_python_package/lib/python3.10/site-packages/my_python_package/__pycache__/add_two_ints_client_oops.cpython-310.pyc
/home/c1ph3r/ros2_ws/src/install/my_python_package/lib/python3.10/site-packages/my_python_package/__pycache__/number_counter.cpython-310.pyc
/home/c1ph3r/ros2_ws/src/install/my_python_package/lib/python3.10/site-packages/my_python_package/__pycache__/my_first_node.cpython-310.pyc
/home/c1ph3r/ros2_ws/src/install/my_python_package/lib/python3.10/site-packages/my_python_package/__pycache__/radha_krishna.cpython-310.pyc
/home/c1ph3r/ros2_ws/src/install/my_python_package/lib/python3.10/site-packages/my_python_package/__pycache__/oops_template.cpython-310.pyc
/home/c1ph3r/ros2_ws/src/install/my_python_package/lib/python3.10/site-packages/my_python_package/__pycache__/smartphone.cpython-310.pyc
/home/c1ph3r/ros2_ws/src/install/my_python_package/lib/python3.10/site-packages/my_python_package/__pycache__/face_recognition.cpython-310.pyc
/home/c1ph3r/ros2_ws/src/install/my_python_package/lib/python3.10/site-packages/my_python_package/__pycache__/my_first_node_oop.cpython-310.pyc
/home/c1ph3r/ros2_ws/src/install/my_python_package/lib/python3.10/site-packages/my_python_package/__pycache__/basic_pub.cpython-310.pyc
/home/c1ph3r/ros2_ws/src/install/my_python_package/share/ament_index/resource_index/packages/my_python_package
/home/c1ph3r/ros2_ws/src/install/my_python_package/share/my_python_package/package.xml
/home/c1ph3r/ros2_ws/src/install/my_python_package/lib/python3.10/site-packages/my_python_package-0.0.0-py3.10.egg-info/PKG-INFO
/home/c1ph3r/ros2_ws/src/install/my_python_package/lib/python3.10/site-packages/my_python_package-0.0.0-py3.10.egg-info/requires.txt
/home/c1ph3r/ros2_ws/src/install/my_python_package/lib/python3.10/site-packages/my_python_package-0.0.0-py3.10.egg-info/zip-safe
/home/c1ph3r/ros2_ws/src/install/my_python_package/lib/python3.10/site-packages/my_python_package-0.0.0-py3.10.egg-info/SOURCES.txt
/home/c1ph3r/ros2_ws/src/install/my_python_package/lib/python3.10/site-packages/my_python_package-0.0.0-py3.10.egg-info/top_level.txt
/home/c1ph3r/ros2_ws/src/install/my_python_package/lib/python3.10/site-packages/my_python_package-0.0.0-py3.10.egg-info/entry_points.txt
/home/c1ph3r/ros2_ws/src/install/my_python_package/lib/python3.10/site-packages/my_python_package-0.0.0-py3.10.egg-info/dependency_links.txt
/home/c1ph3r/ros2_ws/src/install/my_python_package/lib/my_python_package/add_two_ints_client
/home/c1ph3r/ros2_ws/src/install/my_python_package/lib/my_python_package/add_two_ints_client_oops
/home/c1ph3r/ros2_ws/src/install/my_python_package/lib/my_python_package/add_two_ints_server
/home/c1ph3r/ros2_ws/src/install/my_python_package/lib/my_python_package/basic_pub
/home/c1ph3r/ros2_ws/src/install/my_python_package/lib/my_python_package/basic_sub
/home/c1ph3r/ros2_ws/src/install/my_python_package/lib/my_python_package/hardware_status_publisher
/home/c1ph3r/ros2_ws/src/install/my_python_package/lib/my_python_package/number_counter
/home/c1ph3r/ros2_ws/src/install/my_python_package/lib/my_python_package/number_publisher
/home/c1ph3r/ros2_ws/src/install/my_python_package/lib/my_python_package/py_node
/home/c1ph3r/ros2_ws/src/install/my_python_package/lib/my_python_package/py_node_oop
/home/c1ph3r/ros2_ws/src/install/my_python_package/lib/my_python_package/robot_news_station
/home/c1ph3r/ros2_ws/src/install/my_python_package/lib/my_python_package/smartphone
