[0.718s] Invoking command in '/home/c1ph3r/ros2_ws/build/my_python_package': PYTHONPATH=/home/c1ph3r/ros2_ws/build/my_python_package/prefix_override:/home/c1ph3r/ros2_ws/install/my_python_package/lib/python3.10/site-packages:${PYTHONPATH} /usr/bin/python3 setup.py develop --editable --build-directory /home/c1ph3r/ros2_ws/build/my_python_package/build --no-deps install_data
[0.986s] running develop
[1.152s] running egg_info
[1.153s] writing my_python_package.egg-info/PKG-INFO
[1.153s] writing dependency_links to my_python_package.egg-info/dependency_links.txt
[1.153s] writing entry points to my_python_package.egg-info/entry_points.txt
[1.153s] writing requirements to my_python_package.egg-info/requires.txt
[1.153s] writing top-level names to my_python_package.egg-info/top_level.txt
[1.155s] reading manifest file 'my_python_package.egg-info/SOURCES.txt'
[1.156s] writing manifest file 'my_python_package.egg-info/SOURCES.txt'
[1.157s] running build_ext
[1.157s] Creating /home/c1ph3r/ros2_ws/install/my_python_package/lib/python3.10/site-packages/my-python-package.egg-link (link to .)
[1.158s] Installing py_node script to /home/c1ph3r/ros2_ws/install/my_python_package/lib/my_python_package
[1.158s] Installing py_node_oop script to /home/c1ph3r/ros2_ws/install/my_python_package/lib/my_python_package
[1.159s] Installing robot_news_station script to /home/c1ph3r/ros2_ws/install/my_python_package/lib/my_python_package
[1.159s] Installing smartphone script to /home/c1ph3r/ros2_ws/install/my_python_package/lib/my_python_package
[1.159s] 
[1.159s] Installed /home/c1ph3r/ros2_ws/build/my_python_package
[1.159s] running install_data
[1.205s] Invoked command in '/home/c1ph3r/ros2_ws/build/my_python_package' returned '0': PYTHONPATH=/home/c1ph3r/ros2_ws/build/my_python_package/prefix_override:/home/c1ph3r/ros2_ws/install/my_python_package/lib/python3.10/site-packages:${PYTHONPATH} /usr/bin/python3 setup.py develop --editable --build-directory /home/c1ph3r/ros2_ws/build/my_python_package/build --no-deps install_data
