[0.704s] Invoking command in '/home/c1ph3r/ros2_ws/src/my_python_package': CMAKE_PREFIX_PATH=/home/c1ph3r/ros2_ws/install/my_robot_interfaces:/home/c1ph3r/ros2_ws/install/my_cpp_package PYTHONPATH=/home/c1ph3r/ros2_ws/build/my_python_package/prefix_override:/home/c1ph3r/ros2_ws/install/my_python_package/lib/python3.10/site-packages:${PYTHONPATH} /usr/bin/python3 setup.py egg_info --egg-base ../../build/my_python_package build --build-base /home/c1ph3r/ros2_ws/build/my_python_package/build install --record /home/c1ph3r/ros2_ws/build/my_python_package/install.log --single-version-externally-managed
[1.003s] running egg_info
[1.004s] creating ../../build/my_python_package/my_python_package.egg-info
[1.004s] writing ../../build/my_python_package/my_python_package.egg-info/PKG-INFO
[1.004s] writing dependency_links to ../../build/my_python_package/my_python_package.egg-info/dependency_links.txt
[1.005s] writing entry points to ../../build/my_python_package/my_python_package.egg-info/entry_points.txt
[1.005s] writing requirements to ../../build/my_python_package/my_python_package.egg-info/requires.txt
[1.005s] writing top-level names to ../../build/my_python_package/my_python_package.egg-info/top_level.txt
[1.005s] writing manifest file '../../build/my_python_package/my_python_package.egg-info/SOURCES.txt'
[1.007s] reading manifest file '../../build/my_python_package/my_python_package.egg-info/SOURCES.txt'
[1.008s] writing manifest file '../../build/my_python_package/my_python_package.egg-info/SOURCES.txt'
[1.009s] running build
[1.009s] running build_py
[1.009s] creating /home/c1ph3r/ros2_ws/build/my_python_package/build
[1.009s] creating /home/c1ph3r/ros2_ws/build/my_python_package/build/lib
[1.009s] creating /home/c1ph3r/ros2_ws/build/my_python_package/build/lib/my_python_package
[1.009s] copying my_python_package/LED_panel.py -> /home/c1ph3r/ros2_ws/build/my_python_package/build/lib/my_python_package
[1.009s] copying my_python_package/number_publisher.py -> /home/c1ph3r/ros2_ws/build/my_python_package/build/lib/my_python_package
[1.009s] copying my_python_package/add_two_ints_client.py -> /home/c1ph3r/ros2_ws/build/my_python_package/build/lib/my_python_package
[1.010s] copying my_python_package/hardware_status_publisher.py -> /home/c1ph3r/ros2_ws/build/my_python_package/build/lib/my_python_package
[1.010s] copying my_python_package/add_two_ints_server.py -> /home/c1ph3r/ros2_ws/build/my_python_package/build/lib/my_python_package
[1.010s] copying my_python_package/basic_sub.py -> /home/c1ph3r/ros2_ws/build/my_python_package/build/lib/my_python_package
[1.010s] copying my_python_package/__init__.py -> /home/c1ph3r/ros2_ws/build/my_python_package/build/lib/my_python_package
[1.010s] copying my_python_package/robot_news_station.py -> /home/c1ph3r/ros2_ws/build/my_python_package/build/lib/my_python_package
[1.010s] copying my_python_package/add_two_ints_client_oops.py -> /home/c1ph3r/ros2_ws/build/my_python_package/build/lib/my_python_package
[1.010s] copying my_python_package/number_counter.py -> /home/c1ph3r/ros2_ws/build/my_python_package/build/lib/my_python_package
[1.010s] copying my_python_package/my_first_node.py -> /home/c1ph3r/ros2_ws/build/my_python_package/build/lib/my_python_package
[1.010s] copying my_python_package/radha_krishna.py -> /home/c1ph3r/ros2_ws/build/my_python_package/build/lib/my_python_package
[1.011s] copying my_python_package/oops_template.py -> /home/c1ph3r/ros2_ws/build/my_python_package/build/lib/my_python_package
[1.011s] copying my_python_package/battery_status.py -> /home/c1ph3r/ros2_ws/build/my_python_package/build/lib/my_python_package
[1.011s] copying my_python_package/smartphone.py -> /home/c1ph3r/ros2_ws/build/my_python_package/build/lib/my_python_package
[1.011s] copying my_python_package/face_recognition.py -> /home/c1ph3r/ros2_ws/build/my_python_package/build/lib/my_python_package
[1.011s] copying my_python_package/my_first_node_oop.py -> /home/c1ph3r/ros2_ws/build/my_python_package/build/lib/my_python_package
[1.011s] copying my_python_package/basic_pub.py -> /home/c1ph3r/ros2_ws/build/my_python_package/build/lib/my_python_package
[1.012s] running install
[1.012s] running install_lib
[1.013s] creating /home/c1ph3r/ros2_ws/install/my_python_package/lib/python3.10/site-packages/my_python_package
[1.013s] copying /home/c1ph3r/ros2_ws/build/my_python_package/build/lib/my_python_package/LED_panel.py -> /home/c1ph3r/ros2_ws/install/my_python_package/lib/python3.10/site-packages/my_python_package
[1.014s] copying /home/c1ph3r/ros2_ws/build/my_python_package/build/lib/my_python_package/number_publisher.py -> /home/c1ph3r/ros2_ws/install/my_python_package/lib/python3.10/site-packages/my_python_package
[1.014s] copying /home/c1ph3r/ros2_ws/build/my_python_package/build/lib/my_python_package/add_two_ints_client.py -> /home/c1ph3r/ros2_ws/install/my_python_package/lib/python3.10/site-packages/my_python_package
[1.014s] copying /home/c1ph3r/ros2_ws/build/my_python_package/build/lib/my_python_package/hardware_status_publisher.py -> /home/c1ph3r/ros2_ws/install/my_python_package/lib/python3.10/site-packages/my_python_package
[1.014s] copying /home/c1ph3r/ros2_ws/build/my_python_package/build/lib/my_python_package/add_two_ints_server.py -> /home/c1ph3r/ros2_ws/install/my_python_package/lib/python3.10/site-packages/my_python_package
[1.014s] copying /home/c1ph3r/ros2_ws/build/my_python_package/build/lib/my_python_package/basic_sub.py -> /home/c1ph3r/ros2_ws/install/my_python_package/lib/python3.10/site-packages/my_python_package
[1.014s] copying /home/c1ph3r/ros2_ws/build/my_python_package/build/lib/my_python_package/__init__.py -> /home/c1ph3r/ros2_ws/install/my_python_package/lib/python3.10/site-packages/my_python_package
[1.014s] copying /home/c1ph3r/ros2_ws/build/my_python_package/build/lib/my_python_package/robot_news_station.py -> /home/c1ph3r/ros2_ws/install/my_python_package/lib/python3.10/site-packages/my_python_package
[1.015s] copying /home/c1ph3r/ros2_ws/build/my_python_package/build/lib/my_python_package/add_two_ints_client_oops.py -> /home/c1ph3r/ros2_ws/install/my_python_package/lib/python3.10/site-packages/my_python_package
[1.015s] copying /home/c1ph3r/ros2_ws/build/my_python_package/build/lib/my_python_package/number_counter.py -> /home/c1ph3r/ros2_ws/install/my_python_package/lib/python3.10/site-packages/my_python_package
[1.015s] copying /home/c1ph3r/ros2_ws/build/my_python_package/build/lib/my_python_package/my_first_node.py -> /home/c1ph3r/ros2_ws/install/my_python_package/lib/python3.10/site-packages/my_python_package
[1.015s] copying /home/c1ph3r/ros2_ws/build/my_python_package/build/lib/my_python_package/radha_krishna.py -> /home/c1ph3r/ros2_ws/install/my_python_package/lib/python3.10/site-packages/my_python_package
[1.015s] copying /home/c1ph3r/ros2_ws/build/my_python_package/build/lib/my_python_package/oops_template.py -> /home/c1ph3r/ros2_ws/install/my_python_package/lib/python3.10/site-packages/my_python_package
[1.015s] copying /home/c1ph3r/ros2_ws/build/my_python_package/build/lib/my_python_package/battery_status.py -> /home/c1ph3r/ros2_ws/install/my_python_package/lib/python3.10/site-packages/my_python_package
[1.015s] copying /home/c1ph3r/ros2_ws/build/my_python_package/build/lib/my_python_package/smartphone.py -> /home/c1ph3r/ros2_ws/install/my_python_package/lib/python3.10/site-packages/my_python_package
[1.016s] copying /home/c1ph3r/ros2_ws/build/my_python_package/build/lib/my_python_package/face_recognition.py -> /home/c1ph3r/ros2_ws/install/my_python_package/lib/python3.10/site-packages/my_python_package
[1.016s] copying /home/c1ph3r/ros2_ws/build/my_python_package/build/lib/my_python_package/my_first_node_oop.py -> /home/c1ph3r/ros2_ws/install/my_python_package/lib/python3.10/site-packages/my_python_package
[1.016s] copying /home/c1ph3r/ros2_ws/build/my_python_package/build/lib/my_python_package/basic_pub.py -> /home/c1ph3r/ros2_ws/install/my_python_package/lib/python3.10/site-packages/my_python_package
[1.016s] byte-compiling /home/c1ph3r/ros2_ws/install/my_python_package/lib/python3.10/site-packages/my_python_package/LED_panel.py to LED_panel.cpython-310.pyc
[1.017s] byte-compiling /home/c1ph3r/ros2_ws/install/my_python_package/lib/python3.10/site-packages/my_python_package/number_publisher.py to number_publisher.cpython-310.pyc
[1.017s] byte-compiling /home/c1ph3r/ros2_ws/install/my_python_package/lib/python3.10/site-packages/my_python_package/add_two_ints_client.py to add_two_ints_client.cpython-310.pyc
[1.017s] byte-compiling /home/c1ph3r/ros2_ws/install/my_python_package/lib/python3.10/site-packages/my_python_package/hardware_status_publisher.py to hardware_status_publisher.cpython-310.pyc
[1.018s] byte-compiling /home/c1ph3r/ros2_ws/install/my_python_package/lib/python3.10/site-packages/my_python_package/add_two_ints_server.py to add_two_ints_server.cpython-310.pyc
[1.018s] byte-compiling /home/c1ph3r/ros2_ws/install/my_python_package/lib/python3.10/site-packages/my_python_package/basic_sub.py to basic_sub.cpython-310.pyc
[1.019s] byte-compiling /home/c1ph3r/ros2_ws/install/my_python_package/lib/python3.10/site-packages/my_python_package/__init__.py to __init__.cpython-310.pyc
[1.019s] byte-compiling /home/c1ph3r/ros2_ws/install/my_python_package/lib/python3.10/site-packages/my_python_package/robot_news_station.py to robot_news_station.cpython-310.pyc
[1.019s] byte-compiling /home/c1ph3r/ros2_ws/install/my_python_package/lib/python3.10/site-packages/my_python_package/add_two_ints_client_oops.py to add_two_ints_client_oops.cpython-310.pyc
[1.020s] byte-compiling /home/c1ph3r/ros2_ws/install/my_python_package/lib/python3.10/site-packages/my_python_package/number_counter.py to number_counter.cpython-310.pyc
[1.020s] byte-compiling /home/c1ph3r/ros2_ws/install/my_python_package/lib/python3.10/site-packages/my_python_package/my_first_node.py to my_first_node.cpython-310.pyc
[1.020s] byte-compiling /home/c1ph3r/ros2_ws/install/my_python_package/lib/python3.10/site-packages/my_python_package/radha_krishna.py to radha_krishna.cpython-310.pyc
[1.022s] byte-compiling /home/c1ph3r/ros2_ws/install/my_python_package/lib/python3.10/site-packages/my_python_package/oops_template.py to oops_template.cpython-310.pyc
[1.022s] byte-compiling /home/c1ph3r/ros2_ws/install/my_python_package/lib/python3.10/site-packages/my_python_package/battery_status.py to battery_status.cpython-310.pyc
[1.023s] byte-compiling /home/c1ph3r/ros2_ws/install/my_python_package/lib/python3.10/site-packages/my_python_package/smartphone.py to smartphone.cpython-310.pyc
[1.023s] byte-compiling /home/c1ph3r/ros2_ws/install/my_python_package/lib/python3.10/site-packages/my_python_package/face_recognition.py to face_recognition.cpython-310.pyc
[1.023s] byte-compiling /home/c1ph3r/ros2_ws/install/my_python_package/lib/python3.10/site-packages/my_python_package/my_first_node_oop.py to my_first_node_oop.cpython-310.pyc
[1.024s] byte-compiling /home/c1ph3r/ros2_ws/install/my_python_package/lib/python3.10/site-packages/my_python_package/basic_pub.py to basic_pub.cpython-310.pyc
[1.024s] running install_data
[1.025s] creating /home/c1ph3r/ros2_ws/install/my_python_package/share/ament_index
[1.025s] creating /home/c1ph3r/ros2_ws/install/my_python_package/share/ament_index/resource_index
[1.025s] creating /home/c1ph3r/ros2_ws/install/my_python_package/share/ament_index/resource_index/packages
[1.025s] copying resource/my_python_package -> /home/c1ph3r/ros2_ws/install/my_python_package/share/ament_index/resource_index/packages
[1.025s] copying package.xml -> /home/c1ph3r/ros2_ws/install/my_python_package/share/my_python_package
[1.025s] running install_egg_info
[1.027s] Copying ../../build/my_python_package/my_python_package.egg-info to /home/c1ph3r/ros2_ws/install/my_python_package/lib/python3.10/site-packages/my_python_package-0.0.0-py3.10.egg-info
[1.028s] running install_scripts
[1.052s] Installing LED_panel script to /home/c1ph3r/ros2_ws/install/my_python_package/lib/my_python_package
[1.052s] Installing add_two_ints_client script to /home/c1ph3r/ros2_ws/install/my_python_package/lib/my_python_package
[1.052s] Installing add_two_ints_client_oops script to /home/c1ph3r/ros2_ws/install/my_python_package/lib/my_python_package
[1.052s] Installing add_two_ints_server script to /home/c1ph3r/ros2_ws/install/my_python_package/lib/my_python_package
[1.052s] Installing basic_pub script to /home/c1ph3r/ros2_ws/install/my_python_package/lib/my_python_package
[1.053s] Installing basic_sub script to /home/c1ph3r/ros2_ws/install/my_python_package/lib/my_python_package
[1.053s] Installing battery_status script to /home/c1ph3r/ros2_ws/install/my_python_package/lib/my_python_package
[1.053s] Installing hardware_status_publisher script to /home/c1ph3r/ros2_ws/install/my_python_package/lib/my_python_package
[1.053s] Installing number_counter script to /home/c1ph3r/ros2_ws/install/my_python_package/lib/my_python_package
[1.053s] Installing number_publisher script to /home/c1ph3r/ros2_ws/install/my_python_package/lib/my_python_package
[1.053s] Installing py_node script to /home/c1ph3r/ros2_ws/install/my_python_package/lib/my_python_package
[1.053s] Installing py_node_oop script to /home/c1ph3r/ros2_ws/install/my_python_package/lib/my_python_package
[1.053s] Installing robot_news_station script to /home/c1ph3r/ros2_ws/install/my_python_package/lib/my_python_package
[1.054s] Installing smartphone script to /home/c1ph3r/ros2_ws/install/my_python_package/lib/my_python_package
[1.054s] writing list of installed files to '/home/c1ph3r/ros2_ws/build/my_python_package/install.log'
[1.100s] Invoked command in '/home/c1ph3r/ros2_ws/src/my_python_package' returned '0': CMAKE_PREFIX_PATH=/home/c1ph3r/ros2_ws/install/my_robot_interfaces:/home/c1ph3r/ros2_ws/install/my_cpp_package PYTHONPATH=/home/c1ph3r/ros2_ws/build/my_python_package/prefix_override:/home/c1ph3r/ros2_ws/install/my_python_package/lib/python3.10/site-packages:${PYTHONPATH} /usr/bin/python3 setup.py egg_info --egg-base ../../build/my_python_package build --build-base /home/c1ph3r/ros2_ws/build/my_python_package/build install --record /home/c1ph3r/ros2_ws/build/my_python_package/install.log --single-version-externally-managed
