[0.016s] Invoking command in '/home/c1ph3r/ros2_ws/build/my_robot_interfaces': CMAKE_PREFIX_PATH=${CMAKE_PREFIX_PATH}:/home/c1ph3r/ros2_ws/install/my_python_package:/opt/ros/humble /usr/bin/cmake --build /home/c1ph3r/ros2_ws/build/my_robot_interfaces -- -j8 -l8
[0.068s] [35m[1mConsolidate compiler generated dependencies of target my_robot_interfaces__rosidl_generator_c[0m
[0.078s] [  6%] Built target my_robot_interfaces__cpp
[0.078s] [ 12%] Built target my_robot_interfaces__rosidl_generator_c
[0.088s] [35m[1mConsolidate compiler generated dependencies of target my_robot_interfaces__rosidl_typesupport_introspection_c[0m
[0.088s] [35m[1mConsolidate compiler generated dependencies of target my_robot_interfaces__rosidl_typesupport_c[0m
[0.091s] [35m[1mConsolidate compiler generated dependencies of target my_robot_interfaces__rosidl_typesupport_fastrtps_cpp[0m
[0.094s] [35m[1mConsolidate compiler generated dependencies of target my_robot_interfaces__rosidl_typesupport_introspection_cpp[0m
[0.097s] [ 12%] Built target ament_cmake_python_copy_my_robot_interfaces
[0.098s] [35m[1mConsolidate compiler generated dependencies of target my_robot_interfaces__rosidl_typesupport_fastrtps_c[0m
[0.101s] [ 34%] Built target my_robot_interfaces__rosidl_typesupport_introspection_c
[0.101s] [ 34%] Built target my_robot_interfaces__rosidl_typesupport_c
[0.107s] [ 44%] Built target my_robot_interfaces__rosidl_typesupport_fastrtps_cpp
[0.109s] [35m[1mConsolidate compiler generated dependencies of target my_robot_interfaces__rosidl_typesupport_cpp[0m
[0.110s] [ 55%] Built target my_robot_interfaces__rosidl_typesupport_introspection_cpp
[0.115s] [ 65%] Built target my_robot_interfaces__rosidl_typesupport_fastrtps_c
[0.123s] [ 76%] Built target my_robot_interfaces__rosidl_typesupport_cpp
[0.142s] [ 76%] Built target my_robot_interfaces
[0.159s] [ 78%] Built target my_robot_interfaces__py
[0.170s] [35m[1mConsolidate compiler generated dependencies of target my_robot_interfaces__rosidl_generator_py[0m
[0.184s] [ 87%] Built target my_robot_interfaces__rosidl_generator_py
[0.194s] [35m[1mConsolidate compiler generated dependencies of target my_robot_interfaces__rosidl_typesupport_c__pyext[0m
[0.194s] [35m[1mConsolidate compiler generated dependencies of target my_robot_interfaces__rosidl_typesupport_introspection_c__pyext[0m
[0.194s] [35m[1mConsolidate compiler generated dependencies of target my_robot_interfaces__rosidl_typesupport_fastrtps_c__pyext[0m
[0.206s] [100%] Built target my_robot_interfaces__rosidl_typesupport_fastrtps_c__pyext
[0.206s] [100%] Built target my_robot_interfaces__rosidl_typesupport_c__pyext
[0.206s] [100%] Built target my_robot_interfaces__rosidl_typesupport_introspection_c__pyext
[0.379s] running egg_info
[0.379s] writing my_robot_interfaces.egg-info/PKG-INFO
[0.379s] writing dependency_links to my_robot_interfaces.egg-info/dependency_links.txt
[0.380s] writing top-level names to my_robot_interfaces.egg-info/top_level.txt
[0.382s] reading manifest file 'my_robot_interfaces.egg-info/SOURCES.txt'
[0.383s] writing manifest file 'my_robot_interfaces.egg-info/SOURCES.txt'
[0.421s] [100%] Built target ament_cmake_python_build_my_robot_interfaces_egg
[0.444s] Invoked command in '/home/c1ph3r/ros2_ws/build/my_robot_interfaces' returned '0': CMAKE_PREFIX_PATH=${CMAKE_PREFIX_PATH}:/home/c1ph3r/ros2_ws/install/my_python_package:/opt/ros/humble /usr/bin/cmake --build /home/c1ph3r/ros2_ws/build/my_robot_interfaces -- -j8 -l8
[0.613s] Invoking command in '/home/c1ph3r/ros2_ws/build/my_robot_interfaces': CMAKE_PREFIX_PATH=${CMAKE_PREFIX_PATH}:/home/c1ph3r/ros2_ws/install/my_python_package:/opt/ros/humble /usr/bin/cmake --install /home/c1ph3r/ros2_ws/build/my_robot_interfaces
[0.629s] -- Install configuration: ""
[0.630s] -- Up-to-date: /home/c1ph3r/ros2_ws/install/my_robot_interfaces/share/ament_index/resource_index/rosidl_interfaces/my_robot_interfaces
[0.630s] -- Up-to-date: /home/c1ph3r/ros2_ws/install/my_robot_interfaces/include/my_robot_interfaces/my_robot_interfaces
[0.630s] -- Up-to-date: /home/c1ph3r/ros2_ws/install/my_robot_interfaces/include/my_robot_interfaces/my_robot_interfaces/msg
[0.630s] -- Up-to-date: /home/c1ph3r/ros2_ws/install/my_robot_interfaces/include/my_robot_interfaces/my_robot_interfaces/msg/detail
[0.630s] -- Up-to-date: /home/c1ph3r/ros2_ws/install/my_robot_interfaces/include/my_robot_interfaces/my_robot_interfaces/msg/detail/led_status_array__type_support.h
[0.630s] -- Up-to-date: /home/c1ph3r/ros2_ws/install/my_robot_interfaces/include/my_robot_interfaces/my_robot_interfaces/msg/detail/hardware_status__functions.c
[0.630s] -- Up-to-date: /home/c1ph3r/ros2_ws/install/my_robot_interfaces/include/my_robot_interfaces/my_robot_interfaces/msg/detail/hardware_status__type_support.h
[0.630s] -- Up-to-date: /home/c1ph3r/ros2_ws/install/my_robot_interfaces/include/my_robot_interfaces/my_robot_interfaces/msg/detail/hardware_status__struct.h
[0.630s] -- Up-to-date: /home/c1ph3r/ros2_ws/install/my_robot_interfaces/include/my_robot_interfaces/my_robot_interfaces/msg/detail/led_status_array__struct.h
[0.631s] -- Up-to-date: /home/c1ph3r/ros2_ws/install/my_robot_interfaces/include/my_robot_interfaces/my_robot_interfaces/msg/detail/led_status_array__functions.c
[0.631s] -- Up-to-date: /home/c1ph3r/ros2_ws/install/my_robot_interfaces/include/my_robot_interfaces/my_robot_interfaces/msg/detail/led_status_array__functions.h
[0.631s] -- Up-to-date: /home/c1ph3r/ros2_ws/install/my_robot_interfaces/include/my_robot_interfaces/my_robot_interfaces/msg/detail/hardware_status__functions.h
[0.631s] -- Up-to-date: /home/c1ph3r/ros2_ws/install/my_robot_interfaces/include/my_robot_interfaces/my_robot_interfaces/msg/rosidl_generator_c__visibility_control.h
[0.631s] -- Up-to-date: /home/c1ph3r/ros2_ws/install/my_robot_interfaces/include/my_robot_interfaces/my_robot_interfaces/msg/led_status_array.h
[0.631s] -- Up-to-date: /home/c1ph3r/ros2_ws/install/my_robot_interfaces/include/my_robot_interfaces/my_robot_interfaces/msg/hardware_status.h
[0.631s] -- Up-to-date: /home/c1ph3r/ros2_ws/install/my_robot_interfaces/include/my_robot_interfaces/my_robot_interfaces/srv
[0.631s] -- Up-to-date: /home/c1ph3r/ros2_ws/install/my_robot_interfaces/include/my_robot_interfaces/my_robot_interfaces/srv/detail
[0.631s] -- Up-to-date: /home/c1ph3r/ros2_ws/install/my_robot_interfaces/include/my_robot_interfaces/my_robot_interfaces/srv/detail/compute_rectangle_area__type_support.h
[0.631s] -- Up-to-date: /home/c1ph3r/ros2_ws/install/my_robot_interfaces/include/my_robot_interfaces/my_robot_interfaces/srv/detail/compute_rectangle_area__struct.h
[0.631s] -- Up-to-date: /home/c1ph3r/ros2_ws/install/my_robot_interfaces/include/my_robot_interfaces/my_robot_interfaces/srv/detail/compute_rectangle_area__functions.c
[0.631s] -- Up-to-date: /home/c1ph3r/ros2_ws/install/my_robot_interfaces/include/my_robot_interfaces/my_robot_interfaces/srv/detail/compute_rectangle_area__functions.h
[0.632s] -- Up-to-date: /home/c1ph3r/ros2_ws/install/my_robot_interfaces/include/my_robot_interfaces/my_robot_interfaces/srv/compute_rectangle_area.h
[0.632s] -- Up-to-date: /home/c1ph3r/ros2_ws/install/my_robot_interfaces/share/my_robot_interfaces/environment/library_path.sh
[0.632s] -- Up-to-date: /home/c1ph3r/ros2_ws/install/my_robot_interfaces/share/my_robot_interfaces/environment/library_path.dsv
[0.632s] -- Up-to-date: /home/c1ph3r/ros2_ws/install/my_robot_interfaces/lib/libmy_robot_interfaces__rosidl_generator_c.so
[0.632s] -- Up-to-date: /home/c1ph3r/ros2_ws/install/my_robot_interfaces/include/my_robot_interfaces/my_robot_interfaces
[0.632s] -- Up-to-date: /home/c1ph3r/ros2_ws/install/my_robot_interfaces/include/my_robot_interfaces/my_robot_interfaces/msg
[0.632s] -- Up-to-date: /home/c1ph3r/ros2_ws/install/my_robot_interfaces/include/my_robot_interfaces/my_robot_interfaces/msg/rosidl_typesupport_fastrtps_c__visibility_control.h
[0.632s] -- Up-to-date: /home/c1ph3r/ros2_ws/install/my_robot_interfaces/include/my_robot_interfaces/my_robot_interfaces/msg/detail
[0.632s] -- Up-to-date: /home/c1ph3r/ros2_ws/install/my_robot_interfaces/include/my_robot_interfaces/my_robot_interfaces/msg/detail/hardware_status__rosidl_typesupport_fastrtps_c.h
[0.633s] -- Up-to-date: /home/c1ph3r/ros2_ws/install/my_robot_interfaces/include/my_robot_interfaces/my_robot_interfaces/msg/detail/led_status_array__rosidl_typesupport_fastrtps_c.h
[0.633s] -- Up-to-date: /home/c1ph3r/ros2_ws/install/my_robot_interfaces/include/my_robot_interfaces/my_robot_interfaces/srv
[0.633s] -- Up-to-date: /home/c1ph3r/ros2_ws/install/my_robot_interfaces/include/my_robot_interfaces/my_robot_interfaces/srv/detail
[0.633s] -- Up-to-date: /home/c1ph3r/ros2_ws/install/my_robot_interfaces/include/my_robot_interfaces/my_robot_interfaces/srv/detail/compute_rectangle_area__rosidl_typesupport_fastrtps_c.h
[0.633s] -- Up-to-date: /home/c1ph3r/ros2_ws/install/my_robot_interfaces/lib/libmy_robot_interfaces__rosidl_typesupport_fastrtps_c.so
[0.633s] -- Up-to-date: /home/c1ph3r/ros2_ws/install/my_robot_interfaces/include/my_robot_interfaces/my_robot_interfaces
[0.633s] -- Up-to-date: /home/c1ph3r/ros2_ws/install/my_robot_interfaces/include/my_robot_interfaces/my_robot_interfaces/msg
[0.633s] -- Up-to-date: /home/c1ph3r/ros2_ws/install/my_robot_interfaces/include/my_robot_interfaces/my_robot_interfaces/msg/detail
[0.634s] -- Up-to-date: /home/c1ph3r/ros2_ws/install/my_robot_interfaces/include/my_robot_interfaces/my_robot_interfaces/msg/detail/led_status_array__rosidl_typesupport_introspection_c.h
[0.634s] -- Up-to-date: /home/c1ph3r/ros2_ws/install/my_robot_interfaces/include/my_robot_interfaces/my_robot_interfaces/msg/detail/led_status_array__type_support.c
[0.634s] -- Up-to-date: /home/c1ph3r/ros2_ws/install/my_robot_interfaces/include/my_robot_interfaces/my_robot_interfaces/msg/detail/hardware_status__rosidl_typesupport_introspection_c.h
[0.634s] -- Up-to-date: /home/c1ph3r/ros2_ws/install/my_robot_interfaces/include/my_robot_interfaces/my_robot_interfaces/msg/detail/hardware_status__type_support.c
[0.634s] -- Up-to-date: /home/c1ph3r/ros2_ws/install/my_robot_interfaces/include/my_robot_interfaces/my_robot_interfaces/msg/rosidl_typesupport_introspection_c__visibility_control.h
[0.634s] -- Up-to-date: /home/c1ph3r/ros2_ws/install/my_robot_interfaces/include/my_robot_interfaces/my_robot_interfaces/srv
[0.634s] -- Up-to-date: /home/c1ph3r/ros2_ws/install/my_robot_interfaces/include/my_robot_interfaces/my_robot_interfaces/srv/detail
[0.634s] -- Up-to-date: /home/c1ph3r/ros2_ws/install/my_robot_interfaces/include/my_robot_interfaces/my_robot_interfaces/srv/detail/compute_rectangle_area__type_support.c
[0.634s] -- Up-to-date: /home/c1ph3r/ros2_ws/install/my_robot_interfaces/include/my_robot_interfaces/my_robot_interfaces/srv/detail/compute_rectangle_area__rosidl_typesupport_introspection_c.h
[0.634s] -- Up-to-date: /home/c1ph3r/ros2_ws/install/my_robot_interfaces/lib/libmy_robot_interfaces__rosidl_typesupport_introspection_c.so
[0.635s] -- Up-to-date: /home/c1ph3r/ros2_ws/install/my_robot_interfaces/lib/libmy_robot_interfaces__rosidl_typesupport_c.so
[0.635s] -- Up-to-date: /home/c1ph3r/ros2_ws/install/my_robot_interfaces/include/my_robot_interfaces/my_robot_interfaces
[0.635s] -- Up-to-date: /home/c1ph3r/ros2_ws/install/my_robot_interfaces/include/my_robot_interfaces/my_robot_interfaces/msg
[0.635s] -- Up-to-date: /home/c1ph3r/ros2_ws/install/my_robot_interfaces/include/my_robot_interfaces/my_robot_interfaces/msg/detail
[0.636s] -- Up-to-date: /home/c1ph3r/ros2_ws/install/my_robot_interfaces/include/my_robot_interfaces/my_robot_interfaces/msg/detail/hardware_status__builder.hpp
[0.636s] -- Up-to-date: /home/c1ph3r/ros2_ws/install/my_robot_interfaces/include/my_robot_interfaces/my_robot_interfaces/msg/detail/hardware_status__struct.hpp
[0.636s] -- Up-to-date: /home/c1ph3r/ros2_ws/install/my_robot_interfaces/include/my_robot_interfaces/my_robot_interfaces/msg/detail/led_status_array__struct.hpp
[0.636s] -- Up-to-date: /home/c1ph3r/ros2_ws/install/my_robot_interfaces/include/my_robot_interfaces/my_robot_interfaces/msg/detail/hardware_status__traits.hpp
[0.636s] -- Up-to-date: /home/c1ph3r/ros2_ws/install/my_robot_interfaces/include/my_robot_interfaces/my_robot_interfaces/msg/detail/led_status_array__traits.hpp
[0.636s] -- Up-to-date: /home/c1ph3r/ros2_ws/install/my_robot_interfaces/include/my_robot_interfaces/my_robot_interfaces/msg/detail/led_status_array__builder.hpp
[0.636s] -- Up-to-date: /home/c1ph3r/ros2_ws/install/my_robot_interfaces/include/my_robot_interfaces/my_robot_interfaces/msg/hardware_status.hpp
[0.636s] -- Up-to-date: /home/c1ph3r/ros2_ws/install/my_robot_interfaces/include/my_robot_interfaces/my_robot_interfaces/msg/led_status_array.hpp
[0.636s] -- Up-to-date: /home/c1ph3r/ros2_ws/install/my_robot_interfaces/include/my_robot_interfaces/my_robot_interfaces/srv
[0.636s] -- Up-to-date: /home/c1ph3r/ros2_ws/install/my_robot_interfaces/include/my_robot_interfaces/my_robot_interfaces/srv/detail
[0.637s] -- Up-to-date: /home/c1ph3r/ros2_ws/install/my_robot_interfaces/include/my_robot_interfaces/my_robot_interfaces/srv/detail/compute_rectangle_area__builder.hpp
[0.637s] -- Up-to-date: /home/c1ph3r/ros2_ws/install/my_robot_interfaces/include/my_robot_interfaces/my_robot_interfaces/srv/detail/compute_rectangle_area__struct.hpp
[0.637s] -- Up-to-date: /home/c1ph3r/ros2_ws/install/my_robot_interfaces/include/my_robot_interfaces/my_robot_interfaces/srv/detail/compute_rectangle_area__traits.hpp
[0.637s] -- Up-to-date: /home/c1ph3r/ros2_ws/install/my_robot_interfaces/include/my_robot_interfaces/my_robot_interfaces/srv/compute_rectangle_area.hpp
[0.637s] -- Up-to-date: /home/c1ph3r/ros2_ws/install/my_robot_interfaces/include/my_robot_interfaces/my_robot_interfaces
[0.637s] -- Up-to-date: /home/c1ph3r/ros2_ws/install/my_robot_interfaces/include/my_robot_interfaces/my_robot_interfaces/msg
[0.637s] -- Up-to-date: /home/c1ph3r/ros2_ws/install/my_robot_interfaces/include/my_robot_interfaces/my_robot_interfaces/msg/rosidl_typesupport_fastrtps_cpp__visibility_control.h
[0.637s] -- Up-to-date: /home/c1ph3r/ros2_ws/install/my_robot_interfaces/include/my_robot_interfaces/my_robot_interfaces/msg/detail
[0.637s] -- Up-to-date: /home/c1ph3r/ros2_ws/install/my_robot_interfaces/include/my_robot_interfaces/my_robot_interfaces/msg/detail/dds_fastrtps
[0.637s] -- Up-to-date: /home/c1ph3r/ros2_ws/install/my_robot_interfaces/include/my_robot_interfaces/my_robot_interfaces/msg/detail/hardware_status__rosidl_typesupport_fastrtps_cpp.hpp
[0.637s] -- Up-to-date: /home/c1ph3r/ros2_ws/install/my_robot_interfaces/include/my_robot_interfaces/my_robot_interfaces/msg/detail/led_status_array__rosidl_typesupport_fastrtps_cpp.hpp
[0.637s] -- Up-to-date: /home/c1ph3r/ros2_ws/install/my_robot_interfaces/include/my_robot_interfaces/my_robot_interfaces/srv
[0.637s] -- Up-to-date: /home/c1ph3r/ros2_ws/install/my_robot_interfaces/include/my_robot_interfaces/my_robot_interfaces/srv/detail
[0.638s] -- Up-to-date: /home/c1ph3r/ros2_ws/install/my_robot_interfaces/include/my_robot_interfaces/my_robot_interfaces/srv/detail/dds_fastrtps
[0.638s] -- Up-to-date: /home/c1ph3r/ros2_ws/install/my_robot_interfaces/include/my_robot_interfaces/my_robot_interfaces/srv/detail/compute_rectangle_area__rosidl_typesupport_fastrtps_cpp.hpp
[0.638s] -- Up-to-date: /home/c1ph3r/ros2_ws/install/my_robot_interfaces/lib/libmy_robot_interfaces__rosidl_typesupport_fastrtps_cpp.so
[0.638s] -- Up-to-date: /home/c1ph3r/ros2_ws/install/my_robot_interfaces/include/my_robot_interfaces/my_robot_interfaces
[0.638s] -- Up-to-date: /home/c1ph3r/ros2_ws/install/my_robot_interfaces/include/my_robot_interfaces/my_robot_interfaces/msg
[0.638s] -- Up-to-date: /home/c1ph3r/ros2_ws/install/my_robot_interfaces/include/my_robot_interfaces/my_robot_interfaces/msg/detail
[0.638s] -- Up-to-date: /home/c1ph3r/ros2_ws/install/my_robot_interfaces/include/my_robot_interfaces/my_robot_interfaces/msg/detail/hardware_status__type_support.cpp
[0.638s] -- Up-to-date: /home/c1ph3r/ros2_ws/install/my_robot_interfaces/include/my_robot_interfaces/my_robot_interfaces/msg/detail/hardware_status__rosidl_typesupport_introspection_cpp.hpp
[0.638s] -- Up-to-date: /home/c1ph3r/ros2_ws/install/my_robot_interfaces/include/my_robot_interfaces/my_robot_interfaces/msg/detail/led_status_array__rosidl_typesupport_introspection_cpp.hpp
[0.638s] -- Up-to-date: /home/c1ph3r/ros2_ws/install/my_robot_interfaces/include/my_robot_interfaces/my_robot_interfaces/msg/detail/led_status_array__type_support.cpp
[0.638s] -- Up-to-date: /home/c1ph3r/ros2_ws/install/my_robot_interfaces/include/my_robot_interfaces/my_robot_interfaces/srv
[0.638s] -- Up-to-date: /home/c1ph3r/ros2_ws/install/my_robot_interfaces/include/my_robot_interfaces/my_robot_interfaces/srv/detail
[0.639s] -- Up-to-date: /home/c1ph3r/ros2_ws/install/my_robot_interfaces/include/my_robot_interfaces/my_robot_interfaces/srv/detail/compute_rectangle_area__type_support.cpp
[0.639s] -- Up-to-date: /home/c1ph3r/ros2_ws/install/my_robot_interfaces/include/my_robot_interfaces/my_robot_interfaces/srv/detail/compute_rectangle_area__rosidl_typesupport_introspection_cpp.hpp
[0.639s] -- Up-to-date: /home/c1ph3r/ros2_ws/install/my_robot_interfaces/lib/libmy_robot_interfaces__rosidl_typesupport_introspection_cpp.so
[0.639s] -- Up-to-date: /home/c1ph3r/ros2_ws/install/my_robot_interfaces/lib/libmy_robot_interfaces__rosidl_typesupport_cpp.so
[0.639s] -- Up-to-date: /home/c1ph3r/ros2_ws/install/my_robot_interfaces/share/my_robot_interfaces/environment/pythonpath.sh
[0.639s] -- Up-to-date: /home/c1ph3r/ros2_ws/install/my_robot_interfaces/share/my_robot_interfaces/environment/pythonpath.dsv
[0.639s] -- Up-to-date: /home/c1ph3r/ros2_ws/install/my_robot_interfaces/local/lib/python3.10/dist-packages/my_robot_interfaces-0.0.0-py3.10.egg-info
[0.640s] -- Installing: /home/c1ph3r/ros2_ws/install/my_robot_interfaces/local/lib/python3.10/dist-packages/my_robot_interfaces-0.0.0-py3.10.egg-info/PKG-INFO
[0.640s] -- Installing: /home/c1ph3r/ros2_ws/install/my_robot_interfaces/local/lib/python3.10/dist-packages/my_robot_interfaces-0.0.0-py3.10.egg-info/SOURCES.txt
[0.640s] -- Installing: /home/c1ph3r/ros2_ws/install/my_robot_interfaces/local/lib/python3.10/dist-packages/my_robot_interfaces-0.0.0-py3.10.egg-info/top_level.txt
[0.641s] -- Installing: /home/c1ph3r/ros2_ws/install/my_robot_interfaces/local/lib/python3.10/dist-packages/my_robot_interfaces-0.0.0-py3.10.egg-info/dependency_links.txt
[0.641s] -- Up-to-date: /home/c1ph3r/ros2_ws/install/my_robot_interfaces/local/lib/python3.10/dist-packages/my_robot_interfaces
[0.641s] -- Up-to-date: /home/c1ph3r/ros2_ws/install/my_robot_interfaces/local/lib/python3.10/dist-packages/my_robot_interfaces/msg
[0.641s] -- Up-to-date: /home/c1ph3r/ros2_ws/install/my_robot_interfaces/local/lib/python3.10/dist-packages/my_robot_interfaces/msg/_hardware_status_s.c
[0.642s] -- Up-to-date: /home/c1ph3r/ros2_ws/install/my_robot_interfaces/local/lib/python3.10/dist-packages/my_robot_interfaces/msg/_led_status_array.py
[0.642s] -- Up-to-date: /home/c1ph3r/ros2_ws/install/my_robot_interfaces/local/lib/python3.10/dist-packages/my_robot_interfaces/msg/__init__.py
[0.642s] -- Up-to-date: /home/c1ph3r/ros2_ws/install/my_robot_interfaces/local/lib/python3.10/dist-packages/my_robot_interfaces/msg/_hardware_status.py
[0.642s] -- Up-to-date: /home/c1ph3r/ros2_ws/install/my_robot_interfaces/local/lib/python3.10/dist-packages/my_robot_interfaces/msg/_led_status_array_s.c
[0.642s] -- Up-to-date: /home/c1ph3r/ros2_ws/install/my_robot_interfaces/local/lib/python3.10/dist-packages/my_robot_interfaces/my_robot_interfaces_s__rosidl_typesupport_c.cpython-310-x86_64-linux-gnu.so
[0.642s] -- Up-to-date: /home/c1ph3r/ros2_ws/install/my_robot_interfaces/local/lib/python3.10/dist-packages/my_robot_interfaces/libmy_robot_interfaces__rosidl_generator_py.so
[0.643s] -- Up-to-date: /home/c1ph3r/ros2_ws/install/my_robot_interfaces/local/lib/python3.10/dist-packages/my_robot_interfaces/my_robot_interfaces_s__rosidl_typesupport_fastrtps_c.cpython-310-x86_64-linux-gnu.so
[0.643s] -- Up-to-date: /home/c1ph3r/ros2_ws/install/my_robot_interfaces/local/lib/python3.10/dist-packages/my_robot_interfaces/_my_robot_interfaces_s.ep.rosidl_typesupport_introspection_c.c
[0.643s] -- Up-to-date: /home/c1ph3r/ros2_ws/install/my_robot_interfaces/local/lib/python3.10/dist-packages/my_robot_interfaces/__init__.py
[0.643s] -- Up-to-date: /home/c1ph3r/ros2_ws/install/my_robot_interfaces/local/lib/python3.10/dist-packages/my_robot_interfaces/_my_robot_interfaces_s.ep.rosidl_typesupport_c.c
[0.643s] -- Up-to-date: /home/c1ph3r/ros2_ws/install/my_robot_interfaces/local/lib/python3.10/dist-packages/my_robot_interfaces/srv
[0.643s] -- Up-to-date: /home/c1ph3r/ros2_ws/install/my_robot_interfaces/local/lib/python3.10/dist-packages/my_robot_interfaces/srv/_compute_rectangle_area_s.c
[0.643s] -- Up-to-date: /home/c1ph3r/ros2_ws/install/my_robot_interfaces/local/lib/python3.10/dist-packages/my_robot_interfaces/srv/__init__.py
[0.644s] -- Up-to-date: /home/c1ph3r/ros2_ws/install/my_robot_interfaces/local/lib/python3.10/dist-packages/my_robot_interfaces/srv/_compute_rectangle_area.py
[0.644s] -- Up-to-date: /home/c1ph3r/ros2_ws/install/my_robot_interfaces/local/lib/python3.10/dist-packages/my_robot_interfaces/my_robot_interfaces_s__rosidl_typesupport_introspection_c.cpython-310-x86_64-linux-gnu.so
[0.644s] -- Up-to-date: /home/c1ph3r/ros2_ws/install/my_robot_interfaces/local/lib/python3.10/dist-packages/my_robot_interfaces/_my_robot_interfaces_s.ep.rosidl_typesupport_fastrtps_c.c
[0.673s] Listing '/home/c1ph3r/ros2_ws/install/my_robot_interfaces/local/lib/python3.10/dist-packages/my_robot_interfaces'...
[0.673s] Listing '/home/c1ph3r/ros2_ws/install/my_robot_interfaces/local/lib/python3.10/dist-packages/my_robot_interfaces/msg'...
[0.673s] Listing '/home/c1ph3r/ros2_ws/install/my_robot_interfaces/local/lib/python3.10/dist-packages/my_robot_interfaces/srv'...
[0.677s] -- Up-to-date: /home/c1ph3r/ros2_ws/install/my_robot_interfaces/local/lib/python3.10/dist-packages/my_robot_interfaces/my_robot_interfaces_s__rosidl_typesupport_fastrtps_c.cpython-310-x86_64-linux-gnu.so
[0.678s] -- Up-to-date: /home/c1ph3r/ros2_ws/install/my_robot_interfaces/local/lib/python3.10/dist-packages/my_robot_interfaces/my_robot_interfaces_s__rosidl_typesupport_introspection_c.cpython-310-x86_64-linux-gnu.so
[0.679s] -- Up-to-date: /home/c1ph3r/ros2_ws/install/my_robot_interfaces/local/lib/python3.10/dist-packages/my_robot_interfaces/my_robot_interfaces_s__rosidl_typesupport_c.cpython-310-x86_64-linux-gnu.so
[0.679s] -- Up-to-date: /home/c1ph3r/ros2_ws/install/my_robot_interfaces/lib/libmy_robot_interfaces__rosidl_generator_py.so
[0.680s] -- Up-to-date: /home/c1ph3r/ros2_ws/install/my_robot_interfaces/share/my_robot_interfaces/msg/HardwareStatus.idl
[0.680s] -- Up-to-date: /home/c1ph3r/ros2_ws/install/my_robot_interfaces/share/my_robot_interfaces/msg/LEDStatusArray.idl
[0.681s] -- Up-to-date: /home/c1ph3r/ros2_ws/install/my_robot_interfaces/share/my_robot_interfaces/srv/ComputeRectangleArea.idl
[0.681s] -- Up-to-date: /home/c1ph3r/ros2_ws/install/my_robot_interfaces/share/my_robot_interfaces/msg/HardwareStatus.msg
[0.681s] -- Up-to-date: /home/c1ph3r/ros2_ws/install/my_robot_interfaces/share/my_robot_interfaces/msg/LEDStatusArray.msg
[0.681s] -- Up-to-date: /home/c1ph3r/ros2_ws/install/my_robot_interfaces/share/my_robot_interfaces/srv/ComputeRectangleArea.srv
[0.682s] -- Up-to-date: /home/c1ph3r/ros2_ws/install/my_robot_interfaces/share/my_robot_interfaces/srv/ComputeRectangleArea_Request.msg
[0.682s] -- Up-to-date: /home/c1ph3r/ros2_ws/install/my_robot_interfaces/share/my_robot_interfaces/srv/ComputeRectangleArea_Response.msg
[0.682s] -- Up-to-date: /home/c1ph3r/ros2_ws/install/my_robot_interfaces/share/ament_index/resource_index/package_run_dependencies/my_robot_interfaces
[0.682s] -- Up-to-date: /home/c1ph3r/ros2_ws/install/my_robot_interfaces/share/ament_index/resource_index/parent_prefix_path/my_robot_interfaces
[0.683s] -- Up-to-date: /home/c1ph3r/ros2_ws/install/my_robot_interfaces/share/my_robot_interfaces/environment/ament_prefix_path.sh
[0.683s] -- Up-to-date: /home/c1ph3r/ros2_ws/install/my_robot_interfaces/share/my_robot_interfaces/environment/ament_prefix_path.dsv
[0.683s] -- Up-to-date: /home/c1ph3r/ros2_ws/install/my_robot_interfaces/share/my_robot_interfaces/environment/path.sh
[0.683s] -- Up-to-date: /home/c1ph3r/ros2_ws/install/my_robot_interfaces/share/my_robot_interfaces/environment/path.dsv
[0.684s] -- Up-to-date: /home/c1ph3r/ros2_ws/install/my_robot_interfaces/share/my_robot_interfaces/local_setup.bash
[0.684s] -- Up-to-date: /home/c1ph3r/ros2_ws/install/my_robot_interfaces/share/my_robot_interfaces/local_setup.sh
[0.684s] -- Up-to-date: /home/c1ph3r/ros2_ws/install/my_robot_interfaces/share/my_robot_interfaces/local_setup.zsh
[0.685s] -- Up-to-date: /home/c1ph3r/ros2_ws/install/my_robot_interfaces/share/my_robot_interfaces/local_setup.dsv
[0.685s] -- Installing: /home/c1ph3r/ros2_ws/install/my_robot_interfaces/share/my_robot_interfaces/package.dsv
[0.685s] -- Up-to-date: /home/c1ph3r/ros2_ws/install/my_robot_interfaces/share/ament_index/resource_index/packages/my_robot_interfaces
[0.685s] -- Up-to-date: /home/c1ph3r/ros2_ws/install/my_robot_interfaces/share/my_robot_interfaces/cmake/export_my_robot_interfaces__rosidl_generator_cExport.cmake
[0.686s] -- Up-to-date: /home/c1ph3r/ros2_ws/install/my_robot_interfaces/share/my_robot_interfaces/cmake/export_my_robot_interfaces__rosidl_generator_cExport-noconfig.cmake
[0.686s] -- Up-to-date: /home/c1ph3r/ros2_ws/install/my_robot_interfaces/share/my_robot_interfaces/cmake/export_my_robot_interfaces__rosidl_typesupport_fastrtps_cExport.cmake
[0.686s] -- Up-to-date: /home/c1ph3r/ros2_ws/install/my_robot_interfaces/share/my_robot_interfaces/cmake/export_my_robot_interfaces__rosidl_typesupport_fastrtps_cExport-noconfig.cmake
[0.686s] -- Up-to-date: /home/c1ph3r/ros2_ws/install/my_robot_interfaces/share/my_robot_interfaces/cmake/my_robot_interfaces__rosidl_typesupport_introspection_cExport.cmake
[0.687s] -- Up-to-date: /home/c1ph3r/ros2_ws/install/my_robot_interfaces/share/my_robot_interfaces/cmake/my_robot_interfaces__rosidl_typesupport_introspection_cExport-noconfig.cmake
[0.687s] -- Up-to-date: /home/c1ph3r/ros2_ws/install/my_robot_interfaces/share/my_robot_interfaces/cmake/my_robot_interfaces__rosidl_typesupport_cExport.cmake
[0.687s] -- Up-to-date: /home/c1ph3r/ros2_ws/install/my_robot_interfaces/share/my_robot_interfaces/cmake/my_robot_interfaces__rosidl_typesupport_cExport-noconfig.cmake
[0.687s] -- Up-to-date: /home/c1ph3r/ros2_ws/install/my_robot_interfaces/share/my_robot_interfaces/cmake/export_my_robot_interfaces__rosidl_generator_cppExport.cmake
[0.688s] -- Up-to-date: /home/c1ph3r/ros2_ws/install/my_robot_interfaces/share/my_robot_interfaces/cmake/export_my_robot_interfaces__rosidl_typesupport_fastrtps_cppExport.cmake
[0.688s] -- Up-to-date: /home/c1ph3r/ros2_ws/install/my_robot_interfaces/share/my_robot_interfaces/cmake/export_my_robot_interfaces__rosidl_typesupport_fastrtps_cppExport-noconfig.cmake
[0.688s] -- Up-to-date: /home/c1ph3r/ros2_ws/install/my_robot_interfaces/share/my_robot_interfaces/cmake/my_robot_interfaces__rosidl_typesupport_introspection_cppExport.cmake
[0.688s] -- Up-to-date: /home/c1ph3r/ros2_ws/install/my_robot_interfaces/share/my_robot_interfaces/cmake/my_robot_interfaces__rosidl_typesupport_introspection_cppExport-noconfig.cmake
[0.689s] -- Up-to-date: /home/c1ph3r/ros2_ws/install/my_robot_interfaces/share/my_robot_interfaces/cmake/my_robot_interfaces__rosidl_typesupport_cppExport.cmake
[0.689s] -- Up-to-date: /home/c1ph3r/ros2_ws/install/my_robot_interfaces/share/my_robot_interfaces/cmake/my_robot_interfaces__rosidl_typesupport_cppExport-noconfig.cmake
[0.689s] -- Up-to-date: /home/c1ph3r/ros2_ws/install/my_robot_interfaces/share/my_robot_interfaces/cmake/export_my_robot_interfaces__rosidl_generator_pyExport.cmake
[0.689s] -- Up-to-date: /home/c1ph3r/ros2_ws/install/my_robot_interfaces/share/my_robot_interfaces/cmake/export_my_robot_interfaces__rosidl_generator_pyExport-noconfig.cmake
[0.689s] -- Up-to-date: /home/c1ph3r/ros2_ws/install/my_robot_interfaces/share/my_robot_interfaces/cmake/rosidl_cmake-extras.cmake
[0.690s] -- Up-to-date: /home/c1ph3r/ros2_ws/install/my_robot_interfaces/share/my_robot_interfaces/cmake/ament_cmake_export_include_directories-extras.cmake
[0.690s] -- Up-to-date: /home/c1ph3r/ros2_ws/install/my_robot_interfaces/share/my_robot_interfaces/cmake/ament_cmake_export_libraries-extras.cmake
[0.690s] -- Up-to-date: /home/c1ph3r/ros2_ws/install/my_robot_interfaces/share/my_robot_interfaces/cmake/ament_cmake_export_targets-extras.cmake
[0.690s] -- Up-to-date: /home/c1ph3r/ros2_ws/install/my_robot_interfaces/share/my_robot_interfaces/cmake/rosidl_cmake_export_typesupport_targets-extras.cmake
[0.691s] -- Up-to-date: /home/c1ph3r/ros2_ws/install/my_robot_interfaces/share/my_robot_interfaces/cmake/ament_cmake_export_dependencies-extras.cmake
[0.692s] -- Up-to-date: /home/c1ph3r/ros2_ws/install/my_robot_interfaces/share/my_robot_interfaces/cmake/rosidl_cmake_export_typesupport_libraries-extras.cmake
[0.694s] -- Up-to-date: /home/c1ph3r/ros2_ws/install/my_robot_interfaces/share/my_robot_interfaces/cmake/my_robot_interfacesConfig.cmake
[0.694s] -- Up-to-date: /home/c1ph3r/ros2_ws/install/my_robot_interfaces/share/my_robot_interfaces/cmake/my_robot_interfacesConfig-version.cmake
[0.694s] -- Up-to-date: /home/c1ph3r/ros2_ws/install/my_robot_interfaces/share/my_robot_interfaces/package.xml
[0.694s] Invoked command in '/home/c1ph3r/ros2_ws/build/my_robot_interfaces' returned '0': CMAKE_PREFIX_PATH=${CMAKE_PREFIX_PATH}:/home/c1ph3r/ros2_ws/install/my_python_package:/opt/ros/humble /usr/bin/cmake --install /home/c1ph3r/ros2_ws/build/my_robot_interfaces
