-- The C compiler identification is GNU 11.3.0
-- The CXX compiler identification is GNU 11.3.0
-- Detecting C compiler ABI info
-- Detecting C compiler ABI info - done
-- Check for working C compiler: /usr/bin/cc - skipped
-- Detecting C compile features
-- Detecting C compile features - done
-- Detecting CXX compiler ABI info
-- Detecting CXX compiler ABI info - done
-- Check for working CXX compiler: /usr/bin/c++ - skipped
-- Detecting CXX compile features
-- Detecting CXX compile features - done
-- Found ament_cmake: 1.3.4 (/opt/ros/humble/share/ament_cmake/cmake)
-- Found Python3: /usr/bin/python3.10 (found version "3.10.6") found components: Interpreter 
-- Found rclcpp: 16.0.4 (/opt/ros/humble/share/rclcpp/cmake)
-- Found rosidl_generator_c: 3.1.4 (/opt/ros/humble/share/rosidl_generator_c/cmake)
-- Found rosidl_adapter: 3.1.4 (/opt/ros/humble/share/rosidl_adapter/cmake)
-- Found rosidl_generator_cpp: 3.1.4 (/opt/ros/humble/share/rosidl_generator_cpp/cmake)
-- Using all available rosidl_typesupport_c: rosidl_typesupport_fastrtps_c;rosidl_typesupport_introspection_c
-- Using all available rosidl_typesupport_cpp: rosidl_typesupport_fastrtps_cpp;rosidl_typesupport_introspection_cpp
-- Found rmw_implementation_cmake: 6.1.1 (/opt/ros/humble/share/rmw_implementation_cmake/cmake)
-- Found rmw_fastrtps_cpp: 6.2.2 (/opt/ros/humble/share/rmw_fastrtps_cpp/cmake)
-- Found OpenSSL: /usr/lib/x86_64-linux-gnu/libcrypto.so (found version "3.0.2")  
-- Found FastRTPS: /opt/ros/humble/include  
-- Using RMW implementation 'rmw_fastrtps_cpp' as default
-- Looking for pthread.h
-- Looking for pthread.h - found
-- Performing Test CMAKE_HAVE_LIBC_PTHREAD
-- Performing Test CMAKE_HAVE_LIBC_PTHREAD - Success
-- Found Threads: TRUE  
-- Found rclcpp_components: 16.0.4 (/opt/ros/humble/share/rclcpp_components/cmake)
-- Found example_interfaces: 0.9.3 (/opt/ros/humble/share/example_interfaces/cmake)
-- Found my_robot_interfaces: 0.0.0 (/home/c1ph3r/ros2_ws/src/install/my_robot_interfaces/share/my_robot_interfaces/cmake)
-- Configuring done
-- Generating done
-- Build files have been written to: /home/c1ph3r/ros2_ws/src/build/my_cpp_package
[  7%] [32mBuilding CXX object CMakeFiles/robot_news_station.dir/src/robot_news_station.cpp.o[0m
[ 14%] [32mBuilding CXX object CMakeFiles/cpp_node.dir/src/my_first_node.cpp.o[0m
[ 21%] [32mBuilding CXX object CMakeFiles/hardware_status_publisher.dir/src/HardwareStatus.cpp.o[0m
[ 28%] [32mBuilding CXX object CMakeFiles/add_two_ints_server.dir/src/add_two_ints_server.cpp.o[0m
[ 42%] [32mBuilding CXX object CMakeFiles/add_two_ints_client.dir/src/add_two_ints_client.cpp.o[0m
[ 42%] [32mBuilding CXX object CMakeFiles/smartphone.dir/src/smartphone.cpp.o[0m
[ 50%] [32mBuilding CXX object CMakeFiles/add_two_ints_client_oops.dir/src/add_two_ints_client_oops.cpp.o[0m
[ 57%] [32m[1mLinking CXX executable cpp_node[0m
[ 57%] Built target cpp_node
[ 64%] [32m[1mLinking CXX executable add_two_ints_server[0m
[ 71%] [32m[1mLinking CXX executable add_two_ints_client[0m
[ 71%] Built target add_two_ints_server
[ 78%] [32m[1mLinking CXX executable add_two_ints_client_oops[0m
[ 78%] Built target add_two_ints_client
[ 78%] Built target add_two_ints_client_oops
[ 85%] [32m[1mLinking CXX executable robot_news_station[0m
[ 92%] [32m[1mLinking CXX executable hardware_status_publisher[0m
[ 92%] Built target robot_news_station
[ 92%] Built target hardware_status_publisher
[100%] [32m[1mLinking CXX executable smartphone[0m
[100%] Built target smartphone
-- Install configuration: ""
-- Installing: /home/c1ph3r/ros2_ws/src/install/my_cpp_package/lib/my_cpp_package/cpp_node
-- Set runtime path of "/home/c1ph3r/ros2_ws/src/install/my_cpp_package/lib/my_cpp_package/cpp_node" to ""
-- Installing: /home/c1ph3r/ros2_ws/src/install/my_cpp_package/lib/my_cpp_package/robot_news_station
-- Set runtime path of "/home/c1ph3r/ros2_ws/src/install/my_cpp_package/lib/my_cpp_package/robot_news_station" to ""
-- Installing: /home/c1ph3r/ros2_ws/src/install/my_cpp_package/lib/my_cpp_package/smartphone
-- Set runtime path of "/home/c1ph3r/ros2_ws/src/install/my_cpp_package/lib/my_cpp_package/smartphone" to ""
-- Installing: /home/c1ph3r/ros2_ws/src/install/my_cpp_package/lib/my_cpp_package/add_two_ints_server
-- Set runtime path of "/home/c1ph3r/ros2_ws/src/install/my_cpp_package/lib/my_cpp_package/add_two_ints_server" to ""
-- Installing: /home/c1ph3r/ros2_ws/src/install/my_cpp_package/lib/my_cpp_package/add_two_ints_client
-- Set runtime path of "/home/c1ph3r/ros2_ws/src/install/my_cpp_package/lib/my_cpp_package/add_two_ints_client" to ""
-- Installing: /home/c1ph3r/ros2_ws/src/install/my_cpp_package/lib/my_cpp_package/add_two_ints_client_oops
-- Set runtime path of "/home/c1ph3r/ros2_ws/src/install/my_cpp_package/lib/my_cpp_package/add_two_ints_client_oops" to ""
-- Installing: /home/c1ph3r/ros2_ws/src/install/my_cpp_package/lib/my_cpp_package/hardware_status_publisher
-- Set runtime path of "/home/c1ph3r/ros2_ws/src/install/my_cpp_package/lib/my_cpp_package/hardware_status_publisher" to ""
-- Installing: /home/c1ph3r/ros2_ws/src/install/my_cpp_package/share/ament_index/resource_index/package_run_dependencies/my_cpp_package
-- Installing: /home/c1ph3r/ros2_ws/src/install/my_cpp_package/share/ament_index/resource_index/parent_prefix_path/my_cpp_package
-- Installing: /home/c1ph3r/ros2_ws/src/install/my_cpp_package/share/my_cpp_package/environment/ament_prefix_path.sh
-- Installing: /home/c1ph3r/ros2_ws/src/install/my_cpp_package/share/my_cpp_package/environment/ament_prefix_path.dsv
-- Installing: /home/c1ph3r/ros2_ws/src/install/my_cpp_package/share/my_cpp_package/environment/path.sh
-- Installing: /home/c1ph3r/ros2_ws/src/install/my_cpp_package/share/my_cpp_package/environment/path.dsv
-- Installing: /home/c1ph3r/ros2_ws/src/install/my_cpp_package/share/my_cpp_package/local_setup.bash
-- Installing: /home/c1ph3r/ros2_ws/src/install/my_cpp_package/share/my_cpp_package/local_setup.sh
-- Installing: /home/c1ph3r/ros2_ws/src/install/my_cpp_package/share/my_cpp_package/local_setup.zsh
-- Installing: /home/c1ph3r/ros2_ws/src/install/my_cpp_package/share/my_cpp_package/local_setup.dsv
-- Installing: /home/c1ph3r/ros2_ws/src/install/my_cpp_package/share/my_cpp_package/package.dsv
-- Installing: /home/c1ph3r/ros2_ws/src/install/my_cpp_package/share/ament_index/resource_index/packages/my_cpp_package
-- Installing: /home/c1ph3r/ros2_ws/src/install/my_cpp_package/share/my_cpp_package/cmake/my_cpp_packageConfig.cmake
-- Installing: /home/c1ph3r/ros2_ws/src/install/my_cpp_package/share/my_cpp_package/cmake/my_cpp_packageConfig-version.cmake
-- Installing: /home/c1ph3r/ros2_ws/src/install/my_cpp_package/share/my_cpp_package/package.xml
