[0.019s] Invoking command in '/home/c1ph3r/ros2_ws/src/build/my_cpp_package': AMENT_PREFIX_PATH=/home/c1ph3r/ros2_ws/src/install/my_robot_interfaces:${AMENT_PREFIX_PATH} CMAKE_PREFIX_PATH=/home/c1ph3r/ros2_ws/src/install/my_robot_interfaces:/home/c1ph3r/ros2_ws/install/my_cpp_package:/home/c1ph3r/ros2_ws/install/my_robot_interfaces:/home/c1ph3r/ros2_ws/install/my_python_package:/opt/ros/humble LD_LIBRARY_PATH=/home/c1ph3r/ros2_ws/src/install/my_robot_interfaces/lib:${LD_LIBRARY_PATH} PYTHONPATH=/home/c1ph3r/ros2_ws/src/install/my_robot_interfaces/local/lib/python3.10/dist-packages:${PYTHONPATH} /usr/bin/cmake /home/c1ph3r/ros2_ws/src/my_cpp_package -DCMAKE_INSTALL_PREFIX=/home/c1ph3r/ros2_ws/src/install/my_cpp_package
[0.077s] -- The C compiler identification is GNU 11.3.0
[0.140s] -- The CXX compiler identification is GNU 11.3.0
[0.148s] -- Detecting C compiler ABI info
[0.226s] -- Detecting C compiler ABI info - done
[0.236s] -- Check for working C compiler: /usr/bin/cc - skipped
[0.236s] -- Detecting C compile features
[0.236s] -- Detecting C compile features - done
[0.240s] -- Detecting CXX compiler ABI info
[0.339s] -- Detecting CXX compiler ABI info - done
[0.349s] -- Check for working CXX compiler: /usr/bin/c++ - skipped
[0.350s] -- Detecting CXX compile features
[0.351s] -- Detecting CXX compile features - done
[0.355s] -- Found ament_cmake: 1.3.4 (/opt/ros/humble/share/ament_cmake/cmake)
[0.596s] -- Found Python3: /usr/bin/python3.10 (found version "3.10.6") found components: Interpreter 
[0.736s] -- Found rclcpp: 16.0.4 (/opt/ros/humble/share/rclcpp/cmake)
[0.795s] -- Found rosidl_generator_c: 3.1.4 (/opt/ros/humble/share/rosidl_generator_c/cmake)
[0.801s] -- Found rosidl_adapter: 3.1.4 (/opt/ros/humble/share/rosidl_adapter/cmake)
[0.813s] -- Found rosidl_generator_cpp: 3.1.4 (/opt/ros/humble/share/rosidl_generator_cpp/cmake)
[0.830s] -- Using all available rosidl_typesupport_c: rosidl_typesupport_fastrtps_c;rosidl_typesupport_introspection_c
[0.853s] -- Using all available rosidl_typesupport_cpp: rosidl_typesupport_fastrtps_cpp;rosidl_typesupport_introspection_cpp
[0.944s] -- Found rmw_implementation_cmake: 6.1.1 (/opt/ros/humble/share/rmw_implementation_cmake/cmake)
[0.948s] -- Found rmw_fastrtps_cpp: 6.2.2 (/opt/ros/humble/share/rmw_fastrtps_cpp/cmake)
[1.072s] -- Found OpenSSL: /usr/lib/x86_64-linux-gnu/libcrypto.so (found version "3.0.2")  
[1.105s] -- Found FastRTPS: /opt/ros/humble/include  
[1.162s] -- Using RMW implementation 'rmw_fastrtps_cpp' as default
[1.178s] -- Looking for pthread.h
[1.257s] -- Looking for pthread.h - found
[1.258s] -- Performing Test CMAKE_HAVE_LIBC_PTHREAD
[1.334s] -- Performing Test CMAKE_HAVE_LIBC_PTHREAD - Success
[1.335s] -- Found Threads: TRUE  
[1.542s] -- Found rclcpp_components: 16.0.4 (/opt/ros/humble/share/rclcpp_components/cmake)
[1.624s] -- Found example_interfaces: 0.9.3 (/opt/ros/humble/share/example_interfaces/cmake)
[1.793s] -- Found my_robot_interfaces: 0.0.0 (/home/c1ph3r/ros2_ws/src/install/my_robot_interfaces/share/my_robot_interfaces/cmake)
[1.916s] -- Configuring done
[1.947s] -- Generating done
[1.950s] -- Build files have been written to: /home/c1ph3r/ros2_ws/src/build/my_cpp_package
[1.963s] Invoked command in '/home/c1ph3r/ros2_ws/src/build/my_cpp_package' returned '0': AMENT_PREFIX_PATH=/home/c1ph3r/ros2_ws/src/install/my_robot_interfaces:${AMENT_PREFIX_PATH} CMAKE_PREFIX_PATH=/home/c1ph3r/ros2_ws/src/install/my_robot_interfaces:/home/c1ph3r/ros2_ws/install/my_cpp_package:/home/c1ph3r/ros2_ws/install/my_robot_interfaces:/home/c1ph3r/ros2_ws/install/my_python_package:/opt/ros/humble LD_LIBRARY_PATH=/home/c1ph3r/ros2_ws/src/install/my_robot_interfaces/lib:${LD_LIBRARY_PATH} PYTHONPATH=/home/c1ph3r/ros2_ws/src/install/my_robot_interfaces/local/lib/python3.10/dist-packages:${PYTHONPATH} /usr/bin/cmake /home/c1ph3r/ros2_ws/src/my_cpp_package -DCMAKE_INSTALL_PREFIX=/home/c1ph3r/ros2_ws/src/install/my_cpp_package
[1.965s] Invoking command in '/home/c1ph3r/ros2_ws/src/build/my_cpp_package': AMENT_PREFIX_PATH=/home/c1ph3r/ros2_ws/src/install/my_robot_interfaces:${AMENT_PREFIX_PATH} CMAKE_PREFIX_PATH=/home/c1ph3r/ros2_ws/src/install/my_robot_interfaces:/home/c1ph3r/ros2_ws/install/my_cpp_package:/home/c1ph3r/ros2_ws/install/my_robot_interfaces:/home/c1ph3r/ros2_ws/install/my_python_package:/opt/ros/humble LD_LIBRARY_PATH=/home/c1ph3r/ros2_ws/src/install/my_robot_interfaces/lib:${LD_LIBRARY_PATH} PYTHONPATH=/home/c1ph3r/ros2_ws/src/install/my_robot_interfaces/local/lib/python3.10/dist-packages:${PYTHONPATH} /usr/bin/cmake --build /home/c1ph3r/ros2_ws/src/build/my_cpp_package -- -j8 -l8
[2.030s] [  7%] [32mBuilding CXX object CMakeFiles/robot_news_station.dir/src/robot_news_station.cpp.o[0m
[2.030s] [ 14%] [32mBuilding CXX object CMakeFiles/cpp_node.dir/src/my_first_node.cpp.o[0m
[2.031s] [ 21%] [32mBuilding CXX object CMakeFiles/hardware_status_publisher.dir/src/HardwareStatus.cpp.o[0m
[2.032s] [ 28%] [32mBuilding CXX object CMakeFiles/add_two_ints_server.dir/src/add_two_ints_server.cpp.o[0m
[2.034s] [ 42%] [32mBuilding CXX object CMakeFiles/add_two_ints_client.dir/src/add_two_ints_client.cpp.o[0m
[2.034s] [ 42%] [32mBuilding CXX object CMakeFiles/smartphone.dir/src/smartphone.cpp.o[0m
[2.034s] [ 50%] [32mBuilding CXX object CMakeFiles/add_two_ints_client_oops.dir/src/add_two_ints_client_oops.cpp.o[0m
[7.105s] [ 57%] [32m[1mLinking CXX executable cpp_node[0m
[7.444s] [ 57%] Built target cpp_node
[8.223s] [ 64%] [32m[1mLinking CXX executable add_two_ints_server[0m
[8.525s] [ 71%] [32m[1mLinking CXX executable add_two_ints_client[0m
[8.633s] [ 71%] Built target add_two_ints_server
[8.827s] [ 78%] [32m[1mLinking CXX executable add_two_ints_client_oops[0m
[8.876s] [ 78%] Built target add_two_ints_client
[9.063s] [ 78%] Built target add_two_ints_client_oops
[9.783s] [ 85%] [32m[1mLinking CXX executable robot_news_station[0m
[9.899s] [ 92%] [32m[1mLinking CXX executable hardware_status_publisher[0m
[10.072s] [ 92%] Built target robot_news_station
[10.185s] [ 92%] Built target hardware_status_publisher
[13.928s] [100%] [32m[1mLinking CXX executable smartphone[0m
[14.549s] [100%] Built target smartphone
[14.561s] Invoked command in '/home/c1ph3r/ros2_ws/src/build/my_cpp_package' returned '0': AMENT_PREFIX_PATH=/home/c1ph3r/ros2_ws/src/install/my_robot_interfaces:${AMENT_PREFIX_PATH} CMAKE_PREFIX_PATH=/home/c1ph3r/ros2_ws/src/install/my_robot_interfaces:/home/c1ph3r/ros2_ws/install/my_cpp_package:/home/c1ph3r/ros2_ws/install/my_robot_interfaces:/home/c1ph3r/ros2_ws/install/my_python_package:/opt/ros/humble LD_LIBRARY_PATH=/home/c1ph3r/ros2_ws/src/install/my_robot_interfaces/lib:${LD_LIBRARY_PATH} PYTHONPATH=/home/c1ph3r/ros2_ws/src/install/my_robot_interfaces/local/lib/python3.10/dist-packages:${PYTHONPATH} /usr/bin/cmake --build /home/c1ph3r/ros2_ws/src/build/my_cpp_package -- -j8 -l8
[14.606s] Invoking command in '/home/c1ph3r/ros2_ws/src/build/my_cpp_package': AMENT_PREFIX_PATH=/home/c1ph3r/ros2_ws/src/install/my_robot_interfaces:${AMENT_PREFIX_PATH} CMAKE_PREFIX_PATH=/home/c1ph3r/ros2_ws/src/install/my_robot_interfaces:/home/c1ph3r/ros2_ws/install/my_cpp_package:/home/c1ph3r/ros2_ws/install/my_robot_interfaces:/home/c1ph3r/ros2_ws/install/my_python_package:/opt/ros/humble LD_LIBRARY_PATH=/home/c1ph3r/ros2_ws/src/install/my_robot_interfaces/lib:${LD_LIBRARY_PATH} PYTHONPATH=/home/c1ph3r/ros2_ws/src/install/my_robot_interfaces/local/lib/python3.10/dist-packages:${PYTHONPATH} /usr/bin/cmake --install /home/c1ph3r/ros2_ws/src/build/my_cpp_package
[14.617s] -- Install configuration: ""
[14.617s] -- Installing: /home/c1ph3r/ros2_ws/src/install/my_cpp_package/lib/my_cpp_package/cpp_node
[14.618s] -- Set runtime path of "/home/c1ph3r/ros2_ws/src/install/my_cpp_package/lib/my_cpp_package/cpp_node" to ""
[14.618s] -- Installing: /home/c1ph3r/ros2_ws/src/install/my_cpp_package/lib/my_cpp_package/robot_news_station
[14.620s] -- Set runtime path of "/home/c1ph3r/ros2_ws/src/install/my_cpp_package/lib/my_cpp_package/robot_news_station" to ""
[14.620s] -- Installing: /home/c1ph3r/ros2_ws/src/install/my_cpp_package/lib/my_cpp_package/smartphone
[14.625s] -- Set runtime path of "/home/c1ph3r/ros2_ws/src/install/my_cpp_package/lib/my_cpp_package/smartphone" to ""
[14.625s] -- Installing: /home/c1ph3r/ros2_ws/src/install/my_cpp_package/lib/my_cpp_package/add_two_ints_server
[14.626s] -- Set runtime path of "/home/c1ph3r/ros2_ws/src/install/my_cpp_package/lib/my_cpp_package/add_two_ints_server" to ""
[14.626s] -- Installing: /home/c1ph3r/ros2_ws/src/install/my_cpp_package/lib/my_cpp_package/add_two_ints_client
[14.627s] -- Set runtime path of "/home/c1ph3r/ros2_ws/src/install/my_cpp_package/lib/my_cpp_package/add_two_ints_client" to ""
[14.627s] -- Installing: /home/c1ph3r/ros2_ws/src/install/my_cpp_package/lib/my_cpp_package/add_two_ints_client_oops
[14.629s] -- Set runtime path of "/home/c1ph3r/ros2_ws/src/install/my_cpp_package/lib/my_cpp_package/add_two_ints_client_oops" to ""
[14.629s] -- Installing: /home/c1ph3r/ros2_ws/src/install/my_cpp_package/lib/my_cpp_package/hardware_status_publisher
[14.630s] -- Set runtime path of "/home/c1ph3r/ros2_ws/src/install/my_cpp_package/lib/my_cpp_package/hardware_status_publisher" to ""
[14.630s] -- Installing: /home/c1ph3r/ros2_ws/src/install/my_cpp_package/share/ament_index/resource_index/package_run_dependencies/my_cpp_package
[14.631s] -- Installing: /home/c1ph3r/ros2_ws/src/install/my_cpp_package/share/ament_index/resource_index/parent_prefix_path/my_cpp_package
[14.631s] -- Installing: /home/c1ph3r/ros2_ws/src/install/my_cpp_package/share/my_cpp_package/environment/ament_prefix_path.sh
[14.631s] -- Installing: /home/c1ph3r/ros2_ws/src/install/my_cpp_package/share/my_cpp_package/environment/ament_prefix_path.dsv
[14.631s] -- Installing: /home/c1ph3r/ros2_ws/src/install/my_cpp_package/share/my_cpp_package/environment/path.sh
[14.631s] -- Installing: /home/c1ph3r/ros2_ws/src/install/my_cpp_package/share/my_cpp_package/environment/path.dsv
[14.632s] -- Installing: /home/c1ph3r/ros2_ws/src/install/my_cpp_package/share/my_cpp_package/local_setup.bash
[14.632s] -- Installing: /home/c1ph3r/ros2_ws/src/install/my_cpp_package/share/my_cpp_package/local_setup.sh
[14.632s] -- Installing: /home/c1ph3r/ros2_ws/src/install/my_cpp_package/share/my_cpp_package/local_setup.zsh
[14.632s] -- Installing: /home/c1ph3r/ros2_ws/src/install/my_cpp_package/share/my_cpp_package/local_setup.dsv
[14.632s] -- Installing: /home/c1ph3r/ros2_ws/src/install/my_cpp_package/share/my_cpp_package/package.dsv
[14.632s] -- Installing: /home/c1ph3r/ros2_ws/src/install/my_cpp_package/share/ament_index/resource_index/packages/my_cpp_package
[14.633s] -- Installing: /home/c1ph3r/ros2_ws/src/install/my_cpp_package/share/my_cpp_package/cmake/my_cpp_packageConfig.cmake
[14.633s] -- Installing: /home/c1ph3r/ros2_ws/src/install/my_cpp_package/share/my_cpp_package/cmake/my_cpp_packageConfig-version.cmake
[14.633s] -- Installing: /home/c1ph3r/ros2_ws/src/install/my_cpp_package/share/my_cpp_package/package.xml
[14.639s] Invoked command in '/home/c1ph3r/ros2_ws/src/build/my_cpp_package' returned '0': AMENT_PREFIX_PATH=/home/c1ph3r/ros2_ws/src/install/my_robot_interfaces:${AMENT_PREFIX_PATH} CMAKE_PREFIX_PATH=/home/c1ph3r/ros2_ws/src/install/my_robot_interfaces:/home/c1ph3r/ros2_ws/install/my_cpp_package:/home/c1ph3r/ros2_ws/install/my_robot_interfaces:/home/c1ph3r/ros2_ws/install/my_python_package:/opt/ros/humble LD_LIBRARY_PATH=/home/c1ph3r/ros2_ws/src/install/my_robot_interfaces/lib:${LD_LIBRARY_PATH} PYTHONPATH=/home/c1ph3r/ros2_ws/src/install/my_robot_interfaces/local/lib/python3.10/dist-packages:${PYTHONPATH} /usr/bin/cmake --install /home/c1ph3r/ros2_ws/src/build/my_cpp_package
