[0.850s] Invoking command in '/home/c1ph3r/ros2_ws/build/my_python_package': PYTHONPATH=/home/c1ph3r/ros2_ws/build/my_python_package/prefix_override:/home/c1ph3r/ros2_ws/install/my_python_package/lib/python3.10/site-packages:${PYTHONPATH} /usr/bin/python3 setup.py develop --uninstall --editable --build-directory /home/c1ph3r/ros2_ws/build/my_python_package/build
[1.171s] running develop
[1.420s] Invoked command in '/home/c1ph3r/ros2_ws/build/my_python_package' returned '0': PYTHONPATH=/home/c1ph3r/ros2_ws/build/my_python_package/prefix_override:/home/c1ph3r/ros2_ws/install/my_python_package/lib/python3.10/site-packages:${PYTHONPATH} /usr/bin/python3 setup.py develop --uninstall --editable --build-directory /home/c1ph3r/ros2_ws/build/my_python_package/build
[1.422s] Invoking command in '/home/c1ph3r/ros2_ws/src/my_python_package': PYTHONPATH=/home/c1ph3r/ros2_ws/build/my_python_package/prefix_override:/home/c1ph3r/ros2_ws/install/my_python_package/lib/python3.10/site-packages:${PYTHONPATH} /usr/bin/python3 setup.py egg_info --egg-base ../../build/my_python_package build --build-base /home/c1ph3r/ros2_ws/build/my_python_package/build install --record /home/c1ph3r/ros2_ws/build/my_python_package/install.log --single-version-externally-managed
[1.728s] running egg_info
[1.729s] writing ../../build/my_python_package/my_python_package.egg-info/PKG-INFO
[1.729s] writing dependency_links to ../../build/my_python_package/my_python_package.egg-info/dependency_links.txt
[1.729s] writing entry points to ../../build/my_python_package/my_python_package.egg-info/entry_points.txt
[1.730s] writing requirements to ../../build/my_python_package/my_python_package.egg-info/requires.txt
[1.730s] writing top-level names to ../../build/my_python_package/my_python_package.egg-info/top_level.txt
[1.733s] reading manifest file '../../build/my_python_package/my_python_package.egg-info/SOURCES.txt'
[1.734s] writing manifest file '../../build/my_python_package/my_python_package.egg-info/SOURCES.txt'
[1.734s] running build
[1.734s] running build_py
[1.735s] running install
[1.735s] running install_lib
[1.737s] running install_data
[1.738s] running install_egg_info
[1.739s] removing '/home/c1ph3r/ros2_ws/install/my_python_package/lib/python3.10/site-packages/my_python_package-0.0.0-py3.10.egg-info' (and everything under it)
[1.740s] Copying ../../build/my_python_package/my_python_package.egg-info to /home/c1ph3r/ros2_ws/install/my_python_package/lib/python3.10/site-packages/my_python_package-0.0.0-py3.10.egg-info
[1.741s] running install_scripts
[1.763s] Installing py_node script to /home/c1ph3r/ros2_ws/install/my_python_package/lib/my_python_package
[1.763s] Installing py_node_oop script to /home/c1ph3r/ros2_ws/install/my_python_package/lib/my_python_package
[1.763s] Installing robot_news_station script to /home/c1ph3r/ros2_ws/install/my_python_package/lib/my_python_package
[1.763s] Installing smartphone script to /home/c1ph3r/ros2_ws/install/my_python_package/lib/my_python_package
[1.763s] writing list of installed files to '/home/c1ph3r/ros2_ws/build/my_python_package/install.log'
[1.805s] Invoked command in '/home/c1ph3r/ros2_ws/src/my_python_package' returned '0': PYTHONPATH=/home/c1ph3r/ros2_ws/build/my_python_package/prefix_override:/home/c1ph3r/ros2_ws/install/my_python_package/lib/python3.10/site-packages:${PYTHONPATH} /usr/bin/python3 setup.py egg_info --egg-base ../../build/my_python_package build --build-base /home/c1ph3r/ros2_ws/build/my_python_package/build install --record /home/c1ph3r/ros2_ws/build/my_python_package/install.log --single-version-externally-managed
