[ 15%] Built target smartphone
[ 15%] Built target add_two_ints_server
[ 30%] Built target hardware_status_publisher
[ 30%] Built target cpp_node
[ 38%] Built target basic_pub
[ 50%] Built target robot_news_station
[ 53%] Built target add_two_ints_client
[ 61%] Built target add_two_ints_client_oops
[35m[1mConsolidate compiler generated dependencies of target number_publisher[0m
[ 76%] Built target battery
[ 76%] Built target basic_sub
[ 84%] Built target LED_panel
[ 92%] [32mBuilding CXX object CMakeFiles/number_publisher.dir/src/number_publisher.cpp.o[0m
[ 96%] Built target number_counter
[01m[K/home/c1ph3r/ros2_ws/src/my_cpp_package/src/number_publisher.cpp:[m[K In constructor ‘[01m[KNumberPublisherNode::NumberPublisherNode()[m[K’:
[01m[K/home/c1ph3r/ros2_ws/src/my_cpp_package/src/number_publisher.cpp:16:74:[m[K [01;31m[Kerror: [m[Kexpected primary-expression before ‘[01m[K([m[K’ token
   16 |         number_timer_ = this->create_wall_timer(std::chrono::milliseconds[01;31m[K([m[Kint) (1000.0 / publish_frequency)),
      |                                                                          [01;31m[K^[m[K
[01m[K/home/c1ph3r/ros2_ws/src/my_cpp_package/src/number_publisher.cpp:16:75:[m[K [01;31m[Kerror: [m[Kexpected primary-expression before ‘[01m[Kint[m[K’
   16 |         number_timer_ = this->create_wall_timer(std::chrono::milliseconds([01;31m[Kint[m[K) (1000.0 / publish_frequency)),
      |                                                                           [01;31m[K^~~[m[K
gmake[2]: *** [CMakeFiles/number_publisher.dir/build.make:76: CMakeFiles/number_publisher.dir/src/number_publisher.cpp.o] Error 1
gmake[1]: *** [CMakeFiles/Makefile2:447: CMakeFiles/number_publisher.dir/all] Error 2
gmake: *** [Makefile:146: all] Error 2
