[0.850s] Invoking command in '/home/c1ph3r/ros2_ws/build/my_python_package': PYTHONPATH=/home/c1ph3r/ros2_ws/build/my_python_package/prefix_override:/home/c1ph3r/ros2_ws/install/my_python_package/lib/python3.10/site-packages:${PYTHONPATH} /usr/bin/python3 setup.py develop --editable --build-directory /home/c1ph3r/ros2_ws/build/my_python_package/build --no-deps install_data
[1.188s] running develop
[1.409s] running egg_info
[1.409s] writing my_python_package.egg-info/PKG-INFO
[1.410s] writing dependency_links to my_python_package.egg-info/dependency_links.txt
[1.410s] writing entry points to my_python_package.egg-info/entry_points.txt
[1.410s] writing requirements to my_python_package.egg-info/requires.txt
[1.410s] writing top-level names to my_python_package.egg-info/top_level.txt
[1.413s] reading manifest file 'my_python_package.egg-info/SOURCES.txt'
[1.414s] writing manifest file 'my_python_package.egg-info/SOURCES.txt'
[1.415s] running build_ext
[1.416s] Creating /home/c1ph3r/ros2_ws/install/my_python_package/lib/python3.10/site-packages/my-python-package.egg-link (link to .)
[1.417s] Installing add_two_ints script to /home/c1ph3r/ros2_ws/install/my_python_package/lib/my_python_package
[1.417s] Installing number_counter script to /home/c1ph3r/ros2_ws/install/my_python_package/lib/my_python_package
[1.417s] Installing number_publisher script to /home/c1ph3r/ros2_ws/install/my_python_package/lib/my_python_package
[1.417s] Installing py_node script to /home/c1ph3r/ros2_ws/install/my_python_package/lib/my_python_package
[1.417s] Installing py_node_oop script to /home/c1ph3r/ros2_ws/install/my_python_package/lib/my_python_package
[1.417s] Installing robot_news_station script to /home/c1ph3r/ros2_ws/install/my_python_package/lib/my_python_package
[1.417s] Installing smartphone script to /home/c1ph3r/ros2_ws/install/my_python_package/lib/my_python_package
[1.418s] 
[1.418s] Installed /home/c1ph3r/ros2_ws/build/my_python_package
[1.418s] running install_data
[1.482s] Invoked command in '/home/c1ph3r/ros2_ws/build/my_python_package' returned '0': PYTHONPATH=/home/c1ph3r/ros2_ws/build/my_python_package/prefix_override:/home/c1ph3r/ros2_ws/install/my_python_package/lib/python3.10/site-packages:${PYTHONPATH} /usr/bin/python3 setup.py develop --editable --build-directory /home/c1ph3r/ros2_ws/build/my_python_package/build --no-deps install_data
