[0.367s] DEBUG:colcon:Command line arguments: ['/usr/bin/colcon', 'build']
[0.367s] DEBUG:colcon:Parsed command line arguments: Namespace(log_base=None, log_level=None, verb_name='build', build_base='build', install_base='install', merge_install=False, symlink_install=False, test_result_base=None, continue_on_error=False, executor='parallel', parallel_workers=8, event_handlers=None, ignore_user_meta=False, metas=['./colcon.meta'], base_paths=['.'], packages_ignore=None, packages_ignore_regex=None, paths=None, packages_up_to=None, packages_up_to_regex=None, packages_above=None, packages_above_and_dependencies=None, packages_above_depth=None, packages_select_by_dep=None, packages_skip_by_dep=None, packages_skip_up_to=None, packages_select_build_failed=False, packages_skip_build_finished=False, packages_select_test_failures=False, packages_skip_test_passed=False, packages_select=None, packages_skip=None, packages_select_regex=None, packages_skip_regex=None, packages_start=None, packages_end=None, allow_overriding=[], cmake_args=None, cmake_target=None, cmake_target_skip_unavailable=False, cmake_clean_cache=False, cmake_clean_first=False, cmake_force_configure=False, ament_cmake_args=None, catkin_cmake_args=None, catkin_skip_building_tests=False, verb_parser=<colcon_defaults.argument_parser.defaults.DefaultArgumentsDecorator object at 0x7fd737fcf2e0>, verb_extension=<colcon_core.verb.build.BuildVerb object at 0x7fd737e54820>, main=<bound method BuildVerb.main of <colcon_core.verb.build.BuildVerb object at 0x7fd737e54820>>)
[0.391s] Level 1:colcon.colcon_core.package_discovery:discover_packages(colcon_meta) check parameters
[0.392s] Level 1:colcon.colcon_core.package_discovery:discover_packages(recursive) check parameters
[0.392s] Level 1:colcon.colcon_core.package_discovery:discover_packages(ignore) check parameters
[0.392s] Level 1:colcon.colcon_core.package_discovery:discover_packages(path) check parameters
[0.392s] Level 1:colcon.colcon_core.package_discovery:discover_packages(colcon_meta) discover
[0.392s] Level 1:colcon.colcon_core.package_discovery:discover_packages(recursive) discover
[0.392s] INFO:colcon.colcon_core.package_discovery:Crawling recursively for packages in '/home/c1ph3r/ros2_ws'
[0.392s] Level 1:colcon.colcon_core.package_identification:_identify(.) by extensions ['ignore', 'ignore_ament_install']
[0.392s] Level 1:colcon.colcon_core.package_identification:_identify(.) by extension 'ignore'
[0.392s] Level 1:colcon.colcon_core.package_identification:_identify(.) by extension 'ignore_ament_install'
[0.392s] Level 1:colcon.colcon_core.package_identification:_identify(.) by extensions ['colcon_pkg']
[0.392s] Level 1:colcon.colcon_core.package_identification:_identify(.) by extension 'colcon_pkg'
[0.392s] Level 1:colcon.colcon_core.package_identification:_identify(.) by extensions ['colcon_meta']
[0.392s] Level 1:colcon.colcon_core.package_identification:_identify(.) by extension 'colcon_meta'
[0.392s] Level 1:colcon.colcon_core.package_identification:_identify(.) by extensions ['ros']
[0.392s] Level 1:colcon.colcon_core.package_identification:_identify(.) by extension 'ros'
[0.404s] Level 1:colcon.colcon_core.package_identification:_identify(.) by extensions ['cmake', 'python']
[0.404s] Level 1:colcon.colcon_core.package_identification:_identify(.) by extension 'cmake'
[0.404s] Level 1:colcon.colcon_core.package_identification:_identify(.) by extension 'python'
[0.404s] Level 1:colcon.colcon_core.package_identification:_identify(.) by extensions ['python_setup_py']
[0.405s] Level 1:colcon.colcon_core.package_identification:_identify(.) by extension 'python_setup_py'
[0.405s] Level 1:colcon.colcon_core.package_identification:_identify(build) by extensions ['ignore', 'ignore_ament_install']
[0.405s] Level 1:colcon.colcon_core.package_identification:_identify(build) by extension 'ignore'
[0.405s] Level 1:colcon.colcon_core.package_identification:_identify(build) ignored
[0.405s] Level 1:colcon.colcon_core.package_identification:_identify(install) by extensions ['ignore', 'ignore_ament_install']
[0.405s] Level 1:colcon.colcon_core.package_identification:_identify(install) by extension 'ignore'
[0.405s] Level 1:colcon.colcon_core.package_identification:_identify(install) ignored
[0.405s] Level 1:colcon.colcon_core.package_identification:_identify(log) by extensions ['ignore', 'ignore_ament_install']
[0.405s] Level 1:colcon.colcon_core.package_identification:_identify(log) by extension 'ignore'
[0.405s] Level 1:colcon.colcon_core.package_identification:_identify(log) ignored
[0.405s] Level 1:colcon.colcon_core.package_identification:_identify(src) by extensions ['ignore', 'ignore_ament_install']
[0.406s] Level 1:colcon.colcon_core.package_identification:_identify(src) by extension 'ignore'
[0.406s] Level 1:colcon.colcon_core.package_identification:_identify(src) by extension 'ignore_ament_install'
[0.406s] Level 1:colcon.colcon_core.package_identification:_identify(src) by extensions ['colcon_pkg']
[0.406s] Level 1:colcon.colcon_core.package_identification:_identify(src) by extension 'colcon_pkg'
[0.406s] Level 1:colcon.colcon_core.package_identification:_identify(src) by extensions ['colcon_meta']
[0.406s] Level 1:colcon.colcon_core.package_identification:_identify(src) by extension 'colcon_meta'
[0.406s] Level 1:colcon.colcon_core.package_identification:_identify(src) by extensions ['ros']
[0.406s] Level 1:colcon.colcon_core.package_identification:_identify(src) by extension 'ros'
[0.406s] Level 1:colcon.colcon_core.package_identification:_identify(src) by extensions ['cmake', 'python']
[0.406s] Level 1:colcon.colcon_core.package_identification:_identify(src) by extension 'cmake'
[0.406s] Level 1:colcon.colcon_core.package_identification:_identify(src) by extension 'python'
[0.406s] Level 1:colcon.colcon_core.package_identification:_identify(src) by extensions ['python_setup_py']
[0.406s] Level 1:colcon.colcon_core.package_identification:_identify(src) by extension 'python_setup_py'
[0.406s] Level 1:colcon.colcon_core.package_identification:_identify(src/build) by extensions ['ignore', 'ignore_ament_install']
[0.406s] Level 1:colcon.colcon_core.package_identification:_identify(src/build) by extension 'ignore'
[0.406s] Level 1:colcon.colcon_core.package_identification:_identify(src/build) ignored
[0.406s] Level 1:colcon.colcon_core.package_identification:_identify(src/install) by extensions ['ignore', 'ignore_ament_install']
[0.406s] Level 1:colcon.colcon_core.package_identification:_identify(src/install) by extension 'ignore'
[0.406s] Level 1:colcon.colcon_core.package_identification:_identify(src/install) ignored
[0.407s] Level 1:colcon.colcon_core.package_identification:_identify(src/log) by extensions ['ignore', 'ignore_ament_install']
[0.407s] Level 1:colcon.colcon_core.package_identification:_identify(src/log) by extension 'ignore'
[0.407s] Level 1:colcon.colcon_core.package_identification:_identify(src/log) ignored
[0.407s] Level 1:colcon.colcon_core.package_identification:_identify(src/my_cpp_package) by extensions ['ignore', 'ignore_ament_install']
[0.407s] Level 1:colcon.colcon_core.package_identification:_identify(src/my_cpp_package) by extension 'ignore'
[0.407s] Level 1:colcon.colcon_core.package_identification:_identify(src/my_cpp_package) by extension 'ignore_ament_install'
[0.407s] Level 1:colcon.colcon_core.package_identification:_identify(src/my_cpp_package) by extensions ['colcon_pkg']
[0.407s] Level 1:colcon.colcon_core.package_identification:_identify(src/my_cpp_package) by extension 'colcon_pkg'
[0.407s] Level 1:colcon.colcon_core.package_identification:_identify(src/my_cpp_package) by extensions ['colcon_meta']
[0.407s] Level 1:colcon.colcon_core.package_identification:_identify(src/my_cpp_package) by extension 'colcon_meta'
[0.407s] Level 1:colcon.colcon_core.package_identification:_identify(src/my_cpp_package) by extensions ['ros']
[0.407s] Level 1:colcon.colcon_core.package_identification:_identify(src/my_cpp_package) by extension 'ros'
[0.410s] DEBUG:colcon.colcon_core.package_identification:Package 'src/my_cpp_package' with type 'ros.ament_cmake' and name 'my_cpp_package'
[0.410s] Level 1:colcon.colcon_core.package_identification:_identify(src/my_python_package) by extensions ['ignore', 'ignore_ament_install']
[0.410s] Level 1:colcon.colcon_core.package_identification:_identify(src/my_python_package) by extension 'ignore'
[0.410s] Level 1:colcon.colcon_core.package_identification:_identify(src/my_python_package) by extension 'ignore_ament_install'
[0.410s] Level 1:colcon.colcon_core.package_identification:_identify(src/my_python_package) by extensions ['colcon_pkg']
[0.410s] Level 1:colcon.colcon_core.package_identification:_identify(src/my_python_package) by extension 'colcon_pkg'
[0.410s] Level 1:colcon.colcon_core.package_identification:_identify(src/my_python_package) by extensions ['colcon_meta']
[0.410s] Level 1:colcon.colcon_core.package_identification:_identify(src/my_python_package) by extension 'colcon_meta'
[0.410s] Level 1:colcon.colcon_core.package_identification:_identify(src/my_python_package) by extensions ['ros']
[0.410s] Level 1:colcon.colcon_core.package_identification:_identify(src/my_python_package) by extension 'ros'
[0.411s] DEBUG:colcon.colcon_core.package_identification:Package 'src/my_python_package' with type 'ros.ament_python' and name 'my_python_package'
[0.411s] Level 1:colcon.colcon_core.package_identification:_identify(src/my_robot_interfaces) by extensions ['ignore', 'ignore_ament_install']
[0.411s] Level 1:colcon.colcon_core.package_identification:_identify(src/my_robot_interfaces) by extension 'ignore'
[0.411s] Level 1:colcon.colcon_core.package_identification:_identify(src/my_robot_interfaces) by extension 'ignore_ament_install'
[0.412s] Level 1:colcon.colcon_core.package_identification:_identify(src/my_robot_interfaces) by extensions ['colcon_pkg']
[0.412s] Level 1:colcon.colcon_core.package_identification:_identify(src/my_robot_interfaces) by extension 'colcon_pkg'
[0.412s] Level 1:colcon.colcon_core.package_identification:_identify(src/my_robot_interfaces) by extensions ['colcon_meta']
[0.412s] Level 1:colcon.colcon_core.package_identification:_identify(src/my_robot_interfaces) by extension 'colcon_meta'
[0.412s] Level 1:colcon.colcon_core.package_identification:_identify(src/my_robot_interfaces) by extensions ['ros']
[0.412s] Level 1:colcon.colcon_core.package_identification:_identify(src/my_robot_interfaces) by extension 'ros'
[0.412s] DEBUG:colcon.colcon_core.package_identification:Package 'src/my_robot_interfaces' with type 'ros.ament_cmake' and name 'my_robot_interfaces'
[0.412s] Level 1:colcon.colcon_core.package_discovery:discover_packages(recursive) using defaults
[0.412s] Level 1:colcon.colcon_core.package_discovery:discover_packages(ignore) discover
[0.412s] Level 1:colcon.colcon_core.package_discovery:discover_packages(ignore) using defaults
[0.412s] Level 1:colcon.colcon_core.package_discovery:discover_packages(path) discover
[0.412s] Level 1:colcon.colcon_core.package_discovery:discover_packages(path) using defaults
[0.436s] Level 1:colcon.colcon_core.package_discovery:discover_packages(prefix_path) check parameters
[0.437s] Level 1:colcon.colcon_core.package_discovery:discover_packages(prefix_path) discover
[0.439s] DEBUG:colcon.colcon_installed_package_information.package_discovery:Found 3 installed packages in /home/c1ph3r/ros2_ws/install
[0.441s] DEBUG:colcon.colcon_installed_package_information.package_discovery:Found 270 installed packages in /opt/ros/humble
[0.443s] Level 1:colcon.colcon_core.package_discovery:discover_packages(prefix_path) using defaults
[0.504s] Level 5:colcon.colcon_core.verb:set package 'my_robot_interfaces' build argument 'cmake_args' from command line to 'None'
[0.504s] Level 5:colcon.colcon_core.verb:set package 'my_robot_interfaces' build argument 'cmake_target' from command line to 'None'
[0.504s] Level 5:colcon.colcon_core.verb:set package 'my_robot_interfaces' build argument 'cmake_target_skip_unavailable' from command line to 'False'
[0.504s] Level 5:colcon.colcon_core.verb:set package 'my_robot_interfaces' build argument 'cmake_clean_cache' from command line to 'False'
[0.504s] Level 5:colcon.colcon_core.verb:set package 'my_robot_interfaces' build argument 'cmake_clean_first' from command line to 'False'
[0.504s] Level 5:colcon.colcon_core.verb:set package 'my_robot_interfaces' build argument 'cmake_force_configure' from command line to 'False'
[0.504s] Level 5:colcon.colcon_core.verb:set package 'my_robot_interfaces' build argument 'ament_cmake_args' from command line to 'None'
[0.504s] Level 5:colcon.colcon_core.verb:set package 'my_robot_interfaces' build argument 'catkin_cmake_args' from command line to 'None'
[0.504s] Level 5:colcon.colcon_core.verb:set package 'my_robot_interfaces' build argument 'catkin_skip_building_tests' from command line to 'False'
[0.504s] DEBUG:colcon.colcon_core.verb:Building package 'my_robot_interfaces' with the following arguments: {'ament_cmake_args': None, 'build_base': '/home/c1ph3r/ros2_ws/build/my_robot_interfaces', 'catkin_cmake_args': None, 'catkin_skip_building_tests': False, 'cmake_args': None, 'cmake_clean_cache': False, 'cmake_clean_first': False, 'cmake_force_configure': False, 'cmake_target': None, 'cmake_target_skip_unavailable': False, 'install_base': '/home/c1ph3r/ros2_ws/install/my_robot_interfaces', 'merge_install': False, 'path': '/home/c1ph3r/ros2_ws/src/my_robot_interfaces', 'symlink_install': False, 'test_result_base': None}
[0.505s] Level 5:colcon.colcon_core.verb:set package 'my_cpp_package' build argument 'cmake_args' from command line to 'None'
[0.505s] Level 5:colcon.colcon_core.verb:set package 'my_cpp_package' build argument 'cmake_target' from command line to 'None'
[0.505s] Level 5:colcon.colcon_core.verb:set package 'my_cpp_package' build argument 'cmake_target_skip_unavailable' from command line to 'False'
[0.505s] Level 5:colcon.colcon_core.verb:set package 'my_cpp_package' build argument 'cmake_clean_cache' from command line to 'False'
[0.505s] Level 5:colcon.colcon_core.verb:set package 'my_cpp_package' build argument 'cmake_clean_first' from command line to 'False'
[0.505s] Level 5:colcon.colcon_core.verb:set package 'my_cpp_package' build argument 'cmake_force_configure' from command line to 'False'
[0.505s] Level 5:colcon.colcon_core.verb:set package 'my_cpp_package' build argument 'ament_cmake_args' from command line to 'None'
[0.505s] Level 5:colcon.colcon_core.verb:set package 'my_cpp_package' build argument 'catkin_cmake_args' from command line to 'None'
[0.505s] Level 5:colcon.colcon_core.verb:set package 'my_cpp_package' build argument 'catkin_skip_building_tests' from command line to 'False'
[0.505s] DEBUG:colcon.colcon_core.verb:Building package 'my_cpp_package' with the following arguments: {'ament_cmake_args': None, 'build_base': '/home/c1ph3r/ros2_ws/build/my_cpp_package', 'catkin_cmake_args': None, 'catkin_skip_building_tests': False, 'cmake_args': None, 'cmake_clean_cache': False, 'cmake_clean_first': False, 'cmake_force_configure': False, 'cmake_target': None, 'cmake_target_skip_unavailable': False, 'install_base': '/home/c1ph3r/ros2_ws/install/my_cpp_package', 'merge_install': False, 'path': '/home/c1ph3r/ros2_ws/src/my_cpp_package', 'symlink_install': False, 'test_result_base': None}
[0.506s] Level 5:colcon.colcon_core.verb:set package 'my_python_package' build argument 'cmake_args' from command line to 'None'
[0.506s] Level 5:colcon.colcon_core.verb:set package 'my_python_package' build argument 'cmake_target' from command line to 'None'
[0.506s] Level 5:colcon.colcon_core.verb:set package 'my_python_package' build argument 'cmake_target_skip_unavailable' from command line to 'False'
[0.506s] Level 5:colcon.colcon_core.verb:set package 'my_python_package' build argument 'cmake_clean_cache' from command line to 'False'
[0.506s] Level 5:colcon.colcon_core.verb:set package 'my_python_package' build argument 'cmake_clean_first' from command line to 'False'
[0.506s] Level 5:colcon.colcon_core.verb:set package 'my_python_package' build argument 'cmake_force_configure' from command line to 'False'
[0.506s] Level 5:colcon.colcon_core.verb:set package 'my_python_package' build argument 'ament_cmake_args' from command line to 'None'
[0.506s] Level 5:colcon.colcon_core.verb:set package 'my_python_package' build argument 'catkin_cmake_args' from command line to 'None'
[0.507s] Level 5:colcon.colcon_core.verb:set package 'my_python_package' build argument 'catkin_skip_building_tests' from command line to 'False'
[0.507s] DEBUG:colcon.colcon_core.verb:Building package 'my_python_package' with the following arguments: {'ament_cmake_args': None, 'build_base': '/home/c1ph3r/ros2_ws/build/my_python_package', 'catkin_cmake_args': None, 'catkin_skip_building_tests': False, 'cmake_args': None, 'cmake_clean_cache': False, 'cmake_clean_first': False, 'cmake_force_configure': False, 'cmake_target': None, 'cmake_target_skip_unavailable': False, 'install_base': '/home/c1ph3r/ros2_ws/install/my_python_package', 'merge_install': False, 'path': '/home/c1ph3r/ros2_ws/src/my_python_package', 'symlink_install': False, 'test_result_base': None}
[0.507s] INFO:colcon.colcon_core.executor:Executing jobs using 'parallel' executor
[0.511s] DEBUG:colcon.colcon_parallel_executor.executor.parallel:run_until_complete
[0.511s] INFO:colcon.colcon_ros.task.ament_cmake.build:Building ROS package in '/home/c1ph3r/ros2_ws/src/my_robot_interfaces' with build type 'ament_cmake'
[0.511s] INFO:colcon.colcon_cmake.task.cmake.build:Building CMake package in '/home/c1ph3r/ros2_ws/src/my_robot_interfaces'
[0.516s] INFO:colcon.colcon_core.plugin_system:Skipping extension 'colcon_core.shell.bat': Not used on non-Windows systems
[0.516s] INFO:colcon.colcon_core.shell:Skip shell extension 'powershell' for command environment: Not usable outside of PowerShell
[0.516s] DEBUG:colcon.colcon_core.shell:Skip shell extension 'dsv' for command environment
[0.529s] DEBUG:colcon.colcon_core.event_handler.log_command:Invoking command in '/home/c1ph3r/ros2_ws/build/my_robot_interfaces': CMAKE_PREFIX_PATH=${CMAKE_PREFIX_PATH}:/home/c1ph3r/ros2_ws/install/my_python_package:/opt/ros/humble /usr/bin/cmake --build /home/c1ph3r/ros2_ws/build/my_robot_interfaces -- -j8 -l8
[0.925s] DEBUG:colcon.colcon_core.event_handler.log_command:Invoked command in '/home/c1ph3r/ros2_ws/build/my_robot_interfaces' returned '0': CMAKE_PREFIX_PATH=${CMAKE_PREFIX_PATH}:/home/c1ph3r/ros2_ws/install/my_python_package:/opt/ros/humble /usr/bin/cmake --build /home/c1ph3r/ros2_ws/build/my_robot_interfaces -- -j8 -l8
[0.996s] DEBUG:colcon.colcon_core.event_handler.log_command:Invoking command in '/home/c1ph3r/ros2_ws/build/my_robot_interfaces': CMAKE_PREFIX_PATH=${CMAKE_PREFIX_PATH}:/home/c1ph3r/ros2_ws/install/my_python_package:/opt/ros/humble /usr/bin/cmake --install /home/c1ph3r/ros2_ws/build/my_robot_interfaces
[1.051s] Level 1:colcon.colcon_core.environment:create_environment_scripts_only(my_robot_interfaces)
[1.054s] DEBUG:colcon.colcon_core.event_handler.log_command:Invoked command in '/home/c1ph3r/ros2_ws/build/my_robot_interfaces' returned '0': CMAKE_PREFIX_PATH=${CMAKE_PREFIX_PATH}:/home/c1ph3r/ros2_ws/install/my_python_package:/opt/ros/humble /usr/bin/cmake --install /home/c1ph3r/ros2_ws/build/my_robot_interfaces
[1.058s] Level 1:colcon.colcon_core.environment:checking '/home/c1ph3r/ros2_ws/install/my_robot_interfaces' for CMake module files
[1.058s] Level 1:colcon.colcon_core.environment:checking '/home/c1ph3r/ros2_ws/install/my_robot_interfaces' for CMake config files
[1.059s] Level 1:colcon.colcon_core.shell:create_environment_hook('my_robot_interfaces', 'cmake_prefix_path')
[1.061s] INFO:colcon.colcon_core.shell:Creating environment hook '/home/c1ph3r/ros2_ws/install/my_robot_interfaces/share/my_robot_interfaces/hook/cmake_prefix_path.ps1'
[1.061s] INFO:colcon.colcon_core.shell:Creating environment descriptor '/home/c1ph3r/ros2_ws/install/my_robot_interfaces/share/my_robot_interfaces/hook/cmake_prefix_path.dsv'
[1.062s] INFO:colcon.colcon_core.shell:Creating environment hook '/home/c1ph3r/ros2_ws/install/my_robot_interfaces/share/my_robot_interfaces/hook/cmake_prefix_path.sh'
[1.062s] Level 1:colcon.colcon_core.environment:checking '/home/c1ph3r/ros2_ws/install/my_robot_interfaces/lib'
[1.063s] Level 1:colcon.colcon_core.shell:create_environment_hook('my_robot_interfaces', 'ld_library_path_lib')
[1.064s] INFO:colcon.colcon_core.shell:Creating environment hook '/home/c1ph3r/ros2_ws/install/my_robot_interfaces/share/my_robot_interfaces/hook/ld_library_path_lib.ps1'
[1.065s] INFO:colcon.colcon_core.shell:Creating environment descriptor '/home/c1ph3r/ros2_ws/install/my_robot_interfaces/share/my_robot_interfaces/hook/ld_library_path_lib.dsv'
[1.065s] INFO:colcon.colcon_core.shell:Creating environment hook '/home/c1ph3r/ros2_ws/install/my_robot_interfaces/share/my_robot_interfaces/hook/ld_library_path_lib.sh'
[1.065s] Level 1:colcon.colcon_core.environment:checking '/home/c1ph3r/ros2_ws/install/my_robot_interfaces/bin'
[1.065s] Level 1:colcon.colcon_core.environment:checking '/home/c1ph3r/ros2_ws/install/my_robot_interfaces/lib/pkgconfig/my_robot_interfaces.pc'
[1.066s] Level 1:colcon.colcon_core.environment:checking '/home/c1ph3r/ros2_ws/install/my_robot_interfaces/lib/python3.10/site-packages'
[1.066s] Level 1:colcon.colcon_core.environment:checking '/home/c1ph3r/ros2_ws/install/my_robot_interfaces/bin'
[1.067s] INFO:colcon.colcon_core.shell:Creating package script '/home/c1ph3r/ros2_ws/install/my_robot_interfaces/share/my_robot_interfaces/package.ps1'
[1.068s] INFO:colcon.colcon_core.shell:Creating package descriptor '/home/c1ph3r/ros2_ws/install/my_robot_interfaces/share/my_robot_interfaces/package.dsv'
[1.069s] INFO:colcon.colcon_core.shell:Creating package script '/home/c1ph3r/ros2_ws/install/my_robot_interfaces/share/my_robot_interfaces/package.sh'
[1.070s] INFO:colcon.colcon_core.shell:Creating package script '/home/c1ph3r/ros2_ws/install/my_robot_interfaces/share/my_robot_interfaces/package.bash'
[1.070s] INFO:colcon.colcon_core.shell:Creating package script '/home/c1ph3r/ros2_ws/install/my_robot_interfaces/share/my_robot_interfaces/package.zsh'
[1.071s] Level 1:colcon.colcon_core.environment:create_file_with_runtime_dependencies(/home/c1ph3r/ros2_ws/install/my_robot_interfaces/share/colcon-core/packages/my_robot_interfaces)
[1.131s] Level 1:colcon.colcon_core.environment:create_environment_scripts_only(my_robot_interfaces)
[1.133s] Level 1:colcon.colcon_core.environment:checking '/home/c1ph3r/ros2_ws/install/my_robot_interfaces' for CMake module files
[1.133s] Level 1:colcon.colcon_core.environment:checking '/home/c1ph3r/ros2_ws/install/my_robot_interfaces' for CMake config files
[1.134s] Level 1:colcon.colcon_core.shell:create_environment_hook('my_robot_interfaces', 'cmake_prefix_path')
[1.135s] INFO:colcon.colcon_core.shell:Creating environment hook '/home/c1ph3r/ros2_ws/install/my_robot_interfaces/share/my_robot_interfaces/hook/cmake_prefix_path.ps1'
[1.136s] INFO:colcon.colcon_core.shell:Creating environment descriptor '/home/c1ph3r/ros2_ws/install/my_robot_interfaces/share/my_robot_interfaces/hook/cmake_prefix_path.dsv'
[1.136s] INFO:colcon.colcon_core.shell:Creating environment hook '/home/c1ph3r/ros2_ws/install/my_robot_interfaces/share/my_robot_interfaces/hook/cmake_prefix_path.sh'
[1.136s] Level 1:colcon.colcon_core.environment:checking '/home/c1ph3r/ros2_ws/install/my_robot_interfaces/lib'
[1.137s] Level 1:colcon.colcon_core.shell:create_environment_hook('my_robot_interfaces', 'ld_library_path_lib')
[1.138s] INFO:colcon.colcon_core.shell:Creating environment hook '/home/c1ph3r/ros2_ws/install/my_robot_interfaces/share/my_robot_interfaces/hook/ld_library_path_lib.ps1'
[1.139s] INFO:colcon.colcon_core.shell:Creating environment descriptor '/home/c1ph3r/ros2_ws/install/my_robot_interfaces/share/my_robot_interfaces/hook/ld_library_path_lib.dsv'
[1.139s] INFO:colcon.colcon_core.shell:Creating environment hook '/home/c1ph3r/ros2_ws/install/my_robot_interfaces/share/my_robot_interfaces/hook/ld_library_path_lib.sh'
[1.140s] Level 1:colcon.colcon_core.environment:checking '/home/c1ph3r/ros2_ws/install/my_robot_interfaces/bin'
[1.140s] Level 1:colcon.colcon_core.environment:checking '/home/c1ph3r/ros2_ws/install/my_robot_interfaces/lib/pkgconfig/my_robot_interfaces.pc'
[1.140s] Level 1:colcon.colcon_core.environment:checking '/home/c1ph3r/ros2_ws/install/my_robot_interfaces/lib/python3.10/site-packages'
[1.140s] Level 1:colcon.colcon_core.environment:checking '/home/c1ph3r/ros2_ws/install/my_robot_interfaces/bin'
[1.142s] INFO:colcon.colcon_core.shell:Creating package script '/home/c1ph3r/ros2_ws/install/my_robot_interfaces/share/my_robot_interfaces/package.ps1'
[1.143s] INFO:colcon.colcon_core.shell:Creating package descriptor '/home/c1ph3r/ros2_ws/install/my_robot_interfaces/share/my_robot_interfaces/package.dsv'
[1.143s] INFO:colcon.colcon_core.shell:Creating package script '/home/c1ph3r/ros2_ws/install/my_robot_interfaces/share/my_robot_interfaces/package.sh'
[1.144s] INFO:colcon.colcon_core.shell:Creating package script '/home/c1ph3r/ros2_ws/install/my_robot_interfaces/share/my_robot_interfaces/package.bash'
[1.144s] INFO:colcon.colcon_core.shell:Creating package script '/home/c1ph3r/ros2_ws/install/my_robot_interfaces/share/my_robot_interfaces/package.zsh'
[1.144s] Level 1:colcon.colcon_core.environment:create_file_with_runtime_dependencies(/home/c1ph3r/ros2_ws/install/my_robot_interfaces/share/colcon-core/packages/my_robot_interfaces)
[1.145s] INFO:colcon.colcon_ros.task.ament_cmake.build:Building ROS package in '/home/c1ph3r/ros2_ws/src/my_cpp_package' with build type 'ament_cmake'
[1.145s] INFO:colcon.colcon_cmake.task.cmake.build:Building CMake package in '/home/c1ph3r/ros2_ws/src/my_cpp_package'
[1.146s] INFO:colcon.colcon_core.shell:Skip shell extension 'powershell' for command environment: Not usable outside of PowerShell
[1.146s] DEBUG:colcon.colcon_core.shell:Skip shell extension 'dsv' for command environment
[1.151s] INFO:colcon.colcon_ros.task.ament_python.build:Building ROS package in '/home/c1ph3r/ros2_ws/src/my_python_package' with build type 'ament_python'
[1.151s] Level 1:colcon.colcon_core.shell:create_environment_hook('my_python_package', 'ament_prefix_path')
[1.153s] INFO:colcon.colcon_core.shell:Creating environment hook '/home/c1ph3r/ros2_ws/install/my_python_package/share/my_python_package/hook/ament_prefix_path.ps1'
[1.154s] INFO:colcon.colcon_core.shell:Creating environment descriptor '/home/c1ph3r/ros2_ws/install/my_python_package/share/my_python_package/hook/ament_prefix_path.dsv'
[1.154s] INFO:colcon.colcon_core.shell:Creating environment hook '/home/c1ph3r/ros2_ws/install/my_python_package/share/my_python_package/hook/ament_prefix_path.sh'
[1.156s] INFO:colcon.colcon_core.shell:Skip shell extension 'powershell' for command environment: Not usable outside of PowerShell
[1.156s] DEBUG:colcon.colcon_core.shell:Skip shell extension 'dsv' for command environment
[1.164s] DEBUG:colcon.colcon_core.event_handler.log_command:Invoking command in '/home/c1ph3r/ros2_ws/build/my_cpp_package': CMAKE_PREFIX_PATH=/home/c1ph3r/ros2_ws/install/my_robot_interfaces:/home/c1ph3r/ros2_ws/install/my_cpp_package:/home/c1ph3r/ros2_ws/install/my_python_package:/opt/ros/humble /usr/bin/cmake --build /home/c1ph3r/ros2_ws/build/my_cpp_package -- -j8 -l8
[1.460s] INFO:colcon.colcon_core.task.python.build:Building Python package in '/home/c1ph3r/ros2_ws/src/my_python_package'
[1.462s] INFO:colcon.colcon_core.shell:Skip shell extension 'powershell' for command environment: Not usable outside of PowerShell
[1.462s] DEBUG:colcon.colcon_core.shell:Skip shell extension 'dsv' for command environment
[1.854s] DEBUG:colcon.colcon_core.event_handler.log_command:Invoking command in '/home/c1ph3r/ros2_ws/build/my_python_package': CMAKE_PREFIX_PATH=/home/c1ph3r/ros2_ws/install/my_robot_interfaces:/home/c1ph3r/ros2_ws/install/my_cpp_package PYTHONPATH=/home/c1ph3r/ros2_ws/build/my_python_package/prefix_override:/home/c1ph3r/ros2_ws/install/my_python_package/lib/python3.10/site-packages:${PYTHONPATH} /usr/bin/python3 setup.py develop --uninstall --editable --build-directory /home/c1ph3r/ros2_ws/build/my_python_package/build
[2.376s] DEBUG:colcon.colcon_core.event_handler.log_command:Invoked command in '/home/c1ph3r/ros2_ws/build/my_python_package' returned '0': CMAKE_PREFIX_PATH=/home/c1ph3r/ros2_ws/install/my_robot_interfaces:/home/c1ph3r/ros2_ws/install/my_cpp_package PYTHONPATH=/home/c1ph3r/ros2_ws/build/my_python_package/prefix_override:/home/c1ph3r/ros2_ws/install/my_python_package/lib/python3.10/site-packages:${PYTHONPATH} /usr/bin/python3 setup.py develop --uninstall --editable --build-directory /home/c1ph3r/ros2_ws/build/my_python_package/build
[2.377s] DEBUG:colcon.colcon_core.event_handler.log_command:Invoking command in '/home/c1ph3r/ros2_ws/src/my_python_package': CMAKE_PREFIX_PATH=/home/c1ph3r/ros2_ws/install/my_robot_interfaces:/home/c1ph3r/ros2_ws/install/my_cpp_package PYTHONPATH=/home/c1ph3r/ros2_ws/build/my_python_package/prefix_override:/home/c1ph3r/ros2_ws/install/my_python_package/lib/python3.10/site-packages:${PYTHONPATH} /usr/bin/python3 setup.py egg_info --egg-base ../../build/my_python_package build --build-base /home/c1ph3r/ros2_ws/build/my_python_package/build install --record /home/c1ph3r/ros2_ws/build/my_python_package/install.log --single-version-externally-managed
[2.743s] Level 1:colcon.colcon_core.environment:checking '/home/c1ph3r/ros2_ws/install/my_python_package' for CMake module files
[2.744s] DEBUG:colcon.colcon_core.event_handler.log_command:Invoked command in '/home/c1ph3r/ros2_ws/src/my_python_package' returned '0': CMAKE_PREFIX_PATH=/home/c1ph3r/ros2_ws/install/my_robot_interfaces:/home/c1ph3r/ros2_ws/install/my_cpp_package PYTHONPATH=/home/c1ph3r/ros2_ws/build/my_python_package/prefix_override:/home/c1ph3r/ros2_ws/install/my_python_package/lib/python3.10/site-packages:${PYTHONPATH} /usr/bin/python3 setup.py egg_info --egg-base ../../build/my_python_package build --build-base /home/c1ph3r/ros2_ws/build/my_python_package/build install --record /home/c1ph3r/ros2_ws/build/my_python_package/install.log --single-version-externally-managed
[2.744s] Level 1:colcon.colcon_core.environment:checking '/home/c1ph3r/ros2_ws/install/my_python_package' for CMake config files
[2.745s] Level 1:colcon.colcon_core.environment:checking '/home/c1ph3r/ros2_ws/install/my_python_package/lib'
[2.745s] Level 1:colcon.colcon_core.environment:checking '/home/c1ph3r/ros2_ws/install/my_python_package/bin'
[2.745s] Level 1:colcon.colcon_core.environment:checking '/home/c1ph3r/ros2_ws/install/my_python_package/lib/pkgconfig/my_python_package.pc'
[2.745s] Level 1:colcon.colcon_core.environment:checking '/home/c1ph3r/ros2_ws/install/my_python_package/lib/python3.10/site-packages'
[2.745s] Level 1:colcon.colcon_core.shell:create_environment_hook('my_python_package', 'pythonpath')
[2.747s] INFO:colcon.colcon_core.shell:Creating environment hook '/home/c1ph3r/ros2_ws/install/my_python_package/share/my_python_package/hook/pythonpath.ps1'
[2.747s] INFO:colcon.colcon_core.shell:Creating environment descriptor '/home/c1ph3r/ros2_ws/install/my_python_package/share/my_python_package/hook/pythonpath.dsv'
[2.748s] INFO:colcon.colcon_core.shell:Creating environment hook '/home/c1ph3r/ros2_ws/install/my_python_package/share/my_python_package/hook/pythonpath.sh'
[2.748s] Level 1:colcon.colcon_core.environment:checking '/home/c1ph3r/ros2_ws/install/my_python_package/bin'
[2.748s] Level 1:colcon.colcon_core.environment:create_environment_scripts_only(my_python_package)
[2.750s] INFO:colcon.colcon_core.shell:Creating package script '/home/c1ph3r/ros2_ws/install/my_python_package/share/my_python_package/package.ps1'
[2.751s] INFO:colcon.colcon_core.shell:Creating package descriptor '/home/c1ph3r/ros2_ws/install/my_python_package/share/my_python_package/package.dsv'
[2.751s] INFO:colcon.colcon_core.shell:Creating package script '/home/c1ph3r/ros2_ws/install/my_python_package/share/my_python_package/package.sh'
[2.752s] INFO:colcon.colcon_core.shell:Creating package script '/home/c1ph3r/ros2_ws/install/my_python_package/share/my_python_package/package.bash'
[2.752s] INFO:colcon.colcon_core.shell:Creating package script '/home/c1ph3r/ros2_ws/install/my_python_package/share/my_python_package/package.zsh'
[2.752s] Level 1:colcon.colcon_core.environment:create_file_with_runtime_dependencies(/home/c1ph3r/ros2_ws/install/my_python_package/share/colcon-core/packages/my_python_package)
[11.499s] DEBUG:colcon.colcon_core.event_handler.log_command:Invoked command in '/home/c1ph3r/ros2_ws/build/my_cpp_package' returned '2': CMAKE_PREFIX_PATH=/home/c1ph3r/ros2_ws/install/my_robot_interfaces:/home/c1ph3r/ros2_ws/install/my_cpp_package:/home/c1ph3r/ros2_ws/install/my_python_package:/opt/ros/humble /usr/bin/cmake --build /home/c1ph3r/ros2_ws/build/my_cpp_package -- -j8 -l8
[11.547s] Level 1:colcon.colcon_core.environment:create_environment_scripts_only(my_cpp_package)
[11.549s] Level 1:colcon.colcon_core.environment:checking '/home/c1ph3r/ros2_ws/install/my_cpp_package' for CMake module files
[11.550s] Level 1:colcon.colcon_core.environment:checking '/home/c1ph3r/ros2_ws/install/my_cpp_package' for CMake config files
[11.550s] Level 1:colcon.colcon_core.shell:create_environment_hook('my_cpp_package', 'cmake_prefix_path')
[11.552s] INFO:colcon.colcon_core.shell:Creating environment hook '/home/c1ph3r/ros2_ws/install/my_cpp_package/share/my_cpp_package/hook/cmake_prefix_path.ps1'
[11.552s] INFO:colcon.colcon_core.shell:Creating environment descriptor '/home/c1ph3r/ros2_ws/install/my_cpp_package/share/my_cpp_package/hook/cmake_prefix_path.dsv'
[11.552s] INFO:colcon.colcon_core.shell:Creating environment hook '/home/c1ph3r/ros2_ws/install/my_cpp_package/share/my_cpp_package/hook/cmake_prefix_path.sh'
[11.553s] Level 1:colcon.colcon_core.environment:checking '/home/c1ph3r/ros2_ws/install/my_cpp_package/lib'
[11.553s] Level 1:colcon.colcon_core.environment:checking '/home/c1ph3r/ros2_ws/install/my_cpp_package/bin'
[11.553s] Level 1:colcon.colcon_core.environment:checking '/home/c1ph3r/ros2_ws/install/my_cpp_package/lib/pkgconfig/my_cpp_package.pc'
[11.553s] Level 1:colcon.colcon_core.environment:checking '/home/c1ph3r/ros2_ws/install/my_cpp_package/lib/python3.10/site-packages'
[11.553s] Level 1:colcon.colcon_core.environment:checking '/home/c1ph3r/ros2_ws/install/my_cpp_package/bin'
[11.555s] INFO:colcon.colcon_core.shell:Creating package script '/home/c1ph3r/ros2_ws/install/my_cpp_package/share/my_cpp_package/package.ps1'
[11.555s] INFO:colcon.colcon_core.shell:Creating package descriptor '/home/c1ph3r/ros2_ws/install/my_cpp_package/share/my_cpp_package/package.dsv'
[11.556s] INFO:colcon.colcon_core.shell:Creating package script '/home/c1ph3r/ros2_ws/install/my_cpp_package/share/my_cpp_package/package.sh'
[11.556s] INFO:colcon.colcon_core.shell:Creating package script '/home/c1ph3r/ros2_ws/install/my_cpp_package/share/my_cpp_package/package.bash'
[11.556s] INFO:colcon.colcon_core.shell:Creating package script '/home/c1ph3r/ros2_ws/install/my_cpp_package/share/my_cpp_package/package.zsh'
[11.557s] Level 1:colcon.colcon_core.environment:create_file_with_runtime_dependencies(/home/c1ph3r/ros2_ws/install/my_cpp_package/share/colcon-core/packages/my_cpp_package)
[11.567s] DEBUG:colcon.colcon_parallel_executor.executor.parallel:closing loop
[11.567s] DEBUG:colcon.colcon_parallel_executor.executor.parallel:loop closed
[11.567s] DEBUG:colcon.colcon_parallel_executor.executor.parallel:run_until_complete finished with '2'
[11.567s] DEBUG:colcon.colcon_core.event_reactor:joining thread
[11.574s] INFO:colcon.colcon_core.plugin_system:Skipping extension 'colcon_notification.desktop_notification.terminal_notifier': Not used on non-Darwin systems
[11.574s] INFO:colcon.colcon_core.plugin_system:Skipping extension 'colcon_notification.desktop_notification.win32': Not used on non-Windows systems
[11.574s] INFO:colcon.colcon_notification.desktop_notification:Sending desktop notification using 'notify2'
[11.588s] DEBUG:colcon.colcon_core.event_reactor:joined thread
[11.591s] INFO:colcon.colcon_core.shell:Creating prefix script '/home/c1ph3r/ros2_ws/install/local_setup.ps1'
[11.593s] INFO:colcon.colcon_core.shell:Creating prefix util module '/home/c1ph3r/ros2_ws/install/_local_setup_util_ps1.py'
[11.596s] INFO:colcon.colcon_core.shell:Creating prefix chain script '/home/c1ph3r/ros2_ws/install/setup.ps1'
[11.600s] INFO:colcon.colcon_core.shell:Creating prefix script '/home/c1ph3r/ros2_ws/install/local_setup.sh'
[11.601s] INFO:colcon.colcon_core.shell:Creating prefix util module '/home/c1ph3r/ros2_ws/install/_local_setup_util_sh.py'
[11.602s] INFO:colcon.colcon_core.shell:Creating prefix chain script '/home/c1ph3r/ros2_ws/install/setup.sh'
[11.604s] INFO:colcon.colcon_core.shell:Creating prefix script '/home/c1ph3r/ros2_ws/install/local_setup.bash'
[11.604s] INFO:colcon.colcon_core.shell:Creating prefix chain script '/home/c1ph3r/ros2_ws/install/setup.bash'
[11.606s] INFO:colcon.colcon_core.shell:Creating prefix script '/home/c1ph3r/ros2_ws/install/local_setup.zsh'
[11.606s] INFO:colcon.colcon_core.shell:Creating prefix chain script '/home/c1ph3r/ros2_ws/install/setup.zsh'
