[0.737s] Invoking command in '/home/c1ph3r/ros2_ws/build/my_python_package': AMENT_PREFIX_PATH=/home/c1ph3r/ros2_ws/install/my_robot_interfaces:${AMENT_PREFIX_PATH} CMAKE_PREFIX_PATH=/home/c1ph3r/ros2_ws/install/my_robot_interfaces:${CMAKE_PREFIX_PATH} LD_LIBRARY_PATH=/home/c1ph3r/ros2_ws/install/my_robot_interfaces/lib:${LD_LIBRARY_PATH} PYTHONPATH=/home/c1ph3r/ros2_ws/build/my_python_package/prefix_override:/home/c1ph3r/ros2_ws/install/my_python_package/lib/python3.10/site-packages:/home/c1ph3r/ros2_ws/install/my_robot_interfaces/local/lib/python3.10/dist-packages:${PYTHONPATH} /usr/bin/python3 setup.py develop --uninstall --editable --build-directory /home/c1ph3r/ros2_ws/build/my_python_package/build
[1.069s] running develop
[1.304s] Invoked command in '/home/c1ph3r/ros2_ws/build/my_python_package' returned '0': AMENT_PREFIX_PATH=/home/c1ph3r/ros2_ws/install/my_robot_interfaces:${AMENT_PREFIX_PATH} CMAKE_PREFIX_PATH=/home/c1ph3r/ros2_ws/install/my_robot_interfaces:${CMAKE_PREFIX_PATH} LD_LIBRARY_PATH=/home/c1ph3r/ros2_ws/install/my_robot_interfaces/lib:${LD_LIBRARY_PATH} PYTHONPATH=/home/c1ph3r/ros2_ws/build/my_python_package/prefix_override:/home/c1ph3r/ros2_ws/install/my_python_package/lib/python3.10/site-packages:/home/c1ph3r/ros2_ws/install/my_robot_interfaces/local/lib/python3.10/dist-packages:${PYTHONPATH} /usr/bin/python3 setup.py develop --uninstall --editable --build-directory /home/c1ph3r/ros2_ws/build/my_python_package/build
[1.306s] Invoking command in '/home/c1ph3r/ros2_ws/src/my_python_package': AMENT_PREFIX_PATH=/home/c1ph3r/ros2_ws/install/my_robot_interfaces:${AMENT_PREFIX_PATH} CMAKE_PREFIX_PATH=/home/c1ph3r/ros2_ws/install/my_robot_interfaces:${CMAKE_PREFIX_PATH} LD_LIBRARY_PATH=/home/c1ph3r/ros2_ws/install/my_robot_interfaces/lib:${LD_LIBRARY_PATH} PYTHONPATH=/home/c1ph3r/ros2_ws/build/my_python_package/prefix_override:/home/c1ph3r/ros2_ws/install/my_python_package/lib/python3.10/site-packages:/home/c1ph3r/ros2_ws/install/my_robot_interfaces/local/lib/python3.10/dist-packages:${PYTHONPATH} /usr/bin/python3 setup.py egg_info --egg-base ../../build/my_python_package build --build-base /home/c1ph3r/ros2_ws/build/my_python_package/build install --record /home/c1ph3r/ros2_ws/build/my_python_package/install.log --single-version-externally-managed
[1.605s] running egg_info
[1.606s] writing ../../build/my_python_package/my_python_package.egg-info/PKG-INFO
[1.606s] writing dependency_links to ../../build/my_python_package/my_python_package.egg-info/dependency_links.txt
[1.606s] writing entry points to ../../build/my_python_package/my_python_package.egg-info/entry_points.txt
[1.607s] writing requirements to ../../build/my_python_package/my_python_package.egg-info/requires.txt
[1.607s] writing top-level names to ../../build/my_python_package/my_python_package.egg-info/top_level.txt
[1.609s] reading manifest file '../../build/my_python_package/my_python_package.egg-info/SOURCES.txt'
[1.610s] writing manifest file '../../build/my_python_package/my_python_package.egg-info/SOURCES.txt'
[1.610s] running build
[1.611s] running build_py
[1.612s] running install
[1.612s] running install_lib
[1.614s] running install_data
[1.615s] running install_egg_info
[1.617s] removing '/home/c1ph3r/ros2_ws/install/my_python_package/lib/python3.10/site-packages/my_python_package-0.0.0-py3.10.egg-info' (and everything under it)
[1.617s] Copying ../../build/my_python_package/my_python_package.egg-info to /home/c1ph3r/ros2_ws/install/my_python_package/lib/python3.10/site-packages/my_python_package-0.0.0-py3.10.egg-info
[1.618s] running install_scripts
[1.640s] Installing add_two_ints_client script to /home/c1ph3r/ros2_ws/install/my_python_package/lib/my_python_package
[1.640s] Installing add_two_ints_client_oops script to /home/c1ph3r/ros2_ws/install/my_python_package/lib/my_python_package
[1.640s] Installing add_two_ints_server script to /home/c1ph3r/ros2_ws/install/my_python_package/lib/my_python_package
[1.640s] Installing hardware_status_publisher script to /home/c1ph3r/ros2_ws/install/my_python_package/lib/my_python_package
[1.641s] Installing number_counter script to /home/c1ph3r/ros2_ws/install/my_python_package/lib/my_python_package
[1.641s] Installing number_publisher script to /home/c1ph3r/ros2_ws/install/my_python_package/lib/my_python_package
[1.641s] Installing py_node script to /home/c1ph3r/ros2_ws/install/my_python_package/lib/my_python_package
[1.641s] Installing py_node_oop script to /home/c1ph3r/ros2_ws/install/my_python_package/lib/my_python_package
[1.641s] Installing robot_news_station script to /home/c1ph3r/ros2_ws/install/my_python_package/lib/my_python_package
[1.641s] Installing smartphone script to /home/c1ph3r/ros2_ws/install/my_python_package/lib/my_python_package
[1.642s] writing list of installed files to '/home/c1ph3r/ros2_ws/build/my_python_package/install.log'
[1.688s] Invoked command in '/home/c1ph3r/ros2_ws/src/my_python_package' returned '0': AMENT_PREFIX_PATH=/home/c1ph3r/ros2_ws/install/my_robot_interfaces:${AMENT_PREFIX_PATH} CMAKE_PREFIX_PATH=/home/c1ph3r/ros2_ws/install/my_robot_interfaces:${CMAKE_PREFIX_PATH} LD_LIBRARY_PATH=/home/c1ph3r/ros2_ws/install/my_robot_interfaces/lib:${LD_LIBRARY_PATH} PYTHONPATH=/home/c1ph3r/ros2_ws/build/my_python_package/prefix_override:/home/c1ph3r/ros2_ws/install/my_python_package/lib/python3.10/site-packages:/home/c1ph3r/ros2_ws/install/my_robot_interfaces/local/lib/python3.10/dist-packages:${PYTHONPATH} /usr/bin/python3 setup.py egg_info --egg-base ../../build/my_python_package build --build-base /home/c1ph3r/ros2_ws/build/my_python_package/build install --record /home/c1ph3r/ros2_ws/build/my_python_package/install.log --single-version-externally-managed
