[0.713s] Invoking command in '/home/c1ph3r/ros2_ws/build/my_python_package': PYTHONPATH=/home/c1ph3r/ros2_ws/build/my_python_package/prefix_override:/home/c1ph3r/ros2_ws/install/my_python_package/lib/python3.10/site-packages:${PYTHONPATH} /usr/bin/python3 setup.py develop --uninstall --editable --build-directory /home/c1ph3r/ros2_ws/build/my_python_package/build
[0.984s] running develop
[1.208s] Invoked command in '/home/c1ph3r/ros2_ws/build/my_python_package' returned '0': PYTHONPATH=/home/c1ph3r/ros2_ws/build/my_python_package/prefix_override:/home/c1ph3r/ros2_ws/install/my_python_package/lib/python3.10/site-packages:${PYTHONPATH} /usr/bin/python3 setup.py develop --uninstall --editable --build-directory /home/c1ph3r/ros2_ws/build/my_python_package/build
[1.211s] Invoking command in '/home/c1ph3r/ros2_ws/src/my_python_package': PYTHONPATH=/home/c1ph3r/ros2_ws/build/my_python_package/prefix_override:/home/c1ph3r/ros2_ws/install/my_python_package/lib/python3.10/site-packages:${PYTHONPATH} /usr/bin/python3 setup.py egg_info --egg-base ../../build/my_python_package build --build-base /home/c1ph3r/ros2_ws/build/my_python_package/build install --record /home/c1ph3r/ros2_ws/build/my_python_package/install.log --single-version-externally-managed
[1.470s] running egg_info
[1.470s] writing ../../build/my_python_package/my_python_package.egg-info/PKG-INFO
[1.471s] writing dependency_links to ../../build/my_python_package/my_python_package.egg-info/dependency_links.txt
[1.471s] writing entry points to ../../build/my_python_package/my_python_package.egg-info/entry_points.txt
[1.471s] writing requirements to ../../build/my_python_package/my_python_package.egg-info/requires.txt
[1.471s] writing top-level names to ../../build/my_python_package/my_python_package.egg-info/top_level.txt
[1.473s] reading manifest file '../../build/my_python_package/my_python_package.egg-info/SOURCES.txt'
[1.474s] writing manifest file '../../build/my_python_package/my_python_package.egg-info/SOURCES.txt'
[1.474s] running build
[1.474s] running build_py
[1.474s] copying my_python_package/number_publisher.py -> /home/c1ph3r/ros2_ws/build/my_python_package/build/lib/my_python_package
[1.475s] running install
[1.475s] running install_lib
[1.476s] copying /home/c1ph3r/ros2_ws/build/my_python_package/build/lib/my_python_package/number_publisher.py -> /home/c1ph3r/ros2_ws/install/my_python_package/lib/python3.10/site-packages/my_python_package
[1.477s] byte-compiling /home/c1ph3r/ros2_ws/install/my_python_package/lib/python3.10/site-packages/my_python_package/number_publisher.py to number_publisher.cpython-310.pyc
[1.477s] running install_data
[1.478s] running install_egg_info
[1.479s] removing '/home/c1ph3r/ros2_ws/install/my_python_package/lib/python3.10/site-packages/my_python_package-0.0.0-py3.10.egg-info' (and everything under it)
[1.480s] Copying ../../build/my_python_package/my_python_package.egg-info to /home/c1ph3r/ros2_ws/install/my_python_package/lib/python3.10/site-packages/my_python_package-0.0.0-py3.10.egg-info
[1.480s] running install_scripts
[1.500s] Installing number_publisher script to /home/c1ph3r/ros2_ws/install/my_python_package/lib/my_python_package
[1.501s] Installing py_node script to /home/c1ph3r/ros2_ws/install/my_python_package/lib/my_python_package
[1.501s] Installing py_node_oop script to /home/c1ph3r/ros2_ws/install/my_python_package/lib/my_python_package
[1.501s] Installing robot_news_station script to /home/c1ph3r/ros2_ws/install/my_python_package/lib/my_python_package
[1.501s] Installing smartphone script to /home/c1ph3r/ros2_ws/install/my_python_package/lib/my_python_package
[1.501s] writing list of installed files to '/home/c1ph3r/ros2_ws/build/my_python_package/install.log'
[1.543s] Invoked command in '/home/c1ph3r/ros2_ws/src/my_python_package' returned '0': PYTHONPATH=/home/c1ph3r/ros2_ws/build/my_python_package/prefix_override:/home/c1ph3r/ros2_ws/install/my_python_package/lib/python3.10/site-packages:${PYTHONPATH} /usr/bin/python3 setup.py egg_info --egg-base ../../build/my_python_package build --build-base /home/c1ph3r/ros2_ws/build/my_python_package/build install --record /home/c1ph3r/ros2_ws/build/my_python_package/install.log --single-version-externally-managed
