[0.370s] DEBUG:colcon:Command line arguments: ['/usr/bin/colcon', 'build']
[0.370s] DEBUG:colcon:Parsed command line arguments: Namespace(log_base=None, log_level=None, verb_name='build', build_base='build', install_base='install', merge_install=False, symlink_install=False, test_result_base=None, continue_on_error=False, executor='parallel', parallel_workers=8, event_handlers=None, ignore_user_meta=False, metas=['./colcon.meta'], base_paths=['.'], packages_ignore=None, packages_ignore_regex=None, paths=None, packages_up_to=None, packages_up_to_regex=None, packages_above=None, packages_above_and_dependencies=None, packages_above_depth=None, packages_select_by_dep=None, packages_skip_by_dep=None, packages_skip_up_to=None, packages_select_build_failed=False, packages_skip_build_finished=False, packages_select_test_failures=False, packages_skip_test_passed=False, packages_select=None, packages_skip=None, packages_select_regex=None, packages_skip_regex=None, packages_start=None, packages_end=None, allow_overriding=[], cmake_args=None, cmake_target=None, cmake_target_skip_unavailable=False, cmake_clean_cache=False, cmake_clean_first=False, cmake_force_configure=False, ament_cmake_args=None, catkin_cmake_args=None, catkin_skip_building_tests=False, verb_parser=<colcon_defaults.argument_parser.defaults.DefaultArgumentsDecorator object at 0x7f900a7cfc70>, verb_extension=<colcon_core.verb.build.BuildVerb object at 0x7f900a6d45e0>, main=<bound method BuildVerb.main of <colcon_core.verb.build.BuildVerb object at 0x7f900a6d45e0>>)
[0.407s] Level 1:colcon.colcon_core.package_discovery:discover_packages(colcon_meta) check parameters
[0.407s] Level 1:colcon.colcon_core.package_discovery:discover_packages(recursive) check parameters
[0.407s] Level 1:colcon.colcon_core.package_discovery:discover_packages(ignore) check parameters
[0.407s] Level 1:colcon.colcon_core.package_discovery:discover_packages(path) check parameters
[0.407s] Level 1:colcon.colcon_core.package_discovery:discover_packages(colcon_meta) discover
[0.407s] Level 1:colcon.colcon_core.package_discovery:discover_packages(recursive) discover
[0.407s] INFO:colcon.colcon_core.package_discovery:Crawling recursively for packages in '/home/c1ph3r/ros2_ws/src'
[0.407s] Level 1:colcon.colcon_core.package_identification:_identify(.) by extensions ['ignore', 'ignore_ament_install']
[0.407s] Level 1:colcon.colcon_core.package_identification:_identify(.) by extension 'ignore'
[0.407s] Level 1:colcon.colcon_core.package_identification:_identify(.) by extension 'ignore_ament_install'
[0.407s] Level 1:colcon.colcon_core.package_identification:_identify(.) by extensions ['colcon_pkg']
[0.407s] Level 1:colcon.colcon_core.package_identification:_identify(.) by extension 'colcon_pkg'
[0.408s] Level 1:colcon.colcon_core.package_identification:_identify(.) by extensions ['colcon_meta']
[0.408s] Level 1:colcon.colcon_core.package_identification:_identify(.) by extension 'colcon_meta'
[0.408s] Level 1:colcon.colcon_core.package_identification:_identify(.) by extensions ['ros']
[0.408s] Level 1:colcon.colcon_core.package_identification:_identify(.) by extension 'ros'
[0.420s] Level 1:colcon.colcon_core.package_identification:_identify(.) by extensions ['cmake', 'python']
[0.420s] Level 1:colcon.colcon_core.package_identification:_identify(.) by extension 'cmake'
[0.420s] Level 1:colcon.colcon_core.package_identification:_identify(.) by extension 'python'
[0.420s] Level 1:colcon.colcon_core.package_identification:_identify(.) by extensions ['python_setup_py']
[0.420s] Level 1:colcon.colcon_core.package_identification:_identify(.) by extension 'python_setup_py'
[0.420s] Level 1:colcon.colcon_core.package_identification:_identify(build) by extensions ['ignore', 'ignore_ament_install']
[0.420s] Level 1:colcon.colcon_core.package_identification:_identify(build) by extension 'ignore'
[0.420s] Level 1:colcon.colcon_core.package_identification:_identify(build) ignored
[0.421s] Level 1:colcon.colcon_core.package_identification:_identify(install) by extensions ['ignore', 'ignore_ament_install']
[0.421s] Level 1:colcon.colcon_core.package_identification:_identify(install) by extension 'ignore'
[0.421s] Level 1:colcon.colcon_core.package_identification:_identify(install) ignored
[0.421s] Level 1:colcon.colcon_core.package_identification:_identify(log) by extensions ['ignore', 'ignore_ament_install']
[0.421s] Level 1:colcon.colcon_core.package_identification:_identify(log) by extension 'ignore'
[0.421s] Level 1:colcon.colcon_core.package_identification:_identify(log) ignored
[0.421s] Level 1:colcon.colcon_core.package_identification:_identify(my_cpp_package) by extensions ['ignore', 'ignore_ament_install']
[0.421s] Level 1:colcon.colcon_core.package_identification:_identify(my_cpp_package) by extension 'ignore'
[0.421s] Level 1:colcon.colcon_core.package_identification:_identify(my_cpp_package) by extension 'ignore_ament_install'
[0.421s] Level 1:colcon.colcon_core.package_identification:_identify(my_cpp_package) by extensions ['colcon_pkg']
[0.421s] Level 1:colcon.colcon_core.package_identification:_identify(my_cpp_package) by extension 'colcon_pkg'
[0.421s] Level 1:colcon.colcon_core.package_identification:_identify(my_cpp_package) by extensions ['colcon_meta']
[0.421s] Level 1:colcon.colcon_core.package_identification:_identify(my_cpp_package) by extension 'colcon_meta'
[0.421s] Level 1:colcon.colcon_core.package_identification:_identify(my_cpp_package) by extensions ['ros']
[0.421s] Level 1:colcon.colcon_core.package_identification:_identify(my_cpp_package) by extension 'ros'
[0.425s] DEBUG:colcon.colcon_core.package_identification:Package 'my_cpp_package' with type 'ros.ament_cmake' and name 'my_cpp_package'
[0.425s] Level 1:colcon.colcon_core.package_identification:_identify(my_python_package) by extensions ['ignore', 'ignore_ament_install']
[0.425s] Level 1:colcon.colcon_core.package_identification:_identify(my_python_package) by extension 'ignore'
[0.425s] Level 1:colcon.colcon_core.package_identification:_identify(my_python_package) by extension 'ignore_ament_install'
[0.426s] Level 1:colcon.colcon_core.package_identification:_identify(my_python_package) by extensions ['colcon_pkg']
[0.426s] Level 1:colcon.colcon_core.package_identification:_identify(my_python_package) by extension 'colcon_pkg'
[0.426s] Level 1:colcon.colcon_core.package_identification:_identify(my_python_package) by extensions ['colcon_meta']
[0.426s] Level 1:colcon.colcon_core.package_identification:_identify(my_python_package) by extension 'colcon_meta'
[0.426s] Level 1:colcon.colcon_core.package_identification:_identify(my_python_package) by extensions ['ros']
[0.426s] Level 1:colcon.colcon_core.package_identification:_identify(my_python_package) by extension 'ros'
[0.427s] DEBUG:colcon.colcon_core.package_identification:Package 'my_python_package' with type 'ros.ament_python' and name 'my_python_package'
[0.427s] Level 1:colcon.colcon_core.package_identification:_identify(my_robot_interfaces) by extensions ['ignore', 'ignore_ament_install']
[0.427s] Level 1:colcon.colcon_core.package_identification:_identify(my_robot_interfaces) by extension 'ignore'
[0.427s] Level 1:colcon.colcon_core.package_identification:_identify(my_robot_interfaces) by extension 'ignore_ament_install'
[0.427s] Level 1:colcon.colcon_core.package_identification:_identify(my_robot_interfaces) by extensions ['colcon_pkg']
[0.427s] Level 1:colcon.colcon_core.package_identification:_identify(my_robot_interfaces) by extension 'colcon_pkg'
[0.427s] Level 1:colcon.colcon_core.package_identification:_identify(my_robot_interfaces) by extensions ['colcon_meta']
[0.427s] Level 1:colcon.colcon_core.package_identification:_identify(my_robot_interfaces) by extension 'colcon_meta'
[0.427s] Level 1:colcon.colcon_core.package_identification:_identify(my_robot_interfaces) by extensions ['ros']
[0.427s] Level 1:colcon.colcon_core.package_identification:_identify(my_robot_interfaces) by extension 'ros'
[0.428s] DEBUG:colcon.colcon_core.package_identification:Package 'my_robot_interfaces' with type 'ros.ament_cmake' and name 'my_robot_interfaces'
[0.428s] Level 1:colcon.colcon_core.package_discovery:discover_packages(recursive) using defaults
[0.428s] Level 1:colcon.colcon_core.package_discovery:discover_packages(ignore) discover
[0.428s] Level 1:colcon.colcon_core.package_discovery:discover_packages(ignore) using defaults
[0.428s] Level 1:colcon.colcon_core.package_discovery:discover_packages(path) discover
[0.428s] Level 1:colcon.colcon_core.package_discovery:discover_packages(path) using defaults
[0.455s] Level 1:colcon.colcon_core.package_discovery:discover_packages(prefix_path) check parameters
[0.455s] Level 1:colcon.colcon_core.package_discovery:discover_packages(prefix_path) discover
[0.459s] DEBUG:colcon.colcon_installed_package_information.package_discovery:Found 3 installed packages in /home/c1ph3r/ros2_ws/install
[0.461s] DEBUG:colcon.colcon_installed_package_information.package_discovery:Found 270 installed packages in /opt/ros/humble
[0.462s] Level 1:colcon.colcon_core.package_discovery:discover_packages(prefix_path) using defaults
[0.527s] Level 5:colcon.colcon_core.verb:set package 'my_robot_interfaces' build argument 'cmake_args' from command line to 'None'
[0.527s] Level 5:colcon.colcon_core.verb:set package 'my_robot_interfaces' build argument 'cmake_target' from command line to 'None'
[0.528s] Level 5:colcon.colcon_core.verb:set package 'my_robot_interfaces' build argument 'cmake_target_skip_unavailable' from command line to 'False'
[0.528s] Level 5:colcon.colcon_core.verb:set package 'my_robot_interfaces' build argument 'cmake_clean_cache' from command line to 'False'
[0.528s] Level 5:colcon.colcon_core.verb:set package 'my_robot_interfaces' build argument 'cmake_clean_first' from command line to 'False'
[0.528s] Level 5:colcon.colcon_core.verb:set package 'my_robot_interfaces' build argument 'cmake_force_configure' from command line to 'False'
[0.528s] Level 5:colcon.colcon_core.verb:set package 'my_robot_interfaces' build argument 'ament_cmake_args' from command line to 'None'
[0.528s] Level 5:colcon.colcon_core.verb:set package 'my_robot_interfaces' build argument 'catkin_cmake_args' from command line to 'None'
[0.528s] Level 5:colcon.colcon_core.verb:set package 'my_robot_interfaces' build argument 'catkin_skip_building_tests' from command line to 'False'
[0.528s] DEBUG:colcon.colcon_core.verb:Building package 'my_robot_interfaces' with the following arguments: {'ament_cmake_args': None, 'build_base': '/home/c1ph3r/ros2_ws/src/build/my_robot_interfaces', 'catkin_cmake_args': None, 'catkin_skip_building_tests': False, 'cmake_args': None, 'cmake_clean_cache': False, 'cmake_clean_first': False, 'cmake_force_configure': False, 'cmake_target': None, 'cmake_target_skip_unavailable': False, 'install_base': '/home/c1ph3r/ros2_ws/src/install/my_robot_interfaces', 'merge_install': False, 'path': '/home/c1ph3r/ros2_ws/src/my_robot_interfaces', 'symlink_install': False, 'test_result_base': None}
[0.529s] Level 5:colcon.colcon_core.verb:set package 'my_cpp_package' build argument 'cmake_args' from command line to 'None'
[0.529s] Level 5:colcon.colcon_core.verb:set package 'my_cpp_package' build argument 'cmake_target' from command line to 'None'
[0.529s] Level 5:colcon.colcon_core.verb:set package 'my_cpp_package' build argument 'cmake_target_skip_unavailable' from command line to 'False'
[0.529s] Level 5:colcon.colcon_core.verb:set package 'my_cpp_package' build argument 'cmake_clean_cache' from command line to 'False'
[0.529s] Level 5:colcon.colcon_core.verb:set package 'my_cpp_package' build argument 'cmake_clean_first' from command line to 'False'
[0.529s] Level 5:colcon.colcon_core.verb:set package 'my_cpp_package' build argument 'cmake_force_configure' from command line to 'False'
[0.529s] Level 5:colcon.colcon_core.verb:set package 'my_cpp_package' build argument 'ament_cmake_args' from command line to 'None'
[0.529s] Level 5:colcon.colcon_core.verb:set package 'my_cpp_package' build argument 'catkin_cmake_args' from command line to 'None'
[0.529s] Level 5:colcon.colcon_core.verb:set package 'my_cpp_package' build argument 'catkin_skip_building_tests' from command line to 'False'
[0.529s] DEBUG:colcon.colcon_core.verb:Building package 'my_cpp_package' with the following arguments: {'ament_cmake_args': None, 'build_base': '/home/c1ph3r/ros2_ws/src/build/my_cpp_package', 'catkin_cmake_args': None, 'catkin_skip_building_tests': False, 'cmake_args': None, 'cmake_clean_cache': False, 'cmake_clean_first': False, 'cmake_force_configure': False, 'cmake_target': None, 'cmake_target_skip_unavailable': False, 'install_base': '/home/c1ph3r/ros2_ws/src/install/my_cpp_package', 'merge_install': False, 'path': '/home/c1ph3r/ros2_ws/src/my_cpp_package', 'symlink_install': False, 'test_result_base': None}
[0.530s] Level 5:colcon.colcon_core.verb:set package 'my_python_package' build argument 'cmake_args' from command line to 'None'
[0.530s] Level 5:colcon.colcon_core.verb:set package 'my_python_package' build argument 'cmake_target' from command line to 'None'
[0.530s] Level 5:colcon.colcon_core.verb:set package 'my_python_package' build argument 'cmake_target_skip_unavailable' from command line to 'False'
[0.530s] Level 5:colcon.colcon_core.verb:set package 'my_python_package' build argument 'cmake_clean_cache' from command line to 'False'
[0.530s] Level 5:colcon.colcon_core.verb:set package 'my_python_package' build argument 'cmake_clean_first' from command line to 'False'
[0.530s] Level 5:colcon.colcon_core.verb:set package 'my_python_package' build argument 'cmake_force_configure' from command line to 'False'
[0.530s] Level 5:colcon.colcon_core.verb:set package 'my_python_package' build argument 'ament_cmake_args' from command line to 'None'
[0.530s] Level 5:colcon.colcon_core.verb:set package 'my_python_package' build argument 'catkin_cmake_args' from command line to 'None'
[0.530s] Level 5:colcon.colcon_core.verb:set package 'my_python_package' build argument 'catkin_skip_building_tests' from command line to 'False'
[0.530s] DEBUG:colcon.colcon_core.verb:Building package 'my_python_package' with the following arguments: {'ament_cmake_args': None, 'build_base': '/home/c1ph3r/ros2_ws/src/build/my_python_package', 'catkin_cmake_args': None, 'catkin_skip_building_tests': False, 'cmake_args': None, 'cmake_clean_cache': False, 'cmake_clean_first': False, 'cmake_force_configure': False, 'cmake_target': None, 'cmake_target_skip_unavailable': False, 'install_base': '/home/c1ph3r/ros2_ws/src/install/my_python_package', 'merge_install': False, 'path': '/home/c1ph3r/ros2_ws/src/my_python_package', 'symlink_install': False, 'test_result_base': None}
[0.531s] INFO:colcon.colcon_core.executor:Executing jobs using 'parallel' executor
[0.535s] DEBUG:colcon.colcon_parallel_executor.executor.parallel:run_until_complete
[0.535s] INFO:colcon.colcon_ros.task.ament_cmake.build:Building ROS package in '/home/c1ph3r/ros2_ws/src/my_robot_interfaces' with build type 'ament_cmake'
[0.535s] INFO:colcon.colcon_cmake.task.cmake.build:Building CMake package in '/home/c1ph3r/ros2_ws/src/my_robot_interfaces'
[0.542s] INFO:colcon.colcon_core.plugin_system:Skipping extension 'colcon_core.shell.bat': Not used on non-Windows systems
[0.542s] INFO:colcon.colcon_core.shell:Skip shell extension 'powershell' for command environment: Not usable outside of PowerShell
[0.542s] DEBUG:colcon.colcon_core.shell:Skip shell extension 'dsv' for command environment
[0.554s] DEBUG:colcon.colcon_core.event_handler.log_command:Invoking command in '/home/c1ph3r/ros2_ws/src/build/my_robot_interfaces': CMAKE_PREFIX_PATH=${CMAKE_PREFIX_PATH}:/home/c1ph3r/ros2_ws/install/my_python_package:/opt/ros/humble /usr/bin/cmake /home/c1ph3r/ros2_ws/src/my_robot_interfaces -DCMAKE_INSTALL_PREFIX=/home/c1ph3r/ros2_ws/src/install/my_robot_interfaces
[2.376s] DEBUG:colcon.colcon_core.event_handler.log_command:Invoked command in '/home/c1ph3r/ros2_ws/src/build/my_robot_interfaces' returned '0': CMAKE_PREFIX_PATH=${CMAKE_PREFIX_PATH}:/home/c1ph3r/ros2_ws/install/my_python_package:/opt/ros/humble /usr/bin/cmake /home/c1ph3r/ros2_ws/src/my_robot_interfaces -DCMAKE_INSTALL_PREFIX=/home/c1ph3r/ros2_ws/src/install/my_robot_interfaces
[2.379s] DEBUG:colcon.colcon_core.event_handler.log_command:Invoking command in '/home/c1ph3r/ros2_ws/src/build/my_robot_interfaces': CMAKE_PREFIX_PATH=${CMAKE_PREFIX_PATH}:/home/c1ph3r/ros2_ws/install/my_python_package:/opt/ros/humble /usr/bin/cmake --build /home/c1ph3r/ros2_ws/src/build/my_robot_interfaces -- -j8 -l8
[4.637s] DEBUG:colcon.colcon_core.event_handler.log_command:Invoked command in '/home/c1ph3r/ros2_ws/src/build/my_robot_interfaces' returned '0': CMAKE_PREFIX_PATH=${CMAKE_PREFIX_PATH}:/home/c1ph3r/ros2_ws/install/my_python_package:/opt/ros/humble /usr/bin/cmake --build /home/c1ph3r/ros2_ws/src/build/my_robot_interfaces -- -j8 -l8
[4.695s] DEBUG:colcon.colcon_core.event_handler.log_command:Invoking command in '/home/c1ph3r/ros2_ws/src/build/my_robot_interfaces': CMAKE_PREFIX_PATH=${CMAKE_PREFIX_PATH}:/home/c1ph3r/ros2_ws/install/my_python_package:/opt/ros/humble /usr/bin/cmake --install /home/c1ph3r/ros2_ws/src/build/my_robot_interfaces
[4.773s] Level 1:colcon.colcon_core.environment:create_environment_scripts_only(my_robot_interfaces)
[4.773s] DEBUG:colcon.colcon_core.event_handler.log_command:Invoked command in '/home/c1ph3r/ros2_ws/src/build/my_robot_interfaces' returned '0': CMAKE_PREFIX_PATH=${CMAKE_PREFIX_PATH}:/home/c1ph3r/ros2_ws/install/my_python_package:/opt/ros/humble /usr/bin/cmake --install /home/c1ph3r/ros2_ws/src/build/my_robot_interfaces
[4.780s] Level 1:colcon.colcon_core.environment:checking '/home/c1ph3r/ros2_ws/src/install/my_robot_interfaces' for CMake module files
[4.781s] Level 1:colcon.colcon_core.environment:checking '/home/c1ph3r/ros2_ws/src/install/my_robot_interfaces' for CMake config files
[4.781s] Level 1:colcon.colcon_core.shell:create_environment_hook('my_robot_interfaces', 'cmake_prefix_path')
[4.783s] INFO:colcon.colcon_core.shell:Creating environment hook '/home/c1ph3r/ros2_ws/src/install/my_robot_interfaces/share/my_robot_interfaces/hook/cmake_prefix_path.ps1'
[4.783s] INFO:colcon.colcon_core.shell:Creating environment descriptor '/home/c1ph3r/ros2_ws/src/install/my_robot_interfaces/share/my_robot_interfaces/hook/cmake_prefix_path.dsv'
[4.784s] INFO:colcon.colcon_core.shell:Creating environment hook '/home/c1ph3r/ros2_ws/src/install/my_robot_interfaces/share/my_robot_interfaces/hook/cmake_prefix_path.sh'
[4.785s] Level 1:colcon.colcon_core.environment:checking '/home/c1ph3r/ros2_ws/src/install/my_robot_interfaces/lib'
[4.785s] Level 1:colcon.colcon_core.shell:create_environment_hook('my_robot_interfaces', 'ld_library_path_lib')
[4.786s] INFO:colcon.colcon_core.shell:Creating environment hook '/home/c1ph3r/ros2_ws/src/install/my_robot_interfaces/share/my_robot_interfaces/hook/ld_library_path_lib.ps1'
[4.787s] INFO:colcon.colcon_core.shell:Creating environment descriptor '/home/c1ph3r/ros2_ws/src/install/my_robot_interfaces/share/my_robot_interfaces/hook/ld_library_path_lib.dsv'
[4.787s] INFO:colcon.colcon_core.shell:Creating environment hook '/home/c1ph3r/ros2_ws/src/install/my_robot_interfaces/share/my_robot_interfaces/hook/ld_library_path_lib.sh'
[4.787s] Level 1:colcon.colcon_core.environment:checking '/home/c1ph3r/ros2_ws/src/install/my_robot_interfaces/bin'
[4.787s] Level 1:colcon.colcon_core.environment:checking '/home/c1ph3r/ros2_ws/src/install/my_robot_interfaces/lib/pkgconfig/my_robot_interfaces.pc'
[4.788s] Level 1:colcon.colcon_core.environment:checking '/home/c1ph3r/ros2_ws/src/install/my_robot_interfaces/lib/python3.10/site-packages'
[4.788s] Level 1:colcon.colcon_core.environment:checking '/home/c1ph3r/ros2_ws/src/install/my_robot_interfaces/bin'
[4.789s] INFO:colcon.colcon_core.shell:Creating package script '/home/c1ph3r/ros2_ws/src/install/my_robot_interfaces/share/my_robot_interfaces/package.ps1'
[4.790s] INFO:colcon.colcon_core.shell:Creating package descriptor '/home/c1ph3r/ros2_ws/src/install/my_robot_interfaces/share/my_robot_interfaces/package.dsv'
[4.791s] INFO:colcon.colcon_core.shell:Creating package script '/home/c1ph3r/ros2_ws/src/install/my_robot_interfaces/share/my_robot_interfaces/package.sh'
[4.792s] INFO:colcon.colcon_core.shell:Creating package script '/home/c1ph3r/ros2_ws/src/install/my_robot_interfaces/share/my_robot_interfaces/package.bash'
[4.792s] INFO:colcon.colcon_core.shell:Creating package script '/home/c1ph3r/ros2_ws/src/install/my_robot_interfaces/share/my_robot_interfaces/package.zsh'
[4.793s] Level 1:colcon.colcon_core.environment:create_file_with_runtime_dependencies(/home/c1ph3r/ros2_ws/src/install/my_robot_interfaces/share/colcon-core/packages/my_robot_interfaces)
[4.843s] Level 1:colcon.colcon_core.environment:create_environment_scripts_only(my_robot_interfaces)
[4.846s] Level 1:colcon.colcon_core.environment:checking '/home/c1ph3r/ros2_ws/src/install/my_robot_interfaces' for CMake module files
[4.847s] Level 1:colcon.colcon_core.environment:checking '/home/c1ph3r/ros2_ws/src/install/my_robot_interfaces' for CMake config files
[4.847s] Level 1:colcon.colcon_core.shell:create_environment_hook('my_robot_interfaces', 'cmake_prefix_path')
[4.849s] INFO:colcon.colcon_core.shell:Creating environment hook '/home/c1ph3r/ros2_ws/src/install/my_robot_interfaces/share/my_robot_interfaces/hook/cmake_prefix_path.ps1'
[4.850s] INFO:colcon.colcon_core.shell:Creating environment descriptor '/home/c1ph3r/ros2_ws/src/install/my_robot_interfaces/share/my_robot_interfaces/hook/cmake_prefix_path.dsv'
[4.850s] INFO:colcon.colcon_core.shell:Creating environment hook '/home/c1ph3r/ros2_ws/src/install/my_robot_interfaces/share/my_robot_interfaces/hook/cmake_prefix_path.sh'
[4.851s] Level 1:colcon.colcon_core.environment:checking '/home/c1ph3r/ros2_ws/src/install/my_robot_interfaces/lib'
[4.851s] Level 1:colcon.colcon_core.shell:create_environment_hook('my_robot_interfaces', 'ld_library_path_lib')
[4.852s] INFO:colcon.colcon_core.shell:Creating environment hook '/home/c1ph3r/ros2_ws/src/install/my_robot_interfaces/share/my_robot_interfaces/hook/ld_library_path_lib.ps1'
[4.853s] INFO:colcon.colcon_core.shell:Creating environment descriptor '/home/c1ph3r/ros2_ws/src/install/my_robot_interfaces/share/my_robot_interfaces/hook/ld_library_path_lib.dsv'
[4.854s] INFO:colcon.colcon_core.shell:Creating environment hook '/home/c1ph3r/ros2_ws/src/install/my_robot_interfaces/share/my_robot_interfaces/hook/ld_library_path_lib.sh'
[4.854s] Level 1:colcon.colcon_core.environment:checking '/home/c1ph3r/ros2_ws/src/install/my_robot_interfaces/bin'
[4.854s] Level 1:colcon.colcon_core.environment:checking '/home/c1ph3r/ros2_ws/src/install/my_robot_interfaces/lib/pkgconfig/my_robot_interfaces.pc'
[4.854s] Level 1:colcon.colcon_core.environment:checking '/home/c1ph3r/ros2_ws/src/install/my_robot_interfaces/lib/python3.10/site-packages'
[4.855s] Level 1:colcon.colcon_core.environment:checking '/home/c1ph3r/ros2_ws/src/install/my_robot_interfaces/bin'
[4.856s] INFO:colcon.colcon_core.shell:Creating package script '/home/c1ph3r/ros2_ws/src/install/my_robot_interfaces/share/my_robot_interfaces/package.ps1'
[4.857s] INFO:colcon.colcon_core.shell:Creating package descriptor '/home/c1ph3r/ros2_ws/src/install/my_robot_interfaces/share/my_robot_interfaces/package.dsv'
[4.857s] INFO:colcon.colcon_core.shell:Creating package script '/home/c1ph3r/ros2_ws/src/install/my_robot_interfaces/share/my_robot_interfaces/package.sh'
[4.858s] INFO:colcon.colcon_core.shell:Creating package script '/home/c1ph3r/ros2_ws/src/install/my_robot_interfaces/share/my_robot_interfaces/package.bash'
[4.858s] INFO:colcon.colcon_core.shell:Creating package script '/home/c1ph3r/ros2_ws/src/install/my_robot_interfaces/share/my_robot_interfaces/package.zsh'
[4.859s] Level 1:colcon.colcon_core.environment:create_file_with_runtime_dependencies(/home/c1ph3r/ros2_ws/src/install/my_robot_interfaces/share/colcon-core/packages/my_robot_interfaces)
[4.859s] INFO:colcon.colcon_ros.task.ament_cmake.build:Building ROS package in '/home/c1ph3r/ros2_ws/src/my_cpp_package' with build type 'ament_cmake'
[4.859s] INFO:colcon.colcon_cmake.task.cmake.build:Building CMake package in '/home/c1ph3r/ros2_ws/src/my_cpp_package'
[4.861s] INFO:colcon.colcon_core.shell:Skip shell extension 'powershell' for command environment: Not usable outside of PowerShell
[4.861s] DEBUG:colcon.colcon_core.shell:Skip shell extension 'dsv' for command environment
[4.866s] INFO:colcon.colcon_ros.task.ament_python.build:Building ROS package in '/home/c1ph3r/ros2_ws/src/my_python_package' with build type 'ament_python'
[4.867s] Level 1:colcon.colcon_core.shell:create_environment_hook('my_python_package', 'ament_prefix_path')
[4.868s] INFO:colcon.colcon_core.shell:Creating environment hook '/home/c1ph3r/ros2_ws/src/install/my_python_package/share/my_python_package/hook/ament_prefix_path.ps1'
[4.869s] INFO:colcon.colcon_core.shell:Creating environment descriptor '/home/c1ph3r/ros2_ws/src/install/my_python_package/share/my_python_package/hook/ament_prefix_path.dsv'
[4.869s] INFO:colcon.colcon_core.shell:Creating environment hook '/home/c1ph3r/ros2_ws/src/install/my_python_package/share/my_python_package/hook/ament_prefix_path.sh'
[4.872s] INFO:colcon.colcon_core.shell:Skip shell extension 'powershell' for command environment: Not usable outside of PowerShell
[4.872s] DEBUG:colcon.colcon_core.shell:Skip shell extension 'dsv' for command environment
[4.882s] DEBUG:colcon.colcon_core.event_handler.log_command:Invoking command in '/home/c1ph3r/ros2_ws/src/build/my_cpp_package': AMENT_PREFIX_PATH=/home/c1ph3r/ros2_ws/src/install/my_robot_interfaces:${AMENT_PREFIX_PATH} CMAKE_PREFIX_PATH=/home/c1ph3r/ros2_ws/src/install/my_robot_interfaces:/home/c1ph3r/ros2_ws/install/my_cpp_package:/home/c1ph3r/ros2_ws/install/my_robot_interfaces:/home/c1ph3r/ros2_ws/install/my_python_package:/opt/ros/humble LD_LIBRARY_PATH=/home/c1ph3r/ros2_ws/src/install/my_robot_interfaces/lib:${LD_LIBRARY_PATH} PYTHONPATH=/home/c1ph3r/ros2_ws/src/install/my_robot_interfaces/local/lib/python3.10/dist-packages:${PYTHONPATH} /usr/bin/cmake /home/c1ph3r/ros2_ws/src/my_cpp_package -DCMAKE_INSTALL_PREFIX=/home/c1ph3r/ros2_ws/src/install/my_cpp_package
[5.232s] INFO:colcon.colcon_core.task.python.build:Building Python package in '/home/c1ph3r/ros2_ws/src/my_python_package'
[5.235s] INFO:colcon.colcon_core.shell:Skip shell extension 'powershell' for command environment: Not usable outside of PowerShell
[5.235s] DEBUG:colcon.colcon_core.shell:Skip shell extension 'dsv' for command environment
[5.710s] DEBUG:colcon.colcon_core.event_handler.log_command:Invoking command in '/home/c1ph3r/ros2_ws/src/my_python_package': AMENT_PREFIX_PATH=/home/c1ph3r/ros2_ws/src/install/my_robot_interfaces:${AMENT_PREFIX_PATH} CMAKE_PREFIX_PATH=/home/c1ph3r/ros2_ws/src/install/my_robot_interfaces:${CMAKE_PREFIX_PATH} LD_LIBRARY_PATH=/home/c1ph3r/ros2_ws/src/install/my_robot_interfaces/lib:${LD_LIBRARY_PATH} PYTHONPATH=/home/c1ph3r/ros2_ws/src/build/my_python_package/prefix_override:/home/c1ph3r/ros2_ws/src/install/my_python_package/lib/python3.10/site-packages:/home/c1ph3r/ros2_ws/src/install/my_robot_interfaces/local/lib/python3.10/dist-packages:${PYTHONPATH} /usr/bin/python3 setup.py egg_info --egg-base ../build/my_python_package build --build-base /home/c1ph3r/ros2_ws/src/build/my_python_package/build install --record /home/c1ph3r/ros2_ws/src/build/my_python_package/install.log --single-version-externally-managed
[6.136s] Level 1:colcon.colcon_core.environment:checking '/home/c1ph3r/ros2_ws/src/install/my_python_package' for CMake module files
[6.137s] DEBUG:colcon.colcon_core.event_handler.log_command:Invoked command in '/home/c1ph3r/ros2_ws/src/my_python_package' returned '0': AMENT_PREFIX_PATH=/home/c1ph3r/ros2_ws/src/install/my_robot_interfaces:${AMENT_PREFIX_PATH} CMAKE_PREFIX_PATH=/home/c1ph3r/ros2_ws/src/install/my_robot_interfaces:${CMAKE_PREFIX_PATH} LD_LIBRARY_PATH=/home/c1ph3r/ros2_ws/src/install/my_robot_interfaces/lib:${LD_LIBRARY_PATH} PYTHONPATH=/home/c1ph3r/ros2_ws/src/build/my_python_package/prefix_override:/home/c1ph3r/ros2_ws/src/install/my_python_package/lib/python3.10/site-packages:/home/c1ph3r/ros2_ws/src/install/my_robot_interfaces/local/lib/python3.10/dist-packages:${PYTHONPATH} /usr/bin/python3 setup.py egg_info --egg-base ../build/my_python_package build --build-base /home/c1ph3r/ros2_ws/src/build/my_python_package/build install --record /home/c1ph3r/ros2_ws/src/build/my_python_package/install.log --single-version-externally-managed
[6.137s] Level 1:colcon.colcon_core.environment:checking '/home/c1ph3r/ros2_ws/src/install/my_python_package' for CMake config files
[6.138s] Level 1:colcon.colcon_core.environment:checking '/home/c1ph3r/ros2_ws/src/install/my_python_package/lib'
[6.138s] Level 1:colcon.colcon_core.environment:checking '/home/c1ph3r/ros2_ws/src/install/my_python_package/bin'
[6.138s] Level 1:colcon.colcon_core.environment:checking '/home/c1ph3r/ros2_ws/src/install/my_python_package/lib/pkgconfig/my_python_package.pc'
[6.138s] Level 1:colcon.colcon_core.environment:checking '/home/c1ph3r/ros2_ws/src/install/my_python_package/lib/python3.10/site-packages'
[6.138s] Level 1:colcon.colcon_core.shell:create_environment_hook('my_python_package', 'pythonpath')
[6.140s] INFO:colcon.colcon_core.shell:Creating environment hook '/home/c1ph3r/ros2_ws/src/install/my_python_package/share/my_python_package/hook/pythonpath.ps1'
[6.140s] INFO:colcon.colcon_core.shell:Creating environment descriptor '/home/c1ph3r/ros2_ws/src/install/my_python_package/share/my_python_package/hook/pythonpath.dsv'
[6.141s] INFO:colcon.colcon_core.shell:Creating environment hook '/home/c1ph3r/ros2_ws/src/install/my_python_package/share/my_python_package/hook/pythonpath.sh'
[6.141s] Level 1:colcon.colcon_core.environment:checking '/home/c1ph3r/ros2_ws/src/install/my_python_package/bin'
[6.141s] Level 1:colcon.colcon_core.environment:create_environment_scripts_only(my_python_package)
[6.143s] INFO:colcon.colcon_core.shell:Creating package script '/home/c1ph3r/ros2_ws/src/install/my_python_package/share/my_python_package/package.ps1'
[6.144s] INFO:colcon.colcon_core.shell:Creating package descriptor '/home/c1ph3r/ros2_ws/src/install/my_python_package/share/my_python_package/package.dsv'
[6.144s] INFO:colcon.colcon_core.shell:Creating package script '/home/c1ph3r/ros2_ws/src/install/my_python_package/share/my_python_package/package.sh'
[6.145s] INFO:colcon.colcon_core.shell:Creating package script '/home/c1ph3r/ros2_ws/src/install/my_python_package/share/my_python_package/package.bash'
[6.145s] INFO:colcon.colcon_core.shell:Creating package script '/home/c1ph3r/ros2_ws/src/install/my_python_package/share/my_python_package/package.zsh'
[6.145s] Level 1:colcon.colcon_core.environment:create_file_with_runtime_dependencies(/home/c1ph3r/ros2_ws/src/install/my_python_package/share/colcon-core/packages/my_python_package)
[6.826s] DEBUG:colcon.colcon_core.event_handler.log_command:Invoked command in '/home/c1ph3r/ros2_ws/src/build/my_cpp_package' returned '0': AMENT_PREFIX_PATH=/home/c1ph3r/ros2_ws/src/install/my_robot_interfaces:${AMENT_PREFIX_PATH} CMAKE_PREFIX_PATH=/home/c1ph3r/ros2_ws/src/install/my_robot_interfaces:/home/c1ph3r/ros2_ws/install/my_cpp_package:/home/c1ph3r/ros2_ws/install/my_robot_interfaces:/home/c1ph3r/ros2_ws/install/my_python_package:/opt/ros/humble LD_LIBRARY_PATH=/home/c1ph3r/ros2_ws/src/install/my_robot_interfaces/lib:${LD_LIBRARY_PATH} PYTHONPATH=/home/c1ph3r/ros2_ws/src/install/my_robot_interfaces/local/lib/python3.10/dist-packages:${PYTHONPATH} /usr/bin/cmake /home/c1ph3r/ros2_ws/src/my_cpp_package -DCMAKE_INSTALL_PREFIX=/home/c1ph3r/ros2_ws/src/install/my_cpp_package
[6.828s] DEBUG:colcon.colcon_core.event_handler.log_command:Invoking command in '/home/c1ph3r/ros2_ws/src/build/my_cpp_package': AMENT_PREFIX_PATH=/home/c1ph3r/ros2_ws/src/install/my_robot_interfaces:${AMENT_PREFIX_PATH} CMAKE_PREFIX_PATH=/home/c1ph3r/ros2_ws/src/install/my_robot_interfaces:/home/c1ph3r/ros2_ws/install/my_cpp_package:/home/c1ph3r/ros2_ws/install/my_robot_interfaces:/home/c1ph3r/ros2_ws/install/my_python_package:/opt/ros/humble LD_LIBRARY_PATH=/home/c1ph3r/ros2_ws/src/install/my_robot_interfaces/lib:${LD_LIBRARY_PATH} PYTHONPATH=/home/c1ph3r/ros2_ws/src/install/my_robot_interfaces/local/lib/python3.10/dist-packages:${PYTHONPATH} /usr/bin/cmake --build /home/c1ph3r/ros2_ws/src/build/my_cpp_package -- -j8 -l8
[19.423s] DEBUG:colcon.colcon_core.event_handler.log_command:Invoked command in '/home/c1ph3r/ros2_ws/src/build/my_cpp_package' returned '0': AMENT_PREFIX_PATH=/home/c1ph3r/ros2_ws/src/install/my_robot_interfaces:${AMENT_PREFIX_PATH} CMAKE_PREFIX_PATH=/home/c1ph3r/ros2_ws/src/install/my_robot_interfaces:/home/c1ph3r/ros2_ws/install/my_cpp_package:/home/c1ph3r/ros2_ws/install/my_robot_interfaces:/home/c1ph3r/ros2_ws/install/my_python_package:/opt/ros/humble LD_LIBRARY_PATH=/home/c1ph3r/ros2_ws/src/install/my_robot_interfaces/lib:${LD_LIBRARY_PATH} PYTHONPATH=/home/c1ph3r/ros2_ws/src/install/my_robot_interfaces/local/lib/python3.10/dist-packages:${PYTHONPATH} /usr/bin/cmake --build /home/c1ph3r/ros2_ws/src/build/my_cpp_package -- -j8 -l8
[19.468s] DEBUG:colcon.colcon_core.event_handler.log_command:Invoking command in '/home/c1ph3r/ros2_ws/src/build/my_cpp_package': AMENT_PREFIX_PATH=/home/c1ph3r/ros2_ws/src/install/my_robot_interfaces:${AMENT_PREFIX_PATH} CMAKE_PREFIX_PATH=/home/c1ph3r/ros2_ws/src/install/my_robot_interfaces:/home/c1ph3r/ros2_ws/install/my_cpp_package:/home/c1ph3r/ros2_ws/install/my_robot_interfaces:/home/c1ph3r/ros2_ws/install/my_python_package:/opt/ros/humble LD_LIBRARY_PATH=/home/c1ph3r/ros2_ws/src/install/my_robot_interfaces/lib:${LD_LIBRARY_PATH} PYTHONPATH=/home/c1ph3r/ros2_ws/src/install/my_robot_interfaces/local/lib/python3.10/dist-packages:${PYTHONPATH} /usr/bin/cmake --install /home/c1ph3r/ros2_ws/src/build/my_cpp_package
[19.497s] Level 1:colcon.colcon_core.environment:create_environment_scripts_only(my_cpp_package)
[19.501s] Level 1:colcon.colcon_core.environment:checking '/home/c1ph3r/ros2_ws/src/install/my_cpp_package' for CMake module files
[19.502s] DEBUG:colcon.colcon_core.event_handler.log_command:Invoked command in '/home/c1ph3r/ros2_ws/src/build/my_cpp_package' returned '0': AMENT_PREFIX_PATH=/home/c1ph3r/ros2_ws/src/install/my_robot_interfaces:${AMENT_PREFIX_PATH} CMAKE_PREFIX_PATH=/home/c1ph3r/ros2_ws/src/install/my_robot_interfaces:/home/c1ph3r/ros2_ws/install/my_cpp_package:/home/c1ph3r/ros2_ws/install/my_robot_interfaces:/home/c1ph3r/ros2_ws/install/my_python_package:/opt/ros/humble LD_LIBRARY_PATH=/home/c1ph3r/ros2_ws/src/install/my_robot_interfaces/lib:${LD_LIBRARY_PATH} PYTHONPATH=/home/c1ph3r/ros2_ws/src/install/my_robot_interfaces/local/lib/python3.10/dist-packages:${PYTHONPATH} /usr/bin/cmake --install /home/c1ph3r/ros2_ws/src/build/my_cpp_package
[19.503s] Level 1:colcon.colcon_core.environment:checking '/home/c1ph3r/ros2_ws/src/install/my_cpp_package' for CMake config files
[19.503s] Level 1:colcon.colcon_core.shell:create_environment_hook('my_cpp_package', 'cmake_prefix_path')
[19.505s] INFO:colcon.colcon_core.shell:Creating environment hook '/home/c1ph3r/ros2_ws/src/install/my_cpp_package/share/my_cpp_package/hook/cmake_prefix_path.ps1'
[19.506s] INFO:colcon.colcon_core.shell:Creating environment descriptor '/home/c1ph3r/ros2_ws/src/install/my_cpp_package/share/my_cpp_package/hook/cmake_prefix_path.dsv'
[19.506s] INFO:colcon.colcon_core.shell:Creating environment hook '/home/c1ph3r/ros2_ws/src/install/my_cpp_package/share/my_cpp_package/hook/cmake_prefix_path.sh'
[19.507s] Level 1:colcon.colcon_core.environment:checking '/home/c1ph3r/ros2_ws/src/install/my_cpp_package/lib'
[19.507s] Level 1:colcon.colcon_core.environment:checking '/home/c1ph3r/ros2_ws/src/install/my_cpp_package/bin'
[19.507s] Level 1:colcon.colcon_core.environment:checking '/home/c1ph3r/ros2_ws/src/install/my_cpp_package/lib/pkgconfig/my_cpp_package.pc'
[19.507s] Level 1:colcon.colcon_core.environment:checking '/home/c1ph3r/ros2_ws/src/install/my_cpp_package/lib/python3.10/site-packages'
[19.508s] Level 1:colcon.colcon_core.environment:checking '/home/c1ph3r/ros2_ws/src/install/my_cpp_package/bin'
[19.510s] INFO:colcon.colcon_core.shell:Creating package script '/home/c1ph3r/ros2_ws/src/install/my_cpp_package/share/my_cpp_package/package.ps1'
[19.510s] INFO:colcon.colcon_core.shell:Creating package descriptor '/home/c1ph3r/ros2_ws/src/install/my_cpp_package/share/my_cpp_package/package.dsv'
[19.511s] INFO:colcon.colcon_core.shell:Creating package script '/home/c1ph3r/ros2_ws/src/install/my_cpp_package/share/my_cpp_package/package.sh'
[19.512s] INFO:colcon.colcon_core.shell:Creating package script '/home/c1ph3r/ros2_ws/src/install/my_cpp_package/share/my_cpp_package/package.bash'
[19.513s] INFO:colcon.colcon_core.shell:Creating package script '/home/c1ph3r/ros2_ws/src/install/my_cpp_package/share/my_cpp_package/package.zsh'
[19.514s] Level 1:colcon.colcon_core.environment:create_file_with_runtime_dependencies(/home/c1ph3r/ros2_ws/src/install/my_cpp_package/share/colcon-core/packages/my_cpp_package)
[19.562s] Level 1:colcon.colcon_core.environment:create_environment_scripts_only(my_cpp_package)
[19.565s] Level 1:colcon.colcon_core.environment:checking '/home/c1ph3r/ros2_ws/src/install/my_cpp_package' for CMake module files
[19.566s] Level 1:colcon.colcon_core.environment:checking '/home/c1ph3r/ros2_ws/src/install/my_cpp_package' for CMake config files
[19.566s] Level 1:colcon.colcon_core.shell:create_environment_hook('my_cpp_package', 'cmake_prefix_path')
[19.568s] INFO:colcon.colcon_core.shell:Creating environment hook '/home/c1ph3r/ros2_ws/src/install/my_cpp_package/share/my_cpp_package/hook/cmake_prefix_path.ps1'
[19.569s] INFO:colcon.colcon_core.shell:Creating environment descriptor '/home/c1ph3r/ros2_ws/src/install/my_cpp_package/share/my_cpp_package/hook/cmake_prefix_path.dsv'
[19.569s] INFO:colcon.colcon_core.shell:Creating environment hook '/home/c1ph3r/ros2_ws/src/install/my_cpp_package/share/my_cpp_package/hook/cmake_prefix_path.sh'
[19.570s] Level 1:colcon.colcon_core.environment:checking '/home/c1ph3r/ros2_ws/src/install/my_cpp_package/lib'
[19.571s] Level 1:colcon.colcon_core.environment:checking '/home/c1ph3r/ros2_ws/src/install/my_cpp_package/bin'
[19.571s] Level 1:colcon.colcon_core.environment:checking '/home/c1ph3r/ros2_ws/src/install/my_cpp_package/lib/pkgconfig/my_cpp_package.pc'
[19.571s] Level 1:colcon.colcon_core.environment:checking '/home/c1ph3r/ros2_ws/src/install/my_cpp_package/lib/python3.10/site-packages'
[19.571s] Level 1:colcon.colcon_core.environment:checking '/home/c1ph3r/ros2_ws/src/install/my_cpp_package/bin'
[19.573s] INFO:colcon.colcon_core.shell:Creating package script '/home/c1ph3r/ros2_ws/src/install/my_cpp_package/share/my_cpp_package/package.ps1'
[19.574s] INFO:colcon.colcon_core.shell:Creating package descriptor '/home/c1ph3r/ros2_ws/src/install/my_cpp_package/share/my_cpp_package/package.dsv'
[19.574s] INFO:colcon.colcon_core.shell:Creating package script '/home/c1ph3r/ros2_ws/src/install/my_cpp_package/share/my_cpp_package/package.sh'
[19.575s] INFO:colcon.colcon_core.shell:Creating package script '/home/c1ph3r/ros2_ws/src/install/my_cpp_package/share/my_cpp_package/package.bash'
[19.575s] INFO:colcon.colcon_core.shell:Creating package script '/home/c1ph3r/ros2_ws/src/install/my_cpp_package/share/my_cpp_package/package.zsh'
[19.576s] Level 1:colcon.colcon_core.environment:create_file_with_runtime_dependencies(/home/c1ph3r/ros2_ws/src/install/my_cpp_package/share/colcon-core/packages/my_cpp_package)
[19.576s] DEBUG:colcon.colcon_parallel_executor.executor.parallel:closing loop
[19.577s] DEBUG:colcon.colcon_parallel_executor.executor.parallel:loop closed
[19.577s] DEBUG:colcon.colcon_parallel_executor.executor.parallel:run_until_complete finished with '0'
[19.577s] DEBUG:colcon.colcon_core.event_reactor:joining thread
[19.585s] INFO:colcon.colcon_core.plugin_system:Skipping extension 'colcon_notification.desktop_notification.terminal_notifier': Not used on non-Darwin systems
[19.585s] INFO:colcon.colcon_core.plugin_system:Skipping extension 'colcon_notification.desktop_notification.win32': Not used on non-Windows systems
[19.585s] INFO:colcon.colcon_notification.desktop_notification:Sending desktop notification using 'notify2'
[19.609s] DEBUG:colcon.colcon_core.event_reactor:joined thread
[19.612s] INFO:colcon.colcon_core.shell:Creating prefix script '/home/c1ph3r/ros2_ws/src/install/local_setup.ps1'
[19.614s] INFO:colcon.colcon_core.shell:Creating prefix util module '/home/c1ph3r/ros2_ws/src/install/_local_setup_util_ps1.py'
[19.616s] INFO:colcon.colcon_core.shell:Creating prefix chain script '/home/c1ph3r/ros2_ws/src/install/setup.ps1'
[19.619s] INFO:colcon.colcon_core.shell:Creating prefix script '/home/c1ph3r/ros2_ws/src/install/local_setup.sh'
[19.620s] INFO:colcon.colcon_core.shell:Creating prefix util module '/home/c1ph3r/ros2_ws/src/install/_local_setup_util_sh.py'
[19.620s] INFO:colcon.colcon_core.shell:Creating prefix chain script '/home/c1ph3r/ros2_ws/src/install/setup.sh'
[19.623s] INFO:colcon.colcon_core.shell:Creating prefix script '/home/c1ph3r/ros2_ws/src/install/local_setup.bash'
[19.624s] INFO:colcon.colcon_core.shell:Creating prefix chain script '/home/c1ph3r/ros2_ws/src/install/setup.bash'
[19.626s] INFO:colcon.colcon_core.shell:Creating prefix script '/home/c1ph3r/ros2_ws/src/install/local_setup.zsh'
[19.627s] INFO:colcon.colcon_core.shell:Creating prefix chain script '/home/c1ph3r/ros2_ws/src/install/setup.zsh'
