[0.709s] Invoking command in '/home/c1ph3r/ros2_ws/build/my_python_package': PYTHONPATH=/home/c1ph3r/ros2_ws/build/my_python_package/prefix_override:/home/c1ph3r/ros2_ws/install/my_python_package/lib/python3.10/site-packages:${PYTHONPATH} /usr/bin/python3 setup.py develop --uninstall --editable --build-directory /home/c1ph3r/ros2_ws/build/my_python_package/build
[0.993s] running develop
[1.212s] Invoked command in '/home/c1ph3r/ros2_ws/build/my_python_package' returned '0': PYTHONPATH=/home/c1ph3r/ros2_ws/build/my_python_package/prefix_override:/home/c1ph3r/ros2_ws/install/my_python_package/lib/python3.10/site-packages:${PYTHONPATH} /usr/bin/python3 setup.py develop --uninstall --editable --build-directory /home/c1ph3r/ros2_ws/build/my_python_package/build
[1.215s] Invoking command in '/home/c1ph3r/ros2_ws/src/my_python_package': PYTHONPATH=/home/c1ph3r/ros2_ws/build/my_python_package/prefix_override:/home/c1ph3r/ros2_ws/install/my_python_package/lib/python3.10/site-packages:${PYTHONPATH} /usr/bin/python3 setup.py egg_info --egg-base ../../build/my_python_package build --build-base /home/c1ph3r/ros2_ws/build/my_python_package/build install --record /home/c1ph3r/ros2_ws/build/my_python_package/install.log --single-version-externally-managed
[1.486s] running egg_info
[1.486s] writing ../../build/my_python_package/my_python_package.egg-info/PKG-INFO
[1.487s] writing dependency_links to ../../build/my_python_package/my_python_package.egg-info/dependency_links.txt
[1.487s] writing entry points to ../../build/my_python_package/my_python_package.egg-info/entry_points.txt
[1.487s] writing requirements to ../../build/my_python_package/my_python_package.egg-info/requires.txt
[1.487s] writing top-level names to ../../build/my_python_package/my_python_package.egg-info/top_level.txt
[1.489s] reading manifest file '../../build/my_python_package/my_python_package.egg-info/SOURCES.txt'
[1.490s] writing manifest file '../../build/my_python_package/my_python_package.egg-info/SOURCES.txt'
[1.491s] running build
[1.491s] running build_py
[1.491s] running install
[1.491s] running install_lib
[1.493s] running install_data
[1.493s] running install_egg_info
[1.495s] removing '/home/c1ph3r/ros2_ws/install/my_python_package/lib/python3.10/site-packages/my_python_package-0.0.0-py3.10.egg-info' (and everything under it)
[1.495s] Copying ../../build/my_python_package/my_python_package.egg-info to /home/c1ph3r/ros2_ws/install/my_python_package/lib/python3.10/site-packages/my_python_package-0.0.0-py3.10.egg-info
[1.496s] running install_scripts
[1.517s] Installing py_node script to /home/c1ph3r/ros2_ws/install/my_python_package/lib/my_python_package
[1.517s] Installing py_node_oop script to /home/c1ph3r/ros2_ws/install/my_python_package/lib/my_python_package
[1.517s] Installing robot_news_station script to /home/c1ph3r/ros2_ws/install/my_python_package/lib/my_python_package
[1.518s] Installing smartphone script to /home/c1ph3r/ros2_ws/install/my_python_package/lib/my_python_package
[1.518s] writing list of installed files to '/home/c1ph3r/ros2_ws/build/my_python_package/install.log'
[1.561s] Invoked command in '/home/c1ph3r/ros2_ws/src/my_python_package' returned '0': PYTHONPATH=/home/c1ph3r/ros2_ws/build/my_python_package/prefix_override:/home/c1ph3r/ros2_ws/install/my_python_package/lib/python3.10/site-packages:${PYTHONPATH} /usr/bin/python3 setup.py egg_info --egg-base ../../build/my_python_package build --build-base /home/c1ph3r/ros2_ws/build/my_python_package/build install --record /home/c1ph3r/ros2_ws/build/my_python_package/install.log --single-version-externally-managed
