[0.024s] Invoking command in '/home/c1ph3r/ros2_ws/build/my_robot_bringup': AMENT_PREFIX_PATH=/home/c1ph3r/ros2_ws/install/turtle_catch_them_all:/home/c1ph3r/ros2_ws/install/my_python_package:/home/c1ph3r/ros2_ws/install/my_robot_bringup:/home/c1ph3r/ros2_ws/install/my_cpp_package:/home/c1ph3r/ros2_ws/install/my_robot_interfaces:/opt/ros/humble CMAKE_PREFIX_PATH=/home/c1ph3r/ros2_ws/install/my_cpp_package:/home/c1ph3r/ros2_ws/install/my_robot_interfaces:/home/c1ph3r/ros2_ws/install/my_robot_bringup:/home/c1ph3r/ros2_ws/install/turtle_catch_them_all:/home/c1ph3r/ros2_ws/install/my_python_package:/opt/ros/humble CONDA_PROMPT_MODIFIER=(base) LD_LIBRARY_PATH=/home/c1ph3r/ros2_ws/install/my_robot_interfaces/lib:/usr/lib/:/home/c1ph3r/anaconda3/lib/:/home/c1ph3r/anaconda3/lib/python3.11/site-packages/nvidia/cudnn/lib:/opt/ros/humble/opt/rviz_ogre_vendor/lib:/opt/ros/humble/lib/x86_64-linux-gnu:/opt/ros/humble/lib /usr/bin/cmake --build /home/c1ph3r/ros2_ws/build/my_robot_bringup -- -j8 -l8
[0.026s] /usr/bin/cmake: /home/c1ph3r/anaconda3/lib/libcurl.so.4: no version information available (required by /usr/bin/cmake)
[0.043s] /usr/bin/cmake: /home/c1ph3r/anaconda3/lib/libcurl.so.4: no version information available (required by /usr/bin/cmake)
[0.054s] /usr/bin/cmake: /home/c1ph3r/anaconda3/lib/libcurl.so.4: no version information available (required by /usr/bin/cmake)
[0.062s] /usr/bin/cmake: /home/c1ph3r/anaconda3/lib/libcurl.so.4: no version information available (required by /usr/bin/cmake)
[0.067s] Invoked command in '/home/c1ph3r/ros2_ws/build/my_robot_bringup' returned '0': AMENT_PREFIX_PATH=/home/c1ph3r/ros2_ws/install/turtle_catch_them_all:/home/c1ph3r/ros2_ws/install/my_python_package:/home/c1ph3r/ros2_ws/install/my_robot_bringup:/home/c1ph3r/ros2_ws/install/my_cpp_package:/home/c1ph3r/ros2_ws/install/my_robot_interfaces:/opt/ros/humble CMAKE_PREFIX_PATH=/home/c1ph3r/ros2_ws/install/my_cpp_package:/home/c1ph3r/ros2_ws/install/my_robot_interfaces:/home/c1ph3r/ros2_ws/install/my_robot_bringup:/home/c1ph3r/ros2_ws/install/turtle_catch_them_all:/home/c1ph3r/ros2_ws/install/my_python_package:/opt/ros/humble CONDA_PROMPT_MODIFIER=(base) LD_LIBRARY_PATH=/home/c1ph3r/ros2_ws/install/my_robot_interfaces/lib:/usr/lib/:/home/c1ph3r/anaconda3/lib/:/home/c1ph3r/anaconda3/lib/python3.11/site-packages/nvidia/cudnn/lib:/opt/ros/humble/opt/rviz_ogre_vendor/lib:/opt/ros/humble/lib/x86_64-linux-gnu:/opt/ros/humble/lib /usr/bin/cmake --build /home/c1ph3r/ros2_ws/build/my_robot_bringup -- -j8 -l8
[0.100s] Invoking command in '/home/c1ph3r/ros2_ws/build/my_robot_bringup': AMENT_PREFIX_PATH=/home/c1ph3r/ros2_ws/install/turtle_catch_them_all:/home/c1ph3r/ros2_ws/install/my_python_package:/home/c1ph3r/ros2_ws/install/my_robot_bringup:/home/c1ph3r/ros2_ws/install/my_cpp_package:/home/c1ph3r/ros2_ws/install/my_robot_interfaces:/opt/ros/humble CMAKE_PREFIX_PATH=/home/c1ph3r/ros2_ws/install/my_cpp_package:/home/c1ph3r/ros2_ws/install/my_robot_interfaces:/home/c1ph3r/ros2_ws/install/my_robot_bringup:/home/c1ph3r/ros2_ws/install/turtle_catch_them_all:/home/c1ph3r/ros2_ws/install/my_python_package:/opt/ros/humble CONDA_PROMPT_MODIFIER=(base) LD_LIBRARY_PATH=/home/c1ph3r/ros2_ws/install/my_robot_interfaces/lib:/usr/lib/:/home/c1ph3r/anaconda3/lib/:/home/c1ph3r/anaconda3/lib/python3.11/site-packages/nvidia/cudnn/lib:/opt/ros/humble/opt/rviz_ogre_vendor/lib:/opt/ros/humble/lib/x86_64-linux-gnu:/opt/ros/humble/lib /usr/bin/cmake --build /home/c1ph3r/ros2_ws/build/my_robot_bringup --target install -- -j8 -l8
[0.101s] /usr/bin/cmake: /home/c1ph3r/anaconda3/lib/libcurl.so.4: no version information available (required by /usr/bin/cmake)
[0.110s] /usr/bin/cmake: /home/c1ph3r/anaconda3/lib/libcurl.so.4: no version information available (required by /usr/bin/cmake)
[0.119s] /usr/bin/cmake: /home/c1ph3r/anaconda3/lib/libcurl.so.4: no version information available (required by /usr/bin/cmake)
[0.126s] /usr/bin/cmake: /home/c1ph3r/anaconda3/lib/libcurl.so.4: no version information available (required by /usr/bin/cmake)
[0.137s] /usr/bin/cmake: /home/c1ph3r/anaconda3/lib/libcurl.so.4: no version information available (required by /usr/bin/cmake)
[0.143s] [36mInstall the project...[0m
[0.147s] /usr/bin/cmake: /home/c1ph3r/anaconda3/lib/libcurl.so.4: no version information available (required by /usr/bin/cmake)
[0.151s] -- Install configuration: ""
[0.152s] -- Up-to-date: /home/c1ph3r/ros2_ws/install/my_robot_bringup/share/my_robot_bringup/launch
[0.152s] -- Up-to-date: /home/c1ph3r/ros2_ws/install/my_robot_bringup/share/my_robot_bringup/launch/radio.launch.py
[0.152s] -- Up-to-date: /home/c1ph3r/ros2_ws/install/my_robot_bringup/share/my_robot_bringup/launch/number_app.launch.py
[0.152s] -- Up-to-date: /home/c1ph3r/ros2_ws/install/my_robot_bringup/share/my_robot_bringup/launch/turtle_catch_them_all.py
[0.152s] -- Up-to-date: /home/c1ph3r/ros2_ws/install/my_robot_bringup/share/ament_index/resource_index/package_run_dependencies/my_robot_bringup
[0.153s] -- Up-to-date: /home/c1ph3r/ros2_ws/install/my_robot_bringup/share/ament_index/resource_index/parent_prefix_path/my_robot_bringup
[0.153s] -- Up-to-date: /home/c1ph3r/ros2_ws/install/my_robot_bringup/share/my_robot_bringup/environment/ament_prefix_path.sh
[0.153s] -- Up-to-date: /home/c1ph3r/ros2_ws/install/my_robot_bringup/share/my_robot_bringup/environment/ament_prefix_path.dsv
[0.153s] -- Up-to-date: /home/c1ph3r/ros2_ws/install/my_robot_bringup/share/my_robot_bringup/environment/path.sh
[0.153s] -- Up-to-date: /home/c1ph3r/ros2_ws/install/my_robot_bringup/share/my_robot_bringup/environment/path.dsv
[0.153s] -- Up-to-date: /home/c1ph3r/ros2_ws/install/my_robot_bringup/share/my_robot_bringup/local_setup.bash
[0.153s] -- Up-to-date: /home/c1ph3r/ros2_ws/install/my_robot_bringup/share/my_robot_bringup/local_setup.sh
[0.154s] -- Up-to-date: /home/c1ph3r/ros2_ws/install/my_robot_bringup/share/my_robot_bringup/local_setup.zsh
[0.154s] -- Up-to-date: /home/c1ph3r/ros2_ws/install/my_robot_bringup/share/my_robot_bringup/local_setup.dsv
[0.154s] -- Up-to-date: /home/c1ph3r/ros2_ws/install/my_robot_bringup/share/my_robot_bringup/package.dsv
[0.155s] -- Up-to-date: /home/c1ph3r/ros2_ws/install/my_robot_bringup/share/ament_index/resource_index/packages/my_robot_bringup
[0.156s] -- Up-to-date: /home/c1ph3r/ros2_ws/install/my_robot_bringup/share/my_robot_bringup/cmake/my_robot_bringupConfig.cmake
[0.157s] -- Up-to-date: /home/c1ph3r/ros2_ws/install/my_robot_bringup/share/my_robot_bringup/cmake/my_robot_bringupConfig-version.cmake
[0.157s] -- Up-to-date: /home/c1ph3r/ros2_ws/install/my_robot_bringup/share/my_robot_bringup/package.xml
[0.157s] Invoked command in '/home/c1ph3r/ros2_ws/build/my_robot_bringup' returned '0': AMENT_PREFIX_PATH=/home/c1ph3r/ros2_ws/install/turtle_catch_them_all:/home/c1ph3r/ros2_ws/install/my_python_package:/home/c1ph3r/ros2_ws/install/my_robot_bringup:/home/c1ph3r/ros2_ws/install/my_cpp_package:/home/c1ph3r/ros2_ws/install/my_robot_interfaces:/opt/ros/humble CMAKE_PREFIX_PATH=/home/c1ph3r/ros2_ws/install/my_cpp_package:/home/c1ph3r/ros2_ws/install/my_robot_interfaces:/home/c1ph3r/ros2_ws/install/my_robot_bringup:/home/c1ph3r/ros2_ws/install/turtle_catch_them_all:/home/c1ph3r/ros2_ws/install/my_python_package:/opt/ros/humble CONDA_PROMPT_MODIFIER=(base) LD_LIBRARY_PATH=/home/c1ph3r/ros2_ws/install/my_robot_interfaces/lib:/usr/lib/:/home/c1ph3r/anaconda3/lib/:/home/c1ph3r/anaconda3/lib/python3.11/site-packages/nvidia/cudnn/lib:/opt/ros/humble/opt/rviz_ogre_vendor/lib:/opt/ros/humble/lib/x86_64-linux-gnu:/opt/ros/humble/lib /usr/bin/cmake --build /home/c1ph3r/ros2_ws/build/my_robot_bringup --target install -- -j8 -l8
