[0.721s] Invoking command in '/home/c1ph3r/ros2_ws/src/my_python_package': PYTHONPATH=/home/c1ph3r/ros2_ws/build/my_python_package/prefix_override:/home/c1ph3r/ros2_ws/install/my_python_package/lib/python3.10/site-packages:${PYTHONPATH} /usr/bin/python3 setup.py egg_info --egg-base ../../build/my_python_package build --build-base /home/c1ph3r/ros2_ws/build/my_python_package/build install --record /home/c1ph3r/ros2_ws/build/my_python_package/install.log --single-version-externally-managed
[0.984s] running egg_info
[0.984s] writing ../../build/my_python_package/my_python_package.egg-info/PKG-INFO
[0.984s] writing dependency_links to ../../build/my_python_package/my_python_package.egg-info/dependency_links.txt
[0.985s] writing entry points to ../../build/my_python_package/my_python_package.egg-info/entry_points.txt
[0.985s] writing requirements to ../../build/my_python_package/my_python_package.egg-info/requires.txt
[0.985s] writing top-level names to ../../build/my_python_package/my_python_package.egg-info/top_level.txt
[0.987s] reading manifest file '../../build/my_python_package/my_python_package.egg-info/SOURCES.txt'
[0.988s] writing manifest file '../../build/my_python_package/my_python_package.egg-info/SOURCES.txt'
[0.988s] running build
[0.988s] running build_py
[0.988s] copying my_python_package/my_first_node_oop.py -> /home/c1ph3r/ros2_ws/build/my_python_package/build/lib/my_python_package
[0.988s] running install
[0.989s] running install_lib
[0.989s] copying /home/c1ph3r/ros2_ws/build/my_python_package/build/lib/my_python_package/my_first_node_oop.py -> /home/c1ph3r/ros2_ws/install/my_python_package/lib/python3.10/site-packages/my_python_package
[0.990s] byte-compiling /home/c1ph3r/ros2_ws/install/my_python_package/lib/python3.10/site-packages/my_python_package/my_first_node_oop.py to my_first_node_oop.cpython-310.pyc
[0.990s] running install_data
[0.991s] running install_egg_info
[0.993s] removing '/home/c1ph3r/ros2_ws/install/my_python_package/lib/python3.10/site-packages/my_python_package-0.0.0-py3.10.egg-info' (and everything under it)
[0.993s] Copying ../../build/my_python_package/my_python_package.egg-info to /home/c1ph3r/ros2_ws/install/my_python_package/lib/python3.10/site-packages/my_python_package-0.0.0-py3.10.egg-info
[0.994s] running install_scripts
[1.015s] Installing py_node script to /home/c1ph3r/ros2_ws/install/my_python_package/lib/my_python_package
[1.015s] Installing py_node_oop script to /home/c1ph3r/ros2_ws/install/my_python_package/lib/my_python_package
[1.016s] writing list of installed files to '/home/c1ph3r/ros2_ws/build/my_python_package/install.log'
[1.056s] Invoked command in '/home/c1ph3r/ros2_ws/src/my_python_package' returned '0': PYTHONPATH=/home/c1ph3r/ros2_ws/build/my_python_package/prefix_override:/home/c1ph3r/ros2_ws/install/my_python_package/lib/python3.10/site-packages:${PYTHONPATH} /usr/bin/python3 setup.py egg_info --egg-base ../../build/my_python_package build --build-base /home/c1ph3r/ros2_ws/build/my_python_package/build install --record /home/c1ph3r/ros2_ws/build/my_python_package/install.log --single-version-externally-managed
