/usr/bin/cmake: /home/c1ph3r/anaconda3/lib/libcurl.so.4: no version information available (required by /usr/bin/cmake)
-- The C compiler identification is GNU 12.1.0
-- The CXX compiler identification is GNU 11.4.0
-- Detecting C compiler ABI info
-- Detecting C compiler ABI info - done
-- Check for working C compiler: /home/c1ph3r/anaconda3/bin/cc - skipped
-- Detecting C compile features
-- Detecting C compile features - done
-- Detecting CXX compiler ABI info
-- Detecting CXX compiler ABI info - done
-- Check for working CXX compiler: /usr/bin/c++ - skipped
-- Detecting CXX compile features
-- Detecting CXX compile features - done
-- Found ament_cmake: 1.3.5 (/opt/ros/humble/share/ament_cmake/cmake)
-- Found Python3: /usr/bin/python3.10 (found version "3.10.12") found components: Interpreter 
-- Configuring done
-- Generating done
-- Build files have been written to: /home/c1ph3r/ros2_ws/my_build_dir/my_robot_bringup
/usr/bin/cmake: /home/c1ph3r/anaconda3/lib/libcurl.so.4: no version information available (required by /usr/bin/cmake)
/usr/bin/cmake: /home/c1ph3r/anaconda3/lib/libcurl.so.4: no version information available (required by /usr/bin/cmake)
/usr/bin/cmake: /home/c1ph3r/anaconda3/lib/libcurl.so.4: no version information available (required by /usr/bin/cmake)
/usr/bin/cmake: /home/c1ph3r/anaconda3/lib/libcurl.so.4: no version information available (required by /usr/bin/cmake)
/usr/bin/cmake: /home/c1ph3r/anaconda3/lib/libcurl.so.4: no version information available (required by /usr/bin/cmake)
/usr/bin/cmake: /home/c1ph3r/anaconda3/lib/libcurl.so.4: no version information available (required by /usr/bin/cmake)
/usr/bin/cmake: /home/c1ph3r/anaconda3/lib/libcurl.so.4: no version information available (required by /usr/bin/cmake)
/usr/bin/cmake: /home/c1ph3r/anaconda3/lib/libcurl.so.4: no version information available (required by /usr/bin/cmake)
/usr/bin/cmake: /home/c1ph3r/anaconda3/lib/libcurl.so.4: no version information available (required by /usr/bin/cmake)
[36mInstall the project...[0m
/usr/bin/cmake: /home/c1ph3r/anaconda3/lib/libcurl.so.4: no version information available (required by /usr/bin/cmake)
-- Install configuration: ""
-- Up-to-date: /home/c1ph3r/ros2_ws/install/my_robot_bringup/share/my_robot_bringup/launch
-- Up-to-date: /home/c1ph3r/ros2_ws/install/my_robot_bringup/share/my_robot_bringup/launch/radio.launch.py
-- Up-to-date: /home/c1ph3r/ros2_ws/install/my_robot_bringup/share/my_robot_bringup/launch/number_app.launch.py
-- Up-to-date: /home/c1ph3r/ros2_ws/install/my_robot_bringup/share/my_robot_bringup/launch/turtle_catch_them_all.py
-- Installing: /home/c1ph3r/ros2_ws/install/my_robot_bringup/share/ament_index/resource_index/package_run_dependencies/my_robot_bringup
-- Installing: /home/c1ph3r/ros2_ws/install/my_robot_bringup/share/ament_index/resource_index/parent_prefix_path/my_robot_bringup
-- Up-to-date: /home/c1ph3r/ros2_ws/install/my_robot_bringup/share/my_robot_bringup/environment/ament_prefix_path.sh
-- Installing: /home/c1ph3r/ros2_ws/install/my_robot_bringup/share/my_robot_bringup/environment/ament_prefix_path.dsv
-- Up-to-date: /home/c1ph3r/ros2_ws/install/my_robot_bringup/share/my_robot_bringup/environment/path.sh
-- Installing: /home/c1ph3r/ros2_ws/install/my_robot_bringup/share/my_robot_bringup/environment/path.dsv
-- Installing: /home/c1ph3r/ros2_ws/install/my_robot_bringup/share/my_robot_bringup/local_setup.bash
-- Installing: /home/c1ph3r/ros2_ws/install/my_robot_bringup/share/my_robot_bringup/local_setup.sh
-- Installing: /home/c1ph3r/ros2_ws/install/my_robot_bringup/share/my_robot_bringup/local_setup.zsh
-- Installing: /home/c1ph3r/ros2_ws/install/my_robot_bringup/share/my_robot_bringup/local_setup.dsv
-- Installing: /home/c1ph3r/ros2_ws/install/my_robot_bringup/share/my_robot_bringup/package.dsv
-- Installing: /home/c1ph3r/ros2_ws/install/my_robot_bringup/share/ament_index/resource_index/packages/my_robot_bringup
-- Installing: /home/c1ph3r/ros2_ws/install/my_robot_bringup/share/my_robot_bringup/cmake/my_robot_bringupConfig.cmake
-- Installing: /home/c1ph3r/ros2_ws/install/my_robot_bringup/share/my_robot_bringup/cmake/my_robot_bringupConfig-version.cmake
-- Up-to-date: /home/c1ph3r/ros2_ws/install/my_robot_bringup/share/my_robot_bringup/package.xml
