[0.665s] Invoking command in '/home/c1ph3r/ros2_ws/src/my_python_package': PYTHONPATH=/home/c1ph3r/ros2_ws/build/my_python_package/prefix_override:/home/c1ph3r/ros2_ws/install/my_python_package/lib/python3.10/site-packages:${PYTHONPATH} /usr/bin/python3 setup.py egg_info --egg-base ../../build/my_python_package build --build-base /home/c1ph3r/ros2_ws/build/my_python_package/build install --record /home/c1ph3r/ros2_ws/build/my_python_package/install.log --single-version-externally-managed
[0.897s] running egg_info
[0.898s] creating ../../build/my_python_package/my_python_package.egg-info
[0.898s] writing ../../build/my_python_package/my_python_package.egg-info/PKG-INFO
[0.898s] writing dependency_links to ../../build/my_python_package/my_python_package.egg-info/dependency_links.txt
[0.899s] writing entry points to ../../build/my_python_package/my_python_package.egg-info/entry_points.txt
[0.899s] writing requirements to ../../build/my_python_package/my_python_package.egg-info/requires.txt
[0.899s] writing top-level names to ../../build/my_python_package/my_python_package.egg-info/top_level.txt
[0.899s] writing manifest file '../../build/my_python_package/my_python_package.egg-info/SOURCES.txt'
[0.900s] reading manifest file '../../build/my_python_package/my_python_package.egg-info/SOURCES.txt'
[0.901s] writing manifest file '../../build/my_python_package/my_python_package.egg-info/SOURCES.txt'
[0.901s] running build
[0.902s] running build_py
[0.902s] creating /home/c1ph3r/ros2_ws/build/my_python_package/build
[0.902s] creating /home/c1ph3r/ros2_ws/build/my_python_package/build/lib
[0.902s] creating /home/c1ph3r/ros2_ws/build/my_python_package/build/lib/my_python_package
[0.902s] copying my_python_package/__init__.py -> /home/c1ph3r/ros2_ws/build/my_python_package/build/lib/my_python_package
[0.903s] /usr/lib/python3/dist-packages/setuptools/command/install.py:34: SetuptoolsDeprecationWarning: setup.py install is deprecated. Use build and pip and other standards-based tools.
[0.903s]   warnings.warn(
[0.903s] running install
[0.903s] running install_lib
[0.903s] creating /home/c1ph3r/ros2_ws/install/my_python_package/lib/python3.10/site-packages/my_python_package
[0.904s] copying /home/c1ph3r/ros2_ws/build/my_python_package/build/lib/my_python_package/__init__.py -> /home/c1ph3r/ros2_ws/install/my_python_package/lib/python3.10/site-packages/my_python_package
[0.904s] byte-compiling /home/c1ph3r/ros2_ws/install/my_python_package/lib/python3.10/site-packages/my_python_package/__init__.py to __init__.cpython-310.pyc
[0.904s] running install_data
[0.904s] creating /home/c1ph3r/ros2_ws/install/my_python_package/share/ament_index
[0.904s] creating /home/c1ph3r/ros2_ws/install/my_python_package/share/ament_index/resource_index
[0.905s] creating /home/c1ph3r/ros2_ws/install/my_python_package/share/ament_index/resource_index/packages
[0.905s] copying resource/my_python_package -> /home/c1ph3r/ros2_ws/install/my_python_package/share/ament_index/resource_index/packages
[0.905s] copying package.xml -> /home/c1ph3r/ros2_ws/install/my_python_package/share/my_python_package
[0.905s] running install_egg_info
[0.906s] Copying ../../build/my_python_package/my_python_package.egg-info to /home/c1ph3r/ros2_ws/install/my_python_package/lib/python3.10/site-packages/my_python_package-0.0.0-py3.10.egg-info
[0.907s] running install_scripts
[0.928s] writing list of installed files to '/home/c1ph3r/ros2_ws/build/my_python_package/install.log'
[0.961s] Invoked command in '/home/c1ph3r/ros2_ws/src/my_python_package' returned '0': PYTHONPATH=/home/c1ph3r/ros2_ws/build/my_python_package/prefix_override:/home/c1ph3r/ros2_ws/install/my_python_package/lib/python3.10/site-packages:${PYTHONPATH} /usr/bin/python3 setup.py egg_info --egg-base ../../build/my_python_package build --build-base /home/c1ph3r/ros2_ws/build/my_python_package/build install --record /home/c1ph3r/ros2_ws/build/my_python_package/install.log --single-version-externally-managed
