[0.025s] Invoking command in '/home/c1ph3r/ros2_ws/build/my_robot_bringup': AMENT_PREFIX_PATH=/home/c1ph3r/ros2_ws/install/turtle_catch_them_all:/home/c1ph3r/ros2_ws/install/my_python_package:/home/c1ph3r/ros2_ws/install/my_robot_bringup:/home/c1ph3r/ros2_ws/install/my_cpp_package:/home/c1ph3r/ros2_ws/install/my_robot_interfaces:/home/c1ph3r/ros2_ws/install/my_robot_description:/opt/ros/humble CMAKE_PREFIX_PATH=/home/c1ph3r/ros2_ws/install/my_cpp_package:/home/c1ph3r/ros2_ws/install/my_robot_interfaces:/home/c1ph3r/ros2_ws/install/my_robot_description:/home/c1ph3r/ros2_ws/install/my_robot_bringup:/home/c1ph3r/ros2_ws/install/turtle_catch_them_all:/home/c1ph3r/ros2_ws/install/my_python_package:/opt/ros/humble /usr/bin/cmake --build /home/c1ph3r/ros2_ws/build/my_robot_bringup -- -j8 -l8
[0.047s] -- Found ament_cmake: 1.3.5 (/opt/ros/humble/share/ament_cmake/cmake)
[0.294s] -- Configuring done
[0.297s] -- Generating done
[0.298s] -- Build files have been written to: /home/c1ph3r/ros2_ws/build/my_robot_bringup
[0.321s] Invoked command in '/home/c1ph3r/ros2_ws/build/my_robot_bringup' returned '0': AMENT_PREFIX_PATH=/home/c1ph3r/ros2_ws/install/turtle_catch_them_all:/home/c1ph3r/ros2_ws/install/my_python_package:/home/c1ph3r/ros2_ws/install/my_robot_bringup:/home/c1ph3r/ros2_ws/install/my_cpp_package:/home/c1ph3r/ros2_ws/install/my_robot_interfaces:/home/c1ph3r/ros2_ws/install/my_robot_description:/opt/ros/humble CMAKE_PREFIX_PATH=/home/c1ph3r/ros2_ws/install/my_cpp_package:/home/c1ph3r/ros2_ws/install/my_robot_interfaces:/home/c1ph3r/ros2_ws/install/my_robot_description:/home/c1ph3r/ros2_ws/install/my_robot_bringup:/home/c1ph3r/ros2_ws/install/turtle_catch_them_all:/home/c1ph3r/ros2_ws/install/my_python_package:/opt/ros/humble /usr/bin/cmake --build /home/c1ph3r/ros2_ws/build/my_robot_bringup -- -j8 -l8
[0.355s] Invoking command in '/home/c1ph3r/ros2_ws/build/my_robot_bringup': AMENT_PREFIX_PATH=/home/c1ph3r/ros2_ws/install/turtle_catch_them_all:/home/c1ph3r/ros2_ws/install/my_python_package:/home/c1ph3r/ros2_ws/install/my_robot_bringup:/home/c1ph3r/ros2_ws/install/my_cpp_package:/home/c1ph3r/ros2_ws/install/my_robot_interfaces:/home/c1ph3r/ros2_ws/install/my_robot_description:/opt/ros/humble CMAKE_PREFIX_PATH=/home/c1ph3r/ros2_ws/install/my_cpp_package:/home/c1ph3r/ros2_ws/install/my_robot_interfaces:/home/c1ph3r/ros2_ws/install/my_robot_description:/home/c1ph3r/ros2_ws/install/my_robot_bringup:/home/c1ph3r/ros2_ws/install/turtle_catch_them_all:/home/c1ph3r/ros2_ws/install/my_python_package:/opt/ros/humble /usr/bin/cmake --install /home/c1ph3r/ros2_ws/build/my_robot_bringup
[0.369s] -- Install configuration: ""
[0.369s] -- Up-to-date: /home/c1ph3r/ros2_ws/install/my_robot_bringup/share/my_robot_bringup/launch
[0.369s] -- Up-to-date: /home/c1ph3r/ros2_ws/install/my_robot_bringup/share/my_robot_bringup/launch/radio.launch.py
[0.369s] -- Up-to-date: /home/c1ph3r/ros2_ws/install/my_robot_bringup/share/my_robot_bringup/launch/turtle_catch_them_all.launch.py
[0.369s] -- Up-to-date: /home/c1ph3r/ros2_ws/install/my_robot_bringup/share/my_robot_bringup/launch/number_app.launch.py
[0.370s] -- Up-to-date: /home/c1ph3r/ros2_ws/install/my_robot_bringup/share/my_robot_bringup/launch/my_robot_gazebo.launch.xml
[0.370s] -- Installing: /home/c1ph3r/ros2_ws/install/my_robot_bringup/share/my_robot_bringup/rviz
[0.370s] -- Installing: /home/c1ph3r/ros2_ws/install/my_robot_bringup/share/my_robot_bringup/rviz/urdf_config.rviz
[0.370s] -- Up-to-date: /home/c1ph3r/ros2_ws/install/my_robot_bringup/share/ament_index/resource_index/package_run_dependencies/my_robot_bringup
[0.370s] -- Up-to-date: /home/c1ph3r/ros2_ws/install/my_robot_bringup/share/ament_index/resource_index/parent_prefix_path/my_robot_bringup
[0.370s] -- Up-to-date: /home/c1ph3r/ros2_ws/install/my_robot_bringup/share/my_robot_bringup/environment/ament_prefix_path.sh
[0.370s] -- Installing: /home/c1ph3r/ros2_ws/install/my_robot_bringup/share/my_robot_bringup/environment/ament_prefix_path.dsv
[0.370s] -- Up-to-date: /home/c1ph3r/ros2_ws/install/my_robot_bringup/share/my_robot_bringup/environment/path.sh
[0.371s] -- Installing: /home/c1ph3r/ros2_ws/install/my_robot_bringup/share/my_robot_bringup/environment/path.dsv
[0.371s] -- Up-to-date: /home/c1ph3r/ros2_ws/install/my_robot_bringup/share/my_robot_bringup/local_setup.bash
[0.371s] -- Up-to-date: /home/c1ph3r/ros2_ws/install/my_robot_bringup/share/my_robot_bringup/local_setup.sh
[0.371s] -- Up-to-date: /home/c1ph3r/ros2_ws/install/my_robot_bringup/share/my_robot_bringup/local_setup.zsh
[0.371s] -- Installing: /home/c1ph3r/ros2_ws/install/my_robot_bringup/share/my_robot_bringup/local_setup.dsv
[0.371s] -- Installing: /home/c1ph3r/ros2_ws/install/my_robot_bringup/share/my_robot_bringup/package.dsv
[0.371s] -- Up-to-date: /home/c1ph3r/ros2_ws/install/my_robot_bringup/share/ament_index/resource_index/packages/my_robot_bringup
[0.372s] -- Up-to-date: /home/c1ph3r/ros2_ws/install/my_robot_bringup/share/my_robot_bringup/cmake/my_robot_bringupConfig.cmake
[0.372s] -- Up-to-date: /home/c1ph3r/ros2_ws/install/my_robot_bringup/share/my_robot_bringup/cmake/my_robot_bringupConfig-version.cmake
[0.372s] -- Up-to-date: /home/c1ph3r/ros2_ws/install/my_robot_bringup/share/my_robot_bringup/package.xml
[0.373s] Invoked command in '/home/c1ph3r/ros2_ws/build/my_robot_bringup' returned '0': AMENT_PREFIX_PATH=/home/c1ph3r/ros2_ws/install/turtle_catch_them_all:/home/c1ph3r/ros2_ws/install/my_python_package:/home/c1ph3r/ros2_ws/install/my_robot_bringup:/home/c1ph3r/ros2_ws/install/my_cpp_package:/home/c1ph3r/ros2_ws/install/my_robot_interfaces:/home/c1ph3r/ros2_ws/install/my_robot_description:/opt/ros/humble CMAKE_PREFIX_PATH=/home/c1ph3r/ros2_ws/install/my_cpp_package:/home/c1ph3r/ros2_ws/install/my_robot_interfaces:/home/c1ph3r/ros2_ws/install/my_robot_description:/home/c1ph3r/ros2_ws/install/my_robot_bringup:/home/c1ph3r/ros2_ws/install/turtle_catch_them_all:/home/c1ph3r/ros2_ws/install/my_python_package:/opt/ros/humble /usr/bin/cmake --install /home/c1ph3r/ros2_ws/build/my_robot_bringup
