[0.017s] Invoking command in '/home/c1ph3r/ros2_ws/build/my_robot_description': CMAKE_PREFIX_PATH=${CMAKE_PREFIX_PATH}:/home/c1ph3r/ros2_ws/install/turtle_catch_them_all:/home/c1ph3r/ros2_ws/install/my_python_package:/opt/ros/humble /usr/bin/cmake --build /home/c1ph3r/ros2_ws/build/my_robot_description -- -j8 -l8
[0.072s] Invoked command in '/home/c1ph3r/ros2_ws/build/my_robot_description' returned '0': CMAKE_PREFIX_PATH=${CMAKE_PREFIX_PATH}:/home/c1ph3r/ros2_ws/install/turtle_catch_them_all:/home/c1ph3r/ros2_ws/install/my_python_package:/opt/ros/humble /usr/bin/cmake --build /home/c1ph3r/ros2_ws/build/my_robot_description -- -j8 -l8
[0.110s] Invoking command in '/home/c1ph3r/ros2_ws/build/my_robot_description': CMAKE_PREFIX_PATH=${CMAKE_PREFIX_PATH}:/home/c1ph3r/ros2_ws/install/turtle_catch_them_all:/home/c1ph3r/ros2_ws/install/my_python_package:/opt/ros/humble /usr/bin/cmake --install /home/c1ph3r/ros2_ws/build/my_robot_description
[0.118s] -- Install configuration: ""
[0.119s] -- Up-to-date: /home/c1ph3r/ros2_ws/install/my_robot_description/share/my_robot_description//urdf
[0.119s] -- Up-to-date: /home/c1ph3r/ros2_ws/install/my_robot_description/share/my_robot_description//urdf/my_robot.urdf
[0.119s] -- Up-to-date: /home/c1ph3r/ros2_ws/install/my_robot_description/share/my_robot_description//launch
[0.119s] -- Up-to-date: /home/c1ph3r/ros2_ws/install/my_robot_description/share/my_robot_description//launch/display.launch.xml
[0.119s] -- Installing: /home/c1ph3r/ros2_ws/install/my_robot_description/share/my_robot_description//launch/display.launch.py
[0.119s] -- Up-to-date: /home/c1ph3r/ros2_ws/install/my_robot_description/share/ament_index/resource_index/package_run_dependencies/my_robot_description
[0.120s] -- Up-to-date: /home/c1ph3r/ros2_ws/install/my_robot_description/share/ament_index/resource_index/parent_prefix_path/my_robot_description
[0.120s] -- Up-to-date: /home/c1ph3r/ros2_ws/install/my_robot_description/share/my_robot_description/environment/ament_prefix_path.sh
[0.120s] -- Up-to-date: /home/c1ph3r/ros2_ws/install/my_robot_description/share/my_robot_description/environment/ament_prefix_path.dsv
[0.120s] -- Up-to-date: /home/c1ph3r/ros2_ws/install/my_robot_description/share/my_robot_description/environment/path.sh
[0.120s] -- Up-to-date: /home/c1ph3r/ros2_ws/install/my_robot_description/share/my_robot_description/environment/path.dsv
[0.120s] -- Up-to-date: /home/c1ph3r/ros2_ws/install/my_robot_description/share/my_robot_description/local_setup.bash
[0.120s] -- Up-to-date: /home/c1ph3r/ros2_ws/install/my_robot_description/share/my_robot_description/local_setup.sh
[0.120s] -- Up-to-date: /home/c1ph3r/ros2_ws/install/my_robot_description/share/my_robot_description/local_setup.zsh
[0.120s] -- Up-to-date: /home/c1ph3r/ros2_ws/install/my_robot_description/share/my_robot_description/local_setup.dsv
[0.121s] -- Installing: /home/c1ph3r/ros2_ws/install/my_robot_description/share/my_robot_description/package.dsv
[0.121s] -- Up-to-date: /home/c1ph3r/ros2_ws/install/my_robot_description/share/ament_index/resource_index/packages/my_robot_description
[0.121s] -- Up-to-date: /home/c1ph3r/ros2_ws/install/my_robot_description/share/my_robot_description/cmake/my_robot_descriptionConfig.cmake
[0.121s] -- Up-to-date: /home/c1ph3r/ros2_ws/install/my_robot_description/share/my_robot_description/cmake/my_robot_descriptionConfig-version.cmake
[0.121s] -- Up-to-date: /home/c1ph3r/ros2_ws/install/my_robot_description/share/my_robot_description/package.xml
[0.122s] Invoked command in '/home/c1ph3r/ros2_ws/build/my_robot_description' returned '0': CMAKE_PREFIX_PATH=${CMAKE_PREFIX_PATH}:/home/c1ph3r/ros2_ws/install/turtle_catch_them_all:/home/c1ph3r/ros2_ws/install/my_python_package:/opt/ros/humble /usr/bin/cmake --install /home/c1ph3r/ros2_ws/build/my_robot_description
