[0.023s] Invoking command in '/home/c1ph3r/ros2_ws/build/my_cpp_package': CMAKE_PREFIX_PATH=/home/c1ph3r/ros2_ws/install/my_robot_interfaces:/home/c1ph3r/ros2_ws/install/my_robot_bringup:/home/c1ph3r/ros2_ws/install/my_cpp_package:/home/c1ph3r/ros2_ws/install/turtle_catch_them_all:/home/c1ph3r/ros2_ws/install/my_python_package:/opt/ros/humble /usr/bin/cmake --build /home/c1ph3r/ros2_ws/build/my_cpp_package -- -j8 -l8
[0.086s] -- Found ament_cmake: 1.3.5 (/opt/ros/humble/share/ament_cmake/cmake)
[0.286s] -- Found rclcpp: 16.0.5 (/opt/ros/humble/share/rclcpp/cmake)
[0.334s] -- Found rosidl_generator_c: 3.1.5 (/opt/ros/humble/share/rosidl_generator_c/cmake)
[0.338s] -- Found rosidl_adapter: 3.1.5 (/opt/ros/humble/share/rosidl_adapter/cmake)
[0.347s] -- Found rosidl_generator_cpp: 3.1.5 (/opt/ros/humble/share/rosidl_generator_cpp/cmake)
[0.362s] -- Using all available rosidl_typesupport_c: rosidl_typesupport_fastrtps_c;rosidl_typesupport_introspection_c
[0.382s] -- Using all available rosidl_typesupport_cpp: rosidl_typesupport_fastrtps_cpp;rosidl_typesupport_introspection_cpp
[0.458s] -- Found rmw_implementation_cmake: 6.1.1 (/opt/ros/humble/share/rmw_implementation_cmake/cmake)
[0.461s] -- Found rmw_fastrtps_cpp: 6.2.3 (/opt/ros/humble/share/rmw_fastrtps_cpp/cmake)
[0.593s] -- Using RMW implementation 'rmw_fastrtps_cpp' as default
[0.786s] -- Found rclcpp_components: 16.0.5 (/opt/ros/humble/share/rclcpp_components/cmake)
[0.857s] -- Found example_interfaces: 0.9.3 (/opt/ros/humble/share/example_interfaces/cmake)
[1.024s] -- Found my_robot_interfaces: 0.0.0 (/home/c1ph3r/ros2_ws/install/my_robot_interfaces/share/my_robot_interfaces/cmake)
[1.124s] -- Configuring done
[1.182s] -- Generating done
[1.185s] -- Build files have been written to: /home/c1ph3r/ros2_ws/build/my_cpp_package
[1.226s] [35m[1mConsolidate compiler generated dependencies of target add_two_ints_client[0m
[1.226s] [35m[1mConsolidate compiler generated dependencies of target robot_news_station[0m
[1.226s] [35m[1mConsolidate compiler generated dependencies of target add_two_ints_server[0m
[1.228s] [35m[1mConsolidate compiler generated dependencies of target cpp_node[0m
[1.229s] [35m[1mConsolidate compiler generated dependencies of target add_two_ints_client_oops[0m
[1.229s] [35m[1mConsolidate compiler generated dependencies of target smartphone[0m
[1.236s] [35m[1mConsolidate compiler generated dependencies of target basic_pub[0m
[1.238s] [35m[1mConsolidate compiler generated dependencies of target hardware_status_publisher[0m
[1.263s] [ 30%] Built target smartphone
[1.263s] [ 30%] Built target robot_news_station
[1.263s] [ 30%] Built target add_two_ints_client_oops
[1.263s] [ 38%] Built target add_two_ints_client
[1.263s] [ 42%] [32mBuilding CXX object CMakeFiles/hardware_status_publisher.dir/src/HardwareStatus.cpp.o[0m
[1.264s] [ 30%] Built target add_two_ints_server
[1.264s] [ 50%] Built target cpp_node
[1.274s] [ 57%] Built target basic_pub
[1.277s] [35m[1mConsolidate compiler generated dependencies of target LED_panel[0m
[1.278s] [35m[1mConsolidate compiler generated dependencies of target number_publisher[0m
[1.278s] [35m[1mConsolidate compiler generated dependencies of target basic_sub[0m
[1.280s] [35m[1mConsolidate compiler generated dependencies of target number_counter[0m
[1.287s] [35m[1mConsolidate compiler generated dependencies of target battery[0m
[1.298s] [ 65%] Built target basic_sub
[1.302s] [ 73%] Built target number_publisher
[1.303s] [ 76%] [32mBuilding CXX object CMakeFiles/LED_panel.dir/src/LED_panel.cpp.o[0m
[1.304s] [ 84%] Built target number_counter
[1.312s] [ 88%] [32mBuilding CXX object CMakeFiles/battery.dir/src/battery.cpp.o[0m
[5.549s] [ 92%] [32m[1mLinking CXX executable battery[0m
[5.781s] [ 92%] Built target battery
[6.199s] [ 96%] [32m[1mLinking CXX executable hardware_status_publisher[0m
[6.477s] [ 96%] Built target hardware_status_publisher
[6.904s] [100%] [32m[1mLinking CXX executable LED_panel[0m
[7.162s] [100%] Built target LED_panel
[7.174s] Invoked command in '/home/c1ph3r/ros2_ws/build/my_cpp_package' returned '0': CMAKE_PREFIX_PATH=/home/c1ph3r/ros2_ws/install/my_robot_interfaces:/home/c1ph3r/ros2_ws/install/my_robot_bringup:/home/c1ph3r/ros2_ws/install/my_cpp_package:/home/c1ph3r/ros2_ws/install/turtle_catch_them_all:/home/c1ph3r/ros2_ws/install/my_python_package:/opt/ros/humble /usr/bin/cmake --build /home/c1ph3r/ros2_ws/build/my_cpp_package -- -j8 -l8
[7.251s] Invoking command in '/home/c1ph3r/ros2_ws/build/my_cpp_package': CMAKE_PREFIX_PATH=/home/c1ph3r/ros2_ws/install/my_robot_interfaces:/home/c1ph3r/ros2_ws/install/my_robot_bringup:/home/c1ph3r/ros2_ws/install/my_cpp_package:/home/c1ph3r/ros2_ws/install/turtle_catch_them_all:/home/c1ph3r/ros2_ws/install/my_python_package:/opt/ros/humble /usr/bin/cmake --install /home/c1ph3r/ros2_ws/build/my_cpp_package
[7.259s] -- Install configuration: ""
[7.260s] -- Up-to-date: /home/c1ph3r/ros2_ws/install/my_cpp_package/lib/my_cpp_package/cpp_node
[7.261s] -- Up-to-date: /home/c1ph3r/ros2_ws/install/my_cpp_package/lib/my_cpp_package/robot_news_station
[7.261s] -- Up-to-date: /home/c1ph3r/ros2_ws/install/my_cpp_package/lib/my_cpp_package/smartphone
[7.262s] -- Up-to-date: /home/c1ph3r/ros2_ws/install/my_cpp_package/lib/my_cpp_package/add_two_ints_server
[7.262s] -- Up-to-date: /home/c1ph3r/ros2_ws/install/my_cpp_package/lib/my_cpp_package/add_two_ints_client
[7.263s] -- Up-to-date: /home/c1ph3r/ros2_ws/install/my_cpp_package/lib/my_cpp_package/add_two_ints_client_oops
[7.264s] -- Installing: /home/c1ph3r/ros2_ws/install/my_cpp_package/lib/my_cpp_package/hardware_status_publisher
[7.265s] -- Set runtime path of "/home/c1ph3r/ros2_ws/install/my_cpp_package/lib/my_cpp_package/hardware_status_publisher" to ""
[7.266s] -- Up-to-date: /home/c1ph3r/ros2_ws/install/my_cpp_package/lib/my_cpp_package/basic_pub
[7.266s] -- Up-to-date: /home/c1ph3r/ros2_ws/install/my_cpp_package/lib/my_cpp_package/basic_sub
[7.267s] -- Installing: /home/c1ph3r/ros2_ws/install/my_cpp_package/lib/my_cpp_package/LED_panel
[7.268s] -- Set runtime path of "/home/c1ph3r/ros2_ws/install/my_cpp_package/lib/my_cpp_package/LED_panel" to ""
[7.269s] -- Installing: /home/c1ph3r/ros2_ws/install/my_cpp_package/lib/my_cpp_package/battery
[7.270s] -- Set runtime path of "/home/c1ph3r/ros2_ws/install/my_cpp_package/lib/my_cpp_package/battery" to ""
[7.270s] -- Up-to-date: /home/c1ph3r/ros2_ws/install/my_cpp_package/lib/my_cpp_package/number_counter
[7.271s] -- Up-to-date: /home/c1ph3r/ros2_ws/install/my_cpp_package/lib/my_cpp_package/number_publisher
[7.271s] -- Up-to-date: /home/c1ph3r/ros2_ws/install/my_cpp_package/share/ament_index/resource_index/package_run_dependencies/my_cpp_package
[7.271s] -- Installing: /home/c1ph3r/ros2_ws/install/my_cpp_package/share/ament_index/resource_index/parent_prefix_path/my_cpp_package
[7.272s] -- Up-to-date: /home/c1ph3r/ros2_ws/install/my_cpp_package/share/my_cpp_package/environment/ament_prefix_path.sh
[7.272s] -- Installing: /home/c1ph3r/ros2_ws/install/my_cpp_package/share/my_cpp_package/environment/ament_prefix_path.dsv
[7.272s] -- Up-to-date: /home/c1ph3r/ros2_ws/install/my_cpp_package/share/my_cpp_package/environment/path.sh
[7.272s] -- Installing: /home/c1ph3r/ros2_ws/install/my_cpp_package/share/my_cpp_package/environment/path.dsv
[7.272s] -- Up-to-date: /home/c1ph3r/ros2_ws/install/my_cpp_package/share/my_cpp_package/local_setup.bash
[7.273s] -- Up-to-date: /home/c1ph3r/ros2_ws/install/my_cpp_package/share/my_cpp_package/local_setup.sh
[7.273s] -- Up-to-date: /home/c1ph3r/ros2_ws/install/my_cpp_package/share/my_cpp_package/local_setup.zsh
[7.273s] -- Installing: /home/c1ph3r/ros2_ws/install/my_cpp_package/share/my_cpp_package/local_setup.dsv
[7.273s] -- Installing: /home/c1ph3r/ros2_ws/install/my_cpp_package/share/my_cpp_package/package.dsv
[7.273s] -- Up-to-date: /home/c1ph3r/ros2_ws/install/my_cpp_package/share/ament_index/resource_index/packages/my_cpp_package
[7.273s] -- Up-to-date: /home/c1ph3r/ros2_ws/install/my_cpp_package/share/my_cpp_package/cmake/my_cpp_packageConfig.cmake
[7.273s] -- Up-to-date: /home/c1ph3r/ros2_ws/install/my_cpp_package/share/my_cpp_package/cmake/my_cpp_packageConfig-version.cmake
[7.274s] -- Up-to-date: /home/c1ph3r/ros2_ws/install/my_cpp_package/share/my_cpp_package/package.xml
[7.275s] Invoked command in '/home/c1ph3r/ros2_ws/build/my_cpp_package' returned '0': CMAKE_PREFIX_PATH=/home/c1ph3r/ros2_ws/install/my_robot_interfaces:/home/c1ph3r/ros2_ws/install/my_robot_bringup:/home/c1ph3r/ros2_ws/install/my_cpp_package:/home/c1ph3r/ros2_ws/install/turtle_catch_them_all:/home/c1ph3r/ros2_ws/install/my_python_package:/opt/ros/humble /usr/bin/cmake --install /home/c1ph3r/ros2_ws/build/my_cpp_package
