[0.701s] Invoking command in '/home/c1ph3r/ros2_ws/src/my_python_package': PYTHONPATH=/home/c1ph3r/ros2_ws/build/my_python_package/prefix_override:/home/c1ph3r/ros2_ws/install/my_python_package/lib/python3.10/site-packages:${PYTHONPATH} /usr/bin/python3 setup.py egg_info --egg-base ../../build/my_python_package build --build-base /home/c1ph3r/ros2_ws/build/my_python_package/build install --record /home/c1ph3r/ros2_ws/build/my_python_package/install.log --single-version-externally-managed
[0.961s] running egg_info
[0.962s] writing ../../build/my_python_package/my_python_package.egg-info/PKG-INFO
[0.962s] writing dependency_links to ../../build/my_python_package/my_python_package.egg-info/dependency_links.txt
[0.962s] writing entry points to ../../build/my_python_package/my_python_package.egg-info/entry_points.txt
[0.962s] writing requirements to ../../build/my_python_package/my_python_package.egg-info/requires.txt
[0.962s] writing top-level names to ../../build/my_python_package/my_python_package.egg-info/top_level.txt
[0.964s] reading manifest file '../../build/my_python_package/my_python_package.egg-info/SOURCES.txt'
[0.965s] writing manifest file '../../build/my_python_package/my_python_package.egg-info/SOURCES.txt'
[0.965s] running build
[0.965s] running build_py
[0.966s] running install
[0.966s] running install_lib
[0.967s] running install_data
[0.968s] running install_egg_info
[0.969s] removing '/home/c1ph3r/ros2_ws/install/my_python_package/lib/python3.10/site-packages/my_python_package-0.0.0-py3.10.egg-info' (and everything under it)
[0.969s] Copying ../../build/my_python_package/my_python_package.egg-info to /home/c1ph3r/ros2_ws/install/my_python_package/lib/python3.10/site-packages/my_python_package-0.0.0-py3.10.egg-info
[0.970s] running install_scripts
[0.991s] writing list of installed files to '/home/c1ph3r/ros2_ws/build/my_python_package/install.log'
[1.033s] Invoked command in '/home/c1ph3r/ros2_ws/src/my_python_package' returned '0': PYTHONPATH=/home/c1ph3r/ros2_ws/build/my_python_package/prefix_override:/home/c1ph3r/ros2_ws/install/my_python_package/lib/python3.10/site-packages:${PYTHONPATH} /usr/bin/python3 setup.py egg_info --egg-base ../../build/my_python_package build --build-base /home/c1ph3r/ros2_ws/build/my_python_package/build install --record /home/c1ph3r/ros2_ws/build/my_python_package/install.log --single-version-externally-managed
