[0.015s] Invoking command in '/home/c1ph3r/ros2_ws/build/my_robot_interfaces': CMAKE_PREFIX_PATH=/opt/ros/humble /usr/bin/cmake /home/c1ph3r/ros2_ws/src/my_robot_interfaces -DCMAKE_INSTALL_PREFIX=/home/c1ph3r/ros2_ws/install/my_robot_interfaces
[0.096s] -- The C compiler identification is GNU 11.4.0
[0.175s] -- The CXX compiler identification is GNU 11.4.0
[0.191s] -- Detecting C compiler ABI info
[0.297s] -- Detecting C compiler ABI info - done
[0.320s] -- Check for working C compiler: /usr/bin/cc - skipped
[0.321s] -- Detecting C compile features
[0.322s] -- Detecting C compile features - done
[0.332s] -- Detecting CXX compiler ABI info
[0.458s] -- Detecting CXX compiler ABI info - done
[0.466s] -- Check for working CXX compiler: /usr/bin/c++ - skipped
[0.467s] -- Detecting CXX compile features
[0.467s] -- Detecting CXX compile features - done
[0.469s] -- Found ament_cmake: 1.3.5 (/opt/ros/humble/share/ament_cmake/cmake)
[0.723s] -- Found Python3: /usr/bin/python3.10 (found version "3.10.12") found components: Interpreter 
[0.848s] -- Found rosidl_default_generators: 1.2.0 (/opt/ros/humble/share/rosidl_default_generators/cmake)
[0.855s] -- Using all available rosidl_typesupport_c: rosidl_typesupport_fastrtps_c;rosidl_typesupport_introspection_c
[0.870s] -- Found rosidl_adapter: 3.1.5 (/opt/ros/humble/share/rosidl_adapter/cmake)
[0.914s] -- Using all available rosidl_typesupport_cpp: rosidl_typesupport_fastrtps_cpp;rosidl_typesupport_introspection_cpp
[1.255s] -- Found ament_cmake_ros: 0.10.0 (/opt/ros/humble/share/ament_cmake_ros/cmake)
[1.528s] -- Using all available rosidl_typesupport_c: rosidl_typesupport_fastrtps_c;rosidl_typesupport_introspection_c
[1.809s] -- Using all available rosidl_typesupport_cpp: rosidl_typesupport_fastrtps_cpp;rosidl_typesupport_introspection_cpp
[1.865s] -- Found PythonInterp: /usr/bin/python3 (found suitable version "3.10.12", minimum required is "3.6") 
[1.868s] -- Found python_cmake_module: 0.10.0 (/opt/ros/humble/share/python_cmake_module/cmake)
[1.924s] -- Found PythonLibs: /usr/lib/x86_64-linux-gnu/libpython3.10.so (found suitable version "3.10.12", minimum required is "3.5") 
[1.924s] -- Using PYTHON_EXECUTABLE: /usr/bin/python3
[1.924s] -- Using PYTHON_INCLUDE_DIRS: /usr/include/python3.10
[1.924s] -- Using PYTHON_LIBRARIES: /usr/lib/x86_64-linux-gnu/libpython3.10.so
[1.966s] -- Found PythonExtra: .so  
[2.053s] -- Configuring done
[2.108s] -- Generating done
[2.110s] -- Build files have been written to: /home/c1ph3r/ros2_ws/build/my_robot_interfaces
[2.117s] Invoked command in '/home/c1ph3r/ros2_ws/build/my_robot_interfaces' returned '0': CMAKE_PREFIX_PATH=/opt/ros/humble /usr/bin/cmake /home/c1ph3r/ros2_ws/src/my_robot_interfaces -DCMAKE_INSTALL_PREFIX=/home/c1ph3r/ros2_ws/install/my_robot_interfaces
[2.120s] Invoking command in '/home/c1ph3r/ros2_ws/build/my_robot_interfaces': CMAKE_PREFIX_PATH=/opt/ros/humble /usr/bin/cmake --build /home/c1ph3r/ros2_ws/build/my_robot_interfaces -- -j8 -l8
[2.177s] [  1%] [34m[1mGenerating C code for ROS interfaces[0m
[2.186s] [  3%] [34m[1mGenerating C++ code for ROS interfaces[0m
[2.195s] [  3%] Built target ament_cmake_python_copy_my_robot_interfaces
[2.446s] running egg_info
[2.446s] creating my_robot_interfaces.egg-info
[2.447s] writing my_robot_interfaces.egg-info/PKG-INFO
[2.447s] writing dependency_links to my_robot_interfaces.egg-info/dependency_links.txt
[2.447s] writing top-level names to my_robot_interfaces.egg-info/top_level.txt
[2.447s] writing manifest file 'my_robot_interfaces.egg-info/SOURCES.txt'
[2.449s] reading manifest file 'my_robot_interfaces.egg-info/SOURCES.txt'
[2.450s] writing manifest file 'my_robot_interfaces.egg-info/SOURCES.txt'
[2.494s] [  3%] Built target ament_cmake_python_build_my_robot_interfaces_egg
[2.664s] [  3%] Built target my_robot_interfaces__cpp
[2.674s] [  9%] [34m[1mGenerating C++ introspection for ROS interfaces[0m
[2.674s] [  9%] [34m[1mGenerating C++ type support dispatch for ROS interfaces[0m
[2.675s] [  9%] [34m[1mGenerating C++ type support for eProsima Fast-RTPS[0m
[2.773s] [ 10%] [32mBuilding C object CMakeFiles/my_robot_interfaces__rosidl_generator_c.dir/rosidl_generator_c/my_robot_interfaces/msg/detail/led_status_array__functions.c.o[0m
[2.774s] [ 12%] [32mBuilding C object CMakeFiles/my_robot_interfaces__rosidl_generator_c.dir/rosidl_generator_c/my_robot_interfaces/msg/detail/hardware_status__functions.c.o[0m
[2.775s] [ 16%] [32mBuilding C object CMakeFiles/my_robot_interfaces__rosidl_generator_c.dir/rosidl_generator_c/my_robot_interfaces/srv/detail/set_led__functions.c.o[0m
[2.775s] [ 16%] [32mBuilding C object CMakeFiles/my_robot_interfaces__rosidl_generator_c.dir/rosidl_generator_c/my_robot_interfaces/srv/detail/compute_rectangle_area__functions.c.o[0m
[2.867s] [ 18%] [32m[1mLinking C shared library libmy_robot_interfaces__rosidl_generator_c.so[0m
[2.908s] [ 18%] Built target my_robot_interfaces__rosidl_generator_c
[2.920s] [ 20%] [34m[1mGenerating C introspection for ROS interfaces[0m
[2.920s] [ 21%] [34m[1mGenerating C type support dispatch for ROS interfaces[0m
[2.921s] [ 23%] [34m[1mGenerating C type support for eProsima Fast-RTPS[0m
[3.127s] [ 27%] [32mBuilding CXX object CMakeFiles/my_robot_interfaces__rosidl_typesupport_cpp.dir/rosidl_typesupport_cpp/my_robot_interfaces/msg/hardware_status__type_support.cpp.o[0m
[3.127s] [ 27%] [32mBuilding CXX object CMakeFiles/my_robot_interfaces__rosidl_typesupport_cpp.dir/rosidl_typesupport_cpp/my_robot_interfaces/msg/led_status_array__type_support.cpp.o[0m
[3.127s] [ 29%] [32mBuilding CXX object CMakeFiles/my_robot_interfaces__rosidl_typesupport_cpp.dir/rosidl_typesupport_cpp/my_robot_interfaces/srv/compute_rectangle_area__type_support.cpp.o[0m
[3.348s] [ 30%] [32mBuilding CXX object CMakeFiles/my_robot_interfaces__rosidl_typesupport_introspection_cpp.dir/rosidl_typesupport_introspection_cpp/my_robot_interfaces/msg/detail/hardware_status__type_support.cpp.o[0m
[3.404s] [ 32%] [32mBuilding CXX object CMakeFiles/my_robot_interfaces__rosidl_typesupport_fastrtps_cpp.dir/rosidl_typesupport_fastrtps_cpp/my_robot_interfaces/msg/detail/dds_fastrtps/hardware_status__type_support.cpp.o[0m
[3.576s] [ 34%] [32mBuilding CXX object CMakeFiles/my_robot_interfaces__rosidl_typesupport_cpp.dir/rosidl_typesupport_cpp/my_robot_interfaces/srv/set_led__type_support.cpp.o[0m
[3.576s] [ 36%] [32mBuilding CXX object CMakeFiles/my_robot_interfaces__rosidl_typesupport_introspection_cpp.dir/rosidl_typesupport_introspection_cpp/my_robot_interfaces/msg/detail/led_status_array__type_support.cpp.o[0m
[3.578s] [ 38%] [32mBuilding CXX object CMakeFiles/my_robot_interfaces__rosidl_typesupport_fastrtps_cpp.dir/rosidl_typesupport_fastrtps_cpp/my_robot_interfaces/msg/detail/dds_fastrtps/led_status_array__type_support.cpp.o[0m
[3.585s] [ 40%] [32mBuilding CXX object CMakeFiles/my_robot_interfaces__rosidl_typesupport_c.dir/rosidl_typesupport_c/my_robot_interfaces/msg/hardware_status__type_support.cpp.o[0m
[3.648s] [ 41%] [32mBuilding CXX object CMakeFiles/my_robot_interfaces__rosidl_typesupport_c.dir/rosidl_typesupport_c/my_robot_interfaces/msg/led_status_array__type_support.cpp.o[0m
[3.694s] [ 43%] [32mBuilding CXX object CMakeFiles/my_robot_interfaces__rosidl_typesupport_c.dir/rosidl_typesupport_c/my_robot_interfaces/srv/compute_rectangle_area__type_support.cpp.o[0m
[3.738s] [ 45%] [32mBuilding C object CMakeFiles/my_robot_interfaces__rosidl_typesupport_introspection_c.dir/rosidl_typesupport_introspection_c/my_robot_interfaces/msg/detail/hardware_status__type_support.c.o[0m
[3.745s] [ 47%] [32mBuilding CXX object CMakeFiles/my_robot_interfaces__rosidl_typesupport_c.dir/rosidl_typesupport_c/my_robot_interfaces/srv/set_led__type_support.cpp.o[0m
[3.768s] [ 49%] [32mBuilding CXX object CMakeFiles/my_robot_interfaces__rosidl_typesupport_fastrtps_c.dir/rosidl_typesupport_fastrtps_c/my_robot_interfaces/msg/detail/hardware_status__type_support_c.cpp.o[0m
[3.786s] [ 50%] [32mBuilding C object CMakeFiles/my_robot_interfaces__rosidl_typesupport_introspection_c.dir/rosidl_typesupport_introspection_c/my_robot_interfaces/msg/detail/led_status_array__type_support.c.o[0m
[3.790s] [ 52%] [32m[1mLinking CXX shared library libmy_robot_interfaces__rosidl_typesupport_c.so[0m
[3.841s] [ 54%] [32mBuilding C object CMakeFiles/my_robot_interfaces__rosidl_typesupport_introspection_c.dir/rosidl_typesupport_introspection_c/my_robot_interfaces/srv/detail/compute_rectangle_area__type_support.c.o[0m
[3.857s] [ 54%] Built target my_robot_interfaces__rosidl_typesupport_c
[3.870s] [ 56%] [32mBuilding CXX object CMakeFiles/my_robot_interfaces__rosidl_typesupport_fastrtps_c.dir/rosidl_typesupport_fastrtps_c/my_robot_interfaces/msg/detail/led_status_array__type_support_c.cpp.o[0m
[3.895s] [ 58%] [32mBuilding C object CMakeFiles/my_robot_interfaces__rosidl_typesupport_introspection_c.dir/rosidl_typesupport_introspection_c/my_robot_interfaces/srv/detail/set_led__type_support.c.o[0m
[3.947s] [ 60%] [32m[1mLinking C shared library libmy_robot_interfaces__rosidl_typesupport_introspection_c.so[0m
[3.998s] [ 60%] Built target my_robot_interfaces__rosidl_typesupport_introspection_c
[4.013s] [ 61%] [32mBuilding CXX object CMakeFiles/my_robot_interfaces__rosidl_typesupport_fastrtps_c.dir/rosidl_typesupport_fastrtps_c/my_robot_interfaces/srv/detail/compute_rectangle_area__type_support_c.cpp.o[0m
[4.033s] [ 63%] [32mBuilding CXX object CMakeFiles/my_robot_interfaces__rosidl_typesupport_introspection_cpp.dir/rosidl_typesupport_introspection_cpp/my_robot_interfaces/srv/detail/compute_rectangle_area__type_support.cpp.o[0m
[4.039s] [ 65%] [32m[1mLinking CXX shared library libmy_robot_interfaces__rosidl_typesupport_cpp.so[0m
[4.106s] [ 67%] [32mBuilding CXX object CMakeFiles/my_robot_interfaces__rosidl_typesupport_fastrtps_cpp.dir/rosidl_typesupport_fastrtps_cpp/my_robot_interfaces/srv/detail/dds_fastrtps/compute_rectangle_area__type_support.cpp.o[0m
[4.122s] [ 67%] Built target my_robot_interfaces__rosidl_typesupport_cpp
[4.140s] [ 69%] [32mBuilding CXX object CMakeFiles/my_robot_interfaces__rosidl_typesupport_fastrtps_cpp.dir/rosidl_typesupport_fastrtps_cpp/my_robot_interfaces/srv/detail/dds_fastrtps/set_led__type_support.cpp.o[0m
[4.351s] [ 70%] [32mBuilding CXX object CMakeFiles/my_robot_interfaces__rosidl_typesupport_introspection_cpp.dir/rosidl_typesupport_introspection_cpp/my_robot_interfaces/srv/detail/set_led__type_support.cpp.o[0m
[4.371s] [ 72%] [32mBuilding CXX object CMakeFiles/my_robot_interfaces__rosidl_typesupport_fastrtps_c.dir/rosidl_typesupport_fastrtps_c/my_robot_interfaces/srv/detail/set_led__type_support_c.cpp.o[0m
[4.796s] [ 74%] [32m[1mLinking CXX shared library libmy_robot_interfaces__rosidl_typesupport_fastrtps_cpp.so[0m
[4.845s] [ 76%] [32m[1mLinking CXX shared library libmy_robot_interfaces__rosidl_typesupport_fastrtps_c.so[0m
[4.914s] [ 76%] Built target my_robot_interfaces__rosidl_typesupport_fastrtps_cpp
[4.930s] [ 78%] [32m[1mLinking CXX shared library libmy_robot_interfaces__rosidl_typesupport_introspection_cpp.so[0m
[4.972s] [ 78%] Built target my_robot_interfaces__rosidl_typesupport_fastrtps_c
[5.025s] [ 78%] Built target my_robot_interfaces__rosidl_typesupport_introspection_cpp
[5.047s] [ 78%] Built target my_robot_interfaces
[5.070s] [ 80%] [34m[1mGenerating Python code for ROS interfaces[0m
[5.826s] [ 80%] Built target my_robot_interfaces__py
[5.850s] [ 81%] [32mBuilding C object CMakeFiles/my_robot_interfaces__rosidl_generator_py.dir/rosidl_generator_py/my_robot_interfaces/msg/_led_status_array_s.c.o[0m
[5.850s] [ 83%] [32mBuilding C object CMakeFiles/my_robot_interfaces__rosidl_generator_py.dir/rosidl_generator_py/my_robot_interfaces/srv/_set_led_s.c.o[0m
[5.857s] [ 85%] [32mBuilding C object CMakeFiles/my_robot_interfaces__rosidl_generator_py.dir/rosidl_generator_py/my_robot_interfaces/msg/_hardware_status_s.c.o[0m
[5.859s] [ 87%] [32mBuilding C object CMakeFiles/my_robot_interfaces__rosidl_generator_py.dir/rosidl_generator_py/my_robot_interfaces/srv/_compute_rectangle_area_s.c.o[0m
[5.988s] [ 89%] [32m[1mLinking C shared library rosidl_generator_py/my_robot_interfaces/libmy_robot_interfaces__rosidl_generator_py.so[0m
[6.030s] [ 89%] Built target my_robot_interfaces__rosidl_generator_py
[6.051s] [ 92%] [32mBuilding C object CMakeFiles/my_robot_interfaces__rosidl_typesupport_fastrtps_c__pyext.dir/rosidl_generator_py/my_robot_interfaces/_my_robot_interfaces_s.ep.rosidl_typesupport_fastrtps_c.c.o[0m
[6.051s] [ 92%] [32mBuilding C object CMakeFiles/my_robot_interfaces__rosidl_typesupport_introspection_c__pyext.dir/rosidl_generator_py/my_robot_interfaces/_my_robot_interfaces_s.ep.rosidl_typesupport_introspection_c.c.o[0m
[6.052s] [ 94%] [32mBuilding C object CMakeFiles/my_robot_interfaces__rosidl_typesupport_c__pyext.dir/rosidl_generator_py/my_robot_interfaces/_my_robot_interfaces_s.ep.rosidl_typesupport_c.c.o[0m
[6.164s] [ 96%] [32m[1mLinking C shared library rosidl_generator_py/my_robot_interfaces/my_robot_interfaces_s__rosidl_typesupport_introspection_c.cpython-310-x86_64-linux-gnu.so[0m
[6.172s] [ 98%] [32m[1mLinking C shared library rosidl_generator_py/my_robot_interfaces/my_robot_interfaces_s__rosidl_typesupport_c.cpython-310-x86_64-linux-gnu.so[0m
[6.184s] [100%] [32m[1mLinking C shared library rosidl_generator_py/my_robot_interfaces/my_robot_interfaces_s__rosidl_typesupport_fastrtps_c.cpython-310-x86_64-linux-gnu.so[0m
[6.207s] [100%] Built target my_robot_interfaces__rosidl_typesupport_c__pyext
[6.208s] [100%] Built target my_robot_interfaces__rosidl_typesupport_introspection_c__pyext
[6.223s] [100%] Built target my_robot_interfaces__rosidl_typesupport_fastrtps_c__pyext
[6.236s] Invoked command in '/home/c1ph3r/ros2_ws/build/my_robot_interfaces' returned '0': CMAKE_PREFIX_PATH=/opt/ros/humble /usr/bin/cmake --build /home/c1ph3r/ros2_ws/build/my_robot_interfaces -- -j8 -l8
[6.344s] Invoking command in '/home/c1ph3r/ros2_ws/build/my_robot_interfaces': CMAKE_PREFIX_PATH=/opt/ros/humble /usr/bin/cmake --install /home/c1ph3r/ros2_ws/build/my_robot_interfaces
[6.353s] -- Install configuration: ""
[6.353s] -- Installing: /home/c1ph3r/ros2_ws/install/my_robot_interfaces/share/ament_index/resource_index/rosidl_interfaces/my_robot_interfaces
[6.353s] -- Installing: /home/c1ph3r/ros2_ws/install/my_robot_interfaces/include/my_robot_interfaces/my_robot_interfaces
[6.353s] -- Installing: /home/c1ph3r/ros2_ws/install/my_robot_interfaces/include/my_robot_interfaces/my_robot_interfaces/msg
[6.354s] -- Installing: /home/c1ph3r/ros2_ws/install/my_robot_interfaces/include/my_robot_interfaces/my_robot_interfaces/msg/hardware_status.h
[6.354s] -- Installing: /home/c1ph3r/ros2_ws/install/my_robot_interfaces/include/my_robot_interfaces/my_robot_interfaces/msg/led_status_array.h
[6.354s] -- Installing: /home/c1ph3r/ros2_ws/install/my_robot_interfaces/include/my_robot_interfaces/my_robot_interfaces/msg/detail
[6.354s] -- Installing: /home/c1ph3r/ros2_ws/install/my_robot_interfaces/include/my_robot_interfaces/my_robot_interfaces/msg/detail/led_status_array__type_support.h
[6.354s] -- Installing: /home/c1ph3r/ros2_ws/install/my_robot_interfaces/include/my_robot_interfaces/my_robot_interfaces/msg/detail/led_status_array__functions.c
[6.354s] -- Installing: /home/c1ph3r/ros2_ws/install/my_robot_interfaces/include/my_robot_interfaces/my_robot_interfaces/msg/detail/led_status_array__functions.h
[6.354s] -- Installing: /home/c1ph3r/ros2_ws/install/my_robot_interfaces/include/my_robot_interfaces/my_robot_interfaces/msg/detail/hardware_status__functions.c
[6.354s] -- Installing: /home/c1ph3r/ros2_ws/install/my_robot_interfaces/include/my_robot_interfaces/my_robot_interfaces/msg/detail/hardware_status__type_support.h
[6.355s] -- Installing: /home/c1ph3r/ros2_ws/install/my_robot_interfaces/include/my_robot_interfaces/my_robot_interfaces/msg/detail/hardware_status__struct.h
[6.355s] -- Installing: /home/c1ph3r/ros2_ws/install/my_robot_interfaces/include/my_robot_interfaces/my_robot_interfaces/msg/detail/led_status_array__struct.h
[6.355s] -- Installing: /home/c1ph3r/ros2_ws/install/my_robot_interfaces/include/my_robot_interfaces/my_robot_interfaces/msg/detail/hardware_status__functions.h
[6.355s] -- Installing: /home/c1ph3r/ros2_ws/install/my_robot_interfaces/include/my_robot_interfaces/my_robot_interfaces/msg/rosidl_generator_c__visibility_control.h
[6.355s] -- Installing: /home/c1ph3r/ros2_ws/install/my_robot_interfaces/include/my_robot_interfaces/my_robot_interfaces/srv
[6.355s] -- Installing: /home/c1ph3r/ros2_ws/install/my_robot_interfaces/include/my_robot_interfaces/my_robot_interfaces/srv/set_led.h
[6.355s] -- Installing: /home/c1ph3r/ros2_ws/install/my_robot_interfaces/include/my_robot_interfaces/my_robot_interfaces/srv/detail
[6.355s] -- Installing: /home/c1ph3r/ros2_ws/install/my_robot_interfaces/include/my_robot_interfaces/my_robot_interfaces/srv/detail/set_led__struct.h
[6.355s] -- Installing: /home/c1ph3r/ros2_ws/install/my_robot_interfaces/include/my_robot_interfaces/my_robot_interfaces/srv/detail/set_led__functions.c
[6.356s] -- Installing: /home/c1ph3r/ros2_ws/install/my_robot_interfaces/include/my_robot_interfaces/my_robot_interfaces/srv/detail/compute_rectangle_area__functions.c
[6.356s] -- Installing: /home/c1ph3r/ros2_ws/install/my_robot_interfaces/include/my_robot_interfaces/my_robot_interfaces/srv/detail/set_led__functions.h
[6.356s] -- Installing: /home/c1ph3r/ros2_ws/install/my_robot_interfaces/include/my_robot_interfaces/my_robot_interfaces/srv/detail/compute_rectangle_area__functions.h
[6.356s] -- Installing: /home/c1ph3r/ros2_ws/install/my_robot_interfaces/include/my_robot_interfaces/my_robot_interfaces/srv/detail/compute_rectangle_area__type_support.h
[6.356s] -- Installing: /home/c1ph3r/ros2_ws/install/my_robot_interfaces/include/my_robot_interfaces/my_robot_interfaces/srv/detail/set_led__type_support.h
[6.356s] -- Installing: /home/c1ph3r/ros2_ws/install/my_robot_interfaces/include/my_robot_interfaces/my_robot_interfaces/srv/detail/compute_rectangle_area__struct.h
[6.356s] -- Installing: /home/c1ph3r/ros2_ws/install/my_robot_interfaces/include/my_robot_interfaces/my_robot_interfaces/srv/compute_rectangle_area.h
[6.356s] -- Installing: /home/c1ph3r/ros2_ws/install/my_robot_interfaces/share/my_robot_interfaces/environment/library_path.sh
[6.356s] -- Installing: /home/c1ph3r/ros2_ws/install/my_robot_interfaces/share/my_robot_interfaces/environment/library_path.dsv
[6.357s] -- Installing: /home/c1ph3r/ros2_ws/install/my_robot_interfaces/lib/libmy_robot_interfaces__rosidl_generator_c.so
[6.357s] -- Set runtime path of "/home/c1ph3r/ros2_ws/install/my_robot_interfaces/lib/libmy_robot_interfaces__rosidl_generator_c.so" to ""
[6.357s] -- Up-to-date: /home/c1ph3r/ros2_ws/install/my_robot_interfaces/include/my_robot_interfaces/my_robot_interfaces
[6.357s] -- Up-to-date: /home/c1ph3r/ros2_ws/install/my_robot_interfaces/include/my_robot_interfaces/my_robot_interfaces/msg
[6.357s] -- Installing: /home/c1ph3r/ros2_ws/install/my_robot_interfaces/include/my_robot_interfaces/my_robot_interfaces/msg/rosidl_typesupport_fastrtps_c__visibility_control.h
[6.357s] -- Up-to-date: /home/c1ph3r/ros2_ws/install/my_robot_interfaces/include/my_robot_interfaces/my_robot_interfaces/msg/detail
[6.357s] -- Installing: /home/c1ph3r/ros2_ws/install/my_robot_interfaces/include/my_robot_interfaces/my_robot_interfaces/msg/detail/led_status_array__rosidl_typesupport_fastrtps_c.h
[6.357s] -- Installing: /home/c1ph3r/ros2_ws/install/my_robot_interfaces/include/my_robot_interfaces/my_robot_interfaces/msg/detail/hardware_status__rosidl_typesupport_fastrtps_c.h
[6.357s] -- Up-to-date: /home/c1ph3r/ros2_ws/install/my_robot_interfaces/include/my_robot_interfaces/my_robot_interfaces/srv
[6.358s] -- Up-to-date: /home/c1ph3r/ros2_ws/install/my_robot_interfaces/include/my_robot_interfaces/my_robot_interfaces/srv/detail
[6.358s] -- Installing: /home/c1ph3r/ros2_ws/install/my_robot_interfaces/include/my_robot_interfaces/my_robot_interfaces/srv/detail/set_led__rosidl_typesupport_fastrtps_c.h
[6.358s] -- Installing: /home/c1ph3r/ros2_ws/install/my_robot_interfaces/include/my_robot_interfaces/my_robot_interfaces/srv/detail/compute_rectangle_area__rosidl_typesupport_fastrtps_c.h
[6.358s] -- Installing: /home/c1ph3r/ros2_ws/install/my_robot_interfaces/lib/libmy_robot_interfaces__rosidl_typesupport_fastrtps_c.so
[6.358s] -- Set runtime path of "/home/c1ph3r/ros2_ws/install/my_robot_interfaces/lib/libmy_robot_interfaces__rosidl_typesupport_fastrtps_c.so" to ""
[6.358s] -- Up-to-date: /home/c1ph3r/ros2_ws/install/my_robot_interfaces/include/my_robot_interfaces/my_robot_interfaces
[6.358s] -- Up-to-date: /home/c1ph3r/ros2_ws/install/my_robot_interfaces/include/my_robot_interfaces/my_robot_interfaces/msg
[6.358s] -- Up-to-date: /home/c1ph3r/ros2_ws/install/my_robot_interfaces/include/my_robot_interfaces/my_robot_interfaces/msg/detail
[6.358s] -- Installing: /home/c1ph3r/ros2_ws/install/my_robot_interfaces/include/my_robot_interfaces/my_robot_interfaces/msg/detail/hardware_status__rosidl_typesupport_introspection_c.h
[6.359s] -- Installing: /home/c1ph3r/ros2_ws/install/my_robot_interfaces/include/my_robot_interfaces/my_robot_interfaces/msg/detail/led_status_array__rosidl_typesupport_introspection_c.h
[6.359s] -- Installing: /home/c1ph3r/ros2_ws/install/my_robot_interfaces/include/my_robot_interfaces/my_robot_interfaces/msg/detail/hardware_status__type_support.c
[6.359s] -- Installing: /home/c1ph3r/ros2_ws/install/my_robot_interfaces/include/my_robot_interfaces/my_robot_interfaces/msg/detail/led_status_array__type_support.c
[6.360s] -- Installing: /home/c1ph3r/ros2_ws/install/my_robot_interfaces/include/my_robot_interfaces/my_robot_interfaces/msg/rosidl_typesupport_introspection_c__visibility_control.h
[6.360s] -- Up-to-date: /home/c1ph3r/ros2_ws/install/my_robot_interfaces/include/my_robot_interfaces/my_robot_interfaces/srv
[6.360s] -- Up-to-date: /home/c1ph3r/ros2_ws/install/my_robot_interfaces/include/my_robot_interfaces/my_robot_interfaces/srv/detail
[6.360s] -- Installing: /home/c1ph3r/ros2_ws/install/my_robot_interfaces/include/my_robot_interfaces/my_robot_interfaces/srv/detail/compute_rectangle_area__rosidl_typesupport_introspection_c.h
[6.360s] -- Installing: /home/c1ph3r/ros2_ws/install/my_robot_interfaces/include/my_robot_interfaces/my_robot_interfaces/srv/detail/set_led__type_support.c
[6.361s] -- Installing: /home/c1ph3r/ros2_ws/install/my_robot_interfaces/include/my_robot_interfaces/my_robot_interfaces/srv/detail/compute_rectangle_area__type_support.c
[6.361s] -- Installing: /home/c1ph3r/ros2_ws/install/my_robot_interfaces/include/my_robot_interfaces/my_robot_interfaces/srv/detail/set_led__rosidl_typesupport_introspection_c.h
[6.361s] -- Installing: /home/c1ph3r/ros2_ws/install/my_robot_interfaces/lib/libmy_robot_interfaces__rosidl_typesupport_introspection_c.so
[6.362s] -- Set runtime path of "/home/c1ph3r/ros2_ws/install/my_robot_interfaces/lib/libmy_robot_interfaces__rosidl_typesupport_introspection_c.so" to ""
[6.362s] -- Installing: /home/c1ph3r/ros2_ws/install/my_robot_interfaces/lib/libmy_robot_interfaces__rosidl_typesupport_c.so
[6.363s] -- Set runtime path of "/home/c1ph3r/ros2_ws/install/my_robot_interfaces/lib/libmy_robot_interfaces__rosidl_typesupport_c.so" to ""
[6.363s] -- Up-to-date: /home/c1ph3r/ros2_ws/install/my_robot_interfaces/include/my_robot_interfaces/my_robot_interfaces
[6.363s] -- Up-to-date: /home/c1ph3r/ros2_ws/install/my_robot_interfaces/include/my_robot_interfaces/my_robot_interfaces/msg
[6.363s] -- Installing: /home/c1ph3r/ros2_ws/install/my_robot_interfaces/include/my_robot_interfaces/my_robot_interfaces/msg/led_status_array.hpp
[6.364s] -- Up-to-date: /home/c1ph3r/ros2_ws/install/my_robot_interfaces/include/my_robot_interfaces/my_robot_interfaces/msg/detail
[6.364s] -- Installing: /home/c1ph3r/ros2_ws/install/my_robot_interfaces/include/my_robot_interfaces/my_robot_interfaces/msg/detail/hardware_status__struct.hpp
[6.364s] -- Installing: /home/c1ph3r/ros2_ws/install/my_robot_interfaces/include/my_robot_interfaces/my_robot_interfaces/msg/detail/hardware_status__traits.hpp
[6.364s] -- Installing: /home/c1ph3r/ros2_ws/install/my_robot_interfaces/include/my_robot_interfaces/my_robot_interfaces/msg/detail/hardware_status__builder.hpp
[6.365s] -- Installing: /home/c1ph3r/ros2_ws/install/my_robot_interfaces/include/my_robot_interfaces/my_robot_interfaces/msg/detail/led_status_array__struct.hpp
[6.365s] -- Installing: /home/c1ph3r/ros2_ws/install/my_robot_interfaces/include/my_robot_interfaces/my_robot_interfaces/msg/detail/led_status_array__builder.hpp
[6.365s] -- Installing: /home/c1ph3r/ros2_ws/install/my_robot_interfaces/include/my_robot_interfaces/my_robot_interfaces/msg/detail/led_status_array__traits.hpp
[6.365s] -- Installing: /home/c1ph3r/ros2_ws/install/my_robot_interfaces/include/my_robot_interfaces/my_robot_interfaces/msg/hardware_status.hpp
[6.365s] -- Up-to-date: /home/c1ph3r/ros2_ws/install/my_robot_interfaces/include/my_robot_interfaces/my_robot_interfaces/srv
[6.366s] -- Up-to-date: /home/c1ph3r/ros2_ws/install/my_robot_interfaces/include/my_robot_interfaces/my_robot_interfaces/srv/detail
[6.366s] -- Installing: /home/c1ph3r/ros2_ws/install/my_robot_interfaces/include/my_robot_interfaces/my_robot_interfaces/srv/detail/set_led__traits.hpp
[6.366s] -- Installing: /home/c1ph3r/ros2_ws/install/my_robot_interfaces/include/my_robot_interfaces/my_robot_interfaces/srv/detail/set_led__builder.hpp
[6.366s] -- Installing: /home/c1ph3r/ros2_ws/install/my_robot_interfaces/include/my_robot_interfaces/my_robot_interfaces/srv/detail/compute_rectangle_area__struct.hpp
[6.366s] -- Installing: /home/c1ph3r/ros2_ws/install/my_robot_interfaces/include/my_robot_interfaces/my_robot_interfaces/srv/detail/compute_rectangle_area__builder.hpp
[6.367s] -- Installing: /home/c1ph3r/ros2_ws/install/my_robot_interfaces/include/my_robot_interfaces/my_robot_interfaces/srv/detail/compute_rectangle_area__traits.hpp
[6.367s] -- Installing: /home/c1ph3r/ros2_ws/install/my_robot_interfaces/include/my_robot_interfaces/my_robot_interfaces/srv/detail/set_led__struct.hpp
[6.367s] -- Installing: /home/c1ph3r/ros2_ws/install/my_robot_interfaces/include/my_robot_interfaces/my_robot_interfaces/srv/set_led.hpp
[6.367s] -- Installing: /home/c1ph3r/ros2_ws/install/my_robot_interfaces/include/my_robot_interfaces/my_robot_interfaces/srv/compute_rectangle_area.hpp
[6.368s] -- Up-to-date: /home/c1ph3r/ros2_ws/install/my_robot_interfaces/include/my_robot_interfaces/my_robot_interfaces
[6.368s] -- Up-to-date: /home/c1ph3r/ros2_ws/install/my_robot_interfaces/include/my_robot_interfaces/my_robot_interfaces/msg
[6.368s] -- Up-to-date: /home/c1ph3r/ros2_ws/install/my_robot_interfaces/include/my_robot_interfaces/my_robot_interfaces/msg/detail
[6.368s] -- Installing: /home/c1ph3r/ros2_ws/install/my_robot_interfaces/include/my_robot_interfaces/my_robot_interfaces/msg/detail/dds_fastrtps
[6.368s] -- Installing: /home/c1ph3r/ros2_ws/install/my_robot_interfaces/include/my_robot_interfaces/my_robot_interfaces/msg/detail/hardware_status__rosidl_typesupport_fastrtps_cpp.hpp
[6.368s] -- Installing: /home/c1ph3r/ros2_ws/install/my_robot_interfaces/include/my_robot_interfaces/my_robot_interfaces/msg/detail/led_status_array__rosidl_typesupport_fastrtps_cpp.hpp
[6.369s] -- Installing: /home/c1ph3r/ros2_ws/install/my_robot_interfaces/include/my_robot_interfaces/my_robot_interfaces/msg/rosidl_typesupport_fastrtps_cpp__visibility_control.h
[6.369s] -- Up-to-date: /home/c1ph3r/ros2_ws/install/my_robot_interfaces/include/my_robot_interfaces/my_robot_interfaces/srv
[6.369s] -- Up-to-date: /home/c1ph3r/ros2_ws/install/my_robot_interfaces/include/my_robot_interfaces/my_robot_interfaces/srv/detail
[6.369s] -- Installing: /home/c1ph3r/ros2_ws/install/my_robot_interfaces/include/my_robot_interfaces/my_robot_interfaces/srv/detail/set_led__rosidl_typesupport_fastrtps_cpp.hpp
[6.369s] -- Installing: /home/c1ph3r/ros2_ws/install/my_robot_interfaces/include/my_robot_interfaces/my_robot_interfaces/srv/detail/compute_rectangle_area__rosidl_typesupport_fastrtps_cpp.hpp
[6.370s] -- Installing: /home/c1ph3r/ros2_ws/install/my_robot_interfaces/include/my_robot_interfaces/my_robot_interfaces/srv/detail/dds_fastrtps
[6.370s] -- Installing: /home/c1ph3r/ros2_ws/install/my_robot_interfaces/lib/libmy_robot_interfaces__rosidl_typesupport_fastrtps_cpp.so
[6.371s] -- Set runtime path of "/home/c1ph3r/ros2_ws/install/my_robot_interfaces/lib/libmy_robot_interfaces__rosidl_typesupport_fastrtps_cpp.so" to ""
[6.371s] -- Up-to-date: /home/c1ph3r/ros2_ws/install/my_robot_interfaces/include/my_robot_interfaces/my_robot_interfaces
[6.371s] -- Up-to-date: /home/c1ph3r/ros2_ws/install/my_robot_interfaces/include/my_robot_interfaces/my_robot_interfaces/msg
[6.371s] -- Up-to-date: /home/c1ph3r/ros2_ws/install/my_robot_interfaces/include/my_robot_interfaces/my_robot_interfaces/msg/detail
[6.371s] -- Installing: /home/c1ph3r/ros2_ws/install/my_robot_interfaces/include/my_robot_interfaces/my_robot_interfaces/msg/detail/hardware_status__rosidl_typesupport_introspection_cpp.hpp
[6.371s] -- Installing: /home/c1ph3r/ros2_ws/install/my_robot_interfaces/include/my_robot_interfaces/my_robot_interfaces/msg/detail/hardware_status__type_support.cpp
[6.372s] -- Installing: /home/c1ph3r/ros2_ws/install/my_robot_interfaces/include/my_robot_interfaces/my_robot_interfaces/msg/detail/led_status_array__rosidl_typesupport_introspection_cpp.hpp
[6.372s] -- Installing: /home/c1ph3r/ros2_ws/install/my_robot_interfaces/include/my_robot_interfaces/my_robot_interfaces/msg/detail/led_status_array__type_support.cpp
[6.372s] -- Up-to-date: /home/c1ph3r/ros2_ws/install/my_robot_interfaces/include/my_robot_interfaces/my_robot_interfaces/srv
[6.372s] -- Up-to-date: /home/c1ph3r/ros2_ws/install/my_robot_interfaces/include/my_robot_interfaces/my_robot_interfaces/srv/detail
[6.372s] -- Installing: /home/c1ph3r/ros2_ws/install/my_robot_interfaces/include/my_robot_interfaces/my_robot_interfaces/srv/detail/compute_rectangle_area__rosidl_typesupport_introspection_cpp.hpp
[6.373s] -- Installing: /home/c1ph3r/ros2_ws/install/my_robot_interfaces/include/my_robot_interfaces/my_robot_interfaces/srv/detail/compute_rectangle_area__type_support.cpp
[6.373s] -- Installing: /home/c1ph3r/ros2_ws/install/my_robot_interfaces/include/my_robot_interfaces/my_robot_interfaces/srv/detail/set_led__rosidl_typesupport_introspection_cpp.hpp
[6.373s] -- Installing: /home/c1ph3r/ros2_ws/install/my_robot_interfaces/include/my_robot_interfaces/my_robot_interfaces/srv/detail/set_led__type_support.cpp
[6.373s] -- Installing: /home/c1ph3r/ros2_ws/install/my_robot_interfaces/lib/libmy_robot_interfaces__rosidl_typesupport_introspection_cpp.so
[6.374s] -- Set runtime path of "/home/c1ph3r/ros2_ws/install/my_robot_interfaces/lib/libmy_robot_interfaces__rosidl_typesupport_introspection_cpp.so" to ""
[6.374s] -- Installing: /home/c1ph3r/ros2_ws/install/my_robot_interfaces/lib/libmy_robot_interfaces__rosidl_typesupport_cpp.so
[6.375s] -- Set runtime path of "/home/c1ph3r/ros2_ws/install/my_robot_interfaces/lib/libmy_robot_interfaces__rosidl_typesupport_cpp.so" to ""
[6.375s] -- Installing: /home/c1ph3r/ros2_ws/install/my_robot_interfaces/share/my_robot_interfaces/environment/pythonpath.sh
[6.376s] -- Installing: /home/c1ph3r/ros2_ws/install/my_robot_interfaces/share/my_robot_interfaces/environment/pythonpath.dsv
[6.376s] -- Installing: /home/c1ph3r/ros2_ws/install/my_robot_interfaces/local/lib/python3.10/dist-packages/my_robot_interfaces-0.0.0-py3.10.egg-info
[6.376s] -- Installing: /home/c1ph3r/ros2_ws/install/my_robot_interfaces/local/lib/python3.10/dist-packages/my_robot_interfaces-0.0.0-py3.10.egg-info/dependency_links.txt
[6.377s] -- Installing: /home/c1ph3r/ros2_ws/install/my_robot_interfaces/local/lib/python3.10/dist-packages/my_robot_interfaces-0.0.0-py3.10.egg-info/PKG-INFO
[6.377s] -- Installing: /home/c1ph3r/ros2_ws/install/my_robot_interfaces/local/lib/python3.10/dist-packages/my_robot_interfaces-0.0.0-py3.10.egg-info/SOURCES.txt
[6.377s] -- Installing: /home/c1ph3r/ros2_ws/install/my_robot_interfaces/local/lib/python3.10/dist-packages/my_robot_interfaces-0.0.0-py3.10.egg-info/top_level.txt
[6.377s] -- Installing: /home/c1ph3r/ros2_ws/install/my_robot_interfaces/local/lib/python3.10/dist-packages/my_robot_interfaces
[6.378s] -- Installing: /home/c1ph3r/ros2_ws/install/my_robot_interfaces/local/lib/python3.10/dist-packages/my_robot_interfaces/_my_robot_interfaces_s.ep.rosidl_typesupport_fastrtps_c.c
[6.378s] -- Installing: /home/c1ph3r/ros2_ws/install/my_robot_interfaces/local/lib/python3.10/dist-packages/my_robot_interfaces/my_robot_interfaces_s__rosidl_typesupport_c.cpython-310-x86_64-linux-gnu.so
[6.378s] -- Installing: /home/c1ph3r/ros2_ws/install/my_robot_interfaces/local/lib/python3.10/dist-packages/my_robot_interfaces/_my_robot_interfaces_s.ep.rosidl_typesupport_c.c
[6.379s] -- Installing: /home/c1ph3r/ros2_ws/install/my_robot_interfaces/local/lib/python3.10/dist-packages/my_robot_interfaces/msg
[6.379s] -- Installing: /home/c1ph3r/ros2_ws/install/my_robot_interfaces/local/lib/python3.10/dist-packages/my_robot_interfaces/msg/__init__.py
[6.379s] -- Installing: /home/c1ph3r/ros2_ws/install/my_robot_interfaces/local/lib/python3.10/dist-packages/my_robot_interfaces/msg/_hardware_status.py
[6.379s] -- Installing: /home/c1ph3r/ros2_ws/install/my_robot_interfaces/local/lib/python3.10/dist-packages/my_robot_interfaces/msg/_led_status_array.py
[6.380s] -- Installing: /home/c1ph3r/ros2_ws/install/my_robot_interfaces/local/lib/python3.10/dist-packages/my_robot_interfaces/msg/_led_status_array_s.c
[6.380s] -- Installing: /home/c1ph3r/ros2_ws/install/my_robot_interfaces/local/lib/python3.10/dist-packages/my_robot_interfaces/msg/_hardware_status_s.c
[6.380s] -- Installing: /home/c1ph3r/ros2_ws/install/my_robot_interfaces/local/lib/python3.10/dist-packages/my_robot_interfaces/__init__.py
[6.380s] -- Installing: /home/c1ph3r/ros2_ws/install/my_robot_interfaces/local/lib/python3.10/dist-packages/my_robot_interfaces/my_robot_interfaces_s__rosidl_typesupport_fastrtps_c.cpython-310-x86_64-linux-gnu.so
[6.381s] -- Installing: /home/c1ph3r/ros2_ws/install/my_robot_interfaces/local/lib/python3.10/dist-packages/my_robot_interfaces/srv
[6.381s] -- Installing: /home/c1ph3r/ros2_ws/install/my_robot_interfaces/local/lib/python3.10/dist-packages/my_robot_interfaces/srv/__init__.py
[6.381s] -- Installing: /home/c1ph3r/ros2_ws/install/my_robot_interfaces/local/lib/python3.10/dist-packages/my_robot_interfaces/srv/_compute_rectangle_area.py
[6.381s] -- Installing: /home/c1ph3r/ros2_ws/install/my_robot_interfaces/local/lib/python3.10/dist-packages/my_robot_interfaces/srv/_compute_rectangle_area_s.c
[6.381s] -- Installing: /home/c1ph3r/ros2_ws/install/my_robot_interfaces/local/lib/python3.10/dist-packages/my_robot_interfaces/srv/_set_led_s.c
[6.382s] -- Installing: /home/c1ph3r/ros2_ws/install/my_robot_interfaces/local/lib/python3.10/dist-packages/my_robot_interfaces/srv/_set_led.py
[6.382s] -- Installing: /home/c1ph3r/ros2_ws/install/my_robot_interfaces/local/lib/python3.10/dist-packages/my_robot_interfaces/libmy_robot_interfaces__rosidl_generator_py.so
[6.382s] -- Installing: /home/c1ph3r/ros2_ws/install/my_robot_interfaces/local/lib/python3.10/dist-packages/my_robot_interfaces/my_robot_interfaces_s__rosidl_typesupport_introspection_c.cpython-310-x86_64-linux-gnu.so
[6.383s] -- Installing: /home/c1ph3r/ros2_ws/install/my_robot_interfaces/local/lib/python3.10/dist-packages/my_robot_interfaces/_my_robot_interfaces_s.ep.rosidl_typesupport_introspection_c.c
[6.424s] Listing '/home/c1ph3r/ros2_ws/install/my_robot_interfaces/local/lib/python3.10/dist-packages/my_robot_interfaces'...
[6.425s] Compiling '/home/c1ph3r/ros2_ws/install/my_robot_interfaces/local/lib/python3.10/dist-packages/my_robot_interfaces/__init__.py'...
[6.425s] Listing '/home/c1ph3r/ros2_ws/install/my_robot_interfaces/local/lib/python3.10/dist-packages/my_robot_interfaces/msg'...
[6.425s] Compiling '/home/c1ph3r/ros2_ws/install/my_robot_interfaces/local/lib/python3.10/dist-packages/my_robot_interfaces/msg/__init__.py'...
[6.425s] Compiling '/home/c1ph3r/ros2_ws/install/my_robot_interfaces/local/lib/python3.10/dist-packages/my_robot_interfaces/msg/_hardware_status.py'...
[6.425s] Compiling '/home/c1ph3r/ros2_ws/install/my_robot_interfaces/local/lib/python3.10/dist-packages/my_robot_interfaces/msg/_led_status_array.py'...
[6.425s] Listing '/home/c1ph3r/ros2_ws/install/my_robot_interfaces/local/lib/python3.10/dist-packages/my_robot_interfaces/srv'...
[6.425s] Compiling '/home/c1ph3r/ros2_ws/install/my_robot_interfaces/local/lib/python3.10/dist-packages/my_robot_interfaces/srv/__init__.py'...
[6.425s] Compiling '/home/c1ph3r/ros2_ws/install/my_robot_interfaces/local/lib/python3.10/dist-packages/my_robot_interfaces/srv/_compute_rectangle_area.py'...
[6.425s] Compiling '/home/c1ph3r/ros2_ws/install/my_robot_interfaces/local/lib/python3.10/dist-packages/my_robot_interfaces/srv/_set_led.py'...
[6.431s] -- Installing: /home/c1ph3r/ros2_ws/install/my_robot_interfaces/local/lib/python3.10/dist-packages/my_robot_interfaces/my_robot_interfaces_s__rosidl_typesupport_fastrtps_c.cpython-310-x86_64-linux-gnu.so
[6.432s] -- Set runtime path of "/home/c1ph3r/ros2_ws/install/my_robot_interfaces/local/lib/python3.10/dist-packages/my_robot_interfaces/my_robot_interfaces_s__rosidl_typesupport_fastrtps_c.cpython-310-x86_64-linux-gnu.so" to ""
[6.433s] -- Installing: /home/c1ph3r/ros2_ws/install/my_robot_interfaces/local/lib/python3.10/dist-packages/my_robot_interfaces/my_robot_interfaces_s__rosidl_typesupport_introspection_c.cpython-310-x86_64-linux-gnu.so
[6.433s] -- Set runtime path of "/home/c1ph3r/ros2_ws/install/my_robot_interfaces/local/lib/python3.10/dist-packages/my_robot_interfaces/my_robot_interfaces_s__rosidl_typesupport_introspection_c.cpython-310-x86_64-linux-gnu.so" to ""
[6.434s] -- Installing: /home/c1ph3r/ros2_ws/install/my_robot_interfaces/local/lib/python3.10/dist-packages/my_robot_interfaces/my_robot_interfaces_s__rosidl_typesupport_c.cpython-310-x86_64-linux-gnu.so
[6.434s] -- Set runtime path of "/home/c1ph3r/ros2_ws/install/my_robot_interfaces/local/lib/python3.10/dist-packages/my_robot_interfaces/my_robot_interfaces_s__rosidl_typesupport_c.cpython-310-x86_64-linux-gnu.so" to ""
[6.435s] -- Installing: /home/c1ph3r/ros2_ws/install/my_robot_interfaces/lib/libmy_robot_interfaces__rosidl_generator_py.so
[6.435s] -- Set runtime path of "/home/c1ph3r/ros2_ws/install/my_robot_interfaces/lib/libmy_robot_interfaces__rosidl_generator_py.so" to ""
[6.436s] -- Installing: /home/c1ph3r/ros2_ws/install/my_robot_interfaces/share/my_robot_interfaces/msg/HardwareStatus.idl
[6.436s] -- Installing: /home/c1ph3r/ros2_ws/install/my_robot_interfaces/share/my_robot_interfaces/msg/LEDStatusArray.idl
[6.436s] -- Installing: /home/c1ph3r/ros2_ws/install/my_robot_interfaces/share/my_robot_interfaces/srv/ComputeRectangleArea.idl
[6.437s] -- Installing: /home/c1ph3r/ros2_ws/install/my_robot_interfaces/share/my_robot_interfaces/srv/SetLED.idl
[6.437s] -- Installing: /home/c1ph3r/ros2_ws/install/my_robot_interfaces/share/my_robot_interfaces/msg/HardwareStatus.msg
[6.437s] -- Installing: /home/c1ph3r/ros2_ws/install/my_robot_interfaces/share/my_robot_interfaces/msg/LEDStatusArray.msg
[6.438s] -- Installing: /home/c1ph3r/ros2_ws/install/my_robot_interfaces/share/my_robot_interfaces/srv/ComputeRectangleArea.srv
[6.438s] -- Installing: /home/c1ph3r/ros2_ws/install/my_robot_interfaces/share/my_robot_interfaces/srv/ComputeRectangleArea_Request.msg
[6.438s] -- Installing: /home/c1ph3r/ros2_ws/install/my_robot_interfaces/share/my_robot_interfaces/srv/ComputeRectangleArea_Response.msg
[6.438s] -- Installing: /home/c1ph3r/ros2_ws/install/my_robot_interfaces/share/my_robot_interfaces/srv/SetLED.srv
[6.439s] -- Installing: /home/c1ph3r/ros2_ws/install/my_robot_interfaces/share/my_robot_interfaces/srv/SetLED_Request.msg
[6.439s] -- Installing: /home/c1ph3r/ros2_ws/install/my_robot_interfaces/share/my_robot_interfaces/srv/SetLED_Response.msg
[6.440s] -- Installing: /home/c1ph3r/ros2_ws/install/my_robot_interfaces/share/ament_index/resource_index/package_run_dependencies/my_robot_interfaces
[6.440s] -- Installing: /home/c1ph3r/ros2_ws/install/my_robot_interfaces/share/ament_index/resource_index/parent_prefix_path/my_robot_interfaces
[6.441s] -- Installing: /home/c1ph3r/ros2_ws/install/my_robot_interfaces/share/my_robot_interfaces/environment/ament_prefix_path.sh
[6.441s] -- Installing: /home/c1ph3r/ros2_ws/install/my_robot_interfaces/share/my_robot_interfaces/environment/ament_prefix_path.dsv
[6.441s] -- Installing: /home/c1ph3r/ros2_ws/install/my_robot_interfaces/share/my_robot_interfaces/environment/path.sh
[6.442s] -- Installing: /home/c1ph3r/ros2_ws/install/my_robot_interfaces/share/my_robot_interfaces/environment/path.dsv
[6.442s] -- Installing: /home/c1ph3r/ros2_ws/install/my_robot_interfaces/share/my_robot_interfaces/local_setup.bash
[6.442s] -- Installing: /home/c1ph3r/ros2_ws/install/my_robot_interfaces/share/my_robot_interfaces/local_setup.sh
[6.442s] -- Installing: /home/c1ph3r/ros2_ws/install/my_robot_interfaces/share/my_robot_interfaces/local_setup.zsh
[6.443s] -- Installing: /home/c1ph3r/ros2_ws/install/my_robot_interfaces/share/my_robot_interfaces/local_setup.dsv
[6.443s] -- Installing: /home/c1ph3r/ros2_ws/install/my_robot_interfaces/share/my_robot_interfaces/package.dsv
[6.444s] -- Installing: /home/c1ph3r/ros2_ws/install/my_robot_interfaces/share/ament_index/resource_index/packages/my_robot_interfaces
[6.444s] -- Installing: /home/c1ph3r/ros2_ws/install/my_robot_interfaces/share/my_robot_interfaces/cmake/export_my_robot_interfaces__rosidl_generator_cExport.cmake
[6.444s] -- Installing: /home/c1ph3r/ros2_ws/install/my_robot_interfaces/share/my_robot_interfaces/cmake/export_my_robot_interfaces__rosidl_generator_cExport-noconfig.cmake
[6.445s] -- Installing: /home/c1ph3r/ros2_ws/install/my_robot_interfaces/share/my_robot_interfaces/cmake/export_my_robot_interfaces__rosidl_typesupport_fastrtps_cExport.cmake
[6.445s] -- Installing: /home/c1ph3r/ros2_ws/install/my_robot_interfaces/share/my_robot_interfaces/cmake/export_my_robot_interfaces__rosidl_typesupport_fastrtps_cExport-noconfig.cmake
[6.445s] -- Installing: /home/c1ph3r/ros2_ws/install/my_robot_interfaces/share/my_robot_interfaces/cmake/my_robot_interfaces__rosidl_typesupport_introspection_cExport.cmake
[6.446s] -- Installing: /home/c1ph3r/ros2_ws/install/my_robot_interfaces/share/my_robot_interfaces/cmake/my_robot_interfaces__rosidl_typesupport_introspection_cExport-noconfig.cmake
[6.446s] -- Installing: /home/c1ph3r/ros2_ws/install/my_robot_interfaces/share/my_robot_interfaces/cmake/my_robot_interfaces__rosidl_typesupport_cExport.cmake
[6.446s] -- Installing: /home/c1ph3r/ros2_ws/install/my_robot_interfaces/share/my_robot_interfaces/cmake/my_robot_interfaces__rosidl_typesupport_cExport-noconfig.cmake
[6.447s] -- Installing: /home/c1ph3r/ros2_ws/install/my_robot_interfaces/share/my_robot_interfaces/cmake/export_my_robot_interfaces__rosidl_generator_cppExport.cmake
[6.447s] -- Installing: /home/c1ph3r/ros2_ws/install/my_robot_interfaces/share/my_robot_interfaces/cmake/export_my_robot_interfaces__rosidl_typesupport_fastrtps_cppExport.cmake
[6.447s] -- Installing: /home/c1ph3r/ros2_ws/install/my_robot_interfaces/share/my_robot_interfaces/cmake/export_my_robot_interfaces__rosidl_typesupport_fastrtps_cppExport-noconfig.cmake
[6.448s] -- Installing: /home/c1ph3r/ros2_ws/install/my_robot_interfaces/share/my_robot_interfaces/cmake/my_robot_interfaces__rosidl_typesupport_introspection_cppExport.cmake
[6.448s] -- Installing: /home/c1ph3r/ros2_ws/install/my_robot_interfaces/share/my_robot_interfaces/cmake/my_robot_interfaces__rosidl_typesupport_introspection_cppExport-noconfig.cmake
[6.448s] -- Installing: /home/c1ph3r/ros2_ws/install/my_robot_interfaces/share/my_robot_interfaces/cmake/my_robot_interfaces__rosidl_typesupport_cppExport.cmake
[6.449s] -- Installing: /home/c1ph3r/ros2_ws/install/my_robot_interfaces/share/my_robot_interfaces/cmake/my_robot_interfaces__rosidl_typesupport_cppExport-noconfig.cmake
[6.449s] -- Installing: /home/c1ph3r/ros2_ws/install/my_robot_interfaces/share/my_robot_interfaces/cmake/export_my_robot_interfaces__rosidl_generator_pyExport.cmake
[6.449s] -- Installing: /home/c1ph3r/ros2_ws/install/my_robot_interfaces/share/my_robot_interfaces/cmake/export_my_robot_interfaces__rosidl_generator_pyExport-noconfig.cmake
[6.450s] -- Installing: /home/c1ph3r/ros2_ws/install/my_robot_interfaces/share/my_robot_interfaces/cmake/rosidl_cmake-extras.cmake
[6.450s] -- Installing: /home/c1ph3r/ros2_ws/install/my_robot_interfaces/share/my_robot_interfaces/cmake/ament_cmake_export_include_directories-extras.cmake
[6.450s] -- Installing: /home/c1ph3r/ros2_ws/install/my_robot_interfaces/share/my_robot_interfaces/cmake/ament_cmake_export_libraries-extras.cmake
[6.451s] -- Installing: /home/c1ph3r/ros2_ws/install/my_robot_interfaces/share/my_robot_interfaces/cmake/ament_cmake_export_targets-extras.cmake
[6.451s] -- Installing: /home/c1ph3r/ros2_ws/install/my_robot_interfaces/share/my_robot_interfaces/cmake/rosidl_cmake_export_typesupport_targets-extras.cmake
[6.451s] -- Installing: /home/c1ph3r/ros2_ws/install/my_robot_interfaces/share/my_robot_interfaces/cmake/ament_cmake_export_dependencies-extras.cmake
[6.452s] -- Installing: /home/c1ph3r/ros2_ws/install/my_robot_interfaces/share/my_robot_interfaces/cmake/rosidl_cmake_export_typesupport_libraries-extras.cmake
[6.452s] -- Installing: /home/c1ph3r/ros2_ws/install/my_robot_interfaces/share/my_robot_interfaces/cmake/my_robot_interfacesConfig.cmake
[6.452s] -- Installing: /home/c1ph3r/ros2_ws/install/my_robot_interfaces/share/my_robot_interfaces/cmake/my_robot_interfacesConfig-version.cmake
[6.452s] -- Installing: /home/c1ph3r/ros2_ws/install/my_robot_interfaces/share/my_robot_interfaces/package.xml
[6.457s] Invoked command in '/home/c1ph3r/ros2_ws/build/my_robot_interfaces' returned '0': CMAKE_PREFIX_PATH=/opt/ros/humble /usr/bin/cmake --install /home/c1ph3r/ros2_ws/build/my_robot_interfaces
