[0.028s] Invoking command in '/home/c1ph3r/ros2_ws/build/my_cpp_package': CMAKE_PREFIX_PATH=${CMAKE_PREFIX_PATH}:/home/c1ph3r/ros2_ws/install/my_python_package:/opt/ros/humble /usr/bin/cmake --build /home/c1ph3r/ros2_ws/build/my_cpp_package -- -j8 -l8
[0.061s] -- Found ament_cmake: 1.3.4 (/opt/ros/humble/share/ament_cmake/cmake)
[0.236s] -- Override CMake install command with custom implementation using symlinks instead of copying resources
[0.259s] -- Found rclcpp: 16.0.4 (/opt/ros/humble/share/rclcpp/cmake)
[0.307s] -- Found rosidl_generator_c: 3.1.4 (/opt/ros/humble/share/rosidl_generator_c/cmake)
[0.311s] -- Found rosidl_adapter: 3.1.4 (/opt/ros/humble/share/rosidl_adapter/cmake)
[0.321s] -- Found rosidl_generator_cpp: 3.1.4 (/opt/ros/humble/share/rosidl_generator_cpp/cmake)
[0.343s] -- Using all available rosidl_typesupport_c: rosidl_typesupport_fastrtps_c;rosidl_typesupport_introspection_c
[0.371s] -- Using all available rosidl_typesupport_cpp: rosidl_typesupport_fastrtps_cpp;rosidl_typesupport_introspection_cpp
[0.479s] -- Found rmw_implementation_cmake: 6.1.1 (/opt/ros/humble/share/rmw_implementation_cmake/cmake)
[0.482s] -- Found rmw_fastrtps_cpp: 6.2.2 (/opt/ros/humble/share/rmw_fastrtps_cpp/cmake)
[0.671s] -- Using RMW implementation 'rmw_fastrtps_cpp' as default
[0.898s] -- Found rclcpp_components: 16.0.4 (/opt/ros/humble/share/rclcpp_components/cmake)
[0.986s] -- Found example_interfaces: 0.9.3 (/opt/ros/humble/share/example_interfaces/cmake)
[1.237s] -- Configuring done
[1.266s] -- Generating done
[1.268s] -- Build files have been written to: /home/c1ph3r/ros2_ws/build/my_cpp_package
[1.298s] [35m[1mConsolidate compiler generated dependencies of target smartphone[0m
[1.298s] [35m[1mConsolidate compiler generated dependencies of target cpp_node[0m
[1.299s] [35m[1mConsolidate compiler generated dependencies of target robot_news_station[0m
[1.299s] [35m[1mConsolidate compiler generated dependencies of target add_two_ints_server[0m
[1.312s] [ 10%] [32mBuilding CXX object CMakeFiles/add_two_ints_client.dir/src/add_two_ints_client.cpp.o[0m
[1.320s] [ 60%] Built target cpp_node
[1.320s] [ 60%] Built target add_two_ints_server
[1.320s] [ 70%] Built target smartphone
[1.321s] [ 90%] Built target robot_news_station
[1.668s] [01m[K/home/c1ph3r/ros2_ws/src/my_cpp_package/src/add_two_ints_client.cpp:2:10:[m[K [01;31m[Kfatal error: [m[Kexample_interfaces/srv/add_two_ints: No such file or directory
[1.668s]     2 | #include [01;31m[K"example_interfaces/srv/add_two_ints"[m[K
[1.669s]       |          [01;31m[K^~~~~~~~~~~~~~~~~~~~~~~~~~~~~~~~~~~~~[m[K
[1.669s] compilation terminated.
[1.671s] gmake[2]: *** [CMakeFiles/add_two_ints_client.dir/build.make:76: CMakeFiles/add_two_ints_client.dir/src/add_two_ints_client.cpp.o] Error 1
[1.671s] gmake[1]: *** [CMakeFiles/Makefile2:249: CMakeFiles/add_two_ints_client.dir/all] Error 2
[1.672s] gmake: *** [Makefile:146: all] Error 2
[1.674s] Invoked command in '/home/c1ph3r/ros2_ws/build/my_cpp_package' returned '2': CMAKE_PREFIX_PATH=${CMAKE_PREFIX_PATH}:/home/c1ph3r/ros2_ws/install/my_python_package:/opt/ros/humble /usr/bin/cmake --build /home/c1ph3r/ros2_ws/build/my_cpp_package -- -j8 -l8
