[0.738s] Invoking command in '/home/c1ph3r/ros2_ws/src/my_python_package': PYTHONPATH=/home/c1ph3r/ros2_ws/build/my_python_package/prefix_override:/home/c1ph3r/ros2_ws/install/my_python_package/lib/python3.10/site-packages:${PYTHONPATH} /usr/bin/python3 setup.py egg_info --egg-base ../../build/my_python_package build --build-base /home/c1ph3r/ros2_ws/build/my_python_package/build install --record /home/c1ph3r/ros2_ws/build/my_python_package/install.log --single-version-externally-managed
[1.011s] running egg_info
[1.012s] writing ../../build/my_python_package/my_python_package.egg-info/PKG-INFO
[1.013s] writing dependency_links to ../../build/my_python_package/my_python_package.egg-info/dependency_links.txt
[1.013s] writing entry points to ../../build/my_python_package/my_python_package.egg-info/entry_points.txt
[1.013s] writing requirements to ../../build/my_python_package/my_python_package.egg-info/requires.txt
[1.013s] writing top-level names to ../../build/my_python_package/my_python_package.egg-info/top_level.txt
[1.015s] reading manifest file '../../build/my_python_package/my_python_package.egg-info/SOURCES.txt'
[1.015s] writing manifest file '../../build/my_python_package/my_python_package.egg-info/SOURCES.txt'
[1.016s] running build
[1.016s] running build_py
[1.016s] copying my_python_package/my_first_node.py -> /home/c1ph3r/ros2_ws/build/my_python_package/build/lib/my_python_package
[1.016s] running install
[1.017s] running install_lib
[1.018s] copying /home/c1ph3r/ros2_ws/build/my_python_package/build/lib/my_python_package/my_first_node.py -> /home/c1ph3r/ros2_ws/install/my_python_package/lib/python3.10/site-packages/my_python_package
[1.018s] byte-compiling /home/c1ph3r/ros2_ws/install/my_python_package/lib/python3.10/site-packages/my_python_package/my_first_node.py to my_first_node.cpython-310.pyc
[1.019s] running install_data
[1.020s] running install_egg_info
[1.021s] removing '/home/c1ph3r/ros2_ws/install/my_python_package/lib/python3.10/site-packages/my_python_package-0.0.0-py3.10.egg-info' (and everything under it)
[1.022s] Copying ../../build/my_python_package/my_python_package.egg-info to /home/c1ph3r/ros2_ws/install/my_python_package/lib/python3.10/site-packages/my_python_package-0.0.0-py3.10.egg-info
[1.023s] running install_scripts
[1.043s] Installing py_node script to /home/c1ph3r/ros2_ws/install/my_python_package/lib/my_python_package
[1.043s] writing list of installed files to '/home/c1ph3r/ros2_ws/build/my_python_package/install.log'
[1.082s] Invoked command in '/home/c1ph3r/ros2_ws/src/my_python_package' returned '0': PYTHONPATH=/home/c1ph3r/ros2_ws/build/my_python_package/prefix_override:/home/c1ph3r/ros2_ws/install/my_python_package/lib/python3.10/site-packages:${PYTHONPATH} /usr/bin/python3 setup.py egg_info --egg-base ../../build/my_python_package build --build-base /home/c1ph3r/ros2_ws/build/my_python_package/build install --record /home/c1ph3r/ros2_ws/build/my_python_package/install.log --single-version-externally-managed
