[0.019s] Invoking command in '/home/c1ph3r/ros2_ws/build/my_cpp_package': CMAKE_PREFIX_PATH=/home/c1ph3r/ros2_ws/install/my_robot_interfaces:/home/c1ph3r/ros2_ws/install/my_cpp_package:/home/c1ph3r/ros2_ws/install/my_python_package:/opt/ros/humble /usr/bin/cmake --build /home/c1ph3r/ros2_ws/build/my_cpp_package -- -j8 -l8
[0.062s] [35m[1mConsolidate compiler generated dependencies of target robot_news_station[0m
[0.063s] [35m[1mConsolidate compiler generated dependencies of target basic_pub[0m
[0.080s] [ 12%] Built target cpp_node
[0.084s] [ 25%] Built target add_two_ints_server
[0.085s] [ 50%] Built target hardware_status_publisher
[0.085s] [ 50%] Built target smartphone
[0.089s] [ 62%] Built target robot_news_station
[0.089s] [ 75%] Built target add_two_ints_client
[0.090s] [ 81%] [32mBuilding CXX object CMakeFiles/basic_pub.dir/src/basic_pub.cpp.o[0m
[0.093s] [ 93%] Built target add_two_ints_client_oops
[2.620s] [01m[K/home/c1ph3r/ros2_ws/src/my_cpp_package/src/basic_pub.cpp:[m[K In constructor ‘[01m[KbasicPublisher::basicPublisher()[m[K’:
[2.620s] [01m[K/home/c1ph3r/ros2_ws/src/my_cpp_package/src/basic_pub.cpp:10:41:[m[K [01;31m[Kerror: [m[Kno matching function for call to ‘[01m[KbasicPublisher::create_wall_timer(std::chrono::milliseconds, std::_Bind_helper<false, void (basicPublisher::*)(), std::shared_ptr<rclcpp::Node> >::type, basicPublisher*)[m[K’
[2.620s]    10 |         timer_ = [01;31m[Kthis->create_wall_timer(std::chrono::milliseconds(500), std::bind(&basicPublisher::publish_news, this->shared_from_this()), this)[m[K;
[2.620s]       |                  [01;31m[K~~~~~~~~~~~~~~~~~~~~~~~^~~~~~~~~~~~~~~~~~~~~~~~~~~~~~~~~~~~~~~~~~~~~~~~~~~~~~~~~~~~~~~~~~~~~~~~~~~~~~~~~~~~~~~~~~~~~~~~~~~~~~~~~~[m[K
[2.625s] In file included from [01m[K/opt/ros/humble/include/rclcpp/rclcpp/executors/single_threaded_executor.hpp:28[m[K,
[2.625s]                  from [01m[K/opt/ros/humble/include/rclcpp/rclcpp/executors.hpp:22[m[K,
[2.625s]                  from [01m[K/opt/ros/humble/include/rclcpp/rclcpp/rclcpp.hpp:155[m[K,
[2.625s]                  from [01m[K/home/c1ph3r/ros2_ws/src/my_cpp_package/src/basic_pub.cpp:1[m[K:
[2.625s] [01m[K/opt/ros/humble/include/rclcpp/rclcpp/node.hpp:238:3:[m[K [01;36m[Knote: [m[Kcandidate: ‘[01m[Ktemplate<class DurationRepT, class DurationT, class CallbackT> typename rclcpp::WallTimer<CallbackT>::SharedPtr rclcpp::Node::create_wall_timer(std::chrono::duration<_Rep1, _Period1>, CallbackT, rclcpp::CallbackGroup::SharedPtr)[m[K’
[2.625s]   238 |   [01;36m[Kcreate_wall_timer[m[K(
[2.626s]       |   [01;36m[K^~~~~~~~~~~~~~~~~[m[K
[2.626s] [01m[K/opt/ros/humble/include/rclcpp/rclcpp/node.hpp:238:3:[m[K [01;36m[Knote: [m[K  template argument deduction/substitution failed:
[2.626s] [01m[K/home/c1ph3r/ros2_ws/src/my_cpp_package/src/basic_pub.cpp:10:142:[m[K [01;36m[Knote: [m[K  cannot convert ‘[01m[K(basicPublisher*)this[m[K’ (type ‘[01m[KbasicPublisher*[m[K’) to type ‘[01m[Krclcpp::CallbackGroup::SharedPtr[m[K’ {aka ‘[01m[Kstd::shared_ptr<rclcpp::CallbackGroup>[m[K’}
[2.626s]    10 |         timer_ = this->create_wall_timer(std::chrono::milliseconds(500), std::bind(&basicPublisher::publish_news, this->shared_from_this()), [01;36m[Kthis[m[K);
[2.626s]       |                                                                                                                                              [01;36m[K^~~~[m[K
[3.435s] gmake[2]: *** [CMakeFiles/basic_pub.dir/build.make:76: CMakeFiles/basic_pub.dir/src/basic_pub.cpp.o] Error 1
[3.435s] gmake[1]: *** [CMakeFiles/Makefile2:333: CMakeFiles/basic_pub.dir/all] Error 2
[3.436s] gmake: *** [Makefile:146: all] Error 2
[3.438s] Invoked command in '/home/c1ph3r/ros2_ws/build/my_cpp_package' returned '2': CMAKE_PREFIX_PATH=/home/c1ph3r/ros2_ws/install/my_robot_interfaces:/home/c1ph3r/ros2_ws/install/my_cpp_package:/home/c1ph3r/ros2_ws/install/my_python_package:/opt/ros/humble /usr/bin/cmake --build /home/c1ph3r/ros2_ws/build/my_cpp_package -- -j8 -l8
