[ 10%] Built target smartphone
[ 20%] Built target add_two_ints_client_oops
[ 30%] Built target robot_news_station
[ 40%] Built target cpp_node
[ 55%] Built target basic_pub
[ 60%] Built target add_two_ints_server
[ 70%] Built target add_two_ints_client
[ 80%] Built target hardware_status_publisher
[35m[1mConsolidate compiler generated dependencies of target LED_panel[0m
[ 90%] Built target basic_sub
[ 95%] [32mBuilding CXX object CMakeFiles/LED_panel.dir/src/LED_panel.cpp.o[0m
[100%] [32m[1mLinking CXX executable LED_panel[0m
[100%] Built target LED_panel
-- Install configuration: ""
-- Up-to-date: /home/c1ph3r/ros2_ws/install/my_cpp_package/lib/my_cpp_package/cpp_node
-- Up-to-date: /home/c1ph3r/ros2_ws/install/my_cpp_package/lib/my_cpp_package/robot_news_station
-- Up-to-date: /home/c1ph3r/ros2_ws/install/my_cpp_package/lib/my_cpp_package/smartphone
-- Up-to-date: /home/c1ph3r/ros2_ws/install/my_cpp_package/lib/my_cpp_package/add_two_ints_server
-- Up-to-date: /home/c1ph3r/ros2_ws/install/my_cpp_package/lib/my_cpp_package/add_two_ints_client
-- Up-to-date: /home/c1ph3r/ros2_ws/install/my_cpp_package/lib/my_cpp_package/add_two_ints_client_oops
-- Up-to-date: /home/c1ph3r/ros2_ws/install/my_cpp_package/lib/my_cpp_package/hardware_status_publisher
-- Up-to-date: /home/c1ph3r/ros2_ws/install/my_cpp_package/lib/my_cpp_package/basic_pub
-- Up-to-date: /home/c1ph3r/ros2_ws/install/my_cpp_package/lib/my_cpp_package/basic_sub
-- Installing: /home/c1ph3r/ros2_ws/install/my_cpp_package/lib/my_cpp_package/LED_panel
-- Set runtime path of "/home/c1ph3r/ros2_ws/install/my_cpp_package/lib/my_cpp_package/LED_panel" to ""
-- Up-to-date: /home/c1ph3r/ros2_ws/install/my_cpp_package/share/ament_index/resource_index/package_run_dependencies/my_cpp_package
-- Up-to-date: /home/c1ph3r/ros2_ws/install/my_cpp_package/share/ament_index/resource_index/parent_prefix_path/my_cpp_package
-- Up-to-date: /home/c1ph3r/ros2_ws/install/my_cpp_package/share/my_cpp_package/environment/ament_prefix_path.sh
-- Installing: /home/c1ph3r/ros2_ws/install/my_cpp_package/share/my_cpp_package/environment/ament_prefix_path.dsv
-- Up-to-date: /home/c1ph3r/ros2_ws/install/my_cpp_package/share/my_cpp_package/environment/path.sh
-- Installing: /home/c1ph3r/ros2_ws/install/my_cpp_package/share/my_cpp_package/environment/path.dsv
-- Up-to-date: /home/c1ph3r/ros2_ws/install/my_cpp_package/share/my_cpp_package/local_setup.bash
-- Up-to-date: /home/c1ph3r/ros2_ws/install/my_cpp_package/share/my_cpp_package/local_setup.sh
-- Up-to-date: /home/c1ph3r/ros2_ws/install/my_cpp_package/share/my_cpp_package/local_setup.zsh
-- Installing: /home/c1ph3r/ros2_ws/install/my_cpp_package/share/my_cpp_package/local_setup.dsv
-- Installing: /home/c1ph3r/ros2_ws/install/my_cpp_package/share/my_cpp_package/package.dsv
-- Up-to-date: /home/c1ph3r/ros2_ws/install/my_cpp_package/share/ament_index/resource_index/packages/my_cpp_package
-- Up-to-date: /home/c1ph3r/ros2_ws/install/my_cpp_package/share/my_cpp_package/cmake/my_cpp_packageConfig.cmake
-- Up-to-date: /home/c1ph3r/ros2_ws/install/my_cpp_package/share/my_cpp_package/cmake/my_cpp_packageConfig-version.cmake
-- Up-to-date: /home/c1ph3r/ros2_ws/install/my_cpp_package/share/my_cpp_package/package.xml
