[0.025s] Invoking command in '/home/c1ph3r/ros2_ws/build/my_cpp_package': CMAKE_PREFIX_PATH=${CMAKE_PREFIX_PATH}:/home/c1ph3r/ros2_ws/install/my_python_package:/opt/ros/humble /usr/bin/cmake --build /home/c1ph3r/ros2_ws/build/my_cpp_package -- -j8 -l8
[0.091s] [35m[1mConsolidate compiler generated dependencies of target add_two_ints_client_oops[0m
[0.107s] [ 16%] Built target cpp_node
[0.108s] [ 33%] Built target smartphone
[0.110s] [ 50%] Built target add_two_ints_server
[0.114s] [ 91%] Built target robot_news_station
[0.114s] [ 91%] [32mBuilding CXX object CMakeFiles/add_two_ints_client_oops.dir/src/add_two_ints_client_oops.cpp.o[0m
[0.114s] [ 91%] Built target add_two_ints_client
[2.575s] [01m[K/home/c1ph3r/ros2_ws/src/my_cpp_package/src/add_two_ints_client_oops.cpp:[m[K In member function ‘[01m[Kvoid AddTwoIntsClientNode::callAddTwoIntsService(int, int)[m[K’:
[2.575s] [01m[K/home/c1ph3r/ros2_ws/src/my_cpp_package/src/add_two_ints_client_oops.cpp:14:13:[m[K [01;31m[Kerror: [m[Kdeclaration of ‘[01m[Kint a[m[K’ shadows a parameter
[2.575s]    14 |         int [01;31m[Ka[m[K, b;
[2.575s]       |             [01;31m[K^[m[K
[2.575s] [01m[K/home/c1ph3r/ros2_ws/src/my_cpp_package/src/add_two_ints_client_oops.cpp:12:36:[m[K [01;36m[Knote: [m[K‘[01m[Kint a[m[K’ previously declared here
[2.575s]    12 |     void callAddTwoIntsService([01;36m[Kint a[m[K, int b)
[2.576s]       |                                [01;36m[K~~~~^[m[K
[2.576s] [01m[K/home/c1ph3r/ros2_ws/src/my_cpp_package/src/add_two_ints_client_oops.cpp:14:16:[m[K [01;31m[Kerror: [m[Kdeclaration of ‘[01m[Kint b[m[K’ shadows a parameter
[2.576s]    14 |         int a, [01;31m[Kb[m[K;
[2.576s]       |                [01;31m[K^[m[K
[2.576s] [01m[K/home/c1ph3r/ros2_ws/src/my_cpp_package/src/add_two_ints_client_oops.cpp:12:43:[m[K [01;36m[Knote: [m[K‘[01m[Kint b[m[K’ previously declared here
[2.576s]    12 |     void callAddTwoIntsService(int a, [01;36m[Kint b[m[K)
[2.576s]       |                                       [01;36m[K~~~~^[m[K
[2.630s] [01m[K/home/c1ph3r/ros2_ws/src/my_cpp_package/src/add_two_ints_client_oops.cpp:12:36:[m[K [01;35m[Kwarning: [m[Kunused parameter ‘[01m[Ka[m[K’ [[01;35m[K]8;;https://gcc.gnu.org/onlinedocs/gcc/Warning-Options.html#index-Wunused-parameter-Wunused-parameter]8;;[m[K]
[2.630s]    12 |     void callAddTwoIntsService([01;35m[Kint a[m[K, int b)
[2.631s]       |                                [01;35m[K~~~~^[m[K
[2.631s] [01m[K/home/c1ph3r/ros2_ws/src/my_cpp_package/src/add_two_ints_client_oops.cpp:12:43:[m[K [01;35m[Kwarning: [m[Kunused parameter ‘[01m[Kb[m[K’ [[01;35m[K]8;;https://gcc.gnu.org/onlinedocs/gcc/Warning-Options.html#index-Wunused-parameter-Wunused-parameter]8;;[m[K]
[2.631s]    12 |     void callAddTwoIntsService(int a, [01;35m[Kint b[m[K)
[2.631s]       |                                       [01;35m[K~~~~^[m[K
[3.212s] gmake[2]: *** [CMakeFiles/add_two_ints_client_oops.dir/build.make:76: CMakeFiles/add_two_ints_client_oops.dir/src/add_two_ints_client_oops.cpp.o] Error 1
[3.213s] gmake[1]: *** [CMakeFiles/Makefile2:277: CMakeFiles/add_two_ints_client_oops.dir/all] Error 2
[3.213s] gmake: *** [Makefile:146: all] Error 2
[3.216s] Invoked command in '/home/c1ph3r/ros2_ws/build/my_cpp_package' returned '2': CMAKE_PREFIX_PATH=${CMAKE_PREFIX_PATH}:/home/c1ph3r/ros2_ws/install/my_python_package:/opt/ros/humble /usr/bin/cmake --build /home/c1ph3r/ros2_ws/build/my_cpp_package -- -j8 -l8
