[0.766s] Invoking command in '/home/c1ph3r/ros2_ws/build/my_python_package': PYTHONPATH=/home/c1ph3r/ros2_ws/build/my_python_package/prefix_override:/home/c1ph3r/ros2_ws/install/my_python_package/lib/python3.10/site-packages:${PYTHONPATH} /usr/bin/python3 setup.py develop --uninstall --editable --build-directory /home/c1ph3r/ros2_ws/build/my_python_package/build
[1.079s] running develop
[1.341s] Invoked command in '/home/c1ph3r/ros2_ws/build/my_python_package' returned '0': PYTHONPATH=/home/c1ph3r/ros2_ws/build/my_python_package/prefix_override:/home/c1ph3r/ros2_ws/install/my_python_package/lib/python3.10/site-packages:${PYTHONPATH} /usr/bin/python3 setup.py develop --uninstall --editable --build-directory /home/c1ph3r/ros2_ws/build/my_python_package/build
[1.342s] Invoking command in '/home/c1ph3r/ros2_ws/src/my_python_package': PYTHONPATH=/home/c1ph3r/ros2_ws/build/my_python_package/prefix_override:/home/c1ph3r/ros2_ws/install/my_python_package/lib/python3.10/site-packages:${PYTHONPATH} /usr/bin/python3 setup.py egg_info --egg-base ../../build/my_python_package build --build-base /home/c1ph3r/ros2_ws/build/my_python_package/build install --record /home/c1ph3r/ros2_ws/build/my_python_package/install.log --single-version-externally-managed
[1.639s] running egg_info
[1.640s] writing ../../build/my_python_package/my_python_package.egg-info/PKG-INFO
[1.644s] writing dependency_links to ../../build/my_python_package/my_python_package.egg-info/dependency_links.txt
[1.644s] writing entry points to ../../build/my_python_package/my_python_package.egg-info/entry_points.txt
[1.644s] writing requirements to ../../build/my_python_package/my_python_package.egg-info/requires.txt
[1.645s] writing top-level names to ../../build/my_python_package/my_python_package.egg-info/top_level.txt
[1.647s] reading manifest file '../../build/my_python_package/my_python_package.egg-info/SOURCES.txt'
[1.648s] writing manifest file '../../build/my_python_package/my_python_package.egg-info/SOURCES.txt'
[1.649s] running build
[1.649s] running build_py
[1.649s] copying my_python_package/oops_template.py -> /home/c1ph3r/ros2_ws/build/my_python_package/build/lib/my_python_package
[1.649s] running install
[1.650s] running install_lib
[1.651s] copying /home/c1ph3r/ros2_ws/build/my_python_package/build/lib/my_python_package/oops_template.py -> /home/c1ph3r/ros2_ws/install/my_python_package/lib/python3.10/site-packages/my_python_package
[1.652s] byte-compiling /home/c1ph3r/ros2_ws/install/my_python_package/lib/python3.10/site-packages/my_python_package/oops_template.py to oops_template.cpython-310.pyc
[1.653s] running install_data
[1.654s] running install_egg_info
[1.655s] removing '/home/c1ph3r/ros2_ws/install/my_python_package/lib/python3.10/site-packages/my_python_package-0.0.0-py3.10.egg-info' (and everything under it)
[1.656s] Copying ../../build/my_python_package/my_python_package.egg-info to /home/c1ph3r/ros2_ws/install/my_python_package/lib/python3.10/site-packages/my_python_package-0.0.0-py3.10.egg-info
[1.657s] running install_scripts
[1.679s] Installing py_node script to /home/c1ph3r/ros2_ws/install/my_python_package/lib/my_python_package
[1.680s] Installing py_node_oop script to /home/c1ph3r/ros2_ws/install/my_python_package/lib/my_python_package
[1.680s] writing list of installed files to '/home/c1ph3r/ros2_ws/build/my_python_package/install.log'
[1.723s] Invoked command in '/home/c1ph3r/ros2_ws/src/my_python_package' returned '0': PYTHONPATH=/home/c1ph3r/ros2_ws/build/my_python_package/prefix_override:/home/c1ph3r/ros2_ws/install/my_python_package/lib/python3.10/site-packages:${PYTHONPATH} /usr/bin/python3 setup.py egg_info --egg-base ../../build/my_python_package build --build-base /home/c1ph3r/ros2_ws/build/my_python_package/build install --record /home/c1ph3r/ros2_ws/build/my_python_package/install.log --single-version-externally-managed
