[0.349s] DEBUG:colcon:Command line arguments: ['/usr/bin/colcon', 'build']
[0.349s] DEBUG:colcon:Parsed command line arguments: Namespace(log_base=None, log_level=None, verb_name='build', build_base='build', install_base='install', merge_install=False, symlink_install=False, test_result_base=None, continue_on_error=False, executor='parallel', parallel_workers=8, event_handlers=None, ignore_user_meta=False, metas=['./colcon.meta'], base_paths=['.'], packages_ignore=None, packages_ignore_regex=None, paths=None, packages_up_to=None, packages_up_to_regex=None, packages_above=None, packages_above_and_dependencies=None, packages_above_depth=None, packages_select_by_dep=None, packages_skip_by_dep=None, packages_skip_up_to=None, packages_select_build_failed=False, packages_skip_build_finished=False, packages_select_test_failures=False, packages_skip_test_passed=False, packages_select=None, packages_skip=None, packages_select_regex=None, packages_skip_regex=None, packages_start=None, packages_end=None, allow_overriding=[], cmake_args=None, cmake_target=None, cmake_target_skip_unavailable=False, cmake_clean_cache=False, cmake_clean_first=False, cmake_force_configure=False, ament_cmake_args=None, catkin_cmake_args=None, catkin_skip_building_tests=False, verb_parser=<colcon_defaults.argument_parser.defaults.DefaultArgumentsDecorator object at 0x7fc9f7ac3670>, verb_extension=<colcon_core.verb.build.BuildVerb object at 0x7fc9f7990a30>, main=<bound method BuildVerb.main of <colcon_core.verb.build.BuildVerb object at 0x7fc9f7990a30>>)
[0.372s] Level 1:colcon.colcon_core.package_discovery:discover_packages(colcon_meta) check parameters
[0.372s] Level 1:colcon.colcon_core.package_discovery:discover_packages(recursive) check parameters
[0.372s] Level 1:colcon.colcon_core.package_discovery:discover_packages(ignore) check parameters
[0.372s] Level 1:colcon.colcon_core.package_discovery:discover_packages(path) check parameters
[0.373s] Level 1:colcon.colcon_core.package_discovery:discover_packages(colcon_meta) discover
[0.373s] Level 1:colcon.colcon_core.package_discovery:discover_packages(recursive) discover
[0.373s] INFO:colcon.colcon_core.package_discovery:Crawling recursively for packages in '/home/c1ph3r/ros2_ws'
[0.373s] Level 1:colcon.colcon_core.package_identification:_identify(.) by extensions ['ignore', 'ignore_ament_install']
[0.373s] Level 1:colcon.colcon_core.package_identification:_identify(.) by extension 'ignore'
[0.373s] Level 1:colcon.colcon_core.package_identification:_identify(.) by extension 'ignore_ament_install'
[0.373s] Level 1:colcon.colcon_core.package_identification:_identify(.) by extensions ['colcon_pkg']
[0.373s] Level 1:colcon.colcon_core.package_identification:_identify(.) by extension 'colcon_pkg'
[0.373s] Level 1:colcon.colcon_core.package_identification:_identify(.) by extensions ['colcon_meta']
[0.373s] Level 1:colcon.colcon_core.package_identification:_identify(.) by extension 'colcon_meta'
[0.373s] Level 1:colcon.colcon_core.package_identification:_identify(.) by extensions ['ros']
[0.373s] Level 1:colcon.colcon_core.package_identification:_identify(.) by extension 'ros'
[0.385s] Level 1:colcon.colcon_core.package_identification:_identify(.) by extensions ['cmake', 'python']
[0.385s] Level 1:colcon.colcon_core.package_identification:_identify(.) by extension 'cmake'
[0.385s] Level 1:colcon.colcon_core.package_identification:_identify(.) by extension 'python'
[0.385s] Level 1:colcon.colcon_core.package_identification:_identify(.) by extensions ['python_setup_py']
[0.385s] Level 1:colcon.colcon_core.package_identification:_identify(.) by extension 'python_setup_py'
[0.385s] Level 1:colcon.colcon_core.package_identification:_identify(build) by extensions ['ignore', 'ignore_ament_install']
[0.385s] Level 1:colcon.colcon_core.package_identification:_identify(build) by extension 'ignore'
[0.385s] Level 1:colcon.colcon_core.package_identification:_identify(build) ignored
[0.385s] Level 1:colcon.colcon_core.package_identification:_identify(install) by extensions ['ignore', 'ignore_ament_install']
[0.386s] Level 1:colcon.colcon_core.package_identification:_identify(install) by extension 'ignore'
[0.386s] Level 1:colcon.colcon_core.package_identification:_identify(install) ignored
[0.386s] Level 1:colcon.colcon_core.package_identification:_identify(log) by extensions ['ignore', 'ignore_ament_install']
[0.386s] Level 1:colcon.colcon_core.package_identification:_identify(log) by extension 'ignore'
[0.386s] Level 1:colcon.colcon_core.package_identification:_identify(log) ignored
[0.386s] Level 1:colcon.colcon_core.package_identification:_identify(src) by extensions ['ignore', 'ignore_ament_install']
[0.386s] Level 1:colcon.colcon_core.package_identification:_identify(src) by extension 'ignore'
[0.386s] Level 1:colcon.colcon_core.package_identification:_identify(src) by extension 'ignore_ament_install'
[0.386s] Level 1:colcon.colcon_core.package_identification:_identify(src) by extensions ['colcon_pkg']
[0.386s] Level 1:colcon.colcon_core.package_identification:_identify(src) by extension 'colcon_pkg'
[0.386s] Level 1:colcon.colcon_core.package_identification:_identify(src) by extensions ['colcon_meta']
[0.386s] Level 1:colcon.colcon_core.package_identification:_identify(src) by extension 'colcon_meta'
[0.386s] Level 1:colcon.colcon_core.package_identification:_identify(src) by extensions ['ros']
[0.386s] Level 1:colcon.colcon_core.package_identification:_identify(src) by extension 'ros'
[0.386s] Level 1:colcon.colcon_core.package_identification:_identify(src) by extensions ['cmake', 'python']
[0.386s] Level 1:colcon.colcon_core.package_identification:_identify(src) by extension 'cmake'
[0.386s] Level 1:colcon.colcon_core.package_identification:_identify(src) by extension 'python'
[0.387s] Level 1:colcon.colcon_core.package_identification:_identify(src) by extensions ['python_setup_py']
[0.387s] Level 1:colcon.colcon_core.package_identification:_identify(src) by extension 'python_setup_py'
[0.387s] Level 1:colcon.colcon_core.package_identification:_identify(src/build) by extensions ['ignore', 'ignore_ament_install']
[0.387s] Level 1:colcon.colcon_core.package_identification:_identify(src/build) by extension 'ignore'
[0.387s] Level 1:colcon.colcon_core.package_identification:_identify(src/build) ignored
[0.387s] Level 1:colcon.colcon_core.package_identification:_identify(src/install) by extensions ['ignore', 'ignore_ament_install']
[0.387s] Level 1:colcon.colcon_core.package_identification:_identify(src/install) by extension 'ignore'
[0.387s] Level 1:colcon.colcon_core.package_identification:_identify(src/install) ignored
[0.387s] Level 1:colcon.colcon_core.package_identification:_identify(src/log) by extensions ['ignore', 'ignore_ament_install']
[0.387s] Level 1:colcon.colcon_core.package_identification:_identify(src/log) by extension 'ignore'
[0.387s] Level 1:colcon.colcon_core.package_identification:_identify(src/log) ignored
[0.387s] Level 1:colcon.colcon_core.package_identification:_identify(src/my_cpp_package) by extensions ['ignore', 'ignore_ament_install']
[0.387s] Level 1:colcon.colcon_core.package_identification:_identify(src/my_cpp_package) by extension 'ignore'
[0.387s] Level 1:colcon.colcon_core.package_identification:_identify(src/my_cpp_package) by extension 'ignore_ament_install'
[0.387s] Level 1:colcon.colcon_core.package_identification:_identify(src/my_cpp_package) by extensions ['colcon_pkg']
[0.387s] Level 1:colcon.colcon_core.package_identification:_identify(src/my_cpp_package) by extension 'colcon_pkg'
[0.387s] Level 1:colcon.colcon_core.package_identification:_identify(src/my_cpp_package) by extensions ['colcon_meta']
[0.388s] Level 1:colcon.colcon_core.package_identification:_identify(src/my_cpp_package) by extension 'colcon_meta'
[0.388s] Level 1:colcon.colcon_core.package_identification:_identify(src/my_cpp_package) by extensions ['ros']
[0.388s] Level 1:colcon.colcon_core.package_identification:_identify(src/my_cpp_package) by extension 'ros'
[0.390s] DEBUG:colcon.colcon_core.package_identification:Package 'src/my_cpp_package' with type 'ros.ament_cmake' and name 'my_cpp_package'
[0.390s] Level 1:colcon.colcon_core.package_identification:_identify(src/my_python_package) by extensions ['ignore', 'ignore_ament_install']
[0.390s] Level 1:colcon.colcon_core.package_identification:_identify(src/my_python_package) by extension 'ignore'
[0.390s] Level 1:colcon.colcon_core.package_identification:_identify(src/my_python_package) by extension 'ignore_ament_install'
[0.391s] Level 1:colcon.colcon_core.package_identification:_identify(src/my_python_package) by extensions ['colcon_pkg']
[0.391s] Level 1:colcon.colcon_core.package_identification:_identify(src/my_python_package) by extension 'colcon_pkg'
[0.391s] Level 1:colcon.colcon_core.package_identification:_identify(src/my_python_package) by extensions ['colcon_meta']
[0.391s] Level 1:colcon.colcon_core.package_identification:_identify(src/my_python_package) by extension 'colcon_meta'
[0.391s] Level 1:colcon.colcon_core.package_identification:_identify(src/my_python_package) by extensions ['ros']
[0.391s] Level 1:colcon.colcon_core.package_identification:_identify(src/my_python_package) by extension 'ros'
[0.392s] DEBUG:colcon.colcon_core.package_identification:Package 'src/my_python_package' with type 'ros.ament_python' and name 'my_python_package'
[0.392s] Level 1:colcon.colcon_core.package_identification:_identify(src/my_robot_interfaces) by extensions ['ignore', 'ignore_ament_install']
[0.392s] Level 1:colcon.colcon_core.package_identification:_identify(src/my_robot_interfaces) by extension 'ignore'
[0.392s] Level 1:colcon.colcon_core.package_identification:_identify(src/my_robot_interfaces) by extension 'ignore_ament_install'
[0.392s] Level 1:colcon.colcon_core.package_identification:_identify(src/my_robot_interfaces) by extensions ['colcon_pkg']
[0.392s] Level 1:colcon.colcon_core.package_identification:_identify(src/my_robot_interfaces) by extension 'colcon_pkg'
[0.392s] Level 1:colcon.colcon_core.package_identification:_identify(src/my_robot_interfaces) by extensions ['colcon_meta']
[0.392s] Level 1:colcon.colcon_core.package_identification:_identify(src/my_robot_interfaces) by extension 'colcon_meta'
[0.392s] Level 1:colcon.colcon_core.package_identification:_identify(src/my_robot_interfaces) by extensions ['ros']
[0.392s] Level 1:colcon.colcon_core.package_identification:_identify(src/my_robot_interfaces) by extension 'ros'
[0.393s] DEBUG:colcon.colcon_core.package_identification:Package 'src/my_robot_interfaces' with type 'ros.ament_cmake' and name 'my_robot_interfaces'
[0.393s] Level 1:colcon.colcon_core.package_discovery:discover_packages(recursive) using defaults
[0.393s] Level 1:colcon.colcon_core.package_discovery:discover_packages(ignore) discover
[0.393s] Level 1:colcon.colcon_core.package_discovery:discover_packages(ignore) using defaults
[0.393s] Level 1:colcon.colcon_core.package_discovery:discover_packages(path) discover
[0.393s] Level 1:colcon.colcon_core.package_discovery:discover_packages(path) using defaults
[0.416s] Level 1:colcon.colcon_core.package_discovery:discover_packages(prefix_path) check parameters
[0.416s] Level 1:colcon.colcon_core.package_discovery:discover_packages(prefix_path) discover
[0.418s] DEBUG:colcon.colcon_installed_package_information.package_discovery:Found 3 installed packages in /home/c1ph3r/ros2_ws/install
[0.420s] DEBUG:colcon.colcon_installed_package_information.package_discovery:Found 270 installed packages in /opt/ros/humble
[0.422s] Level 1:colcon.colcon_core.package_discovery:discover_packages(prefix_path) using defaults
[0.481s] Level 5:colcon.colcon_core.verb:set package 'my_robot_interfaces' build argument 'cmake_args' from command line to 'None'
[0.482s] Level 5:colcon.colcon_core.verb:set package 'my_robot_interfaces' build argument 'cmake_target' from command line to 'None'
[0.482s] Level 5:colcon.colcon_core.verb:set package 'my_robot_interfaces' build argument 'cmake_target_skip_unavailable' from command line to 'False'
[0.482s] Level 5:colcon.colcon_core.verb:set package 'my_robot_interfaces' build argument 'cmake_clean_cache' from command line to 'False'
[0.482s] Level 5:colcon.colcon_core.verb:set package 'my_robot_interfaces' build argument 'cmake_clean_first' from command line to 'False'
[0.482s] Level 5:colcon.colcon_core.verb:set package 'my_robot_interfaces' build argument 'cmake_force_configure' from command line to 'False'
[0.482s] Level 5:colcon.colcon_core.verb:set package 'my_robot_interfaces' build argument 'ament_cmake_args' from command line to 'None'
[0.482s] Level 5:colcon.colcon_core.verb:set package 'my_robot_interfaces' build argument 'catkin_cmake_args' from command line to 'None'
[0.482s] Level 5:colcon.colcon_core.verb:set package 'my_robot_interfaces' build argument 'catkin_skip_building_tests' from command line to 'False'
[0.482s] DEBUG:colcon.colcon_core.verb:Building package 'my_robot_interfaces' with the following arguments: {'ament_cmake_args': None, 'build_base': '/home/c1ph3r/ros2_ws/build/my_robot_interfaces', 'catkin_cmake_args': None, 'catkin_skip_building_tests': False, 'cmake_args': None, 'cmake_clean_cache': False, 'cmake_clean_first': False, 'cmake_force_configure': False, 'cmake_target': None, 'cmake_target_skip_unavailable': False, 'install_base': '/home/c1ph3r/ros2_ws/install/my_robot_interfaces', 'merge_install': False, 'path': '/home/c1ph3r/ros2_ws/src/my_robot_interfaces', 'symlink_install': False, 'test_result_base': None}
[0.483s] Level 5:colcon.colcon_core.verb:set package 'my_cpp_package' build argument 'cmake_args' from command line to 'None'
[0.483s] Level 5:colcon.colcon_core.verb:set package 'my_cpp_package' build argument 'cmake_target' from command line to 'None'
[0.483s] Level 5:colcon.colcon_core.verb:set package 'my_cpp_package' build argument 'cmake_target_skip_unavailable' from command line to 'False'
[0.483s] Level 5:colcon.colcon_core.verb:set package 'my_cpp_package' build argument 'cmake_clean_cache' from command line to 'False'
[0.483s] Level 5:colcon.colcon_core.verb:set package 'my_cpp_package' build argument 'cmake_clean_first' from command line to 'False'
[0.483s] Level 5:colcon.colcon_core.verb:set package 'my_cpp_package' build argument 'cmake_force_configure' from command line to 'False'
[0.483s] Level 5:colcon.colcon_core.verb:set package 'my_cpp_package' build argument 'ament_cmake_args' from command line to 'None'
[0.483s] Level 5:colcon.colcon_core.verb:set package 'my_cpp_package' build argument 'catkin_cmake_args' from command line to 'None'
[0.483s] Level 5:colcon.colcon_core.verb:set package 'my_cpp_package' build argument 'catkin_skip_building_tests' from command line to 'False'
[0.483s] DEBUG:colcon.colcon_core.verb:Building package 'my_cpp_package' with the following arguments: {'ament_cmake_args': None, 'build_base': '/home/c1ph3r/ros2_ws/build/my_cpp_package', 'catkin_cmake_args': None, 'catkin_skip_building_tests': False, 'cmake_args': None, 'cmake_clean_cache': False, 'cmake_clean_first': False, 'cmake_force_configure': False, 'cmake_target': None, 'cmake_target_skip_unavailable': False, 'install_base': '/home/c1ph3r/ros2_ws/install/my_cpp_package', 'merge_install': False, 'path': '/home/c1ph3r/ros2_ws/src/my_cpp_package', 'symlink_install': False, 'test_result_base': None}
[0.484s] Level 5:colcon.colcon_core.verb:set package 'my_python_package' build argument 'cmake_args' from command line to 'None'
[0.484s] Level 5:colcon.colcon_core.verb:set package 'my_python_package' build argument 'cmake_target' from command line to 'None'
[0.484s] Level 5:colcon.colcon_core.verb:set package 'my_python_package' build argument 'cmake_target_skip_unavailable' from command line to 'False'
[0.484s] Level 5:colcon.colcon_core.verb:set package 'my_python_package' build argument 'cmake_clean_cache' from command line to 'False'
[0.484s] Level 5:colcon.colcon_core.verb:set package 'my_python_package' build argument 'cmake_clean_first' from command line to 'False'
[0.484s] Level 5:colcon.colcon_core.verb:set package 'my_python_package' build argument 'cmake_force_configure' from command line to 'False'
[0.484s] Level 5:colcon.colcon_core.verb:set package 'my_python_package' build argument 'ament_cmake_args' from command line to 'None'
[0.484s] Level 5:colcon.colcon_core.verb:set package 'my_python_package' build argument 'catkin_cmake_args' from command line to 'None'
[0.484s] Level 5:colcon.colcon_core.verb:set package 'my_python_package' build argument 'catkin_skip_building_tests' from command line to 'False'
[0.484s] DEBUG:colcon.colcon_core.verb:Building package 'my_python_package' with the following arguments: {'ament_cmake_args': None, 'build_base': '/home/c1ph3r/ros2_ws/build/my_python_package', 'catkin_cmake_args': None, 'catkin_skip_building_tests': False, 'cmake_args': None, 'cmake_clean_cache': False, 'cmake_clean_first': False, 'cmake_force_configure': False, 'cmake_target': None, 'cmake_target_skip_unavailable': False, 'install_base': '/home/c1ph3r/ros2_ws/install/my_python_package', 'merge_install': False, 'path': '/home/c1ph3r/ros2_ws/src/my_python_package', 'symlink_install': False, 'test_result_base': None}
[0.485s] INFO:colcon.colcon_core.executor:Executing jobs using 'parallel' executor
[0.488s] DEBUG:colcon.colcon_parallel_executor.executor.parallel:run_until_complete
[0.488s] INFO:colcon.colcon_ros.task.ament_cmake.build:Building ROS package in '/home/c1ph3r/ros2_ws/src/my_robot_interfaces' with build type 'ament_cmake'
[0.489s] INFO:colcon.colcon_cmake.task.cmake.build:Building CMake package in '/home/c1ph3r/ros2_ws/src/my_robot_interfaces'
[0.493s] INFO:colcon.colcon_core.plugin_system:Skipping extension 'colcon_core.shell.bat': Not used on non-Windows systems
[0.494s] INFO:colcon.colcon_core.shell:Skip shell extension 'powershell' for command environment: Not usable outside of PowerShell
[0.494s] DEBUG:colcon.colcon_core.shell:Skip shell extension 'dsv' for command environment
[0.506s] DEBUG:colcon.colcon_core.event_handler.log_command:Invoking command in '/home/c1ph3r/ros2_ws/build/my_robot_interfaces': CMAKE_PREFIX_PATH=${CMAKE_PREFIX_PATH}:/home/c1ph3r/ros2_ws/install/my_python_package:/opt/ros/humble /usr/bin/cmake --build /home/c1ph3r/ros2_ws/build/my_robot_interfaces -- -j8 -l8
[5.829s] DEBUG:colcon.colcon_core.event_handler.log_command:Invoked command in '/home/c1ph3r/ros2_ws/build/my_robot_interfaces' returned '0': CMAKE_PREFIX_PATH=${CMAKE_PREFIX_PATH}:/home/c1ph3r/ros2_ws/install/my_python_package:/opt/ros/humble /usr/bin/cmake --build /home/c1ph3r/ros2_ws/build/my_robot_interfaces -- -j8 -l8
[5.924s] DEBUG:colcon.colcon_core.event_handler.log_command:Invoking command in '/home/c1ph3r/ros2_ws/build/my_robot_interfaces': CMAKE_PREFIX_PATH=${CMAKE_PREFIX_PATH}:/home/c1ph3r/ros2_ws/install/my_python_package:/opt/ros/humble /usr/bin/cmake --install /home/c1ph3r/ros2_ws/build/my_robot_interfaces
[6.013s] Level 1:colcon.colcon_core.environment:create_environment_scripts_only(my_robot_interfaces)
[6.014s] DEBUG:colcon.colcon_core.event_handler.log_command:Invoked command in '/home/c1ph3r/ros2_ws/build/my_robot_interfaces' returned '0': CMAKE_PREFIX_PATH=${CMAKE_PREFIX_PATH}:/home/c1ph3r/ros2_ws/install/my_python_package:/opt/ros/humble /usr/bin/cmake --install /home/c1ph3r/ros2_ws/build/my_robot_interfaces
[6.020s] Level 1:colcon.colcon_core.environment:checking '/home/c1ph3r/ros2_ws/install/my_robot_interfaces' for CMake module files
[6.021s] Level 1:colcon.colcon_core.environment:checking '/home/c1ph3r/ros2_ws/install/my_robot_interfaces' for CMake config files
[6.022s] Level 1:colcon.colcon_core.shell:create_environment_hook('my_robot_interfaces', 'cmake_prefix_path')
[6.023s] INFO:colcon.colcon_core.shell:Creating environment hook '/home/c1ph3r/ros2_ws/install/my_robot_interfaces/share/my_robot_interfaces/hook/cmake_prefix_path.ps1'
[6.024s] INFO:colcon.colcon_core.shell:Creating environment descriptor '/home/c1ph3r/ros2_ws/install/my_robot_interfaces/share/my_robot_interfaces/hook/cmake_prefix_path.dsv'
[6.024s] INFO:colcon.colcon_core.shell:Creating environment hook '/home/c1ph3r/ros2_ws/install/my_robot_interfaces/share/my_robot_interfaces/hook/cmake_prefix_path.sh'
[6.025s] Level 1:colcon.colcon_core.environment:checking '/home/c1ph3r/ros2_ws/install/my_robot_interfaces/lib'
[6.026s] Level 1:colcon.colcon_core.shell:create_environment_hook('my_robot_interfaces', 'ld_library_path_lib')
[6.027s] INFO:colcon.colcon_core.shell:Creating environment hook '/home/c1ph3r/ros2_ws/install/my_robot_interfaces/share/my_robot_interfaces/hook/ld_library_path_lib.ps1'
[6.028s] INFO:colcon.colcon_core.shell:Creating environment descriptor '/home/c1ph3r/ros2_ws/install/my_robot_interfaces/share/my_robot_interfaces/hook/ld_library_path_lib.dsv'
[6.028s] INFO:colcon.colcon_core.shell:Creating environment hook '/home/c1ph3r/ros2_ws/install/my_robot_interfaces/share/my_robot_interfaces/hook/ld_library_path_lib.sh'
[6.028s] Level 1:colcon.colcon_core.environment:checking '/home/c1ph3r/ros2_ws/install/my_robot_interfaces/bin'
[6.029s] Level 1:colcon.colcon_core.environment:checking '/home/c1ph3r/ros2_ws/install/my_robot_interfaces/lib/pkgconfig/my_robot_interfaces.pc'
[6.029s] Level 1:colcon.colcon_core.environment:checking '/home/c1ph3r/ros2_ws/install/my_robot_interfaces/lib/python3.10/site-packages'
[6.029s] Level 1:colcon.colcon_core.environment:checking '/home/c1ph3r/ros2_ws/install/my_robot_interfaces/bin'
[6.031s] INFO:colcon.colcon_core.shell:Creating package script '/home/c1ph3r/ros2_ws/install/my_robot_interfaces/share/my_robot_interfaces/package.ps1'
[6.032s] INFO:colcon.colcon_core.shell:Creating package descriptor '/home/c1ph3r/ros2_ws/install/my_robot_interfaces/share/my_robot_interfaces/package.dsv'
[6.032s] INFO:colcon.colcon_core.shell:Creating package script '/home/c1ph3r/ros2_ws/install/my_robot_interfaces/share/my_robot_interfaces/package.sh'
[6.033s] INFO:colcon.colcon_core.shell:Creating package script '/home/c1ph3r/ros2_ws/install/my_robot_interfaces/share/my_robot_interfaces/package.bash'
[6.034s] INFO:colcon.colcon_core.shell:Creating package script '/home/c1ph3r/ros2_ws/install/my_robot_interfaces/share/my_robot_interfaces/package.zsh'
[6.035s] Level 1:colcon.colcon_core.environment:create_file_with_runtime_dependencies(/home/c1ph3r/ros2_ws/install/my_robot_interfaces/share/colcon-core/packages/my_robot_interfaces)
[6.149s] Level 1:colcon.colcon_core.environment:create_environment_scripts_only(my_robot_interfaces)
[6.154s] Level 1:colcon.colcon_core.environment:checking '/home/c1ph3r/ros2_ws/install/my_robot_interfaces' for CMake module files
[6.155s] Level 1:colcon.colcon_core.environment:checking '/home/c1ph3r/ros2_ws/install/my_robot_interfaces' for CMake config files
[6.157s] Level 1:colcon.colcon_core.shell:create_environment_hook('my_robot_interfaces', 'cmake_prefix_path')
[6.160s] INFO:colcon.colcon_core.shell:Creating environment hook '/home/c1ph3r/ros2_ws/install/my_robot_interfaces/share/my_robot_interfaces/hook/cmake_prefix_path.ps1'
[6.161s] INFO:colcon.colcon_core.shell:Creating environment descriptor '/home/c1ph3r/ros2_ws/install/my_robot_interfaces/share/my_robot_interfaces/hook/cmake_prefix_path.dsv'
[6.161s] INFO:colcon.colcon_core.shell:Creating environment hook '/home/c1ph3r/ros2_ws/install/my_robot_interfaces/share/my_robot_interfaces/hook/cmake_prefix_path.sh'
[6.162s] Level 1:colcon.colcon_core.environment:checking '/home/c1ph3r/ros2_ws/install/my_robot_interfaces/lib'
[6.162s] Level 1:colcon.colcon_core.shell:create_environment_hook('my_robot_interfaces', 'ld_library_path_lib')
[6.166s] INFO:colcon.colcon_core.shell:Creating environment hook '/home/c1ph3r/ros2_ws/install/my_robot_interfaces/share/my_robot_interfaces/hook/ld_library_path_lib.ps1'
[6.166s] INFO:colcon.colcon_core.shell:Creating environment descriptor '/home/c1ph3r/ros2_ws/install/my_robot_interfaces/share/my_robot_interfaces/hook/ld_library_path_lib.dsv'
[6.167s] INFO:colcon.colcon_core.shell:Creating environment hook '/home/c1ph3r/ros2_ws/install/my_robot_interfaces/share/my_robot_interfaces/hook/ld_library_path_lib.sh'
[6.168s] Level 1:colcon.colcon_core.environment:checking '/home/c1ph3r/ros2_ws/install/my_robot_interfaces/bin'
[6.168s] Level 1:colcon.colcon_core.environment:checking '/home/c1ph3r/ros2_ws/install/my_robot_interfaces/lib/pkgconfig/my_robot_interfaces.pc'
[6.169s] Level 1:colcon.colcon_core.environment:checking '/home/c1ph3r/ros2_ws/install/my_robot_interfaces/lib/python3.10/site-packages'
[6.169s] Level 1:colcon.colcon_core.environment:checking '/home/c1ph3r/ros2_ws/install/my_robot_interfaces/bin'
[6.173s] INFO:colcon.colcon_core.shell:Creating package script '/home/c1ph3r/ros2_ws/install/my_robot_interfaces/share/my_robot_interfaces/package.ps1'
[6.174s] INFO:colcon.colcon_core.shell:Creating package descriptor '/home/c1ph3r/ros2_ws/install/my_robot_interfaces/share/my_robot_interfaces/package.dsv'
[6.176s] INFO:colcon.colcon_core.shell:Creating package script '/home/c1ph3r/ros2_ws/install/my_robot_interfaces/share/my_robot_interfaces/package.sh'
[6.177s] INFO:colcon.colcon_core.shell:Creating package script '/home/c1ph3r/ros2_ws/install/my_robot_interfaces/share/my_robot_interfaces/package.bash'
[6.178s] INFO:colcon.colcon_core.shell:Creating package script '/home/c1ph3r/ros2_ws/install/my_robot_interfaces/share/my_robot_interfaces/package.zsh'
[6.179s] Level 1:colcon.colcon_core.environment:create_file_with_runtime_dependencies(/home/c1ph3r/ros2_ws/install/my_robot_interfaces/share/colcon-core/packages/my_robot_interfaces)
[6.179s] INFO:colcon.colcon_ros.task.ament_cmake.build:Building ROS package in '/home/c1ph3r/ros2_ws/src/my_cpp_package' with build type 'ament_cmake'
[6.180s] INFO:colcon.colcon_cmake.task.cmake.build:Building CMake package in '/home/c1ph3r/ros2_ws/src/my_cpp_package'
[6.184s] INFO:colcon.colcon_core.shell:Skip shell extension 'powershell' for command environment: Not usable outside of PowerShell
[6.184s] DEBUG:colcon.colcon_core.shell:Skip shell extension 'dsv' for command environment
[6.197s] INFO:colcon.colcon_ros.task.ament_python.build:Building ROS package in '/home/c1ph3r/ros2_ws/src/my_python_package' with build type 'ament_python'
[6.198s] Level 1:colcon.colcon_core.shell:create_environment_hook('my_python_package', 'ament_prefix_path')
[6.202s] INFO:colcon.colcon_core.shell:Creating environment hook '/home/c1ph3r/ros2_ws/install/my_python_package/share/my_python_package/hook/ament_prefix_path.ps1'
[6.204s] INFO:colcon.colcon_core.shell:Creating environment descriptor '/home/c1ph3r/ros2_ws/install/my_python_package/share/my_python_package/hook/ament_prefix_path.dsv'
[6.205s] INFO:colcon.colcon_core.shell:Creating environment hook '/home/c1ph3r/ros2_ws/install/my_python_package/share/my_python_package/hook/ament_prefix_path.sh'
[6.210s] INFO:colcon.colcon_core.shell:Skip shell extension 'powershell' for command environment: Not usable outside of PowerShell
[6.210s] DEBUG:colcon.colcon_core.shell:Skip shell extension 'dsv' for command environment
[6.228s] DEBUG:colcon.colcon_core.event_handler.log_command:Invoking command in '/home/c1ph3r/ros2_ws/build/my_cpp_package': CMAKE_PREFIX_PATH=/home/c1ph3r/ros2_ws/install/my_robot_interfaces:/home/c1ph3r/ros2_ws/install/my_cpp_package:/home/c1ph3r/ros2_ws/install/my_python_package:/opt/ros/humble /usr/bin/cmake --build /home/c1ph3r/ros2_ws/build/my_cpp_package -- -j8 -l8
[6.549s] INFO:colcon.colcon_core.task.python.build:Building Python package in '/home/c1ph3r/ros2_ws/src/my_python_package'
[6.553s] INFO:colcon.colcon_core.shell:Skip shell extension 'powershell' for command environment: Not usable outside of PowerShell
[6.553s] DEBUG:colcon.colcon_core.shell:Skip shell extension 'dsv' for command environment
[7.003s] DEBUG:colcon.colcon_core.event_handler.log_command:Invoking command in '/home/c1ph3r/ros2_ws/build/my_python_package': CMAKE_PREFIX_PATH=/home/c1ph3r/ros2_ws/install/my_robot_interfaces:/home/c1ph3r/ros2_ws/install/my_cpp_package PYTHONPATH=/home/c1ph3r/ros2_ws/build/my_python_package/prefix_override:/home/c1ph3r/ros2_ws/install/my_python_package/lib/python3.10/site-packages:${PYTHONPATH} /usr/bin/python3 setup.py develop --uninstall --editable --build-directory /home/c1ph3r/ros2_ws/build/my_python_package/build
[7.551s] DEBUG:colcon.colcon_core.event_handler.log_command:Invoked command in '/home/c1ph3r/ros2_ws/build/my_python_package' returned '0': CMAKE_PREFIX_PATH=/home/c1ph3r/ros2_ws/install/my_robot_interfaces:/home/c1ph3r/ros2_ws/install/my_cpp_package PYTHONPATH=/home/c1ph3r/ros2_ws/build/my_python_package/prefix_override:/home/c1ph3r/ros2_ws/install/my_python_package/lib/python3.10/site-packages:${PYTHONPATH} /usr/bin/python3 setup.py develop --uninstall --editable --build-directory /home/c1ph3r/ros2_ws/build/my_python_package/build
[7.553s] DEBUG:colcon.colcon_core.event_handler.log_command:Invoking command in '/home/c1ph3r/ros2_ws/src/my_python_package': CMAKE_PREFIX_PATH=/home/c1ph3r/ros2_ws/install/my_robot_interfaces:/home/c1ph3r/ros2_ws/install/my_cpp_package PYTHONPATH=/home/c1ph3r/ros2_ws/build/my_python_package/prefix_override:/home/c1ph3r/ros2_ws/install/my_python_package/lib/python3.10/site-packages:${PYTHONPATH} /usr/bin/python3 setup.py egg_info --egg-base ../../build/my_python_package build --build-base /home/c1ph3r/ros2_ws/build/my_python_package/build install --record /home/c1ph3r/ros2_ws/build/my_python_package/install.log --single-version-externally-managed
[7.901s] Level 1:colcon.colcon_core.environment:checking '/home/c1ph3r/ros2_ws/install/my_python_package' for CMake module files
[7.902s] DEBUG:colcon.colcon_core.event_handler.log_command:Invoked command in '/home/c1ph3r/ros2_ws/src/my_python_package' returned '0': CMAKE_PREFIX_PATH=/home/c1ph3r/ros2_ws/install/my_robot_interfaces:/home/c1ph3r/ros2_ws/install/my_cpp_package PYTHONPATH=/home/c1ph3r/ros2_ws/build/my_python_package/prefix_override:/home/c1ph3r/ros2_ws/install/my_python_package/lib/python3.10/site-packages:${PYTHONPATH} /usr/bin/python3 setup.py egg_info --egg-base ../../build/my_python_package build --build-base /home/c1ph3r/ros2_ws/build/my_python_package/build install --record /home/c1ph3r/ros2_ws/build/my_python_package/install.log --single-version-externally-managed
[7.903s] Level 1:colcon.colcon_core.environment:checking '/home/c1ph3r/ros2_ws/install/my_python_package' for CMake config files
[7.905s] Level 1:colcon.colcon_core.environment:checking '/home/c1ph3r/ros2_ws/install/my_python_package/lib'
[7.905s] Level 1:colcon.colcon_core.environment:checking '/home/c1ph3r/ros2_ws/install/my_python_package/bin'
[7.905s] Level 1:colcon.colcon_core.environment:checking '/home/c1ph3r/ros2_ws/install/my_python_package/lib/pkgconfig/my_python_package.pc'
[7.905s] Level 1:colcon.colcon_core.environment:checking '/home/c1ph3r/ros2_ws/install/my_python_package/lib/python3.10/site-packages'
[7.906s] Level 1:colcon.colcon_core.shell:create_environment_hook('my_python_package', 'pythonpath')
[7.909s] INFO:colcon.colcon_core.shell:Creating environment hook '/home/c1ph3r/ros2_ws/install/my_python_package/share/my_python_package/hook/pythonpath.ps1'
[7.911s] INFO:colcon.colcon_core.shell:Creating environment descriptor '/home/c1ph3r/ros2_ws/install/my_python_package/share/my_python_package/hook/pythonpath.dsv'
[7.911s] INFO:colcon.colcon_core.shell:Creating environment hook '/home/c1ph3r/ros2_ws/install/my_python_package/share/my_python_package/hook/pythonpath.sh'
[7.913s] Level 1:colcon.colcon_core.environment:checking '/home/c1ph3r/ros2_ws/install/my_python_package/bin'
[7.913s] Level 1:colcon.colcon_core.environment:create_environment_scripts_only(my_python_package)
[7.917s] INFO:colcon.colcon_core.shell:Creating package script '/home/c1ph3r/ros2_ws/install/my_python_package/share/my_python_package/package.ps1'
[7.918s] INFO:colcon.colcon_core.shell:Creating package descriptor '/home/c1ph3r/ros2_ws/install/my_python_package/share/my_python_package/package.dsv'
[7.919s] INFO:colcon.colcon_core.shell:Creating package script '/home/c1ph3r/ros2_ws/install/my_python_package/share/my_python_package/package.sh'
[7.920s] INFO:colcon.colcon_core.shell:Creating package script '/home/c1ph3r/ros2_ws/install/my_python_package/share/my_python_package/package.bash'
[7.921s] INFO:colcon.colcon_core.shell:Creating package script '/home/c1ph3r/ros2_ws/install/my_python_package/share/my_python_package/package.zsh'
[7.922s] Level 1:colcon.colcon_core.environment:create_file_with_runtime_dependencies(/home/c1ph3r/ros2_ws/install/my_python_package/share/colcon-core/packages/my_python_package)
[12.086s] DEBUG:colcon.colcon_core.event_handler.log_command:Invoked command in '/home/c1ph3r/ros2_ws/build/my_cpp_package' returned '0': CMAKE_PREFIX_PATH=/home/c1ph3r/ros2_ws/install/my_robot_interfaces:/home/c1ph3r/ros2_ws/install/my_cpp_package:/home/c1ph3r/ros2_ws/install/my_python_package:/opt/ros/humble /usr/bin/cmake --build /home/c1ph3r/ros2_ws/build/my_cpp_package -- -j8 -l8
[12.170s] DEBUG:colcon.colcon_core.event_handler.log_command:Invoking command in '/home/c1ph3r/ros2_ws/build/my_cpp_package': CMAKE_PREFIX_PATH=/home/c1ph3r/ros2_ws/install/my_robot_interfaces:/home/c1ph3r/ros2_ws/install/my_cpp_package:/home/c1ph3r/ros2_ws/install/my_python_package:/opt/ros/humble /usr/bin/cmake --install /home/c1ph3r/ros2_ws/build/my_cpp_package
[12.197s] Level 1:colcon.colcon_core.environment:create_environment_scripts_only(my_cpp_package)
[12.204s] Level 1:colcon.colcon_core.environment:checking '/home/c1ph3r/ros2_ws/install/my_cpp_package' for CMake module files
[12.205s] DEBUG:colcon.colcon_core.event_handler.log_command:Invoked command in '/home/c1ph3r/ros2_ws/build/my_cpp_package' returned '0': CMAKE_PREFIX_PATH=/home/c1ph3r/ros2_ws/install/my_robot_interfaces:/home/c1ph3r/ros2_ws/install/my_cpp_package:/home/c1ph3r/ros2_ws/install/my_python_package:/opt/ros/humble /usr/bin/cmake --install /home/c1ph3r/ros2_ws/build/my_cpp_package
[12.206s] Level 1:colcon.colcon_core.environment:checking '/home/c1ph3r/ros2_ws/install/my_cpp_package' for CMake config files
[12.207s] Level 1:colcon.colcon_core.shell:create_environment_hook('my_cpp_package', 'cmake_prefix_path')
[12.211s] INFO:colcon.colcon_core.shell:Creating environment hook '/home/c1ph3r/ros2_ws/install/my_cpp_package/share/my_cpp_package/hook/cmake_prefix_path.ps1'
[12.212s] INFO:colcon.colcon_core.shell:Creating environment descriptor '/home/c1ph3r/ros2_ws/install/my_cpp_package/share/my_cpp_package/hook/cmake_prefix_path.dsv'
[12.213s] INFO:colcon.colcon_core.shell:Creating environment hook '/home/c1ph3r/ros2_ws/install/my_cpp_package/share/my_cpp_package/hook/cmake_prefix_path.sh'
[12.214s] Level 1:colcon.colcon_core.environment:checking '/home/c1ph3r/ros2_ws/install/my_cpp_package/lib'
[12.214s] Level 1:colcon.colcon_core.environment:checking '/home/c1ph3r/ros2_ws/install/my_cpp_package/bin'
[12.215s] Level 1:colcon.colcon_core.environment:checking '/home/c1ph3r/ros2_ws/install/my_cpp_package/lib/pkgconfig/my_cpp_package.pc'
[12.215s] Level 1:colcon.colcon_core.environment:checking '/home/c1ph3r/ros2_ws/install/my_cpp_package/lib/python3.10/site-packages'
[12.216s] Level 1:colcon.colcon_core.environment:checking '/home/c1ph3r/ros2_ws/install/my_cpp_package/bin'
[12.220s] INFO:colcon.colcon_core.shell:Creating package script '/home/c1ph3r/ros2_ws/install/my_cpp_package/share/my_cpp_package/package.ps1'
[12.221s] INFO:colcon.colcon_core.shell:Creating package descriptor '/home/c1ph3r/ros2_ws/install/my_cpp_package/share/my_cpp_package/package.dsv'
[12.222s] INFO:colcon.colcon_core.shell:Creating package script '/home/c1ph3r/ros2_ws/install/my_cpp_package/share/my_cpp_package/package.sh'
[12.223s] INFO:colcon.colcon_core.shell:Creating package script '/home/c1ph3r/ros2_ws/install/my_cpp_package/share/my_cpp_package/package.bash'
[12.224s] INFO:colcon.colcon_core.shell:Creating package script '/home/c1ph3r/ros2_ws/install/my_cpp_package/share/my_cpp_package/package.zsh'
[12.225s] Level 1:colcon.colcon_core.environment:create_file_with_runtime_dependencies(/home/c1ph3r/ros2_ws/install/my_cpp_package/share/colcon-core/packages/my_cpp_package)
[12.290s] Level 1:colcon.colcon_core.environment:create_environment_scripts_only(my_cpp_package)
[12.293s] Level 1:colcon.colcon_core.environment:checking '/home/c1ph3r/ros2_ws/install/my_cpp_package' for CMake module files
[12.293s] Level 1:colcon.colcon_core.environment:checking '/home/c1ph3r/ros2_ws/install/my_cpp_package' for CMake config files
[12.293s] Level 1:colcon.colcon_core.shell:create_environment_hook('my_cpp_package', 'cmake_prefix_path')
[12.295s] INFO:colcon.colcon_core.shell:Creating environment hook '/home/c1ph3r/ros2_ws/install/my_cpp_package/share/my_cpp_package/hook/cmake_prefix_path.ps1'
[12.295s] INFO:colcon.colcon_core.shell:Creating environment descriptor '/home/c1ph3r/ros2_ws/install/my_cpp_package/share/my_cpp_package/hook/cmake_prefix_path.dsv'
[12.295s] INFO:colcon.colcon_core.shell:Creating environment hook '/home/c1ph3r/ros2_ws/install/my_cpp_package/share/my_cpp_package/hook/cmake_prefix_path.sh'
[12.296s] Level 1:colcon.colcon_core.environment:checking '/home/c1ph3r/ros2_ws/install/my_cpp_package/lib'
[12.296s] Level 1:colcon.colcon_core.environment:checking '/home/c1ph3r/ros2_ws/install/my_cpp_package/bin'
[12.296s] Level 1:colcon.colcon_core.environment:checking '/home/c1ph3r/ros2_ws/install/my_cpp_package/lib/pkgconfig/my_cpp_package.pc'
[12.296s] Level 1:colcon.colcon_core.environment:checking '/home/c1ph3r/ros2_ws/install/my_cpp_package/lib/python3.10/site-packages'
[12.296s] Level 1:colcon.colcon_core.environment:checking '/home/c1ph3r/ros2_ws/install/my_cpp_package/bin'
[12.298s] INFO:colcon.colcon_core.shell:Creating package script '/home/c1ph3r/ros2_ws/install/my_cpp_package/share/my_cpp_package/package.ps1'
[12.299s] INFO:colcon.colcon_core.shell:Creating package descriptor '/home/c1ph3r/ros2_ws/install/my_cpp_package/share/my_cpp_package/package.dsv'
[12.299s] INFO:colcon.colcon_core.shell:Creating package script '/home/c1ph3r/ros2_ws/install/my_cpp_package/share/my_cpp_package/package.sh'
[12.299s] INFO:colcon.colcon_core.shell:Creating package script '/home/c1ph3r/ros2_ws/install/my_cpp_package/share/my_cpp_package/package.bash'
[12.300s] INFO:colcon.colcon_core.shell:Creating package script '/home/c1ph3r/ros2_ws/install/my_cpp_package/share/my_cpp_package/package.zsh'
[12.300s] Level 1:colcon.colcon_core.environment:create_file_with_runtime_dependencies(/home/c1ph3r/ros2_ws/install/my_cpp_package/share/colcon-core/packages/my_cpp_package)
[12.300s] DEBUG:colcon.colcon_parallel_executor.executor.parallel:closing loop
[12.301s] DEBUG:colcon.colcon_parallel_executor.executor.parallel:loop closed
[12.301s] DEBUG:colcon.colcon_parallel_executor.executor.parallel:run_until_complete finished with '0'
[12.301s] DEBUG:colcon.colcon_core.event_reactor:joining thread
[12.312s] INFO:colcon.colcon_core.plugin_system:Skipping extension 'colcon_notification.desktop_notification.terminal_notifier': Not used on non-Darwin systems
[12.313s] INFO:colcon.colcon_core.plugin_system:Skipping extension 'colcon_notification.desktop_notification.win32': Not used on non-Windows systems
[12.313s] INFO:colcon.colcon_notification.desktop_notification:Sending desktop notification using 'notify2'
[12.335s] DEBUG:colcon.colcon_core.event_reactor:joined thread
[12.337s] INFO:colcon.colcon_core.shell:Creating prefix script '/home/c1ph3r/ros2_ws/install/local_setup.ps1'
[12.338s] INFO:colcon.colcon_core.shell:Creating prefix util module '/home/c1ph3r/ros2_ws/install/_local_setup_util_ps1.py'
[12.340s] INFO:colcon.colcon_core.shell:Creating prefix chain script '/home/c1ph3r/ros2_ws/install/setup.ps1'
[12.343s] INFO:colcon.colcon_core.shell:Creating prefix script '/home/c1ph3r/ros2_ws/install/local_setup.sh'
[12.344s] INFO:colcon.colcon_core.shell:Creating prefix util module '/home/c1ph3r/ros2_ws/install/_local_setup_util_sh.py'
[12.344s] INFO:colcon.colcon_core.shell:Creating prefix chain script '/home/c1ph3r/ros2_ws/install/setup.sh'
[12.345s] INFO:colcon.colcon_core.shell:Creating prefix script '/home/c1ph3r/ros2_ws/install/local_setup.bash'
[12.346s] INFO:colcon.colcon_core.shell:Creating prefix chain script '/home/c1ph3r/ros2_ws/install/setup.bash'
[12.347s] INFO:colcon.colcon_core.shell:Creating prefix script '/home/c1ph3r/ros2_ws/install/local_setup.zsh'
[12.348s] INFO:colcon.colcon_core.shell:Creating prefix chain script '/home/c1ph3r/ros2_ws/install/setup.zsh'
