[1.160s] Invoking command in '/home/c1ph3r/ros2_ws/build/turtle_catch_them_all': CMAKE_PREFIX_PATH=/home/c1ph3r/ros2_ws/install/my_robot_interfaces:/home/c1ph3r/ros2_ws/install/my_robot_bringup:/home/c1ph3r/ros2_ws/install/my_cpp_package PYTHONPATH=/home/c1ph3r/ros2_ws/build/turtle_catch_them_all/prefix_override:/home/c1ph3r/ros2_ws/install/turtle_catch_them_all/lib/python3.10/site-packages:${PYTHONPATH} /usr/bin/python3 setup.py develop --uninstall --editable --build-directory /home/c1ph3r/ros2_ws/build/turtle_catch_them_all/build
[1.486s] running develop
[1.676s] Removing /home/c1ph3r/ros2_ws/install/turtle_catch_them_all/lib/python3.10/site-packages/turtle-catch-them-all.egg-link (link to .)
[1.723s] Invoked command in '/home/c1ph3r/ros2_ws/build/turtle_catch_them_all' returned '0': CMAKE_PREFIX_PATH=/home/c1ph3r/ros2_ws/install/my_robot_interfaces:/home/c1ph3r/ros2_ws/install/my_robot_bringup:/home/c1ph3r/ros2_ws/install/my_cpp_package PYTHONPATH=/home/c1ph3r/ros2_ws/build/turtle_catch_them_all/prefix_override:/home/c1ph3r/ros2_ws/install/turtle_catch_them_all/lib/python3.10/site-packages:${PYTHONPATH} /usr/bin/python3 setup.py develop --uninstall --editable --build-directory /home/c1ph3r/ros2_ws/build/turtle_catch_them_all/build
[1.725s] Invoking command in '/home/c1ph3r/ros2_ws/src/turtle_catch_them_all': CMAKE_PREFIX_PATH=/home/c1ph3r/ros2_ws/install/my_robot_interfaces:/home/c1ph3r/ros2_ws/install/my_robot_bringup:/home/c1ph3r/ros2_ws/install/my_cpp_package PYTHONPATH=/home/c1ph3r/ros2_ws/build/turtle_catch_them_all/prefix_override:/home/c1ph3r/ros2_ws/install/turtle_catch_them_all/lib/python3.10/site-packages:${PYTHONPATH} /usr/bin/python3 setup.py egg_info --egg-base ../../build/turtle_catch_them_all build --build-base /home/c1ph3r/ros2_ws/build/turtle_catch_them_all/build install --record /home/c1ph3r/ros2_ws/build/turtle_catch_them_all/install.log --single-version-externally-managed
[1.992s] running egg_info
[1.993s] writing ../../build/turtle_catch_them_all/turtle_catch_them_all.egg-info/PKG-INFO
[1.993s] writing dependency_links to ../../build/turtle_catch_them_all/turtle_catch_them_all.egg-info/dependency_links.txt
[1.993s] writing entry points to ../../build/turtle_catch_them_all/turtle_catch_them_all.egg-info/entry_points.txt
[1.993s] writing requirements to ../../build/turtle_catch_them_all/turtle_catch_them_all.egg-info/requires.txt
[1.994s] writing top-level names to ../../build/turtle_catch_them_all/turtle_catch_them_all.egg-info/top_level.txt
[1.995s] reading manifest file '../../build/turtle_catch_them_all/turtle_catch_them_all.egg-info/SOURCES.txt'
[1.998s] writing manifest file '../../build/turtle_catch_them_all/turtle_catch_them_all.egg-info/SOURCES.txt'
[1.998s] running build
[1.998s] running build_py
[1.998s] copying turtle_catch_them_all/turtle_controller.py -> /home/c1ph3r/ros2_ws/build/turtle_catch_them_all/build/lib/turtle_catch_them_all
[1.999s] copying turtle_catch_them_all/turtle_spawner.py -> /home/c1ph3r/ros2_ws/build/turtle_catch_them_all/build/lib/turtle_catch_them_all
[1.999s] running install
[1.999s] running install_lib
[1.999s] creating /home/c1ph3r/ros2_ws/install/turtle_catch_them_all/lib/python3.10/site-packages/turtle_catch_them_all
[2.000s] copying /home/c1ph3r/ros2_ws/build/turtle_catch_them_all/build/lib/turtle_catch_them_all/turtle_controller.py -> /home/c1ph3r/ros2_ws/install/turtle_catch_them_all/lib/python3.10/site-packages/turtle_catch_them_all
[2.000s] copying /home/c1ph3r/ros2_ws/build/turtle_catch_them_all/build/lib/turtle_catch_them_all/__init__.py -> /home/c1ph3r/ros2_ws/install/turtle_catch_them_all/lib/python3.10/site-packages/turtle_catch_them_all
[2.000s] copying /home/c1ph3r/ros2_ws/build/turtle_catch_them_all/build/lib/turtle_catch_them_all/turtle_spawner.py -> /home/c1ph3r/ros2_ws/install/turtle_catch_them_all/lib/python3.10/site-packages/turtle_catch_them_all
[2.000s] byte-compiling /home/c1ph3r/ros2_ws/install/turtle_catch_them_all/lib/python3.10/site-packages/turtle_catch_them_all/turtle_controller.py to turtle_controller.cpython-310.pyc
[2.001s] byte-compiling /home/c1ph3r/ros2_ws/install/turtle_catch_them_all/lib/python3.10/site-packages/turtle_catch_them_all/__init__.py to __init__.cpython-310.pyc
[2.001s] byte-compiling /home/c1ph3r/ros2_ws/install/turtle_catch_them_all/lib/python3.10/site-packages/turtle_catch_them_all/turtle_spawner.py to turtle_spawner.cpython-310.pyc
[2.002s] running install_data
[2.003s] running install_egg_info
[2.005s] Copying ../../build/turtle_catch_them_all/turtle_catch_them_all.egg-info to /home/c1ph3r/ros2_ws/install/turtle_catch_them_all/lib/python3.10/site-packages/turtle_catch_them_all-0.0.0-py3.10.egg-info
[2.006s] running install_scripts
[2.025s] Installing turtle_controller script to /home/c1ph3r/ros2_ws/install/turtle_catch_them_all/lib/turtle_catch_them_all
[2.025s] Installing turtle_spawner script to /home/c1ph3r/ros2_ws/install/turtle_catch_them_all/lib/turtle_catch_them_all
[2.026s] writing list of installed files to '/home/c1ph3r/ros2_ws/build/turtle_catch_them_all/install.log'
[2.068s] Invoked command in '/home/c1ph3r/ros2_ws/src/turtle_catch_them_all' returned '0': CMAKE_PREFIX_PATH=/home/c1ph3r/ros2_ws/install/my_robot_interfaces:/home/c1ph3r/ros2_ws/install/my_robot_bringup:/home/c1ph3r/ros2_ws/install/my_cpp_package PYTHONPATH=/home/c1ph3r/ros2_ws/build/turtle_catch_them_all/prefix_override:/home/c1ph3r/ros2_ws/install/turtle_catch_them_all/lib/python3.10/site-packages:${PYTHONPATH} /usr/bin/python3 setup.py egg_info --egg-base ../../build/turtle_catch_them_all build --build-base /home/c1ph3r/ros2_ws/build/turtle_catch_them_all/build install --record /home/c1ph3r/ros2_ws/build/turtle_catch_them_all/install.log --single-version-externally-managed
