[0.025s] Invoking command in '/home/c1ph3r/ros2_ws/build/my_cpp_package': CMAKE_PREFIX_PATH=/home/c1ph3r/ros2_ws/install/my_python_package:/opt/ros/humble /usr/bin/cmake /home/c1ph3r/ros2_ws/src/my_cpp_package -DCMAKE_INSTALL_PREFIX=/home/c1ph3r/ros2_ws/install/my_cpp_package
[0.139s] -- The C compiler identification is GNU 11.3.0
[0.222s] -- The CXX compiler identification is GNU 11.3.0
[0.236s] -- Detecting C compiler ABI info
[0.311s] -- Detecting C compiler ABI info - done
[0.321s] -- Check for working C compiler: /usr/bin/cc - skipped
[0.322s] -- Detecting C compile features
[0.323s] -- Detecting C compile features - done
[0.330s] -- Detecting CXX compiler ABI info
[0.421s] -- Detecting CXX compiler ABI info - done
[0.431s] -- Check for working CXX compiler: /usr/bin/c++ - skipped
[0.431s] -- Detecting CXX compile features
[0.432s] -- Detecting CXX compile features - done
[0.437s] -- Found ament_cmake: 1.3.4 (/opt/ros/humble/share/ament_cmake/cmake)
[0.655s] -- Found Python3: /usr/bin/python3.10 (found version "3.10.6") found components: Interpreter 
[0.773s] -- Found rclcpp: 16.0.4 (/opt/ros/humble/share/rclcpp/cmake)
[0.841s] -- Found rosidl_generator_c: 3.1.4 (/opt/ros/humble/share/rosidl_generator_c/cmake)
[0.848s] -- Found rosidl_adapter: 3.1.4 (/opt/ros/humble/share/rosidl_adapter/cmake)
[0.862s] -- Found rosidl_generator_cpp: 3.1.4 (/opt/ros/humble/share/rosidl_generator_cpp/cmake)
[0.883s] -- Using all available rosidl_typesupport_c: rosidl_typesupport_fastrtps_c;rosidl_typesupport_introspection_c
[0.914s] -- Using all available rosidl_typesupport_cpp: rosidl_typesupport_fastrtps_cpp;rosidl_typesupport_introspection_cpp
[1.013s] -- Found rmw_implementation_cmake: 6.1.1 (/opt/ros/humble/share/rmw_implementation_cmake/cmake)
[1.018s] -- Found rmw_fastrtps_cpp: 6.2.2 (/opt/ros/humble/share/rmw_fastrtps_cpp/cmake)
[1.152s] -- Found OpenSSL: /usr/lib/x86_64-linux-gnu/libcrypto.so (found version "3.0.2")  
[1.189s] -- Found FastRTPS: /opt/ros/humble/include  
[1.245s] -- Using RMW implementation 'rmw_fastrtps_cpp' as default
[1.260s] -- Looking for pthread.h
[1.368s] -- Looking for pthread.h - found
[1.369s] -- Performing Test CMAKE_HAVE_LIBC_PTHREAD
[1.470s] -- Performing Test CMAKE_HAVE_LIBC_PTHREAD - Success
[1.471s] -- Found Threads: TRUE  
[1.714s] -- Found ament_lint_auto: 0.12.6 (/opt/ros/humble/share/ament_lint_auto/cmake)
[1.814s] -- Added test 'lint_cmake' to check CMake code style
[1.815s] -- Added test 'xmllint' to check XML markup files
[1.817s] -- Configuring done
[1.822s] -- Generating done
[1.824s] -- Build files have been written to: /home/c1ph3r/ros2_ws/build/my_cpp_package
[1.836s] Invoked command in '/home/c1ph3r/ros2_ws/build/my_cpp_package' returned '0': CMAKE_PREFIX_PATH=/home/c1ph3r/ros2_ws/install/my_python_package:/opt/ros/humble /usr/bin/cmake /home/c1ph3r/ros2_ws/src/my_cpp_package -DCMAKE_INSTALL_PREFIX=/home/c1ph3r/ros2_ws/install/my_cpp_package
[1.838s] Invoking command in '/home/c1ph3r/ros2_ws/build/my_cpp_package': CMAKE_PREFIX_PATH=/home/c1ph3r/ros2_ws/install/my_python_package:/opt/ros/humble /usr/bin/cmake --build /home/c1ph3r/ros2_ws/build/my_cpp_package -- -j8 -l8
[1.878s] Invoked command in '/home/c1ph3r/ros2_ws/build/my_cpp_package' returned '0': CMAKE_PREFIX_PATH=/home/c1ph3r/ros2_ws/install/my_python_package:/opt/ros/humble /usr/bin/cmake --build /home/c1ph3r/ros2_ws/build/my_cpp_package -- -j8 -l8
[1.921s] Invoking command in '/home/c1ph3r/ros2_ws/build/my_cpp_package': CMAKE_PREFIX_PATH=/home/c1ph3r/ros2_ws/install/my_python_package:/opt/ros/humble /usr/bin/cmake --install /home/c1ph3r/ros2_ws/build/my_cpp_package
[1.928s] -- Install configuration: ""
[1.928s] -- Installing: /home/c1ph3r/ros2_ws/install/my_cpp_package/share/ament_index/resource_index/package_run_dependencies/my_cpp_package
[1.928s] -- Installing: /home/c1ph3r/ros2_ws/install/my_cpp_package/share/ament_index/resource_index/parent_prefix_path/my_cpp_package
[1.929s] -- Installing: /home/c1ph3r/ros2_ws/install/my_cpp_package/share/my_cpp_package/environment/ament_prefix_path.sh
[1.929s] -- Installing: /home/c1ph3r/ros2_ws/install/my_cpp_package/share/my_cpp_package/environment/ament_prefix_path.dsv
[1.929s] -- Installing: /home/c1ph3r/ros2_ws/install/my_cpp_package/share/my_cpp_package/environment/path.sh
[1.930s] -- Installing: /home/c1ph3r/ros2_ws/install/my_cpp_package/share/my_cpp_package/environment/path.dsv
[1.930s] -- Installing: /home/c1ph3r/ros2_ws/install/my_cpp_package/share/my_cpp_package/local_setup.bash
[1.930s] -- Installing: /home/c1ph3r/ros2_ws/install/my_cpp_package/share/my_cpp_package/local_setup.sh
[1.931s] -- Installing: /home/c1ph3r/ros2_ws/install/my_cpp_package/share/my_cpp_package/local_setup.zsh
[1.931s] -- Installing: /home/c1ph3r/ros2_ws/install/my_cpp_package/share/my_cpp_package/local_setup.dsv
[1.931s] -- Installing: /home/c1ph3r/ros2_ws/install/my_cpp_package/share/my_cpp_package/package.dsv
[1.932s] -- Installing: /home/c1ph3r/ros2_ws/install/my_cpp_package/share/ament_index/resource_index/packages/my_cpp_package
[1.936s] -- Installing: /home/c1ph3r/ros2_ws/install/my_cpp_package/share/my_cpp_package/cmake/my_cpp_packageConfig.cmake
[1.936s] -- Installing: /home/c1ph3r/ros2_ws/install/my_cpp_package/share/my_cpp_package/cmake/my_cpp_packageConfig-version.cmake
[1.936s] -- Installing: /home/c1ph3r/ros2_ws/install/my_cpp_package/share/my_cpp_package/package.xml
[1.936s] Invoked command in '/home/c1ph3r/ros2_ws/build/my_cpp_package' returned '0': CMAKE_PREFIX_PATH=/home/c1ph3r/ros2_ws/install/my_python_package:/opt/ros/humble /usr/bin/cmake --install /home/c1ph3r/ros2_ws/build/my_cpp_package
