[0.013s] Invoking command in '/home/c1ph3r/ros2_ws/build/my_robot_bringup': CMAKE_PREFIX_PATH=${CMAKE_PREFIX_PATH}:/home/c1ph3r/ros2_ws/install/turtle_catch_them_all:/home/c1ph3r/ros2_ws/install/my_python_package:/opt/ros/humble /usr/bin/cmake /home/c1ph3r/ros2_ws/src/my_robot_bringup -DCMAKE_INSTALL_PREFIX=/home/c1ph3r/ros2_ws/install/my_robot_bringup
[0.084s] -- The C compiler identification is GNU 11.4.0
[0.144s] -- The CXX compiler identification is GNU 11.4.0
[0.160s] -- Detecting C compiler ABI info
[0.270s] -- Detecting C compiler ABI info - done
[0.294s] -- Check for working C compiler: /usr/bin/cc - skipped
[0.295s] -- Detecting C compile features
[0.296s] -- Detecting C compile features - done
[0.305s] -- Detecting CXX compiler ABI info
[0.424s] -- Detecting CXX compiler ABI info - done
[0.434s] -- Check for working CXX compiler: /usr/bin/c++ - skipped
[0.434s] -- Detecting CXX compile features
[0.434s] -- Detecting CXX compile features - done
[0.437s] -- Found ament_cmake: 1.3.5 (/opt/ros/humble/share/ament_cmake/cmake)
[0.650s] -- Found Python3: /usr/bin/python3.10 (found version "3.10.12") found components: Interpreter 
[0.849s] -- Configuring done
[0.856s] -- Generating done
[0.859s] -- Build files have been written to: /home/c1ph3r/ros2_ws/build/my_robot_bringup
[0.868s] Invoked command in '/home/c1ph3r/ros2_ws/build/my_robot_bringup' returned '0': CMAKE_PREFIX_PATH=${CMAKE_PREFIX_PATH}:/home/c1ph3r/ros2_ws/install/turtle_catch_them_all:/home/c1ph3r/ros2_ws/install/my_python_package:/opt/ros/humble /usr/bin/cmake /home/c1ph3r/ros2_ws/src/my_robot_bringup -DCMAKE_INSTALL_PREFIX=/home/c1ph3r/ros2_ws/install/my_robot_bringup
[0.871s] Invoking command in '/home/c1ph3r/ros2_ws/build/my_robot_bringup': CMAKE_PREFIX_PATH=${CMAKE_PREFIX_PATH}:/home/c1ph3r/ros2_ws/install/turtle_catch_them_all:/home/c1ph3r/ros2_ws/install/my_python_package:/opt/ros/humble /usr/bin/cmake --build /home/c1ph3r/ros2_ws/build/my_robot_bringup -- -j8 -l8
[0.942s] Invoked command in '/home/c1ph3r/ros2_ws/build/my_robot_bringup' returned '0': CMAKE_PREFIX_PATH=${CMAKE_PREFIX_PATH}:/home/c1ph3r/ros2_ws/install/turtle_catch_them_all:/home/c1ph3r/ros2_ws/install/my_python_package:/opt/ros/humble /usr/bin/cmake --build /home/c1ph3r/ros2_ws/build/my_robot_bringup -- -j8 -l8
[0.985s] Invoking command in '/home/c1ph3r/ros2_ws/build/my_robot_bringup': CMAKE_PREFIX_PATH=${CMAKE_PREFIX_PATH}:/home/c1ph3r/ros2_ws/install/turtle_catch_them_all:/home/c1ph3r/ros2_ws/install/my_python_package:/opt/ros/humble /usr/bin/cmake --install /home/c1ph3r/ros2_ws/build/my_robot_bringup
[0.993s] -- Install configuration: ""
[0.994s] -- Installing: /home/c1ph3r/ros2_ws/install/my_robot_bringup/share/my_robot_bringup/launch
[0.994s] -- Installing: /home/c1ph3r/ros2_ws/install/my_robot_bringup/share/my_robot_bringup/launch/radio.launch.py
[0.994s] -- Installing: /home/c1ph3r/ros2_ws/install/my_robot_bringup/share/my_robot_bringup/launch/number_app.launch.py
[0.994s] -- Installing: /home/c1ph3r/ros2_ws/install/my_robot_bringup/share/ament_index/resource_index/package_run_dependencies/my_robot_bringup
[0.994s] -- Installing: /home/c1ph3r/ros2_ws/install/my_robot_bringup/share/ament_index/resource_index/parent_prefix_path/my_robot_bringup
[0.995s] -- Installing: /home/c1ph3r/ros2_ws/install/my_robot_bringup/share/my_robot_bringup/environment/ament_prefix_path.sh
[0.995s] -- Installing: /home/c1ph3r/ros2_ws/install/my_robot_bringup/share/my_robot_bringup/environment/ament_prefix_path.dsv
[0.995s] -- Installing: /home/c1ph3r/ros2_ws/install/my_robot_bringup/share/my_robot_bringup/environment/path.sh
[0.995s] -- Installing: /home/c1ph3r/ros2_ws/install/my_robot_bringup/share/my_robot_bringup/environment/path.dsv
[0.995s] -- Installing: /home/c1ph3r/ros2_ws/install/my_robot_bringup/share/my_robot_bringup/local_setup.bash
[0.996s] -- Installing: /home/c1ph3r/ros2_ws/install/my_robot_bringup/share/my_robot_bringup/local_setup.sh
[0.996s] -- Installing: /home/c1ph3r/ros2_ws/install/my_robot_bringup/share/my_robot_bringup/local_setup.zsh
[0.996s] -- Installing: /home/c1ph3r/ros2_ws/install/my_robot_bringup/share/my_robot_bringup/local_setup.dsv
[0.996s] -- Installing: /home/c1ph3r/ros2_ws/install/my_robot_bringup/share/my_robot_bringup/package.dsv
[0.996s] -- Installing: /home/c1ph3r/ros2_ws/install/my_robot_bringup/share/ament_index/resource_index/packages/my_robot_bringup
[0.996s] -- Installing: /home/c1ph3r/ros2_ws/install/my_robot_bringup/share/my_robot_bringup/cmake/my_robot_bringupConfig.cmake
[0.996s] -- Installing: /home/c1ph3r/ros2_ws/install/my_robot_bringup/share/my_robot_bringup/cmake/my_robot_bringupConfig-version.cmake
[0.997s] -- Installing: /home/c1ph3r/ros2_ws/install/my_robot_bringup/share/my_robot_bringup/package.xml
[0.998s] Invoked command in '/home/c1ph3r/ros2_ws/build/my_robot_bringup' returned '0': CMAKE_PREFIX_PATH=${CMAKE_PREFIX_PATH}:/home/c1ph3r/ros2_ws/install/turtle_catch_them_all:/home/c1ph3r/ros2_ws/install/my_python_package:/opt/ros/humble /usr/bin/cmake --install /home/c1ph3r/ros2_ws/build/my_robot_bringup
