[0.042s] Invoking command in '/home/c1ph3r/ros2_ws/build/my_cpp_package': CMAKE_PREFIX_PATH=${CMAKE_PREFIX_PATH}:/home/c1ph3r/ros2_ws/install/my_python_package:/opt/ros/humble /usr/bin/cmake /home/c1ph3r/ros2_ws/src/my_cpp_package -DCMAKE_INSTALL_PREFIX=/home/c1ph3r/ros2_ws/install/my_cpp_package
[0.430s] -- Found ament_cmake: 1.3.4 (/opt/ros/humble/share/ament_cmake/cmake)
[0.430s] -- Override CMake install command with custom implementation using symlinks instead of copying resources
[0.431s] -- Found rclcpp: 16.0.4 (/opt/ros/humble/share/rclcpp/cmake)
[0.431s] -- Found rosidl_generator_c: 3.1.4 (/opt/ros/humble/share/rosidl_generator_c/cmake)
[0.432s] -- Found rosidl_adapter: 3.1.4 (/opt/ros/humble/share/rosidl_adapter/cmake)
[0.433s] -- Found rosidl_generator_cpp: 3.1.4 (/opt/ros/humble/share/rosidl_generator_cpp/cmake)
[0.433s] -- Using all available rosidl_typesupport_c: rosidl_typesupport_fastrtps_c;rosidl_typesupport_introspection_c
[0.434s] -- Using all available rosidl_typesupport_cpp: rosidl_typesupport_fastrtps_cpp;rosidl_typesupport_introspection_cpp
[0.515s] -- Found rmw_implementation_cmake: 6.1.1 (/opt/ros/humble/share/rmw_implementation_cmake/cmake)
[0.519s] -- Found rmw_fastrtps_cpp: 6.2.2 (/opt/ros/humble/share/rmw_fastrtps_cpp/cmake)
[0.715s] -- Using RMW implementation 'rmw_fastrtps_cpp' as default
[0.983s] -- Found rclcpp_components: 16.0.4 (/opt/ros/humble/share/rclcpp_components/cmake)
[1.071s] -- Found example_interfaces: 0.9.3 (/opt/ros/humble/share/example_interfaces/cmake)
[1.382s] -- Configuring done
[1.419s] -- Generating done
[1.422s] -- Build files have been written to: /home/c1ph3r/ros2_ws/build/my_cpp_package
[1.432s] Invoked command in '/home/c1ph3r/ros2_ws/build/my_cpp_package' returned '0': CMAKE_PREFIX_PATH=${CMAKE_PREFIX_PATH}:/home/c1ph3r/ros2_ws/install/my_python_package:/opt/ros/humble /usr/bin/cmake /home/c1ph3r/ros2_ws/src/my_cpp_package -DCMAKE_INSTALL_PREFIX=/home/c1ph3r/ros2_ws/install/my_cpp_package
[1.435s] Invoking command in '/home/c1ph3r/ros2_ws/build/my_cpp_package': CMAKE_PREFIX_PATH=${CMAKE_PREFIX_PATH}:/home/c1ph3r/ros2_ws/install/my_python_package:/opt/ros/humble /usr/bin/cmake --build /home/c1ph3r/ros2_ws/build/my_cpp_package -- -j8 -l8
[1.477s] [35m[1mConsolidate compiler generated dependencies of target cpp_node[0m
[1.477s] [35m[1mConsolidate compiler generated dependencies of target add_two_ints_client[0m
[1.477s] [35m[1mConsolidate compiler generated dependencies of target robot_news_station[0m
[1.478s] [35m[1mConsolidate compiler generated dependencies of target smartphone[0m
[1.478s] [35m[1mConsolidate compiler generated dependencies of target add_two_ints_server[0m
[1.478s] [35m[1mConsolidate compiler generated dependencies of target add_two_ints_client_oops[0m
[1.501s] [ 41%] Built target smartphone
[1.501s] [ 41%] Built target cpp_node
[1.501s] [ 58%] Built target robot_news_station
[1.501s] [ 66%] Built target add_two_ints_client
[1.502s] [ 83%] Built target add_two_ints_client_oops
[1.510s] [100%] Built target add_two_ints_server
[1.522s] Invoked command in '/home/c1ph3r/ros2_ws/build/my_cpp_package' returned '0': CMAKE_PREFIX_PATH=${CMAKE_PREFIX_PATH}:/home/c1ph3r/ros2_ws/install/my_python_package:/opt/ros/humble /usr/bin/cmake --build /home/c1ph3r/ros2_ws/build/my_cpp_package -- -j8 -l8
[1.573s] Invoking command in '/home/c1ph3r/ros2_ws/build/my_cpp_package': CMAKE_PREFIX_PATH=${CMAKE_PREFIX_PATH}:/home/c1ph3r/ros2_ws/install/my_python_package:/opt/ros/humble /usr/bin/cmake --install /home/c1ph3r/ros2_ws/build/my_cpp_package
[1.581s] -- Install configuration: ""
[1.582s] -- Execute custom install script
[1.582s] -- Up-to-date symlink: /home/c1ph3r/ros2_ws/install/my_cpp_package/lib/my_cpp_package/cpp_node
[1.582s] -- Up-to-date symlink: /home/c1ph3r/ros2_ws/install/my_cpp_package/lib/my_cpp_package/robot_news_station
[1.583s] -- Up-to-date symlink: /home/c1ph3r/ros2_ws/install/my_cpp_package/lib/my_cpp_package/smartphone
[1.583s] -- Up-to-date symlink: /home/c1ph3r/ros2_ws/install/my_cpp_package/lib/my_cpp_package/add_two_ints_server
[1.583s] -- Up-to-date symlink: /home/c1ph3r/ros2_ws/install/my_cpp_package/lib/my_cpp_package/add_two_ints_client
[1.584s] -- Up-to-date symlink: /home/c1ph3r/ros2_ws/install/my_cpp_package/lib/my_cpp_package/add_two_ints_client_oops
[1.584s] -- Up-to-date symlink: /home/c1ph3r/ros2_ws/install/my_cpp_package/share/ament_index/resource_index/package_run_dependencies/my_cpp_package
[1.584s] -- Up-to-date symlink: /home/c1ph3r/ros2_ws/install/my_cpp_package/share/ament_index/resource_index/parent_prefix_path/my_cpp_package
[1.585s] -- Up-to-date symlink: /home/c1ph3r/ros2_ws/install/my_cpp_package/share/my_cpp_package/environment/ament_prefix_path.sh
[1.585s] -- Up-to-date symlink: /home/c1ph3r/ros2_ws/install/my_cpp_package/share/my_cpp_package/environment/ament_prefix_path.dsv
[1.585s] -- Up-to-date symlink: /home/c1ph3r/ros2_ws/install/my_cpp_package/share/my_cpp_package/environment/path.sh
[1.585s] -- Up-to-date symlink: /home/c1ph3r/ros2_ws/install/my_cpp_package/share/my_cpp_package/environment/path.dsv
[1.586s] -- Up-to-date symlink: /home/c1ph3r/ros2_ws/install/my_cpp_package/share/my_cpp_package/local_setup.bash
[1.586s] -- Up-to-date symlink: /home/c1ph3r/ros2_ws/install/my_cpp_package/share/my_cpp_package/local_setup.sh
[1.586s] -- Up-to-date symlink: /home/c1ph3r/ros2_ws/install/my_cpp_package/share/my_cpp_package/local_setup.zsh
[1.586s] -- Up-to-date symlink: /home/c1ph3r/ros2_ws/install/my_cpp_package/share/my_cpp_package/local_setup.dsv
[1.586s] -- Symlinking: /home/c1ph3r/ros2_ws/install/my_cpp_package/share/my_cpp_package/package.dsv
[1.596s] -- Up-to-date symlink: /home/c1ph3r/ros2_ws/install/my_cpp_package/share/ament_index/resource_index/packages/my_cpp_package
[1.597s] -- Up-to-date symlink: /home/c1ph3r/ros2_ws/install/my_cpp_package/share/my_cpp_package/cmake/my_cpp_packageConfig.cmake
[1.597s] -- Up-to-date symlink: /home/c1ph3r/ros2_ws/install/my_cpp_package/share/my_cpp_package/cmake/my_cpp_packageConfig-version.cmake
[1.597s] -- Up-to-date symlink: /home/c1ph3r/ros2_ws/install/my_cpp_package/share/my_cpp_package/package.xml
[1.600s] Invoked command in '/home/c1ph3r/ros2_ws/build/my_cpp_package' returned '0': CMAKE_PREFIX_PATH=${CMAKE_PREFIX_PATH}:/home/c1ph3r/ros2_ws/install/my_python_package:/opt/ros/humble /usr/bin/cmake --install /home/c1ph3r/ros2_ws/build/my_cpp_package
