[0.738s] Invoking command in '/home/c1ph3r/ros2_ws/build/my_python_package': PYTHONPATH=/home/c1ph3r/ros2_ws/build/my_python_package/prefix_override:/home/c1ph3r/ros2_ws/install/my_python_package/lib/python3.10/site-packages:${PYTHONPATH} /usr/bin/python3 setup.py develop --uninstall --editable --build-directory /home/c1ph3r/ros2_ws/build/my_python_package/build
[1.058s] running develop
[1.241s] Removing /home/c1ph3r/ros2_ws/install/my_python_package/lib/python3.10/site-packages/my-python-package.egg-link (link to .)
[1.289s] Invoked command in '/home/c1ph3r/ros2_ws/build/my_python_package' returned '0': PYTHONPATH=/home/c1ph3r/ros2_ws/build/my_python_package/prefix_override:/home/c1ph3r/ros2_ws/install/my_python_package/lib/python3.10/site-packages:${PYTHONPATH} /usr/bin/python3 setup.py develop --uninstall --editable --build-directory /home/c1ph3r/ros2_ws/build/my_python_package/build
[1.291s] Invoking command in '/home/c1ph3r/ros2_ws/src/my_python_package': PYTHONPATH=/home/c1ph3r/ros2_ws/build/my_python_package/prefix_override:/home/c1ph3r/ros2_ws/install/my_python_package/lib/python3.10/site-packages:${PYTHONPATH} /usr/bin/python3 setup.py egg_info --egg-base ../../build/my_python_package build --build-base /home/c1ph3r/ros2_ws/build/my_python_package/build install --record /home/c1ph3r/ros2_ws/build/my_python_package/install.log --single-version-externally-managed
[1.588s] running egg_info
[1.589s] writing ../../build/my_python_package/my_python_package.egg-info/PKG-INFO
[1.590s] writing dependency_links to ../../build/my_python_package/my_python_package.egg-info/dependency_links.txt
[1.590s] writing entry points to ../../build/my_python_package/my_python_package.egg-info/entry_points.txt
[1.590s] writing requirements to ../../build/my_python_package/my_python_package.egg-info/requires.txt
[1.590s] writing top-level names to ../../build/my_python_package/my_python_package.egg-info/top_level.txt
[1.592s] reading manifest file '../../build/my_python_package/my_python_package.egg-info/SOURCES.txt'
[1.593s] writing manifest file '../../build/my_python_package/my_python_package.egg-info/SOURCES.txt'
[1.594s] running build
[1.594s] running build_py
[1.594s] copying my_python_package/robot_news_station.py -> /home/c1ph3r/ros2_ws/build/my_python_package/build/lib/my_python_package
[1.594s] copying my_python_package/radha_krishna.py -> /home/c1ph3r/ros2_ws/build/my_python_package/build/lib/my_python_package
[1.594s] copying my_python_package/oops_template.py -> /home/c1ph3r/ros2_ws/build/my_python_package/build/lib/my_python_package
[1.595s] copying my_python_package/smartphone.py -> /home/c1ph3r/ros2_ws/build/my_python_package/build/lib/my_python_package
[1.595s] copying my_python_package/face_recognition.py -> /home/c1ph3r/ros2_ws/build/my_python_package/build/lib/my_python_package
[1.595s] running install
[1.595s] running install_lib
[1.596s] creating /home/c1ph3r/ros2_ws/install/my_python_package/lib/python3.10/site-packages/my_python_package
[1.597s] copying /home/c1ph3r/ros2_ws/build/my_python_package/build/lib/my_python_package/__init__.py -> /home/c1ph3r/ros2_ws/install/my_python_package/lib/python3.10/site-packages/my_python_package
[1.597s] copying /home/c1ph3r/ros2_ws/build/my_python_package/build/lib/my_python_package/robot_news_station.py -> /home/c1ph3r/ros2_ws/install/my_python_package/lib/python3.10/site-packages/my_python_package
[1.598s] copying /home/c1ph3r/ros2_ws/build/my_python_package/build/lib/my_python_package/my_first_node.py -> /home/c1ph3r/ros2_ws/install/my_python_package/lib/python3.10/site-packages/my_python_package
[1.598s] copying /home/c1ph3r/ros2_ws/build/my_python_package/build/lib/my_python_package/radha_krishna.py -> /home/c1ph3r/ros2_ws/install/my_python_package/lib/python3.10/site-packages/my_python_package
[1.598s] copying /home/c1ph3r/ros2_ws/build/my_python_package/build/lib/my_python_package/oops_template.py -> /home/c1ph3r/ros2_ws/install/my_python_package/lib/python3.10/site-packages/my_python_package
[1.598s] copying /home/c1ph3r/ros2_ws/build/my_python_package/build/lib/my_python_package/smartphone.py -> /home/c1ph3r/ros2_ws/install/my_python_package/lib/python3.10/site-packages/my_python_package
[1.598s] copying /home/c1ph3r/ros2_ws/build/my_python_package/build/lib/my_python_package/face_recognition.py -> /home/c1ph3r/ros2_ws/install/my_python_package/lib/python3.10/site-packages/my_python_package
[1.598s] copying /home/c1ph3r/ros2_ws/build/my_python_package/build/lib/my_python_package/my_first_node_oop.py -> /home/c1ph3r/ros2_ws/install/my_python_package/lib/python3.10/site-packages/my_python_package
[1.598s] byte-compiling /home/c1ph3r/ros2_ws/install/my_python_package/lib/python3.10/site-packages/my_python_package/__init__.py to __init__.cpython-310.pyc
[1.598s] byte-compiling /home/c1ph3r/ros2_ws/install/my_python_package/lib/python3.10/site-packages/my_python_package/robot_news_station.py to robot_news_station.cpython-310.pyc
[1.599s] byte-compiling /home/c1ph3r/ros2_ws/install/my_python_package/lib/python3.10/site-packages/my_python_package/my_first_node.py to my_first_node.cpython-310.pyc
[1.600s] byte-compiling /home/c1ph3r/ros2_ws/install/my_python_package/lib/python3.10/site-packages/my_python_package/radha_krishna.py to radha_krishna.cpython-310.pyc
[1.601s] byte-compiling /home/c1ph3r/ros2_ws/install/my_python_package/lib/python3.10/site-packages/my_python_package/oops_template.py to oops_template.cpython-310.pyc
[1.601s] byte-compiling /home/c1ph3r/ros2_ws/install/my_python_package/lib/python3.10/site-packages/my_python_package/smartphone.py to smartphone.cpython-310.pyc
[1.602s] byte-compiling /home/c1ph3r/ros2_ws/install/my_python_package/lib/python3.10/site-packages/my_python_package/face_recognition.py to face_recognition.cpython-310.pyc
[1.602s] byte-compiling /home/c1ph3r/ros2_ws/install/my_python_package/lib/python3.10/site-packages/my_python_package/my_first_node_oop.py to my_first_node_oop.cpython-310.pyc
[1.603s] running install_data
[1.604s] running install_egg_info
[1.606s] Copying ../../build/my_python_package/my_python_package.egg-info to /home/c1ph3r/ros2_ws/install/my_python_package/lib/python3.10/site-packages/my_python_package-0.0.0-py3.10.egg-info
[1.607s] running install_scripts
[1.629s] Installing py_node script to /home/c1ph3r/ros2_ws/install/my_python_package/lib/my_python_package
[1.629s] Installing py_node_oop script to /home/c1ph3r/ros2_ws/install/my_python_package/lib/my_python_package
[1.629s] Installing robot_news_station script to /home/c1ph3r/ros2_ws/install/my_python_package/lib/my_python_package
[1.630s] Installing smartphone script to /home/c1ph3r/ros2_ws/install/my_python_package/lib/my_python_package
[1.630s] writing list of installed files to '/home/c1ph3r/ros2_ws/build/my_python_package/install.log'
[1.670s] Invoked command in '/home/c1ph3r/ros2_ws/src/my_python_package' returned '0': PYTHONPATH=/home/c1ph3r/ros2_ws/build/my_python_package/prefix_override:/home/c1ph3r/ros2_ws/install/my_python_package/lib/python3.10/site-packages:${PYTHONPATH} /usr/bin/python3 setup.py egg_info --egg-base ../../build/my_python_package build --build-base /home/c1ph3r/ros2_ws/build/my_python_package/build install --record /home/c1ph3r/ros2_ws/build/my_python_package/install.log --single-version-externally-managed
