[0.034s] Invoking command in '/home/c1ph3r/ros2_ws/build/my_cpp_package': CMAKE_PREFIX_PATH=/home/c1ph3r/ros2_ws/install/my_robot_interfaces:/home/c1ph3r/ros2_ws/install/my_cpp_package:/home/c1ph3r/ros2_ws/install/my_python_package:/opt/ros/humble /usr/bin/cmake --build /home/c1ph3r/ros2_ws/build/my_cpp_package -- -j8 -l8
[0.097s] [  9%] Built target cpp_node
[0.098s] [ 18%] Built target robot_news_station
[0.100s] [ 27%] Built target smartphone
[0.102s] [ 36%] Built target add_two_ints_server
[0.104s] [ 45%] Built target add_two_ints_client
[0.107s] [ 54%] Built target hardware_status_publisher
[0.109s] [ 63%] Built target add_two_ints_client_oops
[0.112s] [ 72%] Built target basic_pub
[0.116s] [35m[1mConsolidate compiler generated dependencies of target battery[0m
[0.125s] [ 81%] Built target basic_sub
[0.130s] [ 90%] Built target LED_panel
[0.135s] [ 95%] [32mBuilding CXX object CMakeFiles/battery.dir/src/battery.cpp.o[0m
[2.697s] [01m[K/home/c1ph3r/ros2_ws/src/my_cpp_package/src/battery.cpp:[m[K In member function ‘[01m[Kvoid BatteryNode::callSetLedService(int, int)[m[K’:
[2.697s] [01m[K/home/c1ph3r/ros2_ws/src/my_cpp_package/src/battery.cpp:32:18:[m[K [01;31m[Kerror: [m[K‘[01m[Kusing element_type = struct my_robot_interfaces::srv::SetLED_Request_<std::allocator<void> >[m[K’ {aka ‘[01m[Kstruct my_robot_interfaces::srv::SetLED_Request_<std::allocator<void> >[m[K’} has no member named ‘[01m[Kstate[m[K’; did you mean ‘[01m[Kstatus[m[K’?
[2.697s]    32 |         request->[01;31m[Kstate[m[K = state;
[2.697s]       |                  [01;31m[K^~~~~[m[K
[2.697s]       |                  [32m[Kstatus[m[K
[3.410s] gmake[2]: *** [CMakeFiles/battery.dir/build.make:76: CMakeFiles/battery.dir/src/battery.cpp.o] Error 1
[3.410s] gmake[1]: *** [CMakeFiles/Makefile2:417: CMakeFiles/battery.dir/all] Error 2
[3.411s] gmake: *** [Makefile:146: all] Error 2
[3.414s] Invoked command in '/home/c1ph3r/ros2_ws/build/my_cpp_package' returned '2': CMAKE_PREFIX_PATH=/home/c1ph3r/ros2_ws/install/my_robot_interfaces:/home/c1ph3r/ros2_ws/install/my_cpp_package:/home/c1ph3r/ros2_ws/install/my_python_package:/opt/ros/humble /usr/bin/cmake --build /home/c1ph3r/ros2_ws/build/my_cpp_package -- -j8 -l8
