[1.242s] Invoking command in '/home/c1ph3r/ros2_ws/build/turtle_catch_them_all': CMAKE_PREFIX_PATH=/home/c1ph3r/ros2_ws/install/my_robot_interfaces:/home/c1ph3r/ros2_ws/install/my_robot_bringup:/home/c1ph3r/ros2_ws/install/my_cpp_package PYTHONPATH=/home/c1ph3r/ros2_ws/build/turtle_catch_them_all/prefix_override:/home/c1ph3r/ros2_ws/install/turtle_catch_them_all/lib/python3.10/site-packages:${PYTHONPATH} /usr/bin/python3 setup.py develop --uninstall --editable --build-directory /home/c1ph3r/ros2_ws/build/turtle_catch_them_all/build
[1.565s] running develop
[1.819s] Invoked command in '/home/c1ph3r/ros2_ws/build/turtle_catch_them_all' returned '0': CMAKE_PREFIX_PATH=/home/c1ph3r/ros2_ws/install/my_robot_interfaces:/home/c1ph3r/ros2_ws/install/my_robot_bringup:/home/c1ph3r/ros2_ws/install/my_cpp_package PYTHONPATH=/home/c1ph3r/ros2_ws/build/turtle_catch_them_all/prefix_override:/home/c1ph3r/ros2_ws/install/turtle_catch_them_all/lib/python3.10/site-packages:${PYTHONPATH} /usr/bin/python3 setup.py develop --uninstall --editable --build-directory /home/c1ph3r/ros2_ws/build/turtle_catch_them_all/build
[1.822s] Invoking command in '/home/c1ph3r/ros2_ws/src/turtle_catch_them_all': CMAKE_PREFIX_PATH=/home/c1ph3r/ros2_ws/install/my_robot_interfaces:/home/c1ph3r/ros2_ws/install/my_robot_bringup:/home/c1ph3r/ros2_ws/install/my_cpp_package PYTHONPATH=/home/c1ph3r/ros2_ws/build/turtle_catch_them_all/prefix_override:/home/c1ph3r/ros2_ws/install/turtle_catch_them_all/lib/python3.10/site-packages:${PYTHONPATH} /usr/bin/python3 setup.py egg_info --egg-base ../../build/turtle_catch_them_all build --build-base /home/c1ph3r/ros2_ws/build/turtle_catch_them_all/build install --record /home/c1ph3r/ros2_ws/build/turtle_catch_them_all/install.log --single-version-externally-managed
[2.126s] running egg_info
[2.127s] writing ../../build/turtle_catch_them_all/turtle_catch_them_all.egg-info/PKG-INFO
[2.127s] writing dependency_links to ../../build/turtle_catch_them_all/turtle_catch_them_all.egg-info/dependency_links.txt
[2.127s] writing entry points to ../../build/turtle_catch_them_all/turtle_catch_them_all.egg-info/entry_points.txt
[2.128s] writing requirements to ../../build/turtle_catch_them_all/turtle_catch_them_all.egg-info/requires.txt
[2.128s] writing top-level names to ../../build/turtle_catch_them_all/turtle_catch_them_all.egg-info/top_level.txt
[2.129s] reading manifest file '../../build/turtle_catch_them_all/turtle_catch_them_all.egg-info/SOURCES.txt'
[2.130s] writing manifest file '../../build/turtle_catch_them_all/turtle_catch_them_all.egg-info/SOURCES.txt'
[2.131s] running build
[2.131s] running build_py
[2.131s] running install
[2.131s] running install_lib
[2.133s] running install_data
[2.133s] running install_egg_info
[2.135s] removing '/home/c1ph3r/ros2_ws/install/turtle_catch_them_all/lib/python3.10/site-packages/turtle_catch_them_all-0.0.0-py3.10.egg-info' (and everything under it)
[2.135s] Copying ../../build/turtle_catch_them_all/turtle_catch_them_all.egg-info to /home/c1ph3r/ros2_ws/install/turtle_catch_them_all/lib/python3.10/site-packages/turtle_catch_them_all-0.0.0-py3.10.egg-info
[2.136s] running install_scripts
[2.160s] Installing turtle_controller script to /home/c1ph3r/ros2_ws/install/turtle_catch_them_all/lib/turtle_catch_them_all
[2.160s] Installing turtle_spawner script to /home/c1ph3r/ros2_ws/install/turtle_catch_them_all/lib/turtle_catch_them_all
[2.160s] writing list of installed files to '/home/c1ph3r/ros2_ws/build/turtle_catch_them_all/install.log'
[2.219s] Invoked command in '/home/c1ph3r/ros2_ws/src/turtle_catch_them_all' returned '0': CMAKE_PREFIX_PATH=/home/c1ph3r/ros2_ws/install/my_robot_interfaces:/home/c1ph3r/ros2_ws/install/my_robot_bringup:/home/c1ph3r/ros2_ws/install/my_cpp_package PYTHONPATH=/home/c1ph3r/ros2_ws/build/turtle_catch_them_all/prefix_override:/home/c1ph3r/ros2_ws/install/turtle_catch_them_all/lib/python3.10/site-packages:${PYTHONPATH} /usr/bin/python3 setup.py egg_info --egg-base ../../build/turtle_catch_them_all build --build-base /home/c1ph3r/ros2_ws/build/turtle_catch_them_all/build install --record /home/c1ph3r/ros2_ws/build/turtle_catch_them_all/install.log --single-version-externally-managed
