-- Found ament_cmake: 1.3.5 (/opt/ros/humble/share/ament_cmake/cmake)
-- Override CMake install command with custom implementation using symlinks instead of copying resources
-- Found rclcpp: 16.0.4 (/opt/ros/humble/share/rclcpp/cmake)
-- Found rosidl_generator_c: 3.1.4 (/opt/ros/humble/share/rosidl_generator_c/cmake)
-- Found rosidl_adapter: 3.1.4 (/opt/ros/humble/share/rosidl_adapter/cmake)
-- Found rosidl_generator_cpp: 3.1.4 (/opt/ros/humble/share/rosidl_generator_cpp/cmake)
-- Using all available rosidl_typesupport_c: rosidl_typesupport_fastrtps_c;rosidl_typesupport_introspection_c
-- Using all available rosidl_typesupport_cpp: rosidl_typesupport_fastrtps_cpp;rosidl_typesupport_introspection_cpp
-- Found rmw_implementation_cmake: 6.1.1 (/opt/ros/humble/share/rmw_implementation_cmake/cmake)
-- Found rmw_fastrtps_cpp: 6.2.2 (/opt/ros/humble/share/rmw_fastrtps_cpp/cmake)
-- Using RMW implementation 'rmw_fastrtps_cpp' as default
-- Found rclcpp_components: 16.0.4 (/opt/ros/humble/share/rclcpp_components/cmake)
-- Found example_interfaces: 0.9.3 (/opt/ros/humble/share/example_interfaces/cmake)
-- Found my_robot_interfaces: 0.0.0 (/home/c1ph3r/ros2_ws/install/my_robot_interfaces/share/my_robot_interfaces/cmake)
-- Configuring done
-- Generating done
-- Build files have been written to: /home/c1ph3r/ros2_ws/build/my_cpp_package
[35m[1mConsolidate compiler generated dependencies of target add_two_ints_server[0m
[35m[1mConsolidate compiler generated dependencies of target robot_news_station[0m
[35m[1mConsolidate compiler generated dependencies of target cpp_node[0m
[35m[1mConsolidate compiler generated dependencies of target add_two_ints_client_oops[0m
[35m[1mConsolidate compiler generated dependencies of target basic_pub[0m
[35m[1mConsolidate compiler generated dependencies of target smartphone[0m
[35m[1mConsolidate compiler generated dependencies of target hardware_status_publisher[0m
[35m[1mConsolidate compiler generated dependencies of target add_two_ints_client[0m
[  3%] [32m[1mLinking CXX executable add_two_ints_server[0m
[ 11%] [32m[1mLinking CXX executable robot_news_station[0m
[ 11%] [32m[1mLinking CXX executable cpp_node[0m
[ 15%] [32m[1mLinking CXX executable hardware_status_publisher[0m
[ 26%] [32m[1mLinking CXX executable basic_pub[0m
[ 26%] [32m[1mLinking CXX executable smartphone[0m
[ 26%] [32m[1mLinking CXX executable add_two_ints_client[0m
[ 30%] [32m[1mLinking CXX executable add_two_ints_client_oops[0m
[ 34%] Built target cpp_node
[35m[1mConsolidate compiler generated dependencies of target basic_sub[0m
[ 38%] [32m[1mLinking CXX executable basic_sub[0m
[ 42%] Built target add_two_ints_client
[ 46%] Built target add_two_ints_server
[ 50%] Built target add_two_ints_client_oops
[35m[1mConsolidate compiler generated dependencies of target LED_panel[0m
[35m[1mConsolidate compiler generated dependencies of target battery[0m
[35m[1mConsolidate compiler generated dependencies of target number_publisher[0m
[ 53%] [32m[1mLinking CXX executable LED_panel[0m
[ 57%] [32m[1mLinking CXX executable battery[0m
[ 61%] [32mBuilding CXX object CMakeFiles/number_publisher.dir/src/number_publisher.cpp.o[0m
[ 65%] Built target robot_news_station
[35m[1mConsolidate compiler generated dependencies of target number_counter[0m
[ 69%] Built target hardware_status_publisher
[ 73%] Built target basic_pub
[ 76%] [32m[1mLinking CXX executable number_counter[0m
[ 80%] Built target battery
[ 84%] Built target LED_panel
[ 88%] Built target smartphone
[ 92%] Built target basic_sub
[ 96%] Built target number_counter
