[0.022s] Invoking command in '/home/c1ph3r/ros2_ws/build/my_cpp_package': CMAKE_PREFIX_PATH=/home/c1ph3r/ros2_ws/install/my_robot_interfaces:/home/c1ph3r/ros2_ws/install/my_cpp_package:/home/c1ph3r/ros2_ws/install/my_python_package:/opt/ros/humble /usr/bin/cmake /home/c1ph3r/ros2_ws/src/my_cpp_package -DAMENT_CMAKE_SYMLINK_INSTALL=1 -DCMAKE_INSTALL_PREFIX=/home/c1ph3r/ros2_ws/install/my_cpp_package
[0.041s] -- Found ament_cmake: 1.3.5 (/opt/ros/humble/share/ament_cmake/cmake)
[0.260s] -- Override CMake install command with custom implementation using symlinks instead of copying resources
[0.278s] -- Found rclcpp: 16.0.4 (/opt/ros/humble/share/rclcpp/cmake)
[0.319s] -- Found rosidl_generator_c: 3.1.4 (/opt/ros/humble/share/rosidl_generator_c/cmake)
[0.323s] -- Found rosidl_adapter: 3.1.4 (/opt/ros/humble/share/rosidl_adapter/cmake)
[0.333s] -- Found rosidl_generator_cpp: 3.1.4 (/opt/ros/humble/share/rosidl_generator_cpp/cmake)
[0.349s] -- Using all available rosidl_typesupport_c: rosidl_typesupport_fastrtps_c;rosidl_typesupport_introspection_c
[0.370s] -- Using all available rosidl_typesupport_cpp: rosidl_typesupport_fastrtps_cpp;rosidl_typesupport_introspection_cpp
[0.446s] -- Found rmw_implementation_cmake: 6.1.1 (/opt/ros/humble/share/rmw_implementation_cmake/cmake)
[0.449s] -- Found rmw_fastrtps_cpp: 6.2.2 (/opt/ros/humble/share/rmw_fastrtps_cpp/cmake)
[0.580s] -- Using RMW implementation 'rmw_fastrtps_cpp' as default
[0.770s] -- Found rclcpp_components: 16.0.4 (/opt/ros/humble/share/rclcpp_components/cmake)
[0.841s] -- Found example_interfaces: 0.9.3 (/opt/ros/humble/share/example_interfaces/cmake)
[1.003s] -- Found my_robot_interfaces: 0.0.0 (/home/c1ph3r/ros2_ws/install/my_robot_interfaces/share/my_robot_interfaces/cmake)
[1.137s] -- Configuring done
[1.193s] -- Generating done
[1.196s] -- Build files have been written to: /home/c1ph3r/ros2_ws/build/my_cpp_package
[1.206s] Invoked command in '/home/c1ph3r/ros2_ws/build/my_cpp_package' returned '0': CMAKE_PREFIX_PATH=/home/c1ph3r/ros2_ws/install/my_robot_interfaces:/home/c1ph3r/ros2_ws/install/my_cpp_package:/home/c1ph3r/ros2_ws/install/my_python_package:/opt/ros/humble /usr/bin/cmake /home/c1ph3r/ros2_ws/src/my_cpp_package -DAMENT_CMAKE_SYMLINK_INSTALL=1 -DCMAKE_INSTALL_PREFIX=/home/c1ph3r/ros2_ws/install/my_cpp_package
[1.209s] Invoking command in '/home/c1ph3r/ros2_ws/build/my_cpp_package': CMAKE_PREFIX_PATH=/home/c1ph3r/ros2_ws/install/my_robot_interfaces:/home/c1ph3r/ros2_ws/install/my_cpp_package:/home/c1ph3r/ros2_ws/install/my_python_package:/opt/ros/humble /usr/bin/cmake --build /home/c1ph3r/ros2_ws/build/my_cpp_package -- -j8 -l8
[1.277s] [35m[1mConsolidate compiler generated dependencies of target add_two_ints_server[0m
[1.277s] [35m[1mConsolidate compiler generated dependencies of target robot_news_station[0m
[1.277s] [35m[1mConsolidate compiler generated dependencies of target cpp_node[0m
[1.278s] [35m[1mConsolidate compiler generated dependencies of target add_two_ints_client_oops[0m
[1.279s] [35m[1mConsolidate compiler generated dependencies of target basic_pub[0m
[1.279s] [35m[1mConsolidate compiler generated dependencies of target smartphone[0m
[1.279s] [35m[1mConsolidate compiler generated dependencies of target hardware_status_publisher[0m
[1.279s] [35m[1mConsolidate compiler generated dependencies of target add_two_ints_client[0m
[1.298s] [  3%] [32m[1mLinking CXX executable add_two_ints_server[0m
[1.299s] [ 11%] [32m[1mLinking CXX executable robot_news_station[0m
[1.299s] [ 11%] [32m[1mLinking CXX executable cpp_node[0m
[1.300s] [ 15%] [32m[1mLinking CXX executable hardware_status_publisher[0m
[1.302s] [ 26%] [32m[1mLinking CXX executable basic_pub[0m
[1.302s] [ 26%] [32m[1mLinking CXX executable smartphone[0m
[1.302s] [ 26%] [32m[1mLinking CXX executable add_two_ints_client[0m
[1.303s] [ 30%] [32m[1mLinking CXX executable add_two_ints_client_oops[0m
[1.699s] [ 34%] Built target cpp_node
[1.716s] [35m[1mConsolidate compiler generated dependencies of target basic_sub[0m
[1.742s] [ 38%] [32m[1mLinking CXX executable basic_sub[0m
[1.776s] [ 42%] Built target add_two_ints_client
[1.779s] [ 46%] Built target add_two_ints_server
[1.785s] [ 50%] Built target add_two_ints_client_oops
[1.793s] [35m[1mConsolidate compiler generated dependencies of target LED_panel[0m
[1.799s] [35m[1mConsolidate compiler generated dependencies of target battery[0m
[1.811s] [35m[1mConsolidate compiler generated dependencies of target number_publisher[0m
[1.817s] [ 53%] [32m[1mLinking CXX executable LED_panel[0m
[1.825s] [ 57%] [32m[1mLinking CXX executable battery[0m
[1.837s] [ 61%] [32mBuilding CXX object CMakeFiles/number_publisher.dir/src/number_publisher.cpp.o[0m
[1.883s] [ 65%] Built target robot_news_station
[1.901s] [35m[1mConsolidate compiler generated dependencies of target number_counter[0m
[1.916s] [ 69%] Built target hardware_status_publisher
[1.919s] [ 73%] Built target basic_pub
[1.927s] [ 76%] [32m[1mLinking CXX executable number_counter[0m
[2.134s] [ 80%] Built target battery
[2.333s] [ 84%] Built target LED_panel
[2.360s] [ 88%] Built target smartphone
[2.575s] [ 92%] Built target basic_sub
[2.740s] [ 96%] Built target number_counter
[4.503s] [01m[K/home/c1ph3r/ros2_ws/src/my_cpp_package/src/number_publisher.cpp:[m[K In constructor ‘[01m[KNumberPublisherNode::NumberPublisherNode()[m[K’:
[4.503s] [01m[K/home/c1ph3r/ros2_ws/src/my_cpp_package/src/number_publisher.cpp:16:74:[m[K [01;31m[Kerror: [m[Kexpected primary-expression before ‘[01m[K([m[K’ token
[4.503s]    16 |         number_timer_ = this->create_wall_timer(std::chrono::milliseconds[01;31m[K([m[Kint) (1000.0 / publish_frequency),
[4.503s]       |                                                                          [01;31m[K^[m[K
[4.504s] [01m[K/home/c1ph3r/ros2_ws/src/my_cpp_package/src/number_publisher.cpp:16:75:[m[K [01;31m[Kerror: [m[Kexpected primary-expression before ‘[01m[Kint[m[K’
[4.504s]    16 |         number_timer_ = this->create_wall_timer(std::chrono::milliseconds([01;31m[Kint[m[K) (1000.0 / publish_frequency),
[4.504s]       |                                                                           [01;31m[K^~~[m[K
[5.329s] gmake[2]: *** [CMakeFiles/number_publisher.dir/build.make:76: CMakeFiles/number_publisher.dir/src/number_publisher.cpp.o] Error 1
[5.329s] gmake[1]: *** [CMakeFiles/Makefile2:447: CMakeFiles/number_publisher.dir/all] Error 2
[5.330s] gmake: *** [Makefile:146: all] Error 2
[5.333s] Invoked command in '/home/c1ph3r/ros2_ws/build/my_cpp_package' returned '2': CMAKE_PREFIX_PATH=/home/c1ph3r/ros2_ws/install/my_robot_interfaces:/home/c1ph3r/ros2_ws/install/my_cpp_package:/home/c1ph3r/ros2_ws/install/my_python_package:/opt/ros/humble /usr/bin/cmake --build /home/c1ph3r/ros2_ws/build/my_cpp_package -- -j8 -l8
