[35m[1mConsolidate compiler generated dependencies of target add_two_ints_client[0m
[ 20%] Built target cpp_node
[ 60%] Built target smartphone
[ 60%] Built target robot_news_station
[ 90%] [32mBuilding CXX object CMakeFiles/add_two_ints_client.dir/src/add_two_ints_client.cpp.o[0m
[ 90%] Built target add_two_ints_server
[01m[K/home/c1ph3r/ros2_ws/src/my_cpp_package/src/add_two_ints_client.cpp:[m[K In function ‘[01m[Kint main(int, char**)[m[K’:
[01m[K/home/c1ph3r/ros2_ws/src/my_cpp_package/src/add_two_ints_client.cpp:13:10:[m[K [01;31m[Kerror: [m[Kexpected unqualified-id before ‘[01m[Kusing[m[K’
   13 |     auto [01;31m[Kusing[m[K std::placeholders::_1;
      |          [01;31m[K^~~~~[m[K
[01m[K/home/c1ph3r/ros2_ws/src/my_cpp_package/src/add_two_ints_client.cpp:14:62:[m[K [01;31m[Kerror: [m[K‘[01m[KAddTwoIntd[m[K’ is not a member of ‘[01m[Kexample_interfaces::srv[m[K’; did you mean ‘[01m[KAddTwoInts[m[K’?
   14 |     auto request = std::make_shared<example_interfaces::srv::[01;31m[KAddTwoIntd[m[K::Request>();
      |                                                              [01;31m[K^~~~~~~~~~[m[K
      |                                                              [32m[KAddTwoInts[m[K
[01m[K/home/c1ph3r/ros2_ws/src/my_cpp_package/src/add_two_ints_client.cpp:14:25:[m[K [01;31m[Kerror: [m[Kparse error in template argument list
   14 |     auto request = std::[01;31m[Kmake_shared<example_interfaces::srv::AddTwoIntd::Request>[m[K();
      |                         [01;31m[K^~~~~~~~~~~~~~~~~~~~~~~~~~~~~~~~~~~~~~~~~~~~~~~~~~~~~~~~~[m[K
[01m[K/home/c1ph3r/ros2_ws/src/my_cpp_package/src/add_two_ints_client.cpp:14:82:[m[K [01;31m[Kerror: [m[Kno matching function for call to ‘[01m[Kmake_shared<<expression error> >()[m[K’
   14 |     auto request = [01;31m[Kstd::make_shared<example_interfaces::srv::AddTwoIntd::Request>()[m[K;
      |                    [01;31m[K~~~~~~~~~~~~~~~~~~~~~~~~~~~~~~~~~~~~~~~~~~~~~~~~~~~~~~~~~~~~~~^~[m[K
In file included from [01m[K/usr/include/c++/11/memory:77[m[K,
                 from [01m[K/opt/ros/humble/include/rclcpp/rclcpp/rclcpp.hpp:153[m[K,
                 from [01m[K/home/c1ph3r/ros2_ws/src/my_cpp_package/src/add_two_ints_client.cpp:1[m[K:
[01m[K/usr/include/c++/11/bits/shared_ptr.h:875:5:[m[K [01;36m[Knote: [m[Kcandidate: ‘[01m[Ktemplate<class _Tp, class ... _Args> std::shared_ptr<_Tp> std::make_shared(_Args&& ...)[m[K’
  875 |     [01;36m[Kmake_shared[m[K(_Args&&... __args)
      |     [01;36m[K^~~~~~~~~~~[m[K
[01m[K/usr/include/c++/11/bits/shared_ptr.h:875:5:[m[K [01;36m[Knote: [m[K  template argument deduction/substitution failed:
[01m[K/home/c1ph3r/ros2_ws/src/my_cpp_package/src/add_two_ints_client.cpp:14:82:[m[K [01;31m[Kerror: [m[Ktemplate argument 1 is invalid
   14 |     auto request = [01;31m[Kstd::make_shared<example_interfaces::srv::AddTwoIntd::Request>()[m[K;
      |                    [01;31m[K~~~~~~~~~~~~~~~~~~~~~~~~~~~~~~~~~~~~~~~~~~~~~~~~~~~~~~~~~~~~~~^~[m[K
[01m[K/home/c1ph3r/ros2_ws/src/my_cpp_package/src/add_two_ints_client.cpp:19:69:[m[K [01;31m[Kerror: [m[K‘[01m[Krclcpp::executor[m[K’ has not been declared
   19 |     if (rclcpp::spin_until_future_complete(node, future) == rclcpp::[01;31m[Kexecutor[m[K::FutureReturnCode::SUCCESS)
      |                                                                     [01;31m[K^~~~~~~~[m[K
gmake[2]: *** [CMakeFiles/add_two_ints_client.dir/build.make:76: CMakeFiles/add_two_ints_client.dir/src/add_two_ints_client.cpp.o] Error 1
gmake[1]: *** [CMakeFiles/Makefile2:249: CMakeFiles/add_two_ints_client.dir/all] Error 2
gmake: *** [Makefile:146: all] Error 2
