[0.034s] Invoking command in '/home/c1ph3r/ros2_ws/build/my_cpp_package': AMENT_PREFIX_PATH=/home/c1ph3r/ros2_ws/install/my_robot_interfaces:${AMENT_PREFIX_PATH} CMAKE_PREFIX_PATH=/home/c1ph3r/ros2_ws/install/my_robot_interfaces:/home/c1ph3r/ros2_ws/install/my_cpp_package:/home/c1ph3r/ros2_ws/install/my_python_package:/opt/ros/humble LD_LIBRARY_PATH=/home/c1ph3r/ros2_ws/install/my_robot_interfaces/lib:${LD_LIBRARY_PATH} PYTHONPATH=/home/c1ph3r/ros2_ws/install/my_robot_interfaces/local/lib/python3.10/dist-packages:${PYTHONPATH} /usr/bin/cmake --build /home/c1ph3r/ros2_ws/build/my_cpp_package -- -j8 -l8
[0.080s] [35m[1mConsolidate compiler generated dependencies of target hardware_status_publisher[0m
[0.099s] [ 28%] Built target add_two_ints_server
[0.099s] [ 28%] Built target robot_news_station
[0.100s] [ 57%] Built target smartphone
[0.100s] [ 57%] Built target add_two_ints_client
[0.102s] [ 71%] Built target cpp_node
[0.104s] [ 85%] Built target add_two_ints_client_oops
[0.106s] [ 92%] [32mBuilding CXX object CMakeFiles/hardware_status_publisher.dir/src/HardwareStatus.cpp.o[0m
[4.497s] [100%] [32m[1mLinking CXX executable hardware_status_publisher[0m
[4.738s] [100%] Built target hardware_status_publisher
[4.751s] Invoked command in '/home/c1ph3r/ros2_ws/build/my_cpp_package' returned '0': AMENT_PREFIX_PATH=/home/c1ph3r/ros2_ws/install/my_robot_interfaces:${AMENT_PREFIX_PATH} CMAKE_PREFIX_PATH=/home/c1ph3r/ros2_ws/install/my_robot_interfaces:/home/c1ph3r/ros2_ws/install/my_cpp_package:/home/c1ph3r/ros2_ws/install/my_python_package:/opt/ros/humble LD_LIBRARY_PATH=/home/c1ph3r/ros2_ws/install/my_robot_interfaces/lib:${LD_LIBRARY_PATH} PYTHONPATH=/home/c1ph3r/ros2_ws/install/my_robot_interfaces/local/lib/python3.10/dist-packages:${PYTHONPATH} /usr/bin/cmake --build /home/c1ph3r/ros2_ws/build/my_cpp_package -- -j8 -l8
[4.795s] Invoking command in '/home/c1ph3r/ros2_ws/build/my_cpp_package': AMENT_PREFIX_PATH=/home/c1ph3r/ros2_ws/install/my_robot_interfaces:${AMENT_PREFIX_PATH} CMAKE_PREFIX_PATH=/home/c1ph3r/ros2_ws/install/my_robot_interfaces:/home/c1ph3r/ros2_ws/install/my_cpp_package:/home/c1ph3r/ros2_ws/install/my_python_package:/opt/ros/humble LD_LIBRARY_PATH=/home/c1ph3r/ros2_ws/install/my_robot_interfaces/lib:${LD_LIBRARY_PATH} PYTHONPATH=/home/c1ph3r/ros2_ws/install/my_robot_interfaces/local/lib/python3.10/dist-packages:${PYTHONPATH} /usr/bin/cmake --install /home/c1ph3r/ros2_ws/build/my_cpp_package
[4.802s] -- Install configuration: ""
[4.802s] -- Execute custom install script
[4.802s] -- Up-to-date symlink: /home/c1ph3r/ros2_ws/install/my_cpp_package/lib/my_cpp_package/cpp_node
[4.803s] -- Up-to-date symlink: /home/c1ph3r/ros2_ws/install/my_cpp_package/lib/my_cpp_package/robot_news_station
[4.803s] -- Up-to-date symlink: /home/c1ph3r/ros2_ws/install/my_cpp_package/lib/my_cpp_package/smartphone
[4.803s] -- Up-to-date symlink: /home/c1ph3r/ros2_ws/install/my_cpp_package/lib/my_cpp_package/add_two_ints_server
[4.803s] -- Up-to-date symlink: /home/c1ph3r/ros2_ws/install/my_cpp_package/lib/my_cpp_package/add_two_ints_client
[4.803s] -- Up-to-date symlink: /home/c1ph3r/ros2_ws/install/my_cpp_package/lib/my_cpp_package/add_two_ints_client_oops
[4.803s] -- Symlinking: /home/c1ph3r/ros2_ws/install/my_cpp_package/lib/my_cpp_package/hardware_status_publisher
[4.812s] -- Up-to-date symlink: /home/c1ph3r/ros2_ws/install/my_cpp_package/share/ament_index/resource_index/package_run_dependencies/my_cpp_package
[4.812s] -- Up-to-date symlink: /home/c1ph3r/ros2_ws/install/my_cpp_package/share/ament_index/resource_index/parent_prefix_path/my_cpp_package
[4.812s] -- Up-to-date symlink: /home/c1ph3r/ros2_ws/install/my_cpp_package/share/my_cpp_package/environment/ament_prefix_path.sh
[4.813s] -- Up-to-date symlink: /home/c1ph3r/ros2_ws/install/my_cpp_package/share/my_cpp_package/environment/ament_prefix_path.dsv
[4.813s] -- Up-to-date symlink: /home/c1ph3r/ros2_ws/install/my_cpp_package/share/my_cpp_package/environment/path.sh
[4.813s] -- Up-to-date symlink: /home/c1ph3r/ros2_ws/install/my_cpp_package/share/my_cpp_package/environment/path.dsv
[4.813s] -- Up-to-date symlink: /home/c1ph3r/ros2_ws/install/my_cpp_package/share/my_cpp_package/local_setup.bash
[4.813s] -- Up-to-date symlink: /home/c1ph3r/ros2_ws/install/my_cpp_package/share/my_cpp_package/local_setup.sh
[4.813s] -- Up-to-date symlink: /home/c1ph3r/ros2_ws/install/my_cpp_package/share/my_cpp_package/local_setup.zsh
[4.814s] -- Up-to-date symlink: /home/c1ph3r/ros2_ws/install/my_cpp_package/share/my_cpp_package/local_setup.dsv
[4.814s] -- Symlinking: /home/c1ph3r/ros2_ws/install/my_cpp_package/share/my_cpp_package/package.dsv
[4.822s] -- Up-to-date symlink: /home/c1ph3r/ros2_ws/install/my_cpp_package/share/ament_index/resource_index/packages/my_cpp_package
[4.822s] -- Up-to-date symlink: /home/c1ph3r/ros2_ws/install/my_cpp_package/share/my_cpp_package/cmake/my_cpp_packageConfig.cmake
[4.822s] -- Up-to-date symlink: /home/c1ph3r/ros2_ws/install/my_cpp_package/share/my_cpp_package/cmake/my_cpp_packageConfig-version.cmake
[4.822s] -- Up-to-date symlink: /home/c1ph3r/ros2_ws/install/my_cpp_package/share/my_cpp_package/package.xml
[4.830s] Invoked command in '/home/c1ph3r/ros2_ws/build/my_cpp_package' returned '0': AMENT_PREFIX_PATH=/home/c1ph3r/ros2_ws/install/my_robot_interfaces:${AMENT_PREFIX_PATH} CMAKE_PREFIX_PATH=/home/c1ph3r/ros2_ws/install/my_robot_interfaces:/home/c1ph3r/ros2_ws/install/my_cpp_package:/home/c1ph3r/ros2_ws/install/my_python_package:/opt/ros/humble LD_LIBRARY_PATH=/home/c1ph3r/ros2_ws/install/my_robot_interfaces/lib:${LD_LIBRARY_PATH} PYTHONPATH=/home/c1ph3r/ros2_ws/install/my_robot_interfaces/local/lib/python3.10/dist-packages:${PYTHONPATH} /usr/bin/cmake --install /home/c1ph3r/ros2_ws/build/my_cpp_package
