[0.908s] Invoking command in '/home/c1ph3r/ros2_ws/build/my_python_package': PYTHONPATH=/home/c1ph3r/ros2_ws/build/my_python_package/prefix_override:/home/c1ph3r/ros2_ws/install/my_python_package/lib/python3.10/site-packages:${PYTHONPATH} /usr/bin/python3 setup.py develop --uninstall --editable --build-directory /home/c1ph3r/ros2_ws/build/my_python_package/build
[1.252s] running develop
[1.457s] Removing /home/c1ph3r/ros2_ws/install/my_python_package/lib/python3.10/site-packages/my-python-package.egg-link (link to .)
[1.512s] Invoked command in '/home/c1ph3r/ros2_ws/build/my_python_package' returned '0': PYTHONPATH=/home/c1ph3r/ros2_ws/build/my_python_package/prefix_override:/home/c1ph3r/ros2_ws/install/my_python_package/lib/python3.10/site-packages:${PYTHONPATH} /usr/bin/python3 setup.py develop --uninstall --editable --build-directory /home/c1ph3r/ros2_ws/build/my_python_package/build
[1.517s] Invoking command in '/home/c1ph3r/ros2_ws/src/my_python_package': PYTHONPATH=/home/c1ph3r/ros2_ws/build/my_python_package/prefix_override:/home/c1ph3r/ros2_ws/install/my_python_package/lib/python3.10/site-packages:${PYTHONPATH} /usr/bin/python3 setup.py egg_info --egg-base ../../build/my_python_package build --build-base /home/c1ph3r/ros2_ws/build/my_python_package/build install --record /home/c1ph3r/ros2_ws/build/my_python_package/install.log --single-version-externally-managed
[1.807s] running egg_info
[1.808s] writing ../../build/my_python_package/my_python_package.egg-info/PKG-INFO
[1.808s] writing dependency_links to ../../build/my_python_package/my_python_package.egg-info/dependency_links.txt
[1.808s] writing entry points to ../../build/my_python_package/my_python_package.egg-info/entry_points.txt
[1.808s] writing requirements to ../../build/my_python_package/my_python_package.egg-info/requires.txt
[1.809s] writing top-level names to ../../build/my_python_package/my_python_package.egg-info/top_level.txt
[1.811s] reading manifest file '../../build/my_python_package/my_python_package.egg-info/SOURCES.txt'
[1.811s] writing manifest file '../../build/my_python_package/my_python_package.egg-info/SOURCES.txt'
[1.812s] running build
[1.812s] running build_py
[1.812s] copying my_python_package/my_first_node_oop.py -> /home/c1ph3r/ros2_ws/build/my_python_package/build/lib/my_python_package
[1.812s] running install
[1.813s] running install_lib
[1.813s] creating /home/c1ph3r/ros2_ws/install/my_python_package/lib/python3.10/site-packages/my_python_package
[1.814s] copying /home/c1ph3r/ros2_ws/build/my_python_package/build/lib/my_python_package/__init__.py -> /home/c1ph3r/ros2_ws/install/my_python_package/lib/python3.10/site-packages/my_python_package
[1.814s] copying /home/c1ph3r/ros2_ws/build/my_python_package/build/lib/my_python_package/my_first_node.py -> /home/c1ph3r/ros2_ws/install/my_python_package/lib/python3.10/site-packages/my_python_package
[1.814s] copying /home/c1ph3r/ros2_ws/build/my_python_package/build/lib/my_python_package/my_first_node_oop.py -> /home/c1ph3r/ros2_ws/install/my_python_package/lib/python3.10/site-packages/my_python_package
[1.814s] byte-compiling /home/c1ph3r/ros2_ws/install/my_python_package/lib/python3.10/site-packages/my_python_package/__init__.py to __init__.cpython-310.pyc
[1.815s] byte-compiling /home/c1ph3r/ros2_ws/install/my_python_package/lib/python3.10/site-packages/my_python_package/my_first_node.py to my_first_node.cpython-310.pyc
[1.815s] byte-compiling /home/c1ph3r/ros2_ws/install/my_python_package/lib/python3.10/site-packages/my_python_package/my_first_node_oop.py to my_first_node_oop.cpython-310.pyc
[1.816s] running install_data
[1.816s] running install_egg_info
[1.818s] Copying ../../build/my_python_package/my_python_package.egg-info to /home/c1ph3r/ros2_ws/install/my_python_package/lib/python3.10/site-packages/my_python_package-0.0.0-py3.10.egg-info
[1.819s] running install_scripts
[1.841s] Installing py_node script to /home/c1ph3r/ros2_ws/install/my_python_package/lib/my_python_package
[1.841s] Installing py_node_oop script to /home/c1ph3r/ros2_ws/install/my_python_package/lib/my_python_package
[1.842s] writing list of installed files to '/home/c1ph3r/ros2_ws/build/my_python_package/install.log'
[1.882s] Invoked command in '/home/c1ph3r/ros2_ws/src/my_python_package' returned '0': PYTHONPATH=/home/c1ph3r/ros2_ws/build/my_python_package/prefix_override:/home/c1ph3r/ros2_ws/install/my_python_package/lib/python3.10/site-packages:${PYTHONPATH} /usr/bin/python3 setup.py egg_info --egg-base ../../build/my_python_package build --build-base /home/c1ph3r/ros2_ws/build/my_python_package/build install --record /home/c1ph3r/ros2_ws/build/my_python_package/install.log --single-version-externally-managed
