[0.029s] Invoking command in '/home/c1ph3r/ros2_ws/build/my_robot_bringup': AMENT_PREFIX_PATH=/home/c1ph3r/ros2_ws/install/turtle_catch_them_all:/home/c1ph3r/ros2_ws/install/my_python_package:/home/c1ph3r/ros2_ws/install/my_robot_bringup:/home/c1ph3r/ros2_ws/install/my_cpp_package:/home/c1ph3r/ros2_ws/install/my_robot_interfaces:/opt/ros/humble CMAKE_PREFIX_PATH=/home/c1ph3r/ros2_ws/install/my_cpp_package:/home/c1ph3r/ros2_ws/install/my_robot_interfaces:/home/c1ph3r/ros2_ws/install/my_robot_bringup:/home/c1ph3r/ros2_ws/install/turtle_catch_them_all:/home/c1ph3r/ros2_ws/install/my_python_package:/opt/ros/humble CONDA_PROMPT_MODIFIER=(base) LD_LIBRARY_PATH=/home/c1ph3r/ros2_ws/install/my_robot_interfaces/lib:/home/c1ph3r/anaconda3/lib/:/home/c1ph3r/anaconda3/lib/python3.11/site-packages/nvidia/cudnn/lib:/opt/ros/humble/opt/rviz_ogre_vendor/lib:/opt/ros/humble/lib/x86_64-linux-gnu:/opt/ros/humble/lib /usr/bin/cmake --build /home/c1ph3r/ros2_ws/build/my_robot_bringup -- -j8 -l8
[0.030s] /usr/bin/cmake: /home/c1ph3r/anaconda3/lib/libcurl.so.4: no version information available (required by /usr/bin/cmake)
[0.041s] /usr/bin/cmake: /home/c1ph3r/anaconda3/lib/libcurl.so.4: no version information available (required by /usr/bin/cmake)
[0.062s] -- Found ament_cmake: 1.3.5 (/opt/ros/humble/share/ament_cmake/cmake)
[0.353s] -- Configuring done
[0.357s] -- Generating done
[0.358s] -- Build files have been written to: /home/c1ph3r/ros2_ws/build/my_robot_bringup
[0.363s] /usr/bin/cmake: /home/c1ph3r/anaconda3/lib/libcurl.so.4: no version information available (required by /usr/bin/cmake)
[0.371s] /usr/bin/cmake: /home/c1ph3r/anaconda3/lib/libcurl.so.4: no version information available (required by /usr/bin/cmake)
[0.377s] Invoked command in '/home/c1ph3r/ros2_ws/build/my_robot_bringup' returned '0': AMENT_PREFIX_PATH=/home/c1ph3r/ros2_ws/install/turtle_catch_them_all:/home/c1ph3r/ros2_ws/install/my_python_package:/home/c1ph3r/ros2_ws/install/my_robot_bringup:/home/c1ph3r/ros2_ws/install/my_cpp_package:/home/c1ph3r/ros2_ws/install/my_robot_interfaces:/opt/ros/humble CMAKE_PREFIX_PATH=/home/c1ph3r/ros2_ws/install/my_cpp_package:/home/c1ph3r/ros2_ws/install/my_robot_interfaces:/home/c1ph3r/ros2_ws/install/my_robot_bringup:/home/c1ph3r/ros2_ws/install/turtle_catch_them_all:/home/c1ph3r/ros2_ws/install/my_python_package:/opt/ros/humble CONDA_PROMPT_MODIFIER=(base) LD_LIBRARY_PATH=/home/c1ph3r/ros2_ws/install/my_robot_interfaces/lib:/home/c1ph3r/anaconda3/lib/:/home/c1ph3r/anaconda3/lib/python3.11/site-packages/nvidia/cudnn/lib:/opt/ros/humble/opt/rviz_ogre_vendor/lib:/opt/ros/humble/lib/x86_64-linux-gnu:/opt/ros/humble/lib /usr/bin/cmake --build /home/c1ph3r/ros2_ws/build/my_robot_bringup -- -j8 -l8
[0.410s] Invoking command in '/home/c1ph3r/ros2_ws/build/my_robot_bringup': AMENT_PREFIX_PATH=/home/c1ph3r/ros2_ws/install/turtle_catch_them_all:/home/c1ph3r/ros2_ws/install/my_python_package:/home/c1ph3r/ros2_ws/install/my_robot_bringup:/home/c1ph3r/ros2_ws/install/my_cpp_package:/home/c1ph3r/ros2_ws/install/my_robot_interfaces:/opt/ros/humble CMAKE_PREFIX_PATH=/home/c1ph3r/ros2_ws/install/my_cpp_package:/home/c1ph3r/ros2_ws/install/my_robot_interfaces:/home/c1ph3r/ros2_ws/install/my_robot_bringup:/home/c1ph3r/ros2_ws/install/turtle_catch_them_all:/home/c1ph3r/ros2_ws/install/my_python_package:/opt/ros/humble CONDA_PROMPT_MODIFIER=(base) LD_LIBRARY_PATH=/home/c1ph3r/ros2_ws/install/my_robot_interfaces/lib:/home/c1ph3r/anaconda3/lib/:/home/c1ph3r/anaconda3/lib/python3.11/site-packages/nvidia/cudnn/lib:/opt/ros/humble/opt/rviz_ogre_vendor/lib:/opt/ros/humble/lib/x86_64-linux-gnu:/opt/ros/humble/lib /usr/bin/cmake --build /home/c1ph3r/ros2_ws/build/my_robot_bringup --target install -- -j8 -l8
[0.412s] /usr/bin/cmake: /home/c1ph3r/anaconda3/lib/libcurl.so.4: no version information available (required by /usr/bin/cmake)
[0.420s] /usr/bin/cmake: /home/c1ph3r/anaconda3/lib/libcurl.so.4: no version information available (required by /usr/bin/cmake)
[0.429s] /usr/bin/cmake: /home/c1ph3r/anaconda3/lib/libcurl.so.4: no version information available (required by /usr/bin/cmake)
[0.439s] /usr/bin/cmake: /home/c1ph3r/anaconda3/lib/libcurl.so.4: no version information available (required by /usr/bin/cmake)
[0.449s] /usr/bin/cmake: /home/c1ph3r/anaconda3/lib/libcurl.so.4: no version information available (required by /usr/bin/cmake)
[0.454s] [36mInstall the project...[0m
[0.457s] /usr/bin/cmake: /home/c1ph3r/anaconda3/lib/libcurl.so.4: no version information available (required by /usr/bin/cmake)
[0.461s] -- Install configuration: ""
[0.461s] -- Up-to-date: /home/c1ph3r/ros2_ws/install/my_robot_bringup/share/my_robot_bringup/launch
[0.462s] -- Up-to-date: /home/c1ph3r/ros2_ws/install/my_robot_bringup/share/my_robot_bringup/launch/radio.launch.py
[0.463s] -- Up-to-date: /home/c1ph3r/ros2_ws/install/my_robot_bringup/share/my_robot_bringup/launch/number_app.launch.py
[0.463s] -- Installing: /home/c1ph3r/ros2_ws/install/my_robot_bringup/share/my_robot_bringup/launch/turtle_catch_them_all.py
[0.463s] -- Installing: /home/c1ph3r/ros2_ws/install/my_robot_bringup/share/ament_index/resource_index/package_run_dependencies/my_robot_bringup
[0.463s] -- Installing: /home/c1ph3r/ros2_ws/install/my_robot_bringup/share/ament_index/resource_index/parent_prefix_path/my_robot_bringup
[0.463s] -- Up-to-date: /home/c1ph3r/ros2_ws/install/my_robot_bringup/share/my_robot_bringup/environment/ament_prefix_path.sh
[0.464s] -- Installing: /home/c1ph3r/ros2_ws/install/my_robot_bringup/share/my_robot_bringup/environment/ament_prefix_path.dsv
[0.464s] -- Up-to-date: /home/c1ph3r/ros2_ws/install/my_robot_bringup/share/my_robot_bringup/environment/path.sh
[0.464s] -- Installing: /home/c1ph3r/ros2_ws/install/my_robot_bringup/share/my_robot_bringup/environment/path.dsv
[0.464s] -- Up-to-date: /home/c1ph3r/ros2_ws/install/my_robot_bringup/share/my_robot_bringup/local_setup.bash
[0.464s] -- Up-to-date: /home/c1ph3r/ros2_ws/install/my_robot_bringup/share/my_robot_bringup/local_setup.sh
[0.464s] -- Up-to-date: /home/c1ph3r/ros2_ws/install/my_robot_bringup/share/my_robot_bringup/local_setup.zsh
[0.464s] -- Installing: /home/c1ph3r/ros2_ws/install/my_robot_bringup/share/my_robot_bringup/local_setup.dsv
[0.464s] -- Installing: /home/c1ph3r/ros2_ws/install/my_robot_bringup/share/my_robot_bringup/package.dsv
[0.465s] -- Up-to-date: /home/c1ph3r/ros2_ws/install/my_robot_bringup/share/ament_index/resource_index/packages/my_robot_bringup
[0.465s] -- Up-to-date: /home/c1ph3r/ros2_ws/install/my_robot_bringup/share/my_robot_bringup/cmake/my_robot_bringupConfig.cmake
[0.465s] -- Up-to-date: /home/c1ph3r/ros2_ws/install/my_robot_bringup/share/my_robot_bringup/cmake/my_robot_bringupConfig-version.cmake
[0.465s] -- Installing: /home/c1ph3r/ros2_ws/install/my_robot_bringup/share/my_robot_bringup/package.xml
[0.468s] Invoked command in '/home/c1ph3r/ros2_ws/build/my_robot_bringup' returned '0': AMENT_PREFIX_PATH=/home/c1ph3r/ros2_ws/install/turtle_catch_them_all:/home/c1ph3r/ros2_ws/install/my_python_package:/home/c1ph3r/ros2_ws/install/my_robot_bringup:/home/c1ph3r/ros2_ws/install/my_cpp_package:/home/c1ph3r/ros2_ws/install/my_robot_interfaces:/opt/ros/humble CMAKE_PREFIX_PATH=/home/c1ph3r/ros2_ws/install/my_cpp_package:/home/c1ph3r/ros2_ws/install/my_robot_interfaces:/home/c1ph3r/ros2_ws/install/my_robot_bringup:/home/c1ph3r/ros2_ws/install/turtle_catch_them_all:/home/c1ph3r/ros2_ws/install/my_python_package:/opt/ros/humble CONDA_PROMPT_MODIFIER=(base) LD_LIBRARY_PATH=/home/c1ph3r/ros2_ws/install/my_robot_interfaces/lib:/home/c1ph3r/anaconda3/lib/:/home/c1ph3r/anaconda3/lib/python3.11/site-packages/nvidia/cudnn/lib:/opt/ros/humble/opt/rviz_ogre_vendor/lib:/opt/ros/humble/lib/x86_64-linux-gnu:/opt/ros/humble/lib /usr/bin/cmake --build /home/c1ph3r/ros2_ws/build/my_robot_bringup --target install -- -j8 -l8
